=== Original:
 0: H[0]
 1: H[1]
 2: H[2]
 3: H[3]
 4: H[4]
 5: H[5]
 6: H[6]
 7: H[7]
 8: H[8]
 9: H[9]
10: H[10]
11: H[11]
12: H[12]
13: H[13]
14: H[14]
15: H[15]
16: H[16]
17: H[17]
18: H[18]
19: H[19]
20: H[20]
21: H[21]
22: H[22]
23: H[23]
24: H[24]
25: H[25]
26: H[26]
27: H[27]
28: H[28]
29: H[29]
30: CZ[2, 3]
31: CZ[14, 15]
32: CZ[26, 27]
33: CZ[6, 7]
34: CZ[10, 11]
35: CZ[18, 19]
36: CZ[22, 23]
37: H[0]
38: H[1]
39: H[2]
40: H[3]
41: H[4]
42: H[5]
43: H[6]
44: H[7]
45: H[8]
46: H[9]
47: H[10]
48: H[11]
49: H[12]
50: H[13]
51: H[14]
52: H[15]
53: H[16]
54: H[17]
55: H[18]
56: H[19]
57: H[20]
58: H[21]
59: H[22]
60: H[23]
61: H[24]
62: H[25]
63: H[26]
64: H[27]
65: H[28]
66: H[29]
67: CZ[0, 1]
68: CZ[4, 5]
69: CZ[12, 13]
70: CZ[16, 17]
71: CZ[24, 25]
72: CZ[28, 29]
73: CZ[8, 9]
74: CZ[20, 21]
75: H[0]
76: H[1]
77: H[2]
78: H[3]
79: H[4]
80: H[5]
81: H[6]
82: H[7]
83: H[8]
84: H[9]
85: H[10]
86: H[11]
87: H[12]
88: H[13]
89: H[14]
90: H[15]
91: H[16]
92: H[17]
93: H[18]
94: H[19]
95: H[20]
96: H[21]
97: H[22]
98: H[23]
99: H[24]
100: H[25]
101: H[26]
102: H[27]
103: H[28]
104: H[29]
105: CZ[18, 24]
106: CZ[20, 26]
107: CZ[22, 28]
108: CZ[7, 13]
109: CZ[9, 15]
110: CZ[11, 17]
111: H[0]
112: H[1]
113: H[2]
114: H[3]
115: H[4]
116: H[5]
117: H[6]
118: H[7]
119: H[8]
120: H[9]
121: H[10]
122: H[11]
123: H[12]
124: H[13]
125: H[14]
126: H[15]
127: H[16]
128: H[17]
129: H[18]
130: H[19]
131: H[20]
132: H[21]
133: H[22]
134: H[23]
135: H[24]
136: H[25]
137: H[26]
138: H[27]
139: H[28]
140: H[29]
141: CZ[6, 12]
142: CZ[8, 14]
143: CZ[10, 16]
144: CZ[19, 25]
145: CZ[21, 27]
146: CZ[23, 29]
147: H[0]
148: H[1]
149: H[2]
150: H[3]
151: H[4]
152: H[5]
153: H[6]
154: H[7]
155: H[8]
156: H[9]
157: H[10]
158: H[11]
159: H[12]
160: H[13]
161: H[14]
162: H[15]
163: H[16]
164: H[17]
165: H[18]
166: H[19]
167: H[20]
168: H[21]
169: H[22]
170: H[23]
171: H[24]
172: H[25]
173: H[26]
174: H[27]
175: H[28]
176: H[29]
177: CZ[3, 4]
178: CZ[15, 16]
179: CZ[27, 28]
180: CZ[7, 8]
181: CZ[11, 12]
182: CZ[19, 20]
183: CZ[23, 24]
184: H[0]
185: H[1]
186: H[2]
187: H[3]
188: H[4]
189: H[5]
190: H[6]
191: H[7]
192: H[8]
193: H[9]
194: H[10]
195: H[11]
196: H[12]
197: H[13]
198: H[14]
199: H[15]
200: H[16]
201: H[17]
202: H[18]
203: H[19]
204: H[20]
205: H[21]
206: H[22]
207: H[23]
208: H[24]
209: H[25]
210: H[26]
211: H[27]
212: H[28]
213: H[29]
214: CZ[1, 2]
215: CZ[5, 6]
216: CZ[13, 14]
217: CZ[17, 18]
218: CZ[25, 26]
219: CZ[9, 10]
220: CZ[21, 22]
221: H[0]
222: H[1]
223: H[2]
224: H[3]
225: H[4]
226: H[5]
227: H[6]
228: H[7]
229: H[8]
230: H[9]
231: H[10]
232: H[11]
233: H[12]
234: H[13]
235: H[14]
236: H[15]
237: H[16]
238: H[17]
239: H[18]
240: H[19]
241: H[20]
242: H[21]
243: H[22]
244: H[23]
245: H[24]
246: H[25]
247: H[26]
248: H[27]
249: H[28]
250: H[29]
251: CZ[0, 6]
252: CZ[2, 8]
253: CZ[4, 10]
254: CZ[13, 19]
255: CZ[15, 21]
256: CZ[17, 23]
257: H[0]
258: H[1]
259: H[2]
260: H[3]
261: H[4]
262: H[5]
263: H[6]
264: H[7]
265: H[8]
266: H[9]
267: H[10]
268: H[11]
269: H[12]
270: H[13]
271: H[14]
272: H[15]
273: H[16]
274: H[17]
275: H[18]
276: H[19]
277: H[20]
278: H[21]
279: H[22]
280: H[23]
281: H[24]
282: H[25]
283: H[26]
284: H[27]
285: H[28]
286: H[29]
287: CZ[12, 18]
288: CZ[14, 20]
289: CZ[16, 22]
290: CZ[1, 7]
291: CZ[3, 9]
292: CZ[5, 11]
293: H[0]
294: H[1]
295: H[2]
296: H[3]
297: H[4]
298: H[5]
299: H[6]
300: H[7]
301: H[8]
302: H[9]
303: H[10]
304: H[11]
305: H[12]
306: H[13]
307: H[14]
308: H[15]
309: H[16]
310: H[17]
311: H[18]
312: H[19]
313: H[20]
314: H[21]
315: H[22]
316: H[23]
317: H[24]
318: H[25]
319: H[26]
320: H[27]
321: H[28]
322: H[29]
=== Clusters (cost=  8.061):
==== cluster[ 0]: depth=26 width=4
 0: H[26]
 1: H[27]
 2: H[20]
 3: H[21]
 4: CZ[26, 27]
 5: H[27]
 6: H[20]
 7: H[21]
 8: H[26]
 9: H[27]
10: CZ[20, 21]
11: H[21]
12: H[26]
13: H[27]
14: H[20]
15: H[21]
16: CZ[20, 26]
17: CZ[21, 27]
18: H[20]
19: H[21]
20: H[26]
21: H[27]
22: H[20]
23: H[21]
24: H[26]
25: H[26]
==== cluster[ 1]: depth=26 width=4
26: H[12]
27: H[13]
28: H[6]
29: H[7]
30: H[12]
31: H[13]
32: CZ[6, 7]
33: H[7]
34: CZ[12, 13]
35: H[13]
36: H[6]
37: H[7]
38: H[12]
39: CZ[7, 13]
40: H[6]
41: H[7]
42: H[12]
43: H[13]
44: H[6]
45: H[7]
46: CZ[6, 12]
47: H[13]
48: H[6]
49: H[12]
50: H[13]
51: H[6]
==== cluster[ 2]: depth=26 width=4
52: H[8]
53: H[9]
54: H[14]
55: H[15]
56: H[8]
57: H[9]
58: CZ[14, 15]
59: H[15]
60: CZ[8, 9]
61: H[9]
62: H[14]
63: H[15]
64: H[8]
65: CZ[9, 15]
66: H[14]
67: H[15]
68: H[8]
69: H[9]
70: H[14]
71: H[15]
72: CZ[8, 14]
73: H[9]
74: H[14]
75: H[8]
76: H[9]
77: H[14]
==== cluster[ 3]: depth=26 width=4
78: H[24]
79: H[25]
80: H[18]
81: H[19]
82: H[24]
83: H[25]
84: CZ[18, 19]
85: H[19]
86: CZ[24, 25]
87: H[25]
88: H[18]
89: H[19]
90: H[24]
91: H[25]
92: H[18]
93: H[19]
94: CZ[18, 24]
95: CZ[19, 25]
96: H[18]
97: H[19]
98: H[24]
99: H[25]
100: H[18]
101: H[24]
102: H[25]
103: H[18]
==== cluster[ 4]: depth=26 width=4
104: H[16]
105: H[17]
106: H[10]
107: H[11]
108: H[16]
109: H[17]
110: CZ[10, 11]
111: H[11]
112: CZ[16, 17]
113: H[17]
114: H[10]
115: H[11]
116: H[16]
117: CZ[11, 17]
118: H[10]
119: H[11]
120: H[16]
121: H[17]
122: H[10]
123: H[11]
124: CZ[10, 16]
125: H[17]
126: H[10]
127: H[16]
128: H[17]
129: H[10]
==== cluster[ 5]: depth=29 width=4
130: H[28]
131: H[29]
132: H[22]
133: H[23]
134: H[28]
135: H[29]
136: CZ[22, 23]
137: H[23]
138: CZ[28, 29]
139: H[29]
140: H[22]
141: H[23]
142: H[28]
143: H[29]
144: H[22]
145: H[23]
146: CZ[22, 28]
147: CZ[23, 29]
148: H[22]
149: H[23]
150: H[28]
151: H[29]
152: H[22]
153: H[28]
154: H[29]
155: H[22]
156: H[29]
157: H[29]
158: H[29]
==== cluster[ 6]: depth=18 width=4
159: CZ[15, 16]
160: CZ[21, 22]
161: H[22]
162: H[15]
163: H[16]
164: H[21]
165: H[22]
166: H[15]
167: H[16]
168: CZ[15, 21]
169: H[15]
170: H[16]
171: H[21]
172: CZ[16, 22]
173: H[15]
174: H[16]
175: H[21]
176: H[22]
==== cluster[ 7]: depth=16 width=4
177: CZ[23, 24]
178: CZ[17, 18]
179: H[18]
180: H[23]
181: H[24]
182: H[17]
183: H[18]
184: H[23]
185: H[24]
186: CZ[17, 23]
187: H[24]
188: H[17]
189: H[23]
190: H[24]
191: H[17]
192: H[23]
==== cluster[ 8]: depth=18 width=4
193: CZ[19, 20]
194: H[20]
195: CZ[13, 14]
196: H[14]
197: H[19]
198: H[20]
199: H[13]
200: H[14]
201: H[19]
202: H[20]
203: CZ[13, 19]
204: CZ[14, 20]
205: H[19]
206: H[20]
207: H[13]
208: H[14]
209: H[19]
210: H[13]
==== cluster[ 9]: depth=30 width=4
211: H[2]
212: H[3]
213: H[4]
214: H[5]
215: CZ[2, 3]
216: H[3]
217: H[4]
218: H[5]
219: H[2]
220: H[3]
221: CZ[4, 5]
222: H[5]
223: H[2]
224: H[3]
225: H[4]
226: H[5]
227: H[2]
228: H[3]
229: H[4]
230: H[5]
231: H[2]
232: H[4]
233: H[5]
234: H[2]
235: CZ[3, 4]
236: H[4]
237: H[3]
238: H[4]
239: H[3]
240: H[3]
==== cluster[10]: depth=23 width=4
241: H[0]
242: H[1]
243: CZ[5, 6]
244: H[6]
245: H[0]
246: H[1]
247: H[5]
248: CZ[0, 1]
249: H[1]
250: H[5]
251: H[0]
252: H[1]
253: H[0]
254: H[1]
255: H[0]
256: H[1]
257: H[0]
258: H[0]
259: CZ[0, 6]
260: H[0]
261: H[6]
262: H[0]
263: H[6]
==== cluster[11]: depth=18 width=4
264: CZ[7, 8]
265: CZ[1, 2]
266: H[2]
267: H[7]
268: H[8]
269: H[1]
270: H[7]
271: H[8]
272: H[1]
273: CZ[2, 8]
274: H[7]
275: H[8]
276: CZ[1, 7]
277: H[2]
278: H[7]
279: H[8]
280: H[1]
281: H[2]
==== cluster[12]: depth= 9 width=3
282: CZ[9, 10]
283: H[10]
284: CZ[4, 10]
285: H[9]
286: H[10]
287: H[4]
288: H[9]
289: H[10]
290: H[4]
==== cluster[13]: depth=10 width=3
291: CZ[11, 12]
292: H[12]
293: H[11]
294: H[12]
295: H[11]
296: H[12]
297: CZ[12, 18]
298: H[11]
299: H[12]
300: H[18]
==== cluster[14]: depth=10 width=4
301: CZ[25, 26]
302: H[26]
303: CZ[5, 11]
304: H[5]
305: H[25]
306: H[26]
307: H[11]
308: H[25]
309: H[26]
310: H[25]
==== cluster[15]: depth=12 width=4
311: CZ[27, 28]
312: CZ[3, 9]
313: H[3]
314: H[28]
315: H[27]
316: H[9]
317: H[27]
318: H[27]
319: H[28]
320: H[27]
321: H[28]
322: H[28]
