=== Original: 323 ./suprem_56.txt
 0: H[0]
 1: H[1]
 2: H[2]
 3: H[3]
 4: H[4]
 5: H[5]
 6: H[6]
 7: H[7]
 8: H[8]
 9: H[9]
10: H[10]
11: H[11]
12: H[12]
13: H[13]
14: H[14]
15: H[15]
16: H[16]
17: H[17]
18: H[18]
19: H[19]
20: H[20]
21: H[21]
22: H[22]
23: H[23]
24: H[24]
25: H[25]
26: H[26]
27: H[27]
28: H[28]
29: H[29]
30: CZ[2, 3]
31: CZ[14, 15]
32: CZ[26, 27]
33: CZ[6, 7]
34: CZ[10, 11]
35: CZ[18, 19]
36: CZ[22, 23]
37: H[0]
38: H[1]
39: H[2]
40: H[3]
41: H[4]
42: H[5]
43: H[6]
44: H[7]
45: H[8]
46: H[9]
47: H[10]
48: H[11]
49: H[12]
50: H[13]
51: H[14]
52: H[15]
53: H[16]
54: H[17]
55: H[18]
56: H[19]
57: H[20]
58: H[21]
59: H[22]
60: H[23]
61: H[24]
62: H[25]
63: H[26]
64: H[27]
65: H[28]
66: H[29]
67: CZ[0, 1]
68: CZ[4, 5]
69: CZ[12, 13]
70: CZ[16, 17]
71: CZ[24, 25]
72: CZ[28, 29]
73: CZ[8, 9]
74: CZ[20, 21]
75: H[0]
76: H[1]
77: H[2]
78: H[3]
79: H[4]
80: H[5]
81: H[6]
82: H[7]
83: H[8]
84: H[9]
85: H[10]
86: H[11]
87: H[12]
88: H[13]
89: H[14]
90: H[15]
91: H[16]
92: H[17]
93: H[18]
94: H[19]
95: H[20]
96: H[21]
97: H[22]
98: H[23]
99: H[24]
100: H[25]
101: H[26]
102: H[27]
103: H[28]
104: H[29]
105: CZ[18, 24]
106: CZ[20, 26]
107: CZ[22, 28]
108: CZ[7, 13]
109: CZ[9, 15]
110: CZ[11, 17]
111: H[0]
112: H[1]
113: H[2]
114: H[3]
115: H[4]
116: H[5]
117: H[6]
118: H[7]
119: H[8]
120: H[9]
121: H[10]
122: H[11]
123: H[12]
124: H[13]
125: H[14]
126: H[15]
127: H[16]
128: H[17]
129: H[18]
130: H[19]
131: H[20]
132: H[21]
133: H[22]
134: H[23]
135: H[24]
136: H[25]
137: H[26]
138: H[27]
139: H[28]
140: H[29]
141: CZ[6, 12]
142: CZ[8, 14]
143: CZ[10, 16]
144: CZ[19, 25]
145: CZ[21, 27]
146: CZ[23, 29]
147: H[0]
148: H[1]
149: H[2]
150: H[3]
151: H[4]
152: H[5]
153: H[6]
154: H[7]
155: H[8]
156: H[9]
157: H[10]
158: H[11]
159: H[12]
160: H[13]
161: H[14]
162: H[15]
163: H[16]
164: H[17]
165: H[18]
166: H[19]
167: H[20]
168: H[21]
169: H[22]
170: H[23]
171: H[24]
172: H[25]
173: H[26]
174: H[27]
175: H[28]
176: H[29]
177: CZ[3, 4]
178: CZ[15, 16]
179: CZ[27, 28]
180: CZ[7, 8]
181: CZ[11, 12]
182: CZ[19, 20]
183: CZ[23, 24]
184: H[0]
185: H[1]
186: H[2]
187: H[3]
188: H[4]
189: H[5]
190: H[6]
191: H[7]
192: H[8]
193: H[9]
194: H[10]
195: H[11]
196: H[12]
197: H[13]
198: H[14]
199: H[15]
200: H[16]
201: H[17]
202: H[18]
203: H[19]
204: H[20]
205: H[21]
206: H[22]
207: H[23]
208: H[24]
209: H[25]
210: H[26]
211: H[27]
212: H[28]
213: H[29]
214: CZ[1, 2]
215: CZ[5, 6]
216: CZ[13, 14]
217: CZ[17, 18]
218: CZ[25, 26]
219: CZ[9, 10]
220: CZ[21, 22]
221: H[0]
222: H[1]
223: H[2]
224: H[3]
225: H[4]
226: H[5]
227: H[6]
228: H[7]
229: H[8]
230: H[9]
231: H[10]
232: H[11]
233: H[12]
234: H[13]
235: H[14]
236: H[15]
237: H[16]
238: H[17]
239: H[18]
240: H[19]
241: H[20]
242: H[21]
243: H[22]
244: H[23]
245: H[24]
246: H[25]
247: H[26]
248: H[27]
249: H[28]
250: H[29]
251: CZ[0, 6]
252: CZ[2, 8]
253: CZ[4, 10]
254: CZ[13, 19]
255: CZ[15, 21]
256: CZ[17, 23]
257: H[0]
258: H[1]
259: H[2]
260: H[3]
261: H[4]
262: H[5]
263: H[6]
264: H[7]
265: H[8]
266: H[9]
267: H[10]
268: H[11]
269: H[12]
270: H[13]
271: H[14]
272: H[15]
273: H[16]
274: H[17]
275: H[18]
276: H[19]
277: H[20]
278: H[21]
279: H[22]
280: H[23]
281: H[24]
282: H[25]
283: H[26]
284: H[27]
285: H[28]
286: H[29]
287: CZ[12, 18]
288: CZ[14, 20]
289: CZ[16, 22]
290: CZ[1, 7]
291: CZ[3, 9]
292: CZ[5, 11]
293: H[0]
294: H[1]
295: H[2]
296: H[3]
297: H[4]
298: H[5]
299: H[6]
300: H[7]
301: H[8]
302: H[9]
303: H[10]
304: H[11]
305: H[12]
306: H[13]
307: H[14]
308: H[15]
309: H[16]
310: H[17]
311: H[18]
312: H[19]
313: H[20]
314: H[21]
315: H[22]
316: H[23]
317: H[24]
318: H[25]
319: H[26]
320: H[27]
321: H[28]
322: H[29]
=== Clusters: 94 ./supremS0_56_6.log
==== cluster[ 0]: depth= 4 width=4
 0: H[0]
 1: H[1]
 2: H[2]
 3: H[3]
==== cluster[ 1]: depth= 4 width=4
 4: H[4]
 5: H[5]
 6: H[6]
 7: H[7]
==== cluster[ 2]: depth= 4 width=4
 8: H[8]
 9: H[9]
10: H[10]
11: H[11]
==== cluster[ 3]: depth= 4 width=4
12: H[12]
13: H[13]
14: H[14]
15: H[15]
==== cluster[ 4]: depth= 4 width=4
16: H[16]
17: H[17]
18: H[18]
19: H[19]
==== cluster[ 5]: depth= 4 width=4
20: H[20]
21: H[21]
22: H[22]
23: H[23]
==== cluster[ 6]: depth= 4 width=4
24: H[24]
25: H[25]
26: H[26]
27: H[27]
==== cluster[ 7]: depth= 3 width=4
28: H[28]
29: H[29]
30: CZ[2, 3]
==== cluster[ 8]: depth= 2 width=4
31: CZ[14, 15]
32: CZ[26, 27]
==== cluster[ 9]: depth= 2 width=4
33: CZ[6, 7]
34: CZ[10, 11]
==== cluster[10]: depth= 2 width=4
35: CZ[18, 19]
36: CZ[22, 23]
==== cluster[11]: depth= 4 width=4
37: H[0]
38: H[1]
39: H[2]
40: H[3]
==== cluster[12]: depth= 4 width=4
41: H[4]
42: H[5]
43: H[6]
44: H[7]
==== cluster[13]: depth= 4 width=4
45: H[8]
46: H[9]
47: H[10]
48: H[11]
==== cluster[14]: depth= 4 width=4
49: H[12]
50: H[13]
51: H[14]
52: H[15]
==== cluster[15]: depth= 4 width=4
53: H[16]
54: H[17]
55: H[18]
56: H[19]
==== cluster[16]: depth= 4 width=4
57: H[20]
58: H[21]
59: H[22]
60: H[23]
==== cluster[17]: depth= 4 width=4
61: H[24]
62: H[25]
63: H[26]
64: H[27]
==== cluster[18]: depth= 3 width=4
65: H[28]
66: H[29]
67: CZ[0, 1]
==== cluster[19]: depth= 2 width=4
68: CZ[4, 5]
69: CZ[12, 13]
==== cluster[20]: depth= 2 width=4
70: CZ[16, 17]
71: CZ[24, 25]
==== cluster[21]: depth= 2 width=4
72: CZ[28, 29]
73: CZ[8, 9]
==== cluster[22]: depth= 3 width=4
74: CZ[20, 21]
75: H[0]
76: H[1]
==== cluster[23]: depth= 4 width=4
77: H[2]
78: H[3]
79: H[4]
80: H[5]
==== cluster[24]: depth= 4 width=4
81: H[6]
82: H[7]
83: H[8]
84: H[9]
==== cluster[25]: depth= 4 width=4
85: H[10]
86: H[11]
87: H[12]
88: H[13]
==== cluster[26]: depth= 4 width=4
89: H[14]
90: H[15]
91: H[16]
92: H[17]
==== cluster[27]: depth= 4 width=4
93: H[18]
94: H[19]
95: H[20]
96: H[21]
==== cluster[28]: depth= 4 width=4
97: H[22]
98: H[23]
99: H[24]
100: H[25]
==== cluster[29]: depth= 4 width=4
101: H[26]
102: H[27]
103: H[28]
104: H[29]
==== cluster[30]: depth= 2 width=4
105: CZ[18, 24]
106: CZ[20, 26]
==== cluster[31]: depth= 2 width=4
107: CZ[22, 28]
108: CZ[7, 13]
==== cluster[32]: depth= 2 width=4
109: CZ[9, 15]
110: CZ[11, 17]
==== cluster[33]: depth= 4 width=4
111: H[0]
112: H[1]
113: H[2]
114: H[3]
==== cluster[34]: depth= 4 width=4
115: H[4]
116: H[5]
117: H[6]
118: H[7]
==== cluster[35]: depth= 4 width=4
119: H[8]
120: H[9]
121: H[10]
122: H[11]
==== cluster[36]: depth= 4 width=4
123: H[12]
124: H[13]
125: H[14]
126: H[15]
==== cluster[37]: depth= 4 width=4
127: H[16]
128: H[17]
129: H[18]
130: H[19]
==== cluster[38]: depth= 4 width=4
131: H[20]
132: H[21]
133: H[22]
134: H[23]
==== cluster[39]: depth= 4 width=4
135: H[24]
136: H[25]
137: H[26]
138: H[27]
==== cluster[40]: depth= 3 width=4
139: H[28]
140: H[29]
141: CZ[6, 12]
==== cluster[41]: depth= 2 width=4
142: CZ[8, 14]
143: CZ[10, 16]
==== cluster[42]: depth= 2 width=4
144: CZ[19, 25]
145: CZ[21, 27]
==== cluster[43]: depth= 3 width=4
146: CZ[23, 29]
147: H[0]
148: H[1]
==== cluster[44]: depth= 4 width=4
149: H[2]
150: H[3]
151: H[4]
152: H[5]
==== cluster[45]: depth= 4 width=4
153: H[6]
154: H[7]
155: H[8]
156: H[9]
==== cluster[46]: depth= 4 width=4
157: H[10]
158: H[11]
159: H[12]
160: H[13]
==== cluster[47]: depth= 4 width=4
161: H[14]
162: H[15]
163: H[16]
164: H[17]
==== cluster[48]: depth= 4 width=4
165: H[18]
166: H[19]
167: H[20]
168: H[21]
==== cluster[49]: depth= 4 width=4
169: H[22]
170: H[23]
171: H[24]
172: H[25]
==== cluster[50]: depth= 4 width=4
173: H[26]
174: H[27]
175: H[28]
176: H[29]
==== cluster[51]: depth= 2 width=4
177: CZ[3, 4]
178: CZ[15, 16]
==== cluster[52]: depth= 2 width=4
179: CZ[27, 28]
180: CZ[7, 8]
==== cluster[53]: depth= 2 width=4
181: CZ[11, 12]
182: CZ[19, 20]
==== cluster[54]: depth= 3 width=4
183: CZ[23, 24]
184: H[0]
185: H[1]
==== cluster[55]: depth= 4 width=4
186: H[2]
187: H[3]
188: H[4]
189: H[5]
==== cluster[56]: depth= 4 width=4
190: H[6]
191: H[7]
192: H[8]
193: H[9]
==== cluster[57]: depth= 4 width=4
194: H[10]
195: H[11]
196: H[12]
197: H[13]
==== cluster[58]: depth= 4 width=4
198: H[14]
199: H[15]
200: H[16]
201: H[17]
==== cluster[59]: depth= 4 width=4
202: H[18]
203: H[19]
204: H[20]
205: H[21]
==== cluster[60]: depth= 4 width=4
206: H[22]
207: H[23]
208: H[24]
209: H[25]
==== cluster[61]: depth= 4 width=4
210: H[26]
211: H[27]
212: H[28]
213: H[29]
==== cluster[62]: depth= 2 width=4
214: CZ[1, 2]
215: CZ[5, 6]
==== cluster[63]: depth= 2 width=4
216: CZ[13, 14]
217: CZ[17, 18]
==== cluster[64]: depth= 2 width=4
218: CZ[25, 26]
219: CZ[9, 10]
==== cluster[65]: depth= 3 width=4
220: CZ[21, 22]
221: H[0]
222: H[1]
==== cluster[66]: depth= 4 width=4
223: H[2]
224: H[3]
225: H[4]
226: H[5]
==== cluster[67]: depth= 4 width=4
227: H[6]
228: H[7]
229: H[8]
230: H[9]
==== cluster[68]: depth= 4 width=4
231: H[10]
232: H[11]
233: H[12]
234: H[13]
==== cluster[69]: depth= 4 width=4
235: H[14]
236: H[15]
237: H[16]
238: H[17]
==== cluster[70]: depth= 4 width=4
239: H[18]
240: H[19]
241: H[20]
242: H[21]
==== cluster[71]: depth= 4 width=4
243: H[22]
244: H[23]
245: H[24]
246: H[25]
==== cluster[72]: depth= 4 width=4
247: H[26]
248: H[27]
249: H[28]
250: H[29]
==== cluster[73]: depth= 2 width=4
251: CZ[0, 6]
252: CZ[2, 8]
==== cluster[74]: depth= 2 width=4
253: CZ[4, 10]
254: CZ[13, 19]
==== cluster[75]: depth= 2 width=4
255: CZ[15, 21]
256: CZ[17, 23]
==== cluster[76]: depth= 4 width=4
257: H[0]
258: H[1]
259: H[2]
260: H[3]
==== cluster[77]: depth= 4 width=4
261: H[4]
262: H[5]
263: H[6]
264: H[7]
==== cluster[78]: depth= 4 width=4
265: H[8]
266: H[9]
267: H[10]
268: H[11]
==== cluster[79]: depth= 4 width=4
269: H[12]
270: H[13]
271: H[14]
272: H[15]
==== cluster[80]: depth= 4 width=4
273: H[16]
274: H[17]
275: H[18]
276: H[19]
==== cluster[81]: depth= 4 width=4
277: H[20]
278: H[21]
279: H[22]
280: H[23]
==== cluster[82]: depth= 4 width=4
281: H[24]
282: H[25]
283: H[26]
284: H[27]
==== cluster[83]: depth= 3 width=4
285: H[28]
286: H[29]
287: CZ[12, 18]
==== cluster[84]: depth= 2 width=4
288: CZ[14, 20]
289: CZ[16, 22]
==== cluster[85]: depth= 2 width=4
290: CZ[1, 7]
291: CZ[3, 9]
==== cluster[86]: depth= 3 width=4
292: CZ[5, 11]
293: H[0]
294: H[1]
==== cluster[87]: depth= 4 width=4
295: H[2]
296: H[3]
297: H[4]
298: H[5]
==== cluster[88]: depth= 4 width=4
299: H[6]
300: H[7]
301: H[8]
302: H[9]
==== cluster[89]: depth= 4 width=4
303: H[10]
304: H[11]
305: H[12]
306: H[13]
==== cluster[90]: depth= 4 width=4
307: H[14]
308: H[15]
309: H[16]
310: H[17]
==== cluster[91]: depth= 4 width=4
311: H[18]
312: H[19]
313: H[20]
314: H[21]
==== cluster[92]: depth= 4 width=4
315: H[22]
316: H[23]
317: H[24]
318: H[25]
==== cluster[93]: depth= 4 width=4
319: H[26]
320: H[27]
321: H[28]
322: H[29]
