=== Original:
 0: H[0]
 1: H[1]
 2: H[2]
 3: H[3]
 4: H[4]
 5: H[5]
 6: H[6]
 7: H[7]
 8: H[8]
 9: H[9]
10: CNOT[0, 1]
11: CNOT[1, 2]
12: CNOT[2, 3]
13: CNOT[3, 4]
14: CNOT[4, 5]
15: CNOT[5, 6]
16: CNOT[6, 7]
17: CNOT[7, 8]
18: CNOT[8, 9]
19: CNOT[9, 0]
20: H[0]
21: H[1]
22: H[2]
23: H[3]
24: H[4]
25: H[5]
26: H[6]
27: H[7]
28: H[8]
29: H[9]
30: H[0]
31: H[1]
32: H[2]
33: H[3]
34: H[4]
35: H[5]
36: H[6]
37: H[7]
38: H[8]
39: H[9]
40: CNOT[0, 1]
41: CNOT[1, 2]
42: CNOT[2, 3]
43: CNOT[3, 4]
44: CNOT[4, 5]
45: CNOT[5, 6]
46: CNOT[6, 7]
47: CNOT[7, 8]
48: CNOT[8, 9]
49: CNOT[9, 0]
50: H[0]
51: H[1]
52: H[2]
53: H[3]
54: H[4]
55: H[5]
56: H[6]
57: H[7]
58: H[8]
59: H[9]
60: H[0]
61: H[1]
62: H[2]
63: H[3]
64: H[4]
65: H[5]
66: H[6]
67: H[7]
68: H[8]
69: H[9]
70: CNOT[0, 1]
71: CNOT[1, 2]
72: CNOT[2, 3]
73: CNOT[3, 4]
74: CNOT[4, 5]
75: CNOT[5, 6]
76: CNOT[6, 7]
77: CNOT[7, 8]
78: CNOT[8, 9]
79: CNOT[9, 0]
80: H[0]
81: H[1]
82: H[2]
83: H[3]
84: H[4]
85: H[5]
86: H[6]
87: H[7]
88: H[8]
89: H[9]
90: H[0]
91: H[1]
92: H[2]
93: H[3]
94: H[4]
95: H[5]
96: H[6]
97: H[7]
98: H[8]
99: H[9]
100: CNOT[0, 1]
101: CNOT[1, 2]
102: CNOT[2, 3]
103: CNOT[3, 4]
104: CNOT[4, 5]
105: CNOT[5, 6]
106: CNOT[6, 7]
107: CNOT[7, 8]
108: CNOT[8, 9]
109: CNOT[9, 0]
110: H[0]
111: H[1]
112: H[2]
113: H[3]
114: H[4]
115: H[5]
116: H[6]
117: H[7]
118: H[8]
119: H[9]
120: H[0]
121: H[1]
122: H[2]
123: H[3]
124: H[4]
125: H[5]
126: H[6]
127: H[7]
128: H[8]
129: H[9]
130: CNOT[0, 1]
131: CNOT[1, 2]
132: CNOT[2, 3]
133: CNOT[3, 4]
134: CNOT[4, 5]
135: CNOT[5, 6]
136: CNOT[6, 7]
137: CNOT[7, 8]
138: CNOT[8, 9]
139: CNOT[9, 0]
140: H[0]
141: H[1]
142: H[2]
143: H[3]
144: H[4]
145: H[5]
146: H[6]
147: H[7]
148: H[8]
149: H[9]
150: H[0]
151: H[1]
152: H[2]
153: H[3]
154: H[4]
155: H[5]
156: H[6]
157: H[7]
158: H[8]
159: H[9]
160: CNOT[0, 1]
161: CNOT[1, 2]
162: CNOT[2, 3]
163: CNOT[3, 4]
164: CNOT[4, 5]
165: CNOT[5, 6]
166: CNOT[6, 7]
167: CNOT[7, 8]
168: CNOT[8, 9]
169: CNOT[9, 0]
170: H[0]
171: H[1]
172: H[2]
173: H[3]
174: H[4]
175: H[5]
176: H[6]
177: H[7]
178: H[8]
179: H[9]
180: H[0]
181: H[1]
182: H[2]
183: H[3]
184: H[4]
185: H[5]
186: H[6]
187: H[7]
188: H[8]
189: H[9]
190: CNOT[0, 1]
191: CNOT[1, 2]
192: CNOT[2, 3]
193: CNOT[3, 4]
194: CNOT[4, 5]
195: CNOT[5, 6]
196: CNOT[6, 7]
197: CNOT[7, 8]
198: CNOT[8, 9]
199: CNOT[9, 0]
200: H[0]
201: H[1]
202: H[2]
203: H[3]
204: H[4]
205: H[5]
206: H[6]
207: H[7]
208: H[8]
209: H[9]
210: H[0]
211: H[1]
212: H[2]
213: H[3]
214: H[4]
215: H[5]
216: H[6]
217: H[7]
218: H[8]
219: H[9]
220: CNOT[0, 1]
221: CNOT[1, 2]
222: CNOT[2, 3]
223: CNOT[3, 4]
224: CNOT[4, 5]
225: CNOT[5, 6]
226: CNOT[6, 7]
227: CNOT[7, 8]
228: CNOT[8, 9]
229: CNOT[9, 0]
230: H[0]
231: H[1]
232: H[2]
233: H[3]
234: H[4]
235: H[5]
236: H[6]
237: H[7]
238: H[8]
239: H[9]
240: H[0]
241: H[1]
242: H[2]
243: H[3]
244: H[4]
245: H[5]
246: H[6]
247: H[7]
248: H[8]
249: H[9]
250: CNOT[0, 1]
251: CNOT[1, 2]
252: CNOT[2, 3]
253: CNOT[3, 4]
254: CNOT[4, 5]
255: CNOT[5, 6]
256: CNOT[6, 7]
257: CNOT[7, 8]
258: CNOT[8, 9]
259: CNOT[9, 0]
260: H[0]
261: H[1]
262: H[2]
263: H[3]
264: H[4]
265: H[5]
266: H[6]
267: H[7]
268: H[8]
269: H[9]
270: H[0]
271: H[1]
272: H[2]
273: H[3]
274: H[4]
275: H[5]
276: H[6]
277: H[7]
278: H[8]
279: H[9]
280: CNOT[0, 1]
281: CNOT[1, 2]
282: CNOT[2, 3]
283: CNOT[3, 4]
284: CNOT[4, 5]
285: CNOT[5, 6]
286: CNOT[6, 7]
287: CNOT[7, 8]
288: CNOT[8, 9]
289: CNOT[9, 0]
290: H[0]
291: H[1]
292: H[2]
293: H[3]
294: H[4]
295: H[5]
296: H[6]
297: H[7]
298: H[8]
299: H[9]
=== Clusters (cost= 18.560):
==== cluster[ 0]: depth=11 width=4
 0: H[0]
 1: H[1]
 2: H[2]
 3: H[3]
 4: CNOT[0, 1]
 5: CNOT[1, 2]
 6: CNOT[2, 3]
 7: H[1]
 8: H[2]
 9: H[1]
10: H[2]
==== cluster[ 1]: depth=12 width=4
11: H[4]
12: H[5]
13: H[6]
14: CNOT[3, 4]
15: CNOT[4, 5]
16: CNOT[5, 6]
17: H[3]
18: H[4]
19: H[5]
20: H[3]
21: H[4]
22: H[5]
==== cluster[ 2]: depth=12 width=4
23: H[8]
24: H[9]
25: H[7]
26: CNOT[6, 7]
27: CNOT[7, 8]
28: CNOT[8, 9]
29: H[8]
30: H[6]
31: H[7]
32: H[8]
33: H[6]
34: H[7]
==== cluster[ 3]: depth= 9 width=4
35: CNOT[9, 0]
36: H[9]
37: H[0]
38: H[9]
39: H[0]
40: CNOT[0, 1]
41: CNOT[1, 2]
42: H[1]
43: H[1]
==== cluster[ 4]: depth= 9 width=4
44: CNOT[2, 3]
45: CNOT[3, 4]
46: CNOT[4, 5]
47: H[2]
48: H[3]
49: H[4]
50: H[2]
51: H[3]
52: H[4]
==== cluster[ 5]: depth= 9 width=4
53: CNOT[5, 6]
54: CNOT[6, 7]
55: CNOT[7, 8]
56: H[5]
57: H[6]
58: H[7]
59: H[5]
60: H[6]
61: H[7]
==== cluster[ 6]: depth= 8 width=3
62: CNOT[8, 9]
63: H[8]
64: CNOT[9, 0]
65: H[9]
66: H[8]
67: H[0]
68: H[9]
69: H[0]
==== cluster[ 7]: depth= 4 width=3
70: CNOT[0, 1]
71: CNOT[1, 2]
72: H[1]
73: H[1]
==== cluster[ 8]: depth= 9 width=4
74: CNOT[2, 3]
75: CNOT[3, 4]
76: CNOT[4, 5]
77: H[2]
78: H[3]
79: H[4]
80: H[2]
81: H[3]
82: H[4]
==== cluster[ 9]: depth= 9 width=4
83: CNOT[5, 6]
84: CNOT[6, 7]
85: CNOT[7, 8]
86: H[5]
87: H[6]
88: H[7]
89: H[5]
90: H[6]
91: H[7]
==== cluster[10]: depth= 9 width=4
92: CNOT[8, 9]
93: H[8]
94: CNOT[9, 0]
95: H[9]
96: H[8]
97: H[0]
98: H[9]
99: H[0]
100: CNOT[0, 1]
==== cluster[11]: depth= 9 width=4
101: CNOT[1, 2]
102: CNOT[2, 3]
103: CNOT[3, 4]
104: H[1]
105: H[2]
106: H[3]
107: H[1]
108: H[2]
109: H[3]
==== cluster[12]: depth= 6 width=3
110: CNOT[4, 5]
111: CNOT[5, 6]
112: H[4]
113: H[5]
114: H[4]
115: H[5]
==== cluster[13]: depth= 9 width=4
116: CNOT[6, 7]
117: CNOT[7, 8]
118: CNOT[8, 9]
119: H[8]
120: H[6]
121: H[7]
122: H[8]
123: H[6]
124: H[7]
==== cluster[14]: depth= 9 width=4
125: CNOT[9, 0]
126: H[9]
127: H[0]
128: H[9]
129: H[0]
130: CNOT[0, 1]
131: CNOT[1, 2]
132: H[1]
133: H[1]
==== cluster[15]: depth= 6 width=3
134: CNOT[2, 3]
135: CNOT[3, 4]
136: H[2]
137: H[3]
138: H[2]
139: H[3]
==== cluster[16]: depth= 9 width=4
140: CNOT[4, 5]
141: CNOT[5, 6]
142: CNOT[6, 7]
143: H[4]
144: H[5]
145: H[6]
146: H[4]
147: H[5]
148: H[6]
==== cluster[17]: depth= 6 width=3
149: CNOT[7, 8]
150: CNOT[8, 9]
151: H[7]
152: H[8]
153: H[8]
154: H[7]
==== cluster[18]: depth= 6 width=3
155: CNOT[9, 0]
156: H[9]
157: H[0]
158: H[9]
159: H[0]
160: CNOT[0, 1]
==== cluster[19]: depth= 9 width=4
161: CNOT[1, 2]
162: CNOT[2, 3]
163: CNOT[3, 4]
164: H[1]
165: H[2]
166: H[3]
167: H[1]
168: H[2]
169: H[3]
==== cluster[20]: depth= 6 width=3
170: CNOT[4, 5]
171: CNOT[5, 6]
172: H[4]
173: H[5]
174: H[4]
175: H[5]
==== cluster[21]: depth= 9 width=4
176: CNOT[6, 7]
177: CNOT[7, 8]
178: CNOT[8, 9]
179: H[8]
180: H[6]
181: H[7]
182: H[8]
183: H[6]
184: H[7]
==== cluster[22]: depth= 9 width=4
185: CNOT[9, 0]
186: H[9]
187: H[0]
188: H[9]
189: H[0]
190: CNOT[0, 1]
191: CNOT[1, 2]
192: H[1]
193: H[1]
==== cluster[23]: depth= 9 width=4
194: CNOT[2, 3]
195: CNOT[3, 4]
196: CNOT[4, 5]
197: H[2]
198: H[3]
199: H[4]
200: H[2]
201: H[3]
202: H[4]
==== cluster[24]: depth= 6 width=3
203: CNOT[5, 6]
204: CNOT[6, 7]
205: H[5]
206: H[6]
207: H[5]
208: H[6]
==== cluster[25]: depth=11 width=4
209: CNOT[7, 8]
210: H[7]
211: CNOT[8, 9]
212: H[8]
213: H[7]
214: CNOT[9, 0]
215: H[9]
216: H[8]
217: H[0]
218: H[9]
219: H[0]
==== cluster[26]: depth= 4 width=3
220: CNOT[0, 1]
221: CNOT[1, 2]
222: H[1]
223: H[1]
==== cluster[27]: depth= 9 width=4
224: CNOT[2, 3]
225: CNOT[3, 4]
226: CNOT[4, 5]
227: H[2]
228: H[3]
229: H[4]
230: H[2]
231: H[3]
232: H[4]
==== cluster[28]: depth= 9 width=4
233: CNOT[5, 6]
234: CNOT[6, 7]
235: CNOT[7, 8]
236: H[5]
237: H[6]
238: H[7]
239: H[5]
240: H[6]
241: H[7]
==== cluster[29]: depth= 8 width=3
242: CNOT[8, 9]
243: H[8]
244: CNOT[9, 0]
245: H[9]
246: H[8]
247: H[0]
248: H[9]
249: H[0]
==== cluster[30]: depth= 7 width=4
250: CNOT[0, 1]
251: CNOT[1, 2]
252: CNOT[2, 3]
253: H[1]
254: H[2]
255: H[1]
256: H[2]
==== cluster[31]: depth= 9 width=4
257: CNOT[3, 4]
258: CNOT[4, 5]
259: CNOT[5, 6]
260: H[3]
261: H[4]
262: H[5]
263: H[3]
264: H[4]
265: H[5]
==== cluster[32]: depth= 9 width=4
266: CNOT[6, 7]
267: CNOT[7, 8]
268: CNOT[8, 9]
269: H[8]
270: H[6]
271: H[7]
272: H[8]
273: H[6]
274: H[7]
==== cluster[33]: depth= 8 width=4
275: CNOT[9, 0]
276: H[9]
277: H[0]
278: H[9]
279: H[0]
280: CNOT[0, 1]
281: CNOT[1, 2]
282: H[1]
==== cluster[34]: depth= 4 width=3
283: CNOT[2, 3]
284: CNOT[3, 4]
285: H[2]
286: H[3]
==== cluster[35]: depth= 6 width=4
287: CNOT[4, 5]
288: CNOT[5, 6]
289: CNOT[6, 7]
290: H[4]
291: H[5]
292: H[6]
==== cluster[36]: depth= 7 width=4
293: CNOT[7, 8]
294: H[7]
295: CNOT[8, 9]
296: H[8]
297: CNOT[9, 0]
298: H[9]
299: H[0]
