=== Original:
 0: H[0]
 1: H[1]
 2: H[2]
 3: H[3]
 4: H[4]
 5: H[5]
 6: H[6]
 7: H[7]
 8: H[8]
 9: H[9]
10: H[10]
11: H[11]
12: H[12]
13: H[13]
14: H[14]
15: H[15]
16: H[16]
17: H[17]
18: H[18]
19: H[19]
20: CNOT[0, 1]
21: CNOT[1, 2]
22: CNOT[2, 3]
23: CNOT[3, 4]
24: CNOT[4, 5]
25: CNOT[5, 6]
26: CNOT[6, 7]
27: CNOT[7, 8]
28: CNOT[8, 9]
29: CNOT[9, 10]
30: CNOT[10, 11]
31: CNOT[11, 12]
32: CNOT[12, 13]
33: CNOT[13, 14]
34: CNOT[14, 15]
35: CNOT[15, 16]
36: CNOT[16, 17]
37: CNOT[17, 18]
38: CNOT[18, 19]
39: CNOT[19, 0]
40: H[0]
41: H[1]
42: H[2]
43: H[3]
44: H[4]
45: H[5]
46: H[6]
47: H[7]
48: H[8]
49: H[9]
50: H[10]
51: H[11]
52: H[12]
53: H[13]
54: H[14]
55: H[15]
56: H[16]
57: H[17]
58: H[18]
59: H[19]
60: H[0]
61: H[1]
62: H[2]
63: H[3]
64: H[4]
65: H[5]
66: H[6]
67: H[7]
68: H[8]
69: H[9]
70: H[10]
71: H[11]
72: H[12]
73: H[13]
74: H[14]
75: H[15]
76: H[16]
77: H[17]
78: H[18]
79: H[19]
80: CNOT[0, 1]
81: CNOT[1, 2]
82: CNOT[2, 3]
83: CNOT[3, 4]
84: CNOT[4, 5]
85: CNOT[5, 6]
86: CNOT[6, 7]
87: CNOT[7, 8]
88: CNOT[8, 9]
89: CNOT[9, 10]
90: CNOT[10, 11]
91: CNOT[11, 12]
92: CNOT[12, 13]
93: CNOT[13, 14]
94: CNOT[14, 15]
95: CNOT[15, 16]
96: CNOT[16, 17]
97: CNOT[17, 18]
98: CNOT[18, 19]
99: CNOT[19, 0]
100: H[0]
101: H[1]
102: H[2]
103: H[3]
104: H[4]
105: H[5]
106: H[6]
107: H[7]
108: H[8]
109: H[9]
110: H[10]
111: H[11]
112: H[12]
113: H[13]
114: H[14]
115: H[15]
116: H[16]
117: H[17]
118: H[18]
119: H[19]
120: H[0]
121: H[1]
122: H[2]
123: H[3]
124: H[4]
125: H[5]
126: H[6]
127: H[7]
128: H[8]
129: H[9]
130: H[10]
131: H[11]
132: H[12]
133: H[13]
134: H[14]
135: H[15]
136: H[16]
137: H[17]
138: H[18]
139: H[19]
140: CNOT[0, 1]
141: CNOT[1, 2]
142: CNOT[2, 3]
143: CNOT[3, 4]
144: CNOT[4, 5]
145: CNOT[5, 6]
146: CNOT[6, 7]
147: CNOT[7, 8]
148: CNOT[8, 9]
149: CNOT[9, 10]
150: CNOT[10, 11]
151: CNOT[11, 12]
152: CNOT[12, 13]
153: CNOT[13, 14]
154: CNOT[14, 15]
155: CNOT[15, 16]
156: CNOT[16, 17]
157: CNOT[17, 18]
158: CNOT[18, 19]
159: CNOT[19, 0]
160: H[0]
161: H[1]
162: H[2]
163: H[3]
164: H[4]
165: H[5]
166: H[6]
167: H[7]
168: H[8]
169: H[9]
170: H[10]
171: H[11]
172: H[12]
173: H[13]
174: H[14]
175: H[15]
176: H[16]
177: H[17]
178: H[18]
179: H[19]
180: H[0]
181: H[1]
182: H[2]
183: H[3]
184: H[4]
185: H[5]
186: H[6]
187: H[7]
188: H[8]
189: H[9]
190: H[10]
191: H[11]
192: H[12]
193: H[13]
194: H[14]
195: H[15]
196: H[16]
197: H[17]
198: H[18]
199: H[19]
200: CNOT[0, 1]
201: CNOT[1, 2]
202: CNOT[2, 3]
203: CNOT[3, 4]
204: CNOT[4, 5]
205: CNOT[5, 6]
206: CNOT[6, 7]
207: CNOT[7, 8]
208: CNOT[8, 9]
209: CNOT[9, 10]
210: CNOT[10, 11]
211: CNOT[11, 12]
212: CNOT[12, 13]
213: CNOT[13, 14]
214: CNOT[14, 15]
215: CNOT[15, 16]
216: CNOT[16, 17]
217: CNOT[17, 18]
218: CNOT[18, 19]
219: CNOT[19, 0]
220: H[0]
221: H[1]
222: H[2]
223: H[3]
224: H[4]
225: H[5]
226: H[6]
227: H[7]
228: H[8]
229: H[9]
230: H[10]
231: H[11]
232: H[12]
233: H[13]
234: H[14]
235: H[15]
236: H[16]
237: H[17]
238: H[18]
239: H[19]
240: H[0]
241: H[1]
242: H[2]
243: H[3]
244: H[4]
245: H[5]
246: H[6]
247: H[7]
248: H[8]
249: H[9]
250: H[10]
251: H[11]
252: H[12]
253: H[13]
254: H[14]
255: H[15]
256: H[16]
257: H[17]
258: H[18]
259: H[19]
260: CNOT[0, 1]
261: CNOT[1, 2]
262: CNOT[2, 3]
263: CNOT[3, 4]
264: CNOT[4, 5]
265: CNOT[5, 6]
266: CNOT[6, 7]
267: CNOT[7, 8]
268: CNOT[8, 9]
269: CNOT[9, 10]
270: CNOT[10, 11]
271: CNOT[11, 12]
272: CNOT[12, 13]
273: CNOT[13, 14]
274: CNOT[14, 15]
275: CNOT[15, 16]
276: CNOT[16, 17]
277: CNOT[17, 18]
278: CNOT[18, 19]
279: CNOT[19, 0]
280: H[0]
281: H[1]
282: H[2]
283: H[3]
284: H[4]
285: H[5]
286: H[6]
287: H[7]
288: H[8]
289: H[9]
290: H[10]
291: H[11]
292: H[12]
293: H[13]
294: H[14]
295: H[15]
296: H[16]
297: H[17]
298: H[18]
299: H[19]
300: H[0]
301: H[1]
302: H[2]
303: H[3]
304: H[4]
305: H[5]
306: H[6]
307: H[7]
308: H[8]
309: H[9]
310: H[10]
311: H[11]
312: H[12]
313: H[13]
314: H[14]
315: H[15]
316: H[16]
317: H[17]
318: H[18]
319: H[19]
320: CNOT[0, 1]
321: CNOT[1, 2]
322: CNOT[2, 3]
323: CNOT[3, 4]
324: CNOT[4, 5]
325: CNOT[5, 6]
326: CNOT[6, 7]
327: CNOT[7, 8]
328: CNOT[8, 9]
329: CNOT[9, 10]
330: CNOT[10, 11]
331: CNOT[11, 12]
332: CNOT[12, 13]
333: CNOT[13, 14]
334: CNOT[14, 15]
335: CNOT[15, 16]
336: CNOT[16, 17]
337: CNOT[17, 18]
338: CNOT[18, 19]
339: CNOT[19, 0]
340: H[0]
341: H[1]
342: H[2]
343: H[3]
344: H[4]
345: H[5]
346: H[6]
347: H[7]
348: H[8]
349: H[9]
350: H[10]
351: H[11]
352: H[12]
353: H[13]
354: H[14]
355: H[15]
356: H[16]
357: H[17]
358: H[18]
359: H[19]
360: H[0]
361: H[1]
362: H[2]
363: H[3]
364: H[4]
365: H[5]
366: H[6]
367: H[7]
368: H[8]
369: H[9]
370: H[10]
371: H[11]
372: H[12]
373: H[13]
374: H[14]
375: H[15]
376: H[16]
377: H[17]
378: H[18]
379: H[19]
380: CNOT[0, 1]
381: CNOT[1, 2]
382: CNOT[2, 3]
383: CNOT[3, 4]
384: CNOT[4, 5]
385: CNOT[5, 6]
386: CNOT[6, 7]
387: CNOT[7, 8]
388: CNOT[8, 9]
389: CNOT[9, 10]
390: CNOT[10, 11]
391: CNOT[11, 12]
392: CNOT[12, 13]
393: CNOT[13, 14]
394: CNOT[14, 15]
395: CNOT[15, 16]
396: CNOT[16, 17]
397: CNOT[17, 18]
398: CNOT[18, 19]
399: CNOT[19, 0]
400: H[0]
401: H[1]
402: H[2]
403: H[3]
404: H[4]
405: H[5]
406: H[6]
407: H[7]
408: H[8]
409: H[9]
410: H[10]
411: H[11]
412: H[12]
413: H[13]
414: H[14]
415: H[15]
416: H[16]
417: H[17]
418: H[18]
419: H[19]
420: H[0]
421: H[1]
422: H[2]
423: H[3]
424: H[4]
425: H[5]
426: H[6]
427: H[7]
428: H[8]
429: H[9]
430: H[10]
431: H[11]
432: H[12]
433: H[13]
434: H[14]
435: H[15]
436: H[16]
437: H[17]
438: H[18]
439: H[19]
440: CNOT[0, 1]
441: CNOT[1, 2]
442: CNOT[2, 3]
443: CNOT[3, 4]
444: CNOT[4, 5]
445: CNOT[5, 6]
446: CNOT[6, 7]
447: CNOT[7, 8]
448: CNOT[8, 9]
449: CNOT[9, 10]
450: CNOT[10, 11]
451: CNOT[11, 12]
452: CNOT[12, 13]
453: CNOT[13, 14]
454: CNOT[14, 15]
455: CNOT[15, 16]
456: CNOT[16, 17]
457: CNOT[17, 18]
458: CNOT[18, 19]
459: CNOT[19, 0]
460: H[0]
461: H[1]
462: H[2]
463: H[3]
464: H[4]
465: H[5]
466: H[6]
467: H[7]
468: H[8]
469: H[9]
470: H[10]
471: H[11]
472: H[12]
473: H[13]
474: H[14]
475: H[15]
476: H[16]
477: H[17]
478: H[18]
479: H[19]
480: H[0]
481: H[1]
482: H[2]
483: H[3]
484: H[4]
485: H[5]
486: H[6]
487: H[7]
488: H[8]
489: H[9]
490: H[10]
491: H[11]
492: H[12]
493: H[13]
494: H[14]
495: H[15]
496: H[16]
497: H[17]
498: H[18]
499: H[19]
500: CNOT[0, 1]
501: CNOT[1, 2]
502: CNOT[2, 3]
503: CNOT[3, 4]
504: CNOT[4, 5]
505: CNOT[5, 6]
506: CNOT[6, 7]
507: CNOT[7, 8]
508: CNOT[8, 9]
509: CNOT[9, 10]
510: CNOT[10, 11]
511: CNOT[11, 12]
512: CNOT[12, 13]
513: CNOT[13, 14]
514: CNOT[14, 15]
515: CNOT[15, 16]
516: CNOT[16, 17]
517: CNOT[17, 18]
518: CNOT[18, 19]
519: CNOT[19, 0]
520: H[0]
521: H[1]
522: H[2]
523: H[3]
524: H[4]
525: H[5]
526: H[6]
527: H[7]
528: H[8]
529: H[9]
530: H[10]
531: H[11]
532: H[12]
533: H[13]
534: H[14]
535: H[15]
536: H[16]
537: H[17]
538: H[18]
539: H[19]
540: H[0]
541: H[1]
542: H[2]
543: H[3]
544: H[4]
545: H[5]
546: H[6]
547: H[7]
548: H[8]
549: H[9]
550: H[10]
551: H[11]
552: H[12]
553: H[13]
554: H[14]
555: H[15]
556: H[16]
557: H[17]
558: H[18]
559: H[19]
560: CNOT[0, 1]
561: CNOT[1, 2]
562: CNOT[2, 3]
563: CNOT[3, 4]
564: CNOT[4, 5]
565: CNOT[5, 6]
566: CNOT[6, 7]
567: CNOT[7, 8]
568: CNOT[8, 9]
569: CNOT[9, 10]
570: CNOT[10, 11]
571: CNOT[11, 12]
572: CNOT[12, 13]
573: CNOT[13, 14]
574: CNOT[14, 15]
575: CNOT[15, 16]
576: CNOT[16, 17]
577: CNOT[17, 18]
578: CNOT[18, 19]
579: CNOT[19, 0]
580: H[0]
581: H[1]
582: H[2]
583: H[3]
584: H[4]
585: H[5]
586: H[6]
587: H[7]
588: H[8]
589: H[9]
590: H[10]
591: H[11]
592: H[12]
593: H[13]
594: H[14]
595: H[15]
596: H[16]
597: H[17]
598: H[18]
599: H[19]
=== Clusters (cost= 36.658):
==== cluster[ 0]: depth=11 width=4
 0: H[0]
 1: H[1]
 2: H[2]
 3: H[3]
 4: CNOT[0, 1]
 5: CNOT[1, 2]
 6: CNOT[2, 3]
 7: H[1]
 8: H[2]
 9: H[1]
10: H[2]
==== cluster[ 1]: depth= 8 width=3
11: H[4]
12: H[5]
13: CNOT[3, 4]
14: CNOT[4, 5]
15: H[3]
16: H[4]
17: H[3]
18: H[4]
==== cluster[ 2]: depth=12 width=4
19: H[8]
20: H[6]
21: H[7]
22: CNOT[5, 6]
23: CNOT[6, 7]
24: CNOT[7, 8]
25: H[5]
26: H[6]
27: H[7]
28: H[5]
29: H[6]
30: H[7]
==== cluster[ 3]: depth= 8 width=3
31: H[9]
32: H[10]
33: CNOT[8, 9]
34: CNOT[9, 10]
35: H[8]
36: H[9]
37: H[8]
38: H[9]
==== cluster[ 4]: depth=12 width=4
39: H[11]
40: H[12]
41: H[13]
42: CNOT[10, 11]
43: CNOT[11, 12]
44: CNOT[12, 13]
45: H[10]
46: H[11]
47: H[12]
48: H[10]
49: H[11]
50: H[12]
==== cluster[ 5]: depth= 8 width=3
51: H[14]
52: H[15]
53: CNOT[13, 14]
54: CNOT[14, 15]
55: H[13]
56: H[14]
57: H[13]
58: H[14]
==== cluster[ 6]: depth=12 width=4
59: H[16]
60: H[17]
61: H[18]
62: CNOT[15, 16]
63: CNOT[16, 17]
64: CNOT[17, 18]
65: H[16]
66: H[17]
67: H[15]
68: H[16]
69: H[17]
70: H[15]
==== cluster[ 7]: depth=10 width=4
71: H[19]
72: CNOT[18, 19]
73: CNOT[19, 0]
74: H[0]
75: H[18]
76: H[19]
77: H[0]
78: CNOT[0, 1]
79: H[18]
80: H[19]
==== cluster[ 8]: depth= 6 width=3
81: CNOT[1, 2]
82: CNOT[2, 3]
83: H[1]
84: H[2]
85: H[1]
86: H[2]
==== cluster[ 9]: depth= 9 width=4
87: CNOT[3, 4]
88: CNOT[4, 5]
89: CNOT[5, 6]
90: H[3]
91: H[4]
92: H[5]
93: H[3]
94: H[4]
95: H[5]
==== cluster[10]: depth= 9 width=4
96: CNOT[6, 7]
97: CNOT[7, 8]
98: CNOT[8, 9]
99: H[8]
100: H[6]
101: H[7]
102: H[8]
103: H[6]
104: H[7]
==== cluster[11]: depth= 9 width=4
105: CNOT[9, 10]
106: CNOT[10, 11]
107: CNOT[11, 12]
108: H[9]
109: H[10]
110: H[11]
111: H[9]
112: H[10]
113: H[11]
==== cluster[12]: depth= 9 width=4
114: CNOT[12, 13]
115: CNOT[13, 14]
116: CNOT[14, 15]
117: H[12]
118: H[13]
119: H[14]
120: H[12]
121: H[13]
122: H[14]
==== cluster[13]: depth= 9 width=4
123: CNOT[15, 16]
124: CNOT[16, 17]
125: CNOT[17, 18]
126: H[15]
127: H[16]
128: H[17]
129: H[16]
130: H[17]
131: H[15]
==== cluster[14]: depth= 8 width=3
132: CNOT[18, 19]
133: CNOT[19, 0]
134: H[0]
135: H[18]
136: H[19]
137: H[0]
138: H[18]
139: H[19]
==== cluster[15]: depth= 7 width=4
140: CNOT[0, 1]
141: CNOT[1, 2]
142: CNOT[2, 3]
143: H[1]
144: H[2]
145: H[1]
146: H[2]
==== cluster[16]: depth= 9 width=4
147: CNOT[3, 4]
148: CNOT[4, 5]
149: CNOT[5, 6]
150: H[3]
151: H[4]
152: H[5]
153: H[3]
154: H[4]
155: H[5]
==== cluster[17]: depth= 9 width=4
156: CNOT[6, 7]
157: CNOT[7, 8]
158: CNOT[8, 9]
159: H[8]
160: H[6]
161: H[7]
162: H[8]
163: H[6]
164: H[7]
==== cluster[18]: depth= 6 width=3
165: CNOT[9, 10]
166: CNOT[10, 11]
167: H[9]
168: H[10]
169: H[9]
170: H[10]
==== cluster[19]: depth= 6 width=3
171: CNOT[11, 12]
172: CNOT[12, 13]
173: H[11]
174: H[12]
175: H[11]
176: H[12]
==== cluster[20]: depth= 9 width=4
177: CNOT[13, 14]
178: CNOT[14, 15]
179: CNOT[15, 16]
180: H[13]
181: H[14]
182: H[15]
183: H[13]
184: H[14]
185: H[15]
==== cluster[21]: depth= 6 width=3
186: CNOT[16, 17]
187: CNOT[17, 18]
188: H[16]
189: H[17]
190: H[16]
191: H[17]
==== cluster[22]: depth= 9 width=4
192: CNOT[18, 19]
193: CNOT[19, 0]
194: H[0]
195: H[18]
196: H[19]
197: H[0]
198: CNOT[0, 1]
199: H[18]
200: H[19]
==== cluster[23]: depth= 9 width=4
201: CNOT[1, 2]
202: CNOT[2, 3]
203: CNOT[3, 4]
204: H[1]
205: H[2]
206: H[3]
207: H[1]
208: H[2]
209: H[3]
==== cluster[24]: depth= 9 width=4
210: CNOT[4, 5]
211: CNOT[5, 6]
212: CNOT[6, 7]
213: H[4]
214: H[5]
215: H[6]
216: H[4]
217: H[5]
218: H[6]
==== cluster[25]: depth= 9 width=4
219: CNOT[7, 8]
220: CNOT[8, 9]
221: CNOT[9, 10]
222: H[7]
223: H[8]
224: H[9]
225: H[8]
226: H[9]
227: H[7]
==== cluster[26]: depth= 9 width=4
228: CNOT[10, 11]
229: CNOT[11, 12]
230: CNOT[12, 13]
231: H[10]
232: H[11]
233: H[12]
234: H[10]
235: H[11]
236: H[12]
==== cluster[27]: depth= 9 width=4
237: CNOT[13, 14]
238: CNOT[14, 15]
239: CNOT[15, 16]
240: H[13]
241: H[14]
242: H[15]
243: H[13]
244: H[14]
245: H[15]
==== cluster[28]: depth= 9 width=4
246: CNOT[16, 17]
247: CNOT[17, 18]
248: CNOT[18, 19]
249: H[16]
250: H[17]
251: H[18]
252: H[16]
253: H[17]
254: H[18]
==== cluster[29]: depth= 9 width=4
255: CNOT[19, 0]
256: H[19]
257: H[0]
258: H[19]
259: H[0]
260: CNOT[0, 1]
261: CNOT[1, 2]
262: H[1]
263: H[1]
==== cluster[30]: depth= 9 width=4
264: CNOT[2, 3]
265: CNOT[3, 4]
266: CNOT[4, 5]
267: H[2]
268: H[3]
269: H[4]
270: H[2]
271: H[3]
272: H[4]
==== cluster[31]: depth= 9 width=4
273: CNOT[5, 6]
274: CNOT[6, 7]
275: CNOT[7, 8]
276: H[5]
277: H[6]
278: H[7]
279: H[5]
280: H[6]
281: H[7]
==== cluster[32]: depth= 9 width=4
282: CNOT[8, 9]
283: CNOT[9, 10]
284: CNOT[10, 11]
285: H[8]
286: H[9]
287: H[10]
288: H[8]
289: H[9]
290: H[10]
==== cluster[33]: depth= 9 width=4
291: CNOT[11, 12]
292: CNOT[12, 13]
293: CNOT[13, 14]
294: H[11]
295: H[12]
296: H[13]
297: H[11]
298: H[12]
299: H[13]
==== cluster[34]: depth= 6 width=3
300: CNOT[14, 15]
301: CNOT[15, 16]
302: H[14]
303: H[15]
304: H[14]
305: H[15]
==== cluster[35]: depth= 6 width=3
306: CNOT[16, 17]
307: CNOT[17, 18]
308: H[16]
309: H[17]
310: H[16]
311: H[17]
==== cluster[36]: depth= 9 width=4
312: CNOT[18, 19]
313: CNOT[19, 0]
314: H[0]
315: H[18]
316: H[19]
317: H[0]
318: CNOT[0, 1]
319: H[18]
320: H[19]
==== cluster[37]: depth= 9 width=4
321: CNOT[1, 2]
322: CNOT[2, 3]
323: CNOT[3, 4]
324: H[1]
325: H[2]
326: H[3]
327: H[1]
328: H[2]
329: H[3]
==== cluster[38]: depth= 6 width=3
330: CNOT[4, 5]
331: CNOT[5, 6]
332: H[4]
333: H[5]
334: H[4]
335: H[5]
==== cluster[39]: depth= 9 width=4
336: CNOT[6, 7]
337: CNOT[7, 8]
338: CNOT[8, 9]
339: H[8]
340: H[6]
341: H[7]
342: H[8]
343: H[6]
344: H[7]
==== cluster[40]: depth= 9 width=4
345: CNOT[9, 10]
346: CNOT[10, 11]
347: CNOT[11, 12]
348: H[9]
349: H[10]
350: H[11]
351: H[9]
352: H[10]
353: H[11]
==== cluster[41]: depth= 9 width=4
354: CNOT[12, 13]
355: CNOT[13, 14]
356: CNOT[14, 15]
357: H[12]
358: H[13]
359: H[14]
360: H[12]
361: H[13]
362: H[14]
==== cluster[42]: depth= 9 width=4
363: CNOT[15, 16]
364: CNOT[16, 17]
365: CNOT[17, 18]
366: H[15]
367: H[16]
368: H[17]
369: H[16]
370: H[17]
371: H[15]
==== cluster[43]: depth= 8 width=3
372: CNOT[18, 19]
373: CNOT[19, 0]
374: H[0]
375: H[18]
376: H[19]
377: H[0]
378: H[18]
379: H[19]
==== cluster[44]: depth= 4 width=3
380: CNOT[0, 1]
381: CNOT[1, 2]
382: H[1]
383: H[1]
==== cluster[45]: depth= 9 width=4
384: CNOT[2, 3]
385: CNOT[3, 4]
386: CNOT[4, 5]
387: H[2]
388: H[3]
389: H[4]
390: H[2]
391: H[3]
392: H[4]
==== cluster[46]: depth= 9 width=4
393: CNOT[5, 6]
394: CNOT[6, 7]
395: CNOT[7, 8]
396: H[5]
397: H[6]
398: H[7]
399: H[5]
400: H[6]
401: H[7]
==== cluster[47]: depth= 9 width=4
402: CNOT[8, 9]
403: CNOT[9, 10]
404: CNOT[10, 11]
405: H[8]
406: H[9]
407: H[10]
408: H[8]
409: H[9]
410: H[10]
==== cluster[48]: depth= 6 width=3
411: CNOT[11, 12]
412: CNOT[12, 13]
413: H[11]
414: H[12]
415: H[11]
416: H[12]
==== cluster[49]: depth= 9 width=4
417: CNOT[13, 14]
418: CNOT[14, 15]
419: CNOT[15, 16]
420: H[13]
421: H[14]
422: H[15]
423: H[13]
424: H[14]
425: H[15]
==== cluster[50]: depth= 9 width=4
426: CNOT[16, 17]
427: CNOT[17, 18]
428: CNOT[18, 19]
429: H[16]
430: H[17]
431: H[18]
432: H[16]
433: H[17]
434: H[18]
==== cluster[51]: depth= 9 width=4
435: CNOT[19, 0]
436: H[19]
437: H[0]
438: H[19]
439: H[0]
440: CNOT[0, 1]
441: CNOT[1, 2]
442: H[1]
443: H[1]
==== cluster[52]: depth= 9 width=4
444: CNOT[2, 3]
445: CNOT[3, 4]
446: CNOT[4, 5]
447: H[2]
448: H[3]
449: H[4]
450: H[2]
451: H[3]
452: H[4]
==== cluster[53]: depth= 6 width=3
453: CNOT[5, 6]
454: CNOT[6, 7]
455: H[5]
456: H[6]
457: H[5]
458: H[6]
==== cluster[54]: depth= 9 width=4
459: CNOT[7, 8]
460: CNOT[8, 9]
461: CNOT[9, 10]
462: H[7]
463: H[8]
464: H[9]
465: H[8]
466: H[9]
467: H[7]
==== cluster[55]: depth= 9 width=4
468: CNOT[10, 11]
469: CNOT[11, 12]
470: CNOT[12, 13]
471: H[10]
472: H[11]
473: H[12]
474: H[10]
475: H[11]
476: H[12]
==== cluster[56]: depth= 6 width=3
477: CNOT[13, 14]
478: CNOT[14, 15]
479: H[13]
480: H[14]
481: H[13]
482: H[14]
==== cluster[57]: depth= 9 width=4
483: CNOT[15, 16]
484: CNOT[16, 17]
485: CNOT[17, 18]
486: H[15]
487: H[16]
488: H[17]
489: H[16]
490: H[17]
491: H[15]
==== cluster[58]: depth= 9 width=4
492: CNOT[18, 19]
493: CNOT[19, 0]
494: H[0]
495: H[18]
496: H[19]
497: H[0]
498: CNOT[0, 1]
499: H[18]
500: H[19]
==== cluster[59]: depth= 9 width=4
501: CNOT[1, 2]
502: CNOT[2, 3]
503: CNOT[3, 4]
504: H[1]
505: H[2]
506: H[3]
507: H[1]
508: H[2]
509: H[3]
==== cluster[60]: depth= 9 width=4
510: CNOT[4, 5]
511: CNOT[5, 6]
512: CNOT[6, 7]
513: H[4]
514: H[5]
515: H[6]
516: H[4]
517: H[5]
518: H[6]
==== cluster[61]: depth= 9 width=4
519: CNOT[7, 8]
520: CNOT[8, 9]
521: CNOT[9, 10]
522: H[7]
523: H[8]
524: H[9]
525: H[8]
526: H[9]
527: H[7]
==== cluster[62]: depth= 9 width=4
528: CNOT[10, 11]
529: CNOT[11, 12]
530: CNOT[12, 13]
531: H[10]
532: H[11]
533: H[12]
534: H[10]
535: H[11]
536: H[12]
==== cluster[63]: depth= 6 width=3
537: CNOT[13, 14]
538: CNOT[14, 15]
539: H[13]
540: H[14]
541: H[13]
542: H[14]
==== cluster[64]: depth= 9 width=4
543: CNOT[15, 16]
544: CNOT[16, 17]
545: CNOT[17, 18]
546: H[15]
547: H[16]
548: H[17]
549: H[16]
550: H[17]
551: H[15]
==== cluster[65]: depth= 9 width=4
552: CNOT[18, 19]
553: CNOT[19, 0]
554: H[0]
555: H[18]
556: H[19]
557: H[0]
558: CNOT[0, 1]
559: H[18]
560: H[19]
==== cluster[66]: depth= 6 width=4
561: CNOT[1, 2]
562: CNOT[2, 3]
563: CNOT[3, 4]
564: H[1]
565: H[2]
566: H[3]
==== cluster[67]: depth= 6 width=4
567: CNOT[4, 5]
568: CNOT[5, 6]
569: CNOT[6, 7]
570: H[4]
571: H[5]
572: H[6]
==== cluster[68]: depth= 4 width=3
573: CNOT[7, 8]
574: CNOT[8, 9]
575: H[7]
576: H[8]
==== cluster[69]: depth= 6 width=4
577: CNOT[9, 10]
578: CNOT[10, 11]
579: CNOT[11, 12]
580: H[9]
581: H[10]
582: H[11]
==== cluster[70]: depth= 6 width=4
583: CNOT[12, 13]
584: CNOT[13, 14]
585: CNOT[14, 15]
586: H[12]
587: H[13]
588: H[14]
==== cluster[71]: depth= 6 width=4
589: CNOT[15, 16]
590: CNOT[16, 17]
591: CNOT[17, 18]
592: H[15]
593: H[16]
594: H[17]
==== cluster[72]: depth= 5 width=3
595: CNOT[18, 19]
596: CNOT[19, 0]
597: H[0]
598: H[18]
599: H[19]
