=== Original:
 0: H[0]
 1: H[1]
 2: H[2]
 3: H[3]
 4: H[4]
 5: H[5]
 6: H[6]
 7: H[7]
 8: H[8]
 9: H[9]
10: H[10]
11: H[11]
12: H[12]
13: H[13]
14: H[14]
15: H[15]
16: H[16]
17: H[17]
18: H[18]
19: H[19]
20: H[20]
21: H[21]
22: H[22]
23: H[23]
24: H[24]
25: CNOT[0, 1]
26: CNOT[1, 2]
27: CNOT[2, 3]
28: CNOT[3, 4]
29: CNOT[4, 5]
30: CNOT[5, 6]
31: CNOT[6, 7]
32: CNOT[7, 8]
33: CNOT[8, 9]
34: CNOT[9, 10]
35: CNOT[10, 11]
36: CNOT[11, 12]
37: CNOT[12, 13]
38: CNOT[13, 14]
39: CNOT[14, 15]
40: CNOT[15, 16]
41: CNOT[16, 17]
42: CNOT[17, 18]
43: CNOT[18, 19]
44: CNOT[19, 20]
45: CNOT[20, 21]
46: CNOT[21, 22]
47: CNOT[22, 23]
48: CNOT[23, 24]
49: CNOT[24, 0]
50: H[0]
51: H[1]
52: H[2]
53: H[3]
54: H[4]
55: H[5]
56: H[6]
57: H[7]
58: H[8]
59: H[9]
60: H[10]
61: H[11]
62: H[12]
63: H[13]
64: H[14]
65: H[15]
66: H[16]
67: H[17]
68: H[18]
69: H[19]
70: H[20]
71: H[21]
72: H[22]
73: H[23]
74: H[24]
75: H[0]
76: H[1]
77: H[2]
78: H[3]
79: H[4]
80: H[5]
81: H[6]
82: H[7]
83: H[8]
84: H[9]
85: H[10]
86: H[11]
87: H[12]
88: H[13]
89: H[14]
90: H[15]
91: H[16]
92: H[17]
93: H[18]
94: H[19]
95: H[20]
96: H[21]
97: H[22]
98: H[23]
99: H[24]
100: CNOT[0, 1]
101: CNOT[1, 2]
102: CNOT[2, 3]
103: CNOT[3, 4]
104: CNOT[4, 5]
105: CNOT[5, 6]
106: CNOT[6, 7]
107: CNOT[7, 8]
108: CNOT[8, 9]
109: CNOT[9, 10]
110: CNOT[10, 11]
111: CNOT[11, 12]
112: CNOT[12, 13]
113: CNOT[13, 14]
114: CNOT[14, 15]
115: CNOT[15, 16]
116: CNOT[16, 17]
117: CNOT[17, 18]
118: CNOT[18, 19]
119: CNOT[19, 20]
120: CNOT[20, 21]
121: CNOT[21, 22]
122: CNOT[22, 23]
123: CNOT[23, 24]
124: CNOT[24, 0]
125: H[0]
126: H[1]
127: H[2]
128: H[3]
129: H[4]
130: H[5]
131: H[6]
132: H[7]
133: H[8]
134: H[9]
135: H[10]
136: H[11]
137: H[12]
138: H[13]
139: H[14]
140: H[15]
141: H[16]
142: H[17]
143: H[18]
144: H[19]
145: H[20]
146: H[21]
147: H[22]
148: H[23]
149: H[24]
150: H[0]
151: H[1]
152: H[2]
153: H[3]
154: H[4]
155: H[5]
156: H[6]
157: H[7]
158: H[8]
159: H[9]
160: H[10]
161: H[11]
162: H[12]
163: H[13]
164: H[14]
165: H[15]
166: H[16]
167: H[17]
168: H[18]
169: H[19]
170: H[20]
171: H[21]
172: H[22]
173: H[23]
174: H[24]
175: CNOT[0, 1]
176: CNOT[1, 2]
177: CNOT[2, 3]
178: CNOT[3, 4]
179: CNOT[4, 5]
180: CNOT[5, 6]
181: CNOT[6, 7]
182: CNOT[7, 8]
183: CNOT[8, 9]
184: CNOT[9, 10]
185: CNOT[10, 11]
186: CNOT[11, 12]
187: CNOT[12, 13]
188: CNOT[13, 14]
189: CNOT[14, 15]
190: CNOT[15, 16]
191: CNOT[16, 17]
192: CNOT[17, 18]
193: CNOT[18, 19]
194: CNOT[19, 20]
195: CNOT[20, 21]
196: CNOT[21, 22]
197: CNOT[22, 23]
198: CNOT[23, 24]
199: CNOT[24, 0]
200: H[0]
201: H[1]
202: H[2]
203: H[3]
204: H[4]
205: H[5]
206: H[6]
207: H[7]
208: H[8]
209: H[9]
210: H[10]
211: H[11]
212: H[12]
213: H[13]
214: H[14]
215: H[15]
216: H[16]
217: H[17]
218: H[18]
219: H[19]
220: H[20]
221: H[21]
222: H[22]
223: H[23]
224: H[24]
225: H[0]
226: H[1]
227: H[2]
228: H[3]
229: H[4]
230: H[5]
231: H[6]
232: H[7]
233: H[8]
234: H[9]
235: H[10]
236: H[11]
237: H[12]
238: H[13]
239: H[14]
240: H[15]
241: H[16]
242: H[17]
243: H[18]
244: H[19]
245: H[20]
246: H[21]
247: H[22]
248: H[23]
249: H[24]
250: CNOT[0, 1]
251: CNOT[1, 2]
252: CNOT[2, 3]
253: CNOT[3, 4]
254: CNOT[4, 5]
255: CNOT[5, 6]
256: CNOT[6, 7]
257: CNOT[7, 8]
258: CNOT[8, 9]
259: CNOT[9, 10]
260: CNOT[10, 11]
261: CNOT[11, 12]
262: CNOT[12, 13]
263: CNOT[13, 14]
264: CNOT[14, 15]
265: CNOT[15, 16]
266: CNOT[16, 17]
267: CNOT[17, 18]
268: CNOT[18, 19]
269: CNOT[19, 20]
270: CNOT[20, 21]
271: CNOT[21, 22]
272: CNOT[22, 23]
273: CNOT[23, 24]
274: CNOT[24, 0]
275: H[0]
276: H[1]
277: H[2]
278: H[3]
279: H[4]
280: H[5]
281: H[6]
282: H[7]
283: H[8]
284: H[9]
285: H[10]
286: H[11]
287: H[12]
288: H[13]
289: H[14]
290: H[15]
291: H[16]
292: H[17]
293: H[18]
294: H[19]
295: H[20]
296: H[21]
297: H[22]
298: H[23]
299: H[24]
300: H[0]
301: H[1]
302: H[2]
303: H[3]
304: H[4]
305: H[5]
306: H[6]
307: H[7]
308: H[8]
309: H[9]
310: H[10]
311: H[11]
312: H[12]
313: H[13]
314: H[14]
315: H[15]
316: H[16]
317: H[17]
318: H[18]
319: H[19]
320: H[20]
321: H[21]
322: H[22]
323: H[23]
324: H[24]
325: CNOT[0, 1]
326: CNOT[1, 2]
327: CNOT[2, 3]
328: CNOT[3, 4]
329: CNOT[4, 5]
330: CNOT[5, 6]
331: CNOT[6, 7]
332: CNOT[7, 8]
333: CNOT[8, 9]
334: CNOT[9, 10]
335: CNOT[10, 11]
336: CNOT[11, 12]
337: CNOT[12, 13]
338: CNOT[13, 14]
339: CNOT[14, 15]
340: CNOT[15, 16]
341: CNOT[16, 17]
342: CNOT[17, 18]
343: CNOT[18, 19]
344: CNOT[19, 20]
345: CNOT[20, 21]
346: CNOT[21, 22]
347: CNOT[22, 23]
348: CNOT[23, 24]
349: CNOT[24, 0]
350: H[0]
351: H[1]
352: H[2]
353: H[3]
354: H[4]
355: H[5]
356: H[6]
357: H[7]
358: H[8]
359: H[9]
360: H[10]
361: H[11]
362: H[12]
363: H[13]
364: H[14]
365: H[15]
366: H[16]
367: H[17]
368: H[18]
369: H[19]
370: H[20]
371: H[21]
372: H[22]
373: H[23]
374: H[24]
375: H[0]
376: H[1]
377: H[2]
378: H[3]
379: H[4]
380: H[5]
381: H[6]
382: H[7]
383: H[8]
384: H[9]
385: H[10]
386: H[11]
387: H[12]
388: H[13]
389: H[14]
390: H[15]
391: H[16]
392: H[17]
393: H[18]
394: H[19]
395: H[20]
396: H[21]
397: H[22]
398: H[23]
399: H[24]
400: CNOT[0, 1]
401: CNOT[1, 2]
402: CNOT[2, 3]
403: CNOT[3, 4]
404: CNOT[4, 5]
405: CNOT[5, 6]
406: CNOT[6, 7]
407: CNOT[7, 8]
408: CNOT[8, 9]
409: CNOT[9, 10]
410: CNOT[10, 11]
411: CNOT[11, 12]
412: CNOT[12, 13]
413: CNOT[13, 14]
414: CNOT[14, 15]
415: CNOT[15, 16]
416: CNOT[16, 17]
417: CNOT[17, 18]
418: CNOT[18, 19]
419: CNOT[19, 20]
420: CNOT[20, 21]
421: CNOT[21, 22]
422: CNOT[22, 23]
423: CNOT[23, 24]
424: CNOT[24, 0]
425: H[0]
426: H[1]
427: H[2]
428: H[3]
429: H[4]
430: H[5]
431: H[6]
432: H[7]
433: H[8]
434: H[9]
435: H[10]
436: H[11]
437: H[12]
438: H[13]
439: H[14]
440: H[15]
441: H[16]
442: H[17]
443: H[18]
444: H[19]
445: H[20]
446: H[21]
447: H[22]
448: H[23]
449: H[24]
450: H[0]
451: H[1]
452: H[2]
453: H[3]
454: H[4]
455: H[5]
456: H[6]
457: H[7]
458: H[8]
459: H[9]
460: H[10]
461: H[11]
462: H[12]
463: H[13]
464: H[14]
465: H[15]
466: H[16]
467: H[17]
468: H[18]
469: H[19]
470: H[20]
471: H[21]
472: H[22]
473: H[23]
474: H[24]
475: CNOT[0, 1]
476: CNOT[1, 2]
477: CNOT[2, 3]
478: CNOT[3, 4]
479: CNOT[4, 5]
480: CNOT[5, 6]
481: CNOT[6, 7]
482: CNOT[7, 8]
483: CNOT[8, 9]
484: CNOT[9, 10]
485: CNOT[10, 11]
486: CNOT[11, 12]
487: CNOT[12, 13]
488: CNOT[13, 14]
489: CNOT[14, 15]
490: CNOT[15, 16]
491: CNOT[16, 17]
492: CNOT[17, 18]
493: CNOT[18, 19]
494: CNOT[19, 20]
495: CNOT[20, 21]
496: CNOT[21, 22]
497: CNOT[22, 23]
498: CNOT[23, 24]
499: CNOT[24, 0]
500: H[0]
501: H[1]
502: H[2]
503: H[3]
504: H[4]
505: H[5]
506: H[6]
507: H[7]
508: H[8]
509: H[9]
510: H[10]
511: H[11]
512: H[12]
513: H[13]
514: H[14]
515: H[15]
516: H[16]
517: H[17]
518: H[18]
519: H[19]
520: H[20]
521: H[21]
522: H[22]
523: H[23]
524: H[24]
525: H[0]
526: H[1]
527: H[2]
528: H[3]
529: H[4]
530: H[5]
531: H[6]
532: H[7]
533: H[8]
534: H[9]
535: H[10]
536: H[11]
537: H[12]
538: H[13]
539: H[14]
540: H[15]
541: H[16]
542: H[17]
543: H[18]
544: H[19]
545: H[20]
546: H[21]
547: H[22]
548: H[23]
549: H[24]
550: CNOT[0, 1]
551: CNOT[1, 2]
552: CNOT[2, 3]
553: CNOT[3, 4]
554: CNOT[4, 5]
555: CNOT[5, 6]
556: CNOT[6, 7]
557: CNOT[7, 8]
558: CNOT[8, 9]
559: CNOT[9, 10]
560: CNOT[10, 11]
561: CNOT[11, 12]
562: CNOT[12, 13]
563: CNOT[13, 14]
564: CNOT[14, 15]
565: CNOT[15, 16]
566: CNOT[16, 17]
567: CNOT[17, 18]
568: CNOT[18, 19]
569: CNOT[19, 20]
570: CNOT[20, 21]
571: CNOT[21, 22]
572: CNOT[22, 23]
573: CNOT[23, 24]
574: CNOT[24, 0]
575: H[0]
576: H[1]
577: H[2]
578: H[3]
579: H[4]
580: H[5]
581: H[6]
582: H[7]
583: H[8]
584: H[9]
585: H[10]
586: H[11]
587: H[12]
588: H[13]
589: H[14]
590: H[15]
591: H[16]
592: H[17]
593: H[18]
594: H[19]
595: H[20]
596: H[21]
597: H[22]
598: H[23]
599: H[24]
600: H[0]
601: H[1]
602: H[2]
603: H[3]
604: H[4]
605: H[5]
606: H[6]
607: H[7]
608: H[8]
609: H[9]
610: H[10]
611: H[11]
612: H[12]
613: H[13]
614: H[14]
615: H[15]
616: H[16]
617: H[17]
618: H[18]
619: H[19]
620: H[20]
621: H[21]
622: H[22]
623: H[23]
624: H[24]
625: CNOT[0, 1]
626: CNOT[1, 2]
627: CNOT[2, 3]
628: CNOT[3, 4]
629: CNOT[4, 5]
630: CNOT[5, 6]
631: CNOT[6, 7]
632: CNOT[7, 8]
633: CNOT[8, 9]
634: CNOT[9, 10]
635: CNOT[10, 11]
636: CNOT[11, 12]
637: CNOT[12, 13]
638: CNOT[13, 14]
639: CNOT[14, 15]
640: CNOT[15, 16]
641: CNOT[16, 17]
642: CNOT[17, 18]
643: CNOT[18, 19]
644: CNOT[19, 20]
645: CNOT[20, 21]
646: CNOT[21, 22]
647: CNOT[22, 23]
648: CNOT[23, 24]
649: CNOT[24, 0]
650: H[0]
651: H[1]
652: H[2]
653: H[3]
654: H[4]
655: H[5]
656: H[6]
657: H[7]
658: H[8]
659: H[9]
660: H[10]
661: H[11]
662: H[12]
663: H[13]
664: H[14]
665: H[15]
666: H[16]
667: H[17]
668: H[18]
669: H[19]
670: H[20]
671: H[21]
672: H[22]
673: H[23]
674: H[24]
675: H[0]
676: H[1]
677: H[2]
678: H[3]
679: H[4]
680: H[5]
681: H[6]
682: H[7]
683: H[8]
684: H[9]
685: H[10]
686: H[11]
687: H[12]
688: H[13]
689: H[14]
690: H[15]
691: H[16]
692: H[17]
693: H[18]
694: H[19]
695: H[20]
696: H[21]
697: H[22]
698: H[23]
699: H[24]
700: CNOT[0, 1]
701: CNOT[1, 2]
702: CNOT[2, 3]
703: CNOT[3, 4]
704: CNOT[4, 5]
705: CNOT[5, 6]
706: CNOT[6, 7]
707: CNOT[7, 8]
708: CNOT[8, 9]
709: CNOT[9, 10]
710: CNOT[10, 11]
711: CNOT[11, 12]
712: CNOT[12, 13]
713: CNOT[13, 14]
714: CNOT[14, 15]
715: CNOT[15, 16]
716: CNOT[16, 17]
717: CNOT[17, 18]
718: CNOT[18, 19]
719: CNOT[19, 20]
720: CNOT[20, 21]
721: CNOT[21, 22]
722: CNOT[22, 23]
723: CNOT[23, 24]
724: CNOT[24, 0]
725: H[0]
726: H[1]
727: H[2]
728: H[3]
729: H[4]
730: H[5]
731: H[6]
732: H[7]
733: H[8]
734: H[9]
735: H[10]
736: H[11]
737: H[12]
738: H[13]
739: H[14]
740: H[15]
741: H[16]
742: H[17]
743: H[18]
744: H[19]
745: H[20]
746: H[21]
747: H[22]
748: H[23]
749: H[24]
=== Clusters (cost= 46.611):
==== cluster[ 0]: depth=11 width=4
 0: H[0]
 1: H[1]
 2: H[2]
 3: H[3]
 4: CNOT[0, 1]
 5: CNOT[1, 2]
 6: CNOT[2, 3]
 7: H[1]
 8: H[2]
 9: H[1]
10: H[2]
==== cluster[ 1]: depth= 8 width=3
11: H[4]
12: H[5]
13: CNOT[3, 4]
14: CNOT[4, 5]
15: H[3]
16: H[4]
17: H[3]
18: H[4]
==== cluster[ 2]: depth=12 width=4
19: H[8]
20: H[6]
21: H[7]
22: CNOT[5, 6]
23: CNOT[6, 7]
24: CNOT[7, 8]
25: H[5]
26: H[6]
27: H[7]
28: H[5]
29: H[6]
30: H[7]
==== cluster[ 3]: depth=12 width=4
31: H[9]
32: H[10]
33: H[11]
34: CNOT[8, 9]
35: CNOT[9, 10]
36: CNOT[10, 11]
37: H[8]
38: H[9]
39: H[10]
40: H[8]
41: H[9]
42: H[10]
==== cluster[ 4]: depth=12 width=4
43: H[12]
44: H[13]
45: H[14]
46: CNOT[11, 12]
47: CNOT[12, 13]
48: CNOT[13, 14]
49: H[11]
50: H[12]
51: H[13]
52: H[11]
53: H[12]
54: H[13]
==== cluster[ 5]: depth=12 width=4
55: H[16]
56: H[17]
57: H[15]
58: CNOT[14, 15]
59: CNOT[15, 16]
60: CNOT[16, 17]
61: H[16]
62: H[14]
63: H[15]
64: H[16]
65: H[14]
66: H[15]
==== cluster[ 6]: depth=12 width=4
67: H[18]
68: H[19]
69: H[20]
70: CNOT[17, 18]
71: CNOT[18, 19]
72: CNOT[19, 20]
73: H[17]
74: H[18]
75: H[19]
76: H[17]
77: H[18]
78: H[19]
==== cluster[ 7]: depth=12 width=4
79: H[21]
80: H[22]
81: H[23]
82: CNOT[20, 21]
83: CNOT[21, 22]
84: CNOT[22, 23]
85: H[20]
86: H[21]
87: H[22]
88: H[20]
89: H[21]
90: H[22]
==== cluster[ 8]: depth=10 width=4
91: H[24]
92: CNOT[23, 24]
93: CNOT[24, 0]
94: H[24]
95: H[23]
96: H[0]
97: H[24]
98: H[23]
99: H[0]
100: CNOT[0, 1]
==== cluster[ 9]: depth= 9 width=4
101: CNOT[1, 2]
102: CNOT[2, 3]
103: CNOT[3, 4]
104: H[1]
105: H[2]
106: H[3]
107: H[1]
108: H[2]
109: H[3]
==== cluster[10]: depth= 6 width=3
110: CNOT[4, 5]
111: CNOT[5, 6]
112: H[4]
113: H[5]
114: H[4]
115: H[5]
==== cluster[11]: depth= 9 width=4
116: CNOT[6, 7]
117: CNOT[7, 8]
118: CNOT[8, 9]
119: H[8]
120: H[6]
121: H[7]
122: H[8]
123: H[6]
124: H[7]
==== cluster[12]: depth= 9 width=4
125: CNOT[9, 10]
126: CNOT[10, 11]
127: CNOT[11, 12]
128: H[9]
129: H[10]
130: H[11]
131: H[9]
132: H[10]
133: H[11]
==== cluster[13]: depth= 6 width=3
134: CNOT[12, 13]
135: CNOT[13, 14]
136: H[12]
137: H[13]
138: H[12]
139: H[13]
==== cluster[14]: depth= 9 width=4
140: CNOT[14, 15]
141: CNOT[15, 16]
142: CNOT[16, 17]
143: H[16]
144: H[14]
145: H[15]
146: H[16]
147: H[14]
148: H[15]
==== cluster[15]: depth= 6 width=3
149: CNOT[17, 18]
150: CNOT[18, 19]
151: H[17]
152: H[18]
153: H[17]
154: H[18]
==== cluster[16]: depth= 9 width=4
155: CNOT[19, 20]
156: CNOT[20, 21]
157: CNOT[21, 22]
158: H[19]
159: H[20]
160: H[21]
161: H[19]
162: H[20]
163: H[21]
==== cluster[17]: depth=11 width=4
164: CNOT[22, 23]
165: CNOT[23, 24]
166: CNOT[24, 0]
167: H[24]
168: H[22]
169: H[23]
170: H[0]
171: H[24]
172: H[22]
173: H[23]
174: H[0]
==== cluster[18]: depth= 7 width=4
175: CNOT[0, 1]
176: CNOT[1, 2]
177: CNOT[2, 3]
178: H[1]
179: H[2]
180: H[1]
181: H[2]
==== cluster[19]: depth= 9 width=4
182: CNOT[3, 4]
183: CNOT[4, 5]
184: CNOT[5, 6]
185: H[3]
186: H[4]
187: H[5]
188: H[3]
189: H[4]
190: H[5]
==== cluster[20]: depth= 9 width=4
191: CNOT[6, 7]
192: CNOT[7, 8]
193: CNOT[8, 9]
194: H[8]
195: H[6]
196: H[7]
197: H[8]
198: H[6]
199: H[7]
==== cluster[21]: depth= 9 width=4
200: CNOT[9, 10]
201: CNOT[10, 11]
202: CNOT[11, 12]
203: H[9]
204: H[10]
205: H[11]
206: H[9]
207: H[10]
208: H[11]
==== cluster[22]: depth= 9 width=4
209: CNOT[12, 13]
210: CNOT[13, 14]
211: CNOT[14, 15]
212: H[12]
213: H[13]
214: H[14]
215: H[12]
216: H[13]
217: H[14]
==== cluster[23]: depth= 9 width=4
218: CNOT[15, 16]
219: CNOT[16, 17]
220: CNOT[17, 18]
221: H[15]
222: H[16]
223: H[17]
224: H[16]
225: H[17]
226: H[15]
==== cluster[24]: depth= 9 width=4
227: CNOT[18, 19]
228: CNOT[19, 20]
229: CNOT[20, 21]
230: H[18]
231: H[19]
232: H[20]
233: H[18]
234: H[19]
235: H[20]
==== cluster[25]: depth= 6 width=3
236: CNOT[21, 22]
237: CNOT[22, 23]
238: H[21]
239: H[22]
240: H[21]
241: H[22]
==== cluster[26]: depth= 8 width=3
242: CNOT[23, 24]
243: H[23]
244: CNOT[24, 0]
245: H[24]
246: H[23]
247: H[0]
248: H[24]
249: H[0]
==== cluster[27]: depth= 4 width=3
250: CNOT[0, 1]
251: CNOT[1, 2]
252: H[1]
253: H[1]
==== cluster[28]: depth= 6 width=3
254: CNOT[2, 3]
255: CNOT[3, 4]
256: H[2]
257: H[3]
258: H[2]
259: H[3]
==== cluster[29]: depth= 6 width=3
260: CNOT[4, 5]
261: CNOT[5, 6]
262: H[4]
263: H[5]
264: H[4]
265: H[5]
==== cluster[30]: depth= 9 width=4
266: CNOT[6, 7]
267: CNOT[7, 8]
268: CNOT[8, 9]
269: H[8]
270: H[6]
271: H[7]
272: H[8]
273: H[6]
274: H[7]
==== cluster[31]: depth= 9 width=4
275: CNOT[9, 10]
276: CNOT[10, 11]
277: CNOT[11, 12]
278: H[9]
279: H[10]
280: H[11]
281: H[9]
282: H[10]
283: H[11]
==== cluster[32]: depth= 9 width=4
284: CNOT[12, 13]
285: CNOT[13, 14]
286: CNOT[14, 15]
287: H[12]
288: H[13]
289: H[14]
290: H[12]
291: H[13]
292: H[14]
==== cluster[33]: depth= 9 width=4
293: CNOT[15, 16]
294: CNOT[16, 17]
295: CNOT[17, 18]
296: H[15]
297: H[16]
298: H[17]
299: H[16]
300: H[17]
301: H[15]
==== cluster[34]: depth= 9 width=4
302: CNOT[18, 19]
303: CNOT[19, 20]
304: CNOT[20, 21]
305: H[18]
306: H[19]
307: H[20]
308: H[18]
309: H[19]
310: H[20]
==== cluster[35]: depth= 9 width=4
311: CNOT[21, 22]
312: CNOT[22, 23]
313: CNOT[23, 24]
314: H[21]
315: H[22]
316: H[23]
317: H[21]
318: H[22]
319: H[23]
==== cluster[36]: depth= 9 width=4
320: CNOT[24, 0]
321: H[24]
322: H[0]
323: H[24]
324: H[0]
325: CNOT[0, 1]
326: CNOT[1, 2]
327: H[1]
328: H[1]
==== cluster[37]: depth= 9 width=4
329: CNOT[2, 3]
330: CNOT[3, 4]
331: CNOT[4, 5]
332: H[2]
333: H[3]
334: H[4]
335: H[2]
336: H[3]
337: H[4]
==== cluster[38]: depth= 9 width=4
338: CNOT[5, 6]
339: CNOT[6, 7]
340: CNOT[7, 8]
341: H[5]
342: H[6]
343: H[7]
344: H[5]
345: H[6]
346: H[7]
==== cluster[39]: depth= 6 width=3
347: CNOT[8, 9]
348: CNOT[9, 10]
349: H[8]
350: H[9]
351: H[8]
352: H[9]
==== cluster[40]: depth= 9 width=4
353: CNOT[10, 11]
354: CNOT[11, 12]
355: CNOT[12, 13]
356: H[10]
357: H[11]
358: H[12]
359: H[10]
360: H[11]
361: H[12]
==== cluster[41]: depth= 9 width=4
362: CNOT[13, 14]
363: CNOT[14, 15]
364: CNOT[15, 16]
365: H[13]
366: H[14]
367: H[15]
368: H[13]
369: H[14]
370: H[15]
==== cluster[42]: depth= 9 width=4
371: CNOT[16, 17]
372: CNOT[17, 18]
373: CNOT[18, 19]
374: H[16]
375: H[17]
376: H[18]
377: H[16]
378: H[17]
379: H[18]
==== cluster[43]: depth= 6 width=3
380: CNOT[19, 20]
381: CNOT[20, 21]
382: H[19]
383: H[20]
384: H[19]
385: H[20]
==== cluster[44]: depth= 6 width=3
386: CNOT[21, 22]
387: CNOT[22, 23]
388: H[21]
389: H[22]
390: H[21]
391: H[22]
==== cluster[45]: depth= 8 width=3
392: CNOT[23, 24]
393: H[23]
394: CNOT[24, 0]
395: H[24]
396: H[23]
397: H[0]
398: H[24]
399: H[0]
==== cluster[46]: depth= 4 width=3
400: CNOT[0, 1]
401: CNOT[1, 2]
402: H[1]
403: H[1]
==== cluster[47]: depth= 9 width=4
404: CNOT[2, 3]
405: CNOT[3, 4]
406: CNOT[4, 5]
407: H[2]
408: H[3]
409: H[4]
410: H[2]
411: H[3]
412: H[4]
==== cluster[48]: depth= 9 width=4
413: CNOT[5, 6]
414: CNOT[6, 7]
415: CNOT[7, 8]
416: H[5]
417: H[6]
418: H[7]
419: H[5]
420: H[6]
421: H[7]
==== cluster[49]: depth= 6 width=3
422: CNOT[8, 9]
423: CNOT[9, 10]
424: H[8]
425: H[9]
426: H[8]
427: H[9]
==== cluster[50]: depth= 6 width=3
428: CNOT[10, 11]
429: CNOT[11, 12]
430: H[10]
431: H[11]
432: H[10]
433: H[11]
==== cluster[51]: depth= 9 width=4
434: CNOT[12, 13]
435: CNOT[13, 14]
436: CNOT[14, 15]
437: H[12]
438: H[13]
439: H[14]
440: H[12]
441: H[13]
442: H[14]
==== cluster[52]: depth= 9 width=4
443: CNOT[15, 16]
444: CNOT[16, 17]
445: CNOT[17, 18]
446: H[15]
447: H[16]
448: H[17]
449: H[16]
450: H[17]
451: H[15]
==== cluster[53]: depth= 6 width=3
452: CNOT[18, 19]
453: CNOT[19, 20]
454: H[18]
455: H[19]
456: H[18]
457: H[19]
==== cluster[54]: depth= 6 width=3
458: CNOT[20, 21]
459: CNOT[21, 22]
460: H[20]
461: H[21]
462: H[20]
463: H[21]
==== cluster[55]: depth=11 width=4
464: CNOT[22, 23]
465: CNOT[23, 24]
466: CNOT[24, 0]
467: H[24]
468: H[22]
469: H[23]
470: H[0]
471: H[24]
472: H[22]
473: H[23]
474: H[0]
==== cluster[56]: depth= 7 width=4
475: CNOT[0, 1]
476: CNOT[1, 2]
477: CNOT[2, 3]
478: H[1]
479: H[2]
480: H[1]
481: H[2]
==== cluster[57]: depth= 9 width=4
482: CNOT[3, 4]
483: CNOT[4, 5]
484: CNOT[5, 6]
485: H[3]
486: H[4]
487: H[5]
488: H[3]
489: H[4]
490: H[5]
==== cluster[58]: depth= 9 width=4
491: CNOT[6, 7]
492: CNOT[7, 8]
493: CNOT[8, 9]
494: H[8]
495: H[6]
496: H[7]
497: H[8]
498: H[6]
499: H[7]
==== cluster[59]: depth= 6 width=3
500: CNOT[9, 10]
501: CNOT[10, 11]
502: H[9]
503: H[10]
504: H[9]
505: H[10]
==== cluster[60]: depth= 6 width=3
506: CNOT[11, 12]
507: CNOT[12, 13]
508: H[11]
509: H[12]
510: H[11]
511: H[12]
==== cluster[61]: depth= 9 width=4
512: CNOT[13, 14]
513: CNOT[14, 15]
514: CNOT[15, 16]
515: H[13]
516: H[14]
517: H[15]
518: H[13]
519: H[14]
520: H[15]
==== cluster[62]: depth= 6 width=3
521: CNOT[16, 17]
522: CNOT[17, 18]
523: H[16]
524: H[17]
525: H[16]
526: H[17]
==== cluster[63]: depth= 9 width=4
527: CNOT[18, 19]
528: CNOT[19, 20]
529: CNOT[20, 21]
530: H[18]
531: H[19]
532: H[20]
533: H[18]
534: H[19]
535: H[20]
==== cluster[64]: depth= 9 width=4
536: CNOT[21, 22]
537: CNOT[22, 23]
538: CNOT[23, 24]
539: H[21]
540: H[22]
541: H[23]
542: H[21]
543: H[22]
544: H[23]
==== cluster[65]: depth= 9 width=4
545: CNOT[24, 0]
546: H[24]
547: H[0]
548: H[24]
549: H[0]
550: CNOT[0, 1]
551: CNOT[1, 2]
552: H[1]
553: H[1]
==== cluster[66]: depth= 9 width=4
554: CNOT[2, 3]
555: CNOT[3, 4]
556: CNOT[4, 5]
557: H[2]
558: H[3]
559: H[4]
560: H[2]
561: H[3]
562: H[4]
==== cluster[67]: depth= 6 width=3
563: CNOT[5, 6]
564: CNOT[6, 7]
565: H[5]
566: H[6]
567: H[5]
568: H[6]
==== cluster[68]: depth= 9 width=4
569: CNOT[7, 8]
570: CNOT[8, 9]
571: CNOT[9, 10]
572: H[7]
573: H[8]
574: H[9]
575: H[8]
576: H[9]
577: H[7]
==== cluster[69]: depth= 9 width=4
578: CNOT[10, 11]
579: CNOT[11, 12]
580: CNOT[12, 13]
581: H[10]
582: H[11]
583: H[12]
584: H[10]
585: H[11]
586: H[12]
==== cluster[70]: depth= 9 width=4
587: CNOT[13, 14]
588: CNOT[14, 15]
589: CNOT[15, 16]
590: H[13]
591: H[14]
592: H[15]
593: H[13]
594: H[14]
595: H[15]
==== cluster[71]: depth= 9 width=4
596: CNOT[16, 17]
597: CNOT[17, 18]
598: CNOT[18, 19]
599: H[16]
600: H[17]
601: H[18]
602: H[16]
603: H[17]
604: H[18]
==== cluster[72]: depth= 9 width=4
605: CNOT[19, 20]
606: CNOT[20, 21]
607: CNOT[21, 22]
608: H[19]
609: H[20]
610: H[21]
611: H[19]
612: H[20]
613: H[21]
==== cluster[73]: depth=11 width=4
614: CNOT[22, 23]
615: CNOT[23, 24]
616: CNOT[24, 0]
617: H[24]
618: H[22]
619: H[23]
620: H[0]
621: H[24]
622: H[22]
623: H[23]
624: H[0]
==== cluster[74]: depth= 7 width=4
625: CNOT[0, 1]
626: CNOT[1, 2]
627: CNOT[2, 3]
628: H[1]
629: H[2]
630: H[1]
631: H[2]
==== cluster[75]: depth= 6 width=3
632: CNOT[3, 4]
633: CNOT[4, 5]
634: H[3]
635: H[4]
636: H[3]
637: H[4]
==== cluster[76]: depth= 6 width=3
638: CNOT[5, 6]
639: CNOT[6, 7]
640: H[5]
641: H[6]
642: H[5]
643: H[6]
==== cluster[77]: depth= 6 width=3
644: CNOT[7, 8]
645: CNOT[8, 9]
646: H[7]
647: H[8]
648: H[8]
649: H[7]
==== cluster[78]: depth= 9 width=4
650: CNOT[9, 10]
651: CNOT[10, 11]
652: CNOT[11, 12]
653: H[9]
654: H[10]
655: H[11]
656: H[9]
657: H[10]
658: H[11]
==== cluster[79]: depth= 9 width=4
659: CNOT[12, 13]
660: CNOT[13, 14]
661: CNOT[14, 15]
662: H[12]
663: H[13]
664: H[14]
665: H[12]
666: H[13]
667: H[14]
==== cluster[80]: depth= 9 width=4
668: CNOT[15, 16]
669: CNOT[16, 17]
670: CNOT[17, 18]
671: H[15]
672: H[16]
673: H[17]
674: H[16]
675: H[17]
676: H[15]
==== cluster[81]: depth= 9 width=4
677: CNOT[18, 19]
678: CNOT[19, 20]
679: CNOT[20, 21]
680: H[18]
681: H[19]
682: H[20]
683: H[18]
684: H[19]
685: H[20]
==== cluster[82]: depth= 6 width=3
686: CNOT[21, 22]
687: CNOT[22, 23]
688: H[21]
689: H[22]
690: H[21]
691: H[22]
==== cluster[83]: depth= 8 width=3
692: CNOT[23, 24]
693: H[23]
694: CNOT[24, 0]
695: H[24]
696: H[23]
697: H[0]
698: H[24]
699: H[0]
==== cluster[84]: depth= 5 width=4
700: CNOT[0, 1]
701: CNOT[1, 2]
702: CNOT[2, 3]
703: H[1]
704: H[2]
==== cluster[85]: depth= 6 width=4
705: CNOT[3, 4]
706: CNOT[4, 5]
707: CNOT[5, 6]
708: H[3]
709: H[4]
710: H[5]
==== cluster[86]: depth= 4 width=3
711: CNOT[6, 7]
712: CNOT[7, 8]
713: H[6]
714: H[7]
==== cluster[87]: depth= 6 width=4
715: CNOT[8, 9]
716: CNOT[9, 10]
717: CNOT[10, 11]
718: H[8]
719: H[9]
720: H[10]
==== cluster[88]: depth= 4 width=3
721: CNOT[11, 12]
722: CNOT[12, 13]
723: H[11]
724: H[12]
==== cluster[89]: depth= 6 width=4
725: CNOT[13, 14]
726: CNOT[14, 15]
727: CNOT[15, 16]
728: H[13]
729: H[14]
730: H[15]
==== cluster[90]: depth= 6 width=4
731: CNOT[16, 17]
732: CNOT[17, 18]
733: CNOT[18, 19]
734: H[16]
735: H[17]
736: H[18]
==== cluster[91]: depth= 6 width=4
737: CNOT[19, 20]
738: CNOT[20, 21]
739: CNOT[21, 22]
740: H[19]
741: H[20]
742: H[21]
==== cluster[92]: depth= 7 width=4
743: CNOT[22, 23]
744: CNOT[23, 24]
745: CNOT[24, 0]
746: H[24]
747: H[22]
748: H[23]
749: H[0]
