=== Original:
 0: H[0]
 1: H[1]
 2: H[2]
 3: H[3]
 4: H[4]
 5: CNOT[0, 1]
 6: CNOT[1, 2]
 7: CNOT[2, 3]
 8: CNOT[3, 4]
 9: CNOT[4, 0]
10: H[0]
11: H[1]
12: H[2]
13: H[3]
14: H[4]
15: H[0]
16: H[1]
17: H[2]
18: H[3]
19: H[4]
20: CNOT[0, 1]
21: CNOT[1, 2]
22: CNOT[2, 3]
23: CNOT[3, 4]
24: CNOT[4, 0]
25: H[0]
26: H[1]
27: H[2]
28: H[3]
29: H[4]
30: H[0]
31: H[1]
32: H[2]
33: H[3]
34: H[4]
35: CNOT[0, 1]
36: CNOT[1, 2]
37: CNOT[2, 3]
38: CNOT[3, 4]
39: CNOT[4, 0]
40: H[0]
41: H[1]
42: H[2]
43: H[3]
44: H[4]
45: H[0]
46: H[1]
47: H[2]
48: H[3]
49: H[4]
50: CNOT[0, 1]
51: CNOT[1, 2]
52: CNOT[2, 3]
53: CNOT[3, 4]
54: CNOT[4, 0]
55: H[0]
56: H[1]
57: H[2]
58: H[3]
59: H[4]
60: H[0]
61: H[1]
62: H[2]
63: H[3]
64: H[4]
65: CNOT[0, 1]
66: CNOT[1, 2]
67: CNOT[2, 3]
68: CNOT[3, 4]
69: CNOT[4, 0]
70: H[0]
71: H[1]
72: H[2]
73: H[3]
74: H[4]
75: H[0]
76: H[1]
77: H[2]
78: H[3]
79: H[4]
80: CNOT[0, 1]
81: CNOT[1, 2]
82: CNOT[2, 3]
83: CNOT[3, 4]
84: CNOT[4, 0]
85: H[0]
86: H[1]
87: H[2]
88: H[3]
89: H[4]
90: H[0]
91: H[1]
92: H[2]
93: H[3]
94: H[4]
95: CNOT[0, 1]
96: CNOT[1, 2]
97: CNOT[2, 3]
98: CNOT[3, 4]
99: CNOT[4, 0]
100: H[0]
101: H[1]
102: H[2]
103: H[3]
104: H[4]
105: H[0]
106: H[1]
107: H[2]
108: H[3]
109: H[4]
110: CNOT[0, 1]
111: CNOT[1, 2]
112: CNOT[2, 3]
113: CNOT[3, 4]
114: CNOT[4, 0]
115: H[0]
116: H[1]
117: H[2]
118: H[3]
119: H[4]
120: H[0]
121: H[1]
122: H[2]
123: H[3]
124: H[4]
125: CNOT[0, 1]
126: CNOT[1, 2]
127: CNOT[2, 3]
128: CNOT[3, 4]
129: CNOT[4, 0]
130: H[0]
131: H[1]
132: H[2]
133: H[3]
134: H[4]
135: H[0]
136: H[1]
137: H[2]
138: H[3]
139: H[4]
140: CNOT[0, 1]
141: CNOT[1, 2]
142: CNOT[2, 3]
143: CNOT[3, 4]
144: CNOT[4, 0]
145: H[0]
146: H[1]
147: H[2]
148: H[3]
149: H[4]
=== Clusters (cost=  9.525):
==== cluster[ 0]: depth=11 width=4
 0: H[0]
 1: H[1]
 2: H[2]
 3: H[3]
 4: CNOT[0, 1]
 5: CNOT[1, 2]
 6: CNOT[2, 3]
 7: H[1]
 8: H[2]
 9: H[1]
10: H[2]
==== cluster[ 1]: depth=10 width=4
11: H[4]
12: CNOT[3, 4]
13: CNOT[4, 0]
14: H[0]
15: H[3]
16: H[4]
17: H[0]
18: CNOT[0, 1]
19: H[3]
20: H[4]
==== cluster[ 2]: depth= 6 width=3
21: CNOT[1, 2]
22: CNOT[2, 3]
23: H[1]
24: H[2]
25: H[1]
26: H[2]
==== cluster[ 3]: depth= 9 width=4
27: CNOT[3, 4]
28: CNOT[4, 0]
29: H[0]
30: H[3]
31: H[4]
32: H[0]
33: CNOT[0, 1]
34: H[3]
35: H[4]
==== cluster[ 4]: depth= 6 width=3
36: CNOT[1, 2]
37: CNOT[2, 3]
38: H[1]
39: H[2]
40: H[1]
41: H[2]
==== cluster[ 5]: depth= 9 width=4
42: CNOT[3, 4]
43: CNOT[4, 0]
44: H[0]
45: H[3]
46: H[4]
47: H[0]
48: CNOT[0, 1]
49: H[3]
50: H[4]
==== cluster[ 6]: depth= 9 width=4
51: CNOT[1, 2]
52: CNOT[2, 3]
53: CNOT[3, 4]
54: H[1]
55: H[2]
56: H[3]
57: H[1]
58: H[2]
59: H[3]
==== cluster[ 7]: depth= 9 width=4
60: CNOT[4, 0]
61: H[4]
62: H[0]
63: H[4]
64: H[0]
65: CNOT[0, 1]
66: CNOT[1, 2]
67: H[1]
68: H[1]
==== cluster[ 8]: depth=11 width=4
69: CNOT[2, 3]
70: CNOT[3, 4]
71: CNOT[4, 0]
72: H[0]
73: H[2]
74: H[3]
75: H[4]
76: H[0]
77: H[2]
78: H[3]
79: H[4]
==== cluster[ 9]: depth= 7 width=4
80: CNOT[0, 1]
81: CNOT[1, 2]
82: CNOT[2, 3]
83: H[1]
84: H[2]
85: H[1]
86: H[2]
==== cluster[10]: depth= 8 width=3
87: CNOT[3, 4]
88: CNOT[4, 0]
89: H[0]
90: H[3]
91: H[4]
92: H[0]
93: H[3]
94: H[4]
==== cluster[11]: depth= 7 width=4
95: CNOT[0, 1]
96: CNOT[1, 2]
97: CNOT[2, 3]
98: H[1]
99: H[2]
100: H[1]
101: H[2]
==== cluster[12]: depth= 9 width=4
102: CNOT[3, 4]
103: CNOT[4, 0]
104: H[0]
105: H[3]
106: H[4]
107: H[0]
108: CNOT[0, 1]
109: H[3]
110: H[4]
==== cluster[13]: depth= 6 width=3
111: CNOT[1, 2]
112: CNOT[2, 3]
113: H[1]
114: H[2]
115: H[1]
116: H[2]
==== cluster[14]: depth= 8 width=3
117: CNOT[3, 4]
118: CNOT[4, 0]
119: H[0]
120: H[3]
121: H[4]
122: H[0]
123: H[3]
124: H[4]
==== cluster[15]: depth= 7 width=4
125: CNOT[0, 1]
126: CNOT[1, 2]
127: CNOT[2, 3]
128: H[1]
129: H[2]
130: H[1]
131: H[2]
==== cluster[16]: depth= 8 width=3
132: CNOT[3, 4]
133: CNOT[4, 0]
134: H[0]
135: H[3]
136: H[4]
137: H[0]
138: H[3]
139: H[4]
==== cluster[17]: depth= 3 width=3
140: CNOT[0, 1]
141: CNOT[1, 2]
142: H[1]
==== cluster[18]: depth= 7 width=4
143: CNOT[2, 3]
144: CNOT[3, 4]
145: CNOT[4, 0]
146: H[0]
147: H[2]
148: H[3]
149: H[4]
