=== Original:
 0: H[0]
 1: H[1]
 2: H[2]
 3: H[3]
 4: H[4]
 5: H[5]
 6: H[6]
 7: H[7]
 8: H[8]
 9: H[9]
10: H[10]
11: H[11]
12: H[12]
13: H[13]
14: H[14]
15: CNOT[0, 1]
16: CNOT[1, 2]
17: CNOT[2, 3]
18: CNOT[3, 4]
19: CNOT[4, 5]
20: CNOT[5, 6]
21: CNOT[6, 7]
22: CNOT[7, 8]
23: CNOT[8, 9]
24: CNOT[9, 10]
25: CNOT[10, 11]
26: CNOT[11, 12]
27: CNOT[12, 13]
28: CNOT[13, 14]
29: CNOT[14, 0]
30: H[0]
31: H[1]
32: H[2]
33: H[3]
34: H[4]
35: H[5]
36: H[6]
37: H[7]
38: H[8]
39: H[9]
40: H[10]
41: H[11]
42: H[12]
43: H[13]
44: H[14]
45: H[0]
46: H[1]
47: H[2]
48: H[3]
49: H[4]
50: H[5]
51: H[6]
52: H[7]
53: H[8]
54: H[9]
55: H[10]
56: H[11]
57: H[12]
58: H[13]
59: H[14]
60: CNOT[0, 1]
61: CNOT[1, 2]
62: CNOT[2, 3]
63: CNOT[3, 4]
64: CNOT[4, 5]
65: CNOT[5, 6]
66: CNOT[6, 7]
67: CNOT[7, 8]
68: CNOT[8, 9]
69: CNOT[9, 10]
70: CNOT[10, 11]
71: CNOT[11, 12]
72: CNOT[12, 13]
73: CNOT[13, 14]
74: CNOT[14, 0]
75: H[0]
76: H[1]
77: H[2]
78: H[3]
79: H[4]
80: H[5]
81: H[6]
82: H[7]
83: H[8]
84: H[9]
85: H[10]
86: H[11]
87: H[12]
88: H[13]
89: H[14]
90: H[0]
91: H[1]
92: H[2]
93: H[3]
94: H[4]
95: H[5]
96: H[6]
97: H[7]
98: H[8]
99: H[9]
100: H[10]
101: H[11]
102: H[12]
103: H[13]
104: H[14]
105: CNOT[0, 1]
106: CNOT[1, 2]
107: CNOT[2, 3]
108: CNOT[3, 4]
109: CNOT[4, 5]
110: CNOT[5, 6]
111: CNOT[6, 7]
112: CNOT[7, 8]
113: CNOT[8, 9]
114: CNOT[9, 10]
115: CNOT[10, 11]
116: CNOT[11, 12]
117: CNOT[12, 13]
118: CNOT[13, 14]
119: CNOT[14, 0]
120: H[0]
121: H[1]
122: H[2]
123: H[3]
124: H[4]
125: H[5]
126: H[6]
127: H[7]
128: H[8]
129: H[9]
130: H[10]
131: H[11]
132: H[12]
133: H[13]
134: H[14]
135: H[0]
136: H[1]
137: H[2]
138: H[3]
139: H[4]
140: H[5]
141: H[6]
142: H[7]
143: H[8]
144: H[9]
145: H[10]
146: H[11]
147: H[12]
148: H[13]
149: H[14]
150: CNOT[0, 1]
151: CNOT[1, 2]
152: CNOT[2, 3]
153: CNOT[3, 4]
154: CNOT[4, 5]
155: CNOT[5, 6]
156: CNOT[6, 7]
157: CNOT[7, 8]
158: CNOT[8, 9]
159: CNOT[9, 10]
160: CNOT[10, 11]
161: CNOT[11, 12]
162: CNOT[12, 13]
163: CNOT[13, 14]
164: CNOT[14, 0]
165: H[0]
166: H[1]
167: H[2]
168: H[3]
169: H[4]
170: H[5]
171: H[6]
172: H[7]
173: H[8]
174: H[9]
175: H[10]
176: H[11]
177: H[12]
178: H[13]
179: H[14]
180: H[0]
181: H[1]
182: H[2]
183: H[3]
184: H[4]
185: H[5]
186: H[6]
187: H[7]
188: H[8]
189: H[9]
190: H[10]
191: H[11]
192: H[12]
193: H[13]
194: H[14]
195: CNOT[0, 1]
196: CNOT[1, 2]
197: CNOT[2, 3]
198: CNOT[3, 4]
199: CNOT[4, 5]
200: CNOT[5, 6]
201: CNOT[6, 7]
202: CNOT[7, 8]
203: CNOT[8, 9]
204: CNOT[9, 10]
205: CNOT[10, 11]
206: CNOT[11, 12]
207: CNOT[12, 13]
208: CNOT[13, 14]
209: CNOT[14, 0]
210: H[0]
211: H[1]
212: H[2]
213: H[3]
214: H[4]
215: H[5]
216: H[6]
217: H[7]
218: H[8]
219: H[9]
220: H[10]
221: H[11]
222: H[12]
223: H[13]
224: H[14]
225: H[0]
226: H[1]
227: H[2]
228: H[3]
229: H[4]
230: H[5]
231: H[6]
232: H[7]
233: H[8]
234: H[9]
235: H[10]
236: H[11]
237: H[12]
238: H[13]
239: H[14]
240: CNOT[0, 1]
241: CNOT[1, 2]
242: CNOT[2, 3]
243: CNOT[3, 4]
244: CNOT[4, 5]
245: CNOT[5, 6]
246: CNOT[6, 7]
247: CNOT[7, 8]
248: CNOT[8, 9]
249: CNOT[9, 10]
250: CNOT[10, 11]
251: CNOT[11, 12]
252: CNOT[12, 13]
253: CNOT[13, 14]
254: CNOT[14, 0]
255: H[0]
256: H[1]
257: H[2]
258: H[3]
259: H[4]
260: H[5]
261: H[6]
262: H[7]
263: H[8]
264: H[9]
265: H[10]
266: H[11]
267: H[12]
268: H[13]
269: H[14]
270: H[0]
271: H[1]
272: H[2]
273: H[3]
274: H[4]
275: H[5]
276: H[6]
277: H[7]
278: H[8]
279: H[9]
280: H[10]
281: H[11]
282: H[12]
283: H[13]
284: H[14]
285: CNOT[0, 1]
286: CNOT[1, 2]
287: CNOT[2, 3]
288: CNOT[3, 4]
289: CNOT[4, 5]
290: CNOT[5, 6]
291: CNOT[6, 7]
292: CNOT[7, 8]
293: CNOT[8, 9]
294: CNOT[9, 10]
295: CNOT[10, 11]
296: CNOT[11, 12]
297: CNOT[12, 13]
298: CNOT[13, 14]
299: CNOT[14, 0]
300: H[0]
301: H[1]
302: H[2]
303: H[3]
304: H[4]
305: H[5]
306: H[6]
307: H[7]
308: H[8]
309: H[9]
310: H[10]
311: H[11]
312: H[12]
313: H[13]
314: H[14]
315: H[0]
316: H[1]
317: H[2]
318: H[3]
319: H[4]
320: H[5]
321: H[6]
322: H[7]
323: H[8]
324: H[9]
325: H[10]
326: H[11]
327: H[12]
328: H[13]
329: H[14]
330: CNOT[0, 1]
331: CNOT[1, 2]
332: CNOT[2, 3]
333: CNOT[3, 4]
334: CNOT[4, 5]
335: CNOT[5, 6]
336: CNOT[6, 7]
337: CNOT[7, 8]
338: CNOT[8, 9]
339: CNOT[9, 10]
340: CNOT[10, 11]
341: CNOT[11, 12]
342: CNOT[12, 13]
343: CNOT[13, 14]
344: CNOT[14, 0]
345: H[0]
346: H[1]
347: H[2]
348: H[3]
349: H[4]
350: H[5]
351: H[6]
352: H[7]
353: H[8]
354: H[9]
355: H[10]
356: H[11]
357: H[12]
358: H[13]
359: H[14]
360: H[0]
361: H[1]
362: H[2]
363: H[3]
364: H[4]
365: H[5]
366: H[6]
367: H[7]
368: H[8]
369: H[9]
370: H[10]
371: H[11]
372: H[12]
373: H[13]
374: H[14]
375: CNOT[0, 1]
376: CNOT[1, 2]
377: CNOT[2, 3]
378: CNOT[3, 4]
379: CNOT[4, 5]
380: CNOT[5, 6]
381: CNOT[6, 7]
382: CNOT[7, 8]
383: CNOT[8, 9]
384: CNOT[9, 10]
385: CNOT[10, 11]
386: CNOT[11, 12]
387: CNOT[12, 13]
388: CNOT[13, 14]
389: CNOT[14, 0]
390: H[0]
391: H[1]
392: H[2]
393: H[3]
394: H[4]
395: H[5]
396: H[6]
397: H[7]
398: H[8]
399: H[9]
400: H[10]
401: H[11]
402: H[12]
403: H[13]
404: H[14]
405: H[0]
406: H[1]
407: H[2]
408: H[3]
409: H[4]
410: H[5]
411: H[6]
412: H[7]
413: H[8]
414: H[9]
415: H[10]
416: H[11]
417: H[12]
418: H[13]
419: H[14]
420: CNOT[0, 1]
421: CNOT[1, 2]
422: CNOT[2, 3]
423: CNOT[3, 4]
424: CNOT[4, 5]
425: CNOT[5, 6]
426: CNOT[6, 7]
427: CNOT[7, 8]
428: CNOT[8, 9]
429: CNOT[9, 10]
430: CNOT[10, 11]
431: CNOT[11, 12]
432: CNOT[12, 13]
433: CNOT[13, 14]
434: CNOT[14, 0]
435: H[0]
436: H[1]
437: H[2]
438: H[3]
439: H[4]
440: H[5]
441: H[6]
442: H[7]
443: H[8]
444: H[9]
445: H[10]
446: H[11]
447: H[12]
448: H[13]
449: H[14]
=== Clusters (cost= 27.704):
==== cluster[ 0]: depth=11 width=4
 0: H[0]
 1: H[1]
 2: H[2]
 3: H[3]
 4: CNOT[0, 1]
 5: CNOT[1, 2]
 6: CNOT[2, 3]
 7: H[1]
 8: H[2]
 9: H[1]
10: H[2]
==== cluster[ 1]: depth=12 width=4
11: H[4]
12: H[5]
13: H[6]
14: CNOT[3, 4]
15: CNOT[4, 5]
16: CNOT[5, 6]
17: H[3]
18: H[4]
19: H[5]
20: H[3]
21: H[4]
22: H[5]
==== cluster[ 2]: depth= 8 width=3
23: H[8]
24: H[7]
25: CNOT[6, 7]
26: CNOT[7, 8]
27: H[6]
28: H[7]
29: H[6]
30: H[7]
==== cluster[ 3]: depth=12 width=4
31: H[9]
32: H[10]
33: H[11]
34: CNOT[8, 9]
35: CNOT[9, 10]
36: CNOT[10, 11]
37: H[8]
38: H[9]
39: H[10]
40: H[8]
41: H[9]
42: H[10]
==== cluster[ 4]: depth=12 width=4
43: H[12]
44: H[13]
45: H[14]
46: CNOT[11, 12]
47: CNOT[12, 13]
48: CNOT[13, 14]
49: H[11]
50: H[12]
51: H[13]
52: H[11]
53: H[12]
54: H[13]
==== cluster[ 5]: depth= 9 width=4
55: CNOT[14, 0]
56: H[14]
57: H[0]
58: H[14]
59: H[0]
60: CNOT[0, 1]
61: CNOT[1, 2]
62: H[1]
63: H[1]
==== cluster[ 6]: depth= 6 width=3
64: CNOT[2, 3]
65: CNOT[3, 4]
66: H[2]
67: H[3]
68: H[2]
69: H[3]
==== cluster[ 7]: depth= 9 width=4
70: CNOT[4, 5]
71: CNOT[5, 6]
72: CNOT[6, 7]
73: H[4]
74: H[5]
75: H[6]
76: H[4]
77: H[5]
78: H[6]
==== cluster[ 8]: depth= 9 width=4
79: CNOT[7, 8]
80: CNOT[8, 9]
81: CNOT[9, 10]
82: H[7]
83: H[8]
84: H[9]
85: H[8]
86: H[9]
87: H[7]
==== cluster[ 9]: depth= 9 width=4
88: CNOT[10, 11]
89: CNOT[11, 12]
90: CNOT[12, 13]
91: H[10]
92: H[11]
93: H[12]
94: H[10]
95: H[11]
96: H[12]
==== cluster[10]: depth= 9 width=4
97: CNOT[13, 14]
98: CNOT[14, 0]
99: H[0]
100: H[13]
101: H[14]
102: H[0]
103: CNOT[0, 1]
104: H[13]
105: H[14]
==== cluster[11]: depth= 6 width=3
106: CNOT[1, 2]
107: CNOT[2, 3]
108: H[1]
109: H[2]
110: H[1]
111: H[2]
==== cluster[12]: depth= 9 width=4
112: CNOT[3, 4]
113: CNOT[4, 5]
114: CNOT[5, 6]
115: H[3]
116: H[4]
117: H[5]
118: H[3]
119: H[4]
120: H[5]
==== cluster[13]: depth= 6 width=3
121: CNOT[6, 7]
122: CNOT[7, 8]
123: H[6]
124: H[7]
125: H[6]
126: H[7]
==== cluster[14]: depth= 9 width=4
127: CNOT[8, 9]
128: CNOT[9, 10]
129: CNOT[10, 11]
130: H[8]
131: H[9]
132: H[10]
133: H[8]
134: H[9]
135: H[10]
==== cluster[15]: depth= 6 width=3
136: CNOT[11, 12]
137: CNOT[12, 13]
138: H[11]
139: H[12]
140: H[11]
141: H[12]
==== cluster[16]: depth= 9 width=4
142: CNOT[13, 14]
143: CNOT[14, 0]
144: H[0]
145: H[13]
146: H[14]
147: H[0]
148: CNOT[0, 1]
149: H[13]
150: H[14]
==== cluster[17]: depth= 9 width=4
151: CNOT[1, 2]
152: CNOT[2, 3]
153: CNOT[3, 4]
154: H[1]
155: H[2]
156: H[3]
157: H[1]
158: H[2]
159: H[3]
==== cluster[18]: depth= 9 width=4
160: CNOT[4, 5]
161: CNOT[5, 6]
162: CNOT[6, 7]
163: H[4]
164: H[5]
165: H[6]
166: H[4]
167: H[5]
168: H[6]
==== cluster[19]: depth= 6 width=3
169: CNOT[7, 8]
170: CNOT[8, 9]
171: H[7]
172: H[8]
173: H[8]
174: H[7]
==== cluster[20]: depth= 9 width=4
175: CNOT[9, 10]
176: CNOT[10, 11]
177: CNOT[11, 12]
178: H[9]
179: H[10]
180: H[11]
181: H[9]
182: H[10]
183: H[11]
==== cluster[21]: depth=11 width=4
184: CNOT[12, 13]
185: CNOT[13, 14]
186: CNOT[14, 0]
187: H[0]
188: H[12]
189: H[13]
190: H[14]
191: H[0]
192: H[12]
193: H[13]
194: H[14]
==== cluster[22]: depth= 7 width=4
195: CNOT[0, 1]
196: CNOT[1, 2]
197: CNOT[2, 3]
198: H[1]
199: H[2]
200: H[1]
201: H[2]
==== cluster[23]: depth= 6 width=3
202: CNOT[3, 4]
203: CNOT[4, 5]
204: H[3]
205: H[4]
206: H[3]
207: H[4]
==== cluster[24]: depth= 6 width=3
208: CNOT[5, 6]
209: CNOT[6, 7]
210: H[5]
211: H[6]
212: H[5]
213: H[6]
==== cluster[25]: depth= 9 width=4
214: CNOT[7, 8]
215: CNOT[8, 9]
216: CNOT[9, 10]
217: H[7]
218: H[8]
219: H[9]
220: H[8]
221: H[9]
222: H[7]
==== cluster[26]: depth= 6 width=3
223: CNOT[10, 11]
224: CNOT[11, 12]
225: H[10]
226: H[11]
227: H[10]
228: H[11]
==== cluster[27]: depth=11 width=4
229: CNOT[12, 13]
230: CNOT[13, 14]
231: CNOT[14, 0]
232: H[0]
233: H[12]
234: H[13]
235: H[14]
236: H[0]
237: H[12]
238: H[13]
239: H[14]
==== cluster[28]: depth= 7 width=4
240: CNOT[0, 1]
241: CNOT[1, 2]
242: CNOT[2, 3]
243: H[1]
244: H[2]
245: H[1]
246: H[2]
==== cluster[29]: depth= 9 width=4
247: CNOT[3, 4]
248: CNOT[4, 5]
249: CNOT[5, 6]
250: H[3]
251: H[4]
252: H[5]
253: H[3]
254: H[4]
255: H[5]
==== cluster[30]: depth= 9 width=4
256: CNOT[6, 7]
257: CNOT[7, 8]
258: CNOT[8, 9]
259: H[8]
260: H[6]
261: H[7]
262: H[8]
263: H[6]
264: H[7]
==== cluster[31]: depth= 9 width=4
265: CNOT[9, 10]
266: CNOT[10, 11]
267: CNOT[11, 12]
268: H[9]
269: H[10]
270: H[11]
271: H[9]
272: H[10]
273: H[11]
==== cluster[32]: depth=11 width=4
274: CNOT[12, 13]
275: CNOT[13, 14]
276: CNOT[14, 0]
277: H[0]
278: H[12]
279: H[13]
280: H[14]
281: H[0]
282: H[12]
283: H[13]
284: H[14]
==== cluster[33]: depth= 7 width=4
285: CNOT[0, 1]
286: CNOT[1, 2]
287: CNOT[2, 3]
288: H[1]
289: H[2]
290: H[1]
291: H[2]
==== cluster[34]: depth= 9 width=4
292: CNOT[3, 4]
293: CNOT[4, 5]
294: CNOT[5, 6]
295: H[3]
296: H[4]
297: H[5]
298: H[3]
299: H[4]
300: H[5]
==== cluster[35]: depth= 9 width=4
301: CNOT[6, 7]
302: CNOT[7, 8]
303: CNOT[8, 9]
304: H[8]
305: H[6]
306: H[7]
307: H[8]
308: H[6]
309: H[7]
==== cluster[36]: depth= 9 width=4
310: CNOT[9, 10]
311: CNOT[10, 11]
312: CNOT[11, 12]
313: H[9]
314: H[10]
315: H[11]
316: H[9]
317: H[10]
318: H[11]
==== cluster[37]: depth=11 width=4
319: CNOT[12, 13]
320: CNOT[13, 14]
321: CNOT[14, 0]
322: H[0]
323: H[12]
324: H[13]
325: H[14]
326: H[0]
327: H[12]
328: H[13]
329: H[14]
==== cluster[38]: depth= 7 width=4
330: CNOT[0, 1]
331: CNOT[1, 2]
332: CNOT[2, 3]
333: H[1]
334: H[2]
335: H[1]
336: H[2]
==== cluster[39]: depth= 6 width=3
337: CNOT[3, 4]
338: CNOT[4, 5]
339: H[3]
340: H[4]
341: H[3]
342: H[4]
==== cluster[40]: depth= 6 width=3
343: CNOT[5, 6]
344: CNOT[6, 7]
345: H[5]
346: H[6]
347: H[5]
348: H[6]
==== cluster[41]: depth= 9 width=4
349: CNOT[7, 8]
350: CNOT[8, 9]
351: CNOT[9, 10]
352: H[7]
353: H[8]
354: H[9]
355: H[8]
356: H[9]
357: H[7]
==== cluster[42]: depth= 9 width=4
358: CNOT[10, 11]
359: CNOT[11, 12]
360: CNOT[12, 13]
361: H[10]
362: H[11]
363: H[12]
364: H[10]
365: H[11]
366: H[12]
==== cluster[43]: depth= 8 width=3
367: CNOT[13, 14]
368: CNOT[14, 0]
369: H[0]
370: H[13]
371: H[14]
372: H[0]
373: H[13]
374: H[14]
==== cluster[44]: depth= 7 width=4
375: CNOT[0, 1]
376: CNOT[1, 2]
377: CNOT[2, 3]
378: H[1]
379: H[2]
380: H[1]
381: H[2]
==== cluster[45]: depth= 9 width=4
382: CNOT[3, 4]
383: CNOT[4, 5]
384: CNOT[5, 6]
385: H[3]
386: H[4]
387: H[5]
388: H[3]
389: H[4]
390: H[5]
==== cluster[46]: depth= 9 width=4
391: CNOT[6, 7]
392: CNOT[7, 8]
393: CNOT[8, 9]
394: H[8]
395: H[6]
396: H[7]
397: H[8]
398: H[6]
399: H[7]
==== cluster[47]: depth= 9 width=4
400: CNOT[9, 10]
401: CNOT[10, 11]
402: CNOT[11, 12]
403: H[9]
404: H[10]
405: H[11]
406: H[9]
407: H[10]
408: H[11]
==== cluster[48]: depth= 6 width=3
409: CNOT[12, 13]
410: CNOT[13, 14]
411: H[12]
412: H[13]
413: H[12]
414: H[13]
==== cluster[49]: depth= 6 width=3
415: CNOT[14, 0]
416: H[14]
417: H[0]
418: H[14]
419: H[0]
420: CNOT[0, 1]
==== cluster[50]: depth= 6 width=4
421: CNOT[1, 2]
422: CNOT[2, 3]
423: CNOT[3, 4]
424: H[1]
425: H[2]
426: H[3]
==== cluster[51]: depth= 6 width=4
427: CNOT[4, 5]
428: CNOT[5, 6]
429: CNOT[6, 7]
430: H[4]
431: H[5]
432: H[6]
==== cluster[52]: depth= 6 width=4
433: CNOT[7, 8]
434: CNOT[8, 9]
435: CNOT[9, 10]
436: H[7]
437: H[8]
438: H[9]
==== cluster[53]: depth= 4 width=3
439: CNOT[10, 11]
440: CNOT[11, 12]
441: H[10]
442: H[11]
==== cluster[54]: depth= 7 width=4
443: CNOT[12, 13]
444: CNOT[13, 14]
445: CNOT[14, 0]
446: H[0]
447: H[12]
448: H[13]
449: H[14]
