=== Original: 884 ./shor_4.txt
 0: H[9]
 1: CR2[8, 9]
 2: CR3[7, 9]
 3: CR4[6, 9]
 4: CR5[5, 9]
 5: H[8]
 6: CR2[7, 8]
 7: CR3[6, 8]
 8: CR4[5, 8]
 9: H[7]
10: CR2[6, 7]
11: CR3[5, 7]
12: H[6]
13: CR2[5, 6]
14: H[5]
15: CCR4[0, 1, 9]
16: CCR3[0, 1, 8]
17: CCR2[0, 1, 7]
18: CCR1[0, 1, 6]
19: R1'[5]
20: R2'[6]
21: R1'[6]
22: R3'[7]
23: R2'[7]
24: R1'[7]
25: R4'[8]
26: R3'[8]
27: R2'[8]
28: R1'[8]
29: R5'[9]
30: R4'[9]
31: R3'[9]
32: R2'[9]
33: H[5]
34: CR2'[5, 6]
35: H[6]
36: CR3'[5, 7]
37: CR2'[6, 7]
38: H[7]
39: CR4'[5, 8]
40: CR3'[6, 8]
41: CR2'[7, 8]
42: H[8]
43: CR5'[5, 9]
44: CR4'[6, 9]
45: CR3'[7, 9]
46: CR2'[8, 9]
47: H[9]
48: CNOT[9, 10]
49: H[9]
50: CR2[8, 9]
51: CR3[7, 9]
52: CR4[6, 9]
53: CR5[5, 9]
54: H[8]
55: CR2[7, 8]
56: CR3[6, 8]
57: CR4[5, 8]
58: H[7]
59: CR2[6, 7]
60: CR3[5, 7]
61: H[6]
62: CR2[5, 6]
63: H[5]
64: CR2[10, 9]
65: CR3[10, 9]
66: CR4[10, 9]
67: CR5[10, 9]
68: CR1[10, 8]
69: CR2[10, 8]
70: CR3[10, 8]
71: CR4[10, 8]
72: CR1[10, 7]
73: CR2[10, 7]
74: CR3[10, 7]
75: CR1[10, 6]
76: CR2[10, 6]
77: CR1[10, 5]
78: CCR1'[0, 1, 6]
79: CCR2'[0, 1, 7]
80: CCR3'[0, 1, 8]
81: CCR4'[0, 1, 9]
82: H[5]
83: CR2'[5, 6]
84: H[6]
85: CR3'[5, 7]
86: CR2'[6, 7]
87: H[7]
88: CR4'[5, 8]
89: CR3'[6, 8]
90: CR2'[7, 8]
91: H[8]
92: CR5'[5, 9]
93: CR4'[6, 9]
94: CR3'[7, 9]
95: CR2'[8, 9]
96: H[9]
97: X[9]
98: CNOT[9, 10]
99: X[9]
100: H[9]
101: CR2[8, 9]
102: CR3[7, 9]
103: CR4[6, 9]
104: CR5[5, 9]
105: H[8]
106: CR2[7, 8]
107: CR3[6, 8]
108: CR4[5, 8]
109: H[7]
110: CR2[6, 7]
111: CR3[5, 7]
112: H[6]
113: CR2[5, 6]
114: H[5]
115: CCR4[0, 1, 9]
116: CCR3[0, 1, 8]
117: CCR2[0, 1, 7]
118: CCR1[0, 1, 6]
119: CCR3[0, 2, 9]
120: CCR2[0, 2, 8]
121: CCR1[0, 2, 7]
122: R1'[5]
123: R2'[6]
124: R1'[6]
125: R3'[7]
126: R2'[7]
127: R1'[7]
128: R4'[8]
129: R3'[8]
130: R2'[8]
131: R1'[8]
132: R5'[9]
133: R4'[9]
134: R3'[9]
135: R2'[9]
136: H[5]
137: CR2'[5, 6]
138: H[6]
139: CR3'[5, 7]
140: CR2'[6, 7]
141: H[7]
142: CR4'[5, 8]
143: CR3'[6, 8]
144: CR2'[7, 8]
145: H[8]
146: CR5'[5, 9]
147: CR4'[6, 9]
148: CR3'[7, 9]
149: CR2'[8, 9]
150: H[9]
151: CNOT[9, 10]
152: H[9]
153: CR2[8, 9]
154: CR3[7, 9]
155: CR4[6, 9]
156: CR5[5, 9]
157: H[8]
158: CR2[7, 8]
159: CR3[6, 8]
160: CR4[5, 8]
161: H[7]
162: CR2[6, 7]
163: CR3[5, 7]
164: H[6]
165: CR2[5, 6]
166: H[5]
167: CR2[10, 9]
168: CR3[10, 9]
169: CR4[10, 9]
170: CR5[10, 9]
171: CR1[10, 8]
172: CR2[10, 8]
173: CR3[10, 8]
174: CR4[10, 8]
175: CR1[10, 7]
176: CR2[10, 7]
177: CR3[10, 7]
178: CR1[10, 6]
179: CR2[10, 6]
180: CR1[10, 5]
181: CCR1'[0, 2, 7]
182: CCR2'[0, 2, 8]
183: CCR3'[0, 2, 9]
184: H[5]
185: CR2'[5, 6]
186: H[6]
187: CR3'[5, 7]
188: CR2'[6, 7]
189: H[7]
190: CR4'[5, 8]
191: CR3'[6, 8]
192: CR2'[7, 8]
193: H[8]
194: CR5'[5, 9]
195: CR4'[6, 9]
196: CR3'[7, 9]
197: CR2'[8, 9]
198: H[9]
199: X[9]
200: CNOT[9, 10]
201: X[9]
202: H[9]
203: CR2[8, 9]
204: CR3[7, 9]
205: CR4[6, 9]
206: CR5[5, 9]
207: H[8]
208: CR2[7, 8]
209: CR3[6, 8]
210: CR4[5, 8]
211: H[7]
212: CR2[6, 7]
213: CR3[5, 7]
214: H[6]
215: CR2[5, 6]
216: H[5]
217: CCR3[0, 2, 9]
218: CCR2[0, 2, 8]
219: CCR1[0, 2, 7]
220: CCR2[0, 3, 9]
221: CCR1[0, 3, 8]
222: R1'[5]
223: R2'[6]
224: R1'[6]
225: R3'[7]
226: R2'[7]
227: R1'[7]
228: R4'[8]
229: R3'[8]
230: R2'[8]
231: R1'[8]
232: R5'[9]
233: R4'[9]
234: R3'[9]
235: R2'[9]
236: H[5]
237: CR2'[5, 6]
238: H[6]
239: CR3'[5, 7]
240: CR2'[6, 7]
241: H[7]
242: CR4'[5, 8]
243: CR3'[6, 8]
244: CR2'[7, 8]
245: H[8]
246: CR5'[5, 9]
247: CR4'[6, 9]
248: CR3'[7, 9]
249: CR2'[8, 9]
250: H[9]
251: CNOT[9, 10]
252: H[9]
253: CR2[8, 9]
254: CR3[7, 9]
255: CR4[6, 9]
256: CR5[5, 9]
257: H[8]
258: CR2[7, 8]
259: CR3[6, 8]
260: CR4[5, 8]
261: H[7]
262: CR2[6, 7]
263: CR3[5, 7]
264: H[6]
265: CR2[5, 6]
266: H[5]
267: CR2[10, 9]
268: CR3[10, 9]
269: CR4[10, 9]
270: CR5[10, 9]
271: CR1[10, 8]
272: CR2[10, 8]
273: CR3[10, 8]
274: CR4[10, 8]
275: CR1[10, 7]
276: CR2[10, 7]
277: CR3[10, 7]
278: CR1[10, 6]
279: CR2[10, 6]
280: CR1[10, 5]
281: CCR1'[0, 3, 8]
282: CCR2'[0, 3, 9]
283: H[5]
284: CR2'[5, 6]
285: H[6]
286: CR3'[5, 7]
287: CR2'[6, 7]
288: H[7]
289: CR4'[5, 8]
290: CR3'[6, 8]
291: CR2'[7, 8]
292: H[8]
293: CR5'[5, 9]
294: CR4'[6, 9]
295: CR3'[7, 9]
296: CR2'[8, 9]
297: H[9]
298: X[9]
299: CNOT[9, 10]
300: X[9]
301: H[9]
302: CR2[8, 9]
303: CR3[7, 9]
304: CR4[6, 9]
305: CR5[5, 9]
306: H[8]
307: CR2[7, 8]
308: CR3[6, 8]
309: CR4[5, 8]
310: H[7]
311: CR2[6, 7]
312: CR3[5, 7]
313: H[6]
314: CR2[5, 6]
315: H[5]
316: CCR2[0, 3, 9]
317: CCR1[0, 3, 8]
318: CCR5[0, 4, 9]
319: CCR4[0, 4, 8]
320: CCR3[0, 4, 7]
321: CCR2[0, 4, 6]
322: CCR1[0, 4, 5]
323: R1'[5]
324: R2'[6]
325: R1'[6]
326: R3'[7]
327: R2'[7]
328: R1'[7]
329: R4'[8]
330: R3'[8]
331: R2'[8]
332: R1'[8]
333: R5'[9]
334: R4'[9]
335: R3'[9]
336: R2'[9]
337: H[5]
338: CR2'[5, 6]
339: H[6]
340: CR3'[5, 7]
341: CR2'[6, 7]
342: H[7]
343: CR4'[5, 8]
344: CR3'[6, 8]
345: CR2'[7, 8]
346: H[8]
347: CR5'[5, 9]
348: CR4'[6, 9]
349: CR3'[7, 9]
350: CR2'[8, 9]
351: H[9]
352: CNOT[9, 10]
353: H[9]
354: CR2[8, 9]
355: CR3[7, 9]
356: CR4[6, 9]
357: CR5[5, 9]
358: H[8]
359: CR2[7, 8]
360: CR3[6, 8]
361: CR4[5, 8]
362: H[7]
363: CR2[6, 7]
364: CR3[5, 7]
365: H[6]
366: CR2[5, 6]
367: H[5]
368: CR2[10, 9]
369: CR3[10, 9]
370: CR4[10, 9]
371: CR5[10, 9]
372: CR1[10, 8]
373: CR2[10, 8]
374: CR3[10, 8]
375: CR4[10, 8]
376: CR1[10, 7]
377: CR2[10, 7]
378: CR3[10, 7]
379: CR1[10, 6]
380: CR2[10, 6]
381: CR1[10, 5]
382: CCR1'[0, 4, 5]
383: CCR2'[0, 4, 6]
384: CCR3'[0, 4, 7]
385: CCR4'[0, 4, 8]
386: CCR5'[0, 4, 9]
387: H[5]
388: CR2'[5, 6]
389: H[6]
390: CR3'[5, 7]
391: CR2'[6, 7]
392: H[7]
393: CR4'[5, 8]
394: CR3'[6, 8]
395: CR2'[7, 8]
396: H[8]
397: CR5'[5, 9]
398: CR4'[6, 9]
399: CR3'[7, 9]
400: CR2'[8, 9]
401: H[9]
402: X[9]
403: CNOT[9, 10]
404: X[9]
405: H[9]
406: CR2[8, 9]
407: CR3[7, 9]
408: CR4[6, 9]
409: CR5[5, 9]
410: H[8]
411: CR2[7, 8]
412: CR3[6, 8]
413: CR4[5, 8]
414: H[7]
415: CR2[6, 7]
416: CR3[5, 7]
417: H[6]
418: CR2[5, 6]
419: H[5]
420: CCR5[0, 4, 9]
421: CCR4[0, 4, 8]
422: CCR3[0, 4, 7]
423: CCR2[0, 4, 6]
424: CCR1[0, 4, 5]
425: H[5]
426: CR2'[5, 6]
427: H[6]
428: CR3'[5, 7]
429: CR2'[6, 7]
430: H[7]
431: CR4'[5, 8]
432: CR3'[6, 8]
433: CR2'[7, 8]
434: H[8]
435: CR5'[5, 9]
436: CR4'[6, 9]
437: CR3'[7, 9]
438: CR2'[8, 9]
439: H[9]
440: CSWAP[0, 1, 5]
441: CSWAP[0, 2, 6]
442: CSWAP[0, 3, 7]
443: CSWAP[0, 4, 8]
444: H[9]
445: CR2[8, 9]
446: CR3[7, 9]
447: CR4[6, 9]
448: CR5[5, 9]
449: H[8]
450: CR2[7, 8]
451: CR3[6, 8]
452: CR4[5, 8]
453: H[7]
454: CR2[6, 7]
455: CR3[5, 7]
456: H[6]
457: CR2[5, 6]
458: H[5]
459: CCR1'[0, 4, 7]
460: CCR2'[0, 4, 8]
461: CCR3'[0, 4, 9]
462: H[5]
463: CR2'[5, 6]
464: H[6]
465: CR3'[5, 7]
466: CR2'[6, 7]
467: H[7]
468: CR4'[5, 8]
469: CR3'[6, 8]
470: CR2'[7, 8]
471: H[8]
472: CR5'[5, 9]
473: CR4'[6, 9]
474: CR3'[7, 9]
475: CR2'[8, 9]
476: H[9]
477: X[9]
478: CNOT[9, 10]
479: X[9]
480: H[9]
481: CR2[8, 9]
482: CR3[7, 9]
483: CR4[6, 9]
484: CR5[5, 9]
485: H[8]
486: CR2[7, 8]
487: CR3[6, 8]
488: CR4[5, 8]
489: H[7]
490: CR2[6, 7]
491: CR3[5, 7]
492: H[6]
493: CR2[5, 6]
494: H[5]
495: CCR3[0, 4, 9]
496: CCR2[0, 4, 8]
497: CCR1[0, 4, 7]
498: CR1'[10, 5]
499: CR2'[10, 6]
500: CR1'[10, 6]
501: CR3'[10, 7]
502: CR2'[10, 7]
503: CR1'[10, 7]
504: CR4'[10, 8]
505: CR3'[10, 8]
506: CR2'[10, 8]
507: CR1'[10, 8]
508: CR5'[10, 9]
509: CR4'[10, 9]
510: CR3'[10, 9]
511: CR2'[10, 9]
512: H[5]
513: CR2'[5, 6]
514: H[6]
515: CR3'[5, 7]
516: CR2'[6, 7]
517: H[7]
518: CR4'[5, 8]
519: CR3'[6, 8]
520: CR2'[7, 8]
521: H[8]
522: CR5'[5, 9]
523: CR4'[6, 9]
524: CR3'[7, 9]
525: CR2'[8, 9]
526: H[9]
527: CNOT[9, 10]
528: H[9]
529: CR2[8, 9]
530: CR3[7, 9]
531: CR4[6, 9]
532: CR5[5, 9]
533: H[8]
534: CR2[7, 8]
535: CR3[6, 8]
536: CR4[5, 8]
537: H[7]
538: CR2[6, 7]
539: CR3[5, 7]
540: H[6]
541: CR2[5, 6]
542: H[5]
543: R2[9]
544: R3[9]
545: R4[9]
546: R5[9]
547: R1[8]
548: R2[8]
549: R3[8]
550: R4[8]
551: R1[7]
552: R2[7]
553: R3[7]
554: R1[6]
555: R2[6]
556: R1[5]
557: CCR1'[0, 4, 7]
558: CCR2'[0, 4, 8]
559: CCR3'[0, 4, 9]
560: CCR1'[0, 3, 6]
561: CCR2'[0, 3, 7]
562: CCR3'[0, 3, 8]
563: CCR4'[0, 3, 9]
564: H[5]
565: CR2'[5, 6]
566: H[6]
567: CR3'[5, 7]
568: CR2'[6, 7]
569: H[7]
570: CR4'[5, 8]
571: CR3'[6, 8]
572: CR2'[7, 8]
573: H[8]
574: CR5'[5, 9]
575: CR4'[6, 9]
576: CR3'[7, 9]
577: CR2'[8, 9]
578: H[9]
579: X[9]
580: CNOT[9, 10]
581: X[9]
582: H[9]
583: CR2[8, 9]
584: CR3[7, 9]
585: CR4[6, 9]
586: CR5[5, 9]
587: H[8]
588: CR2[7, 8]
589: CR3[6, 8]
590: CR4[5, 8]
591: H[7]
592: CR2[6, 7]
593: CR3[5, 7]
594: H[6]
595: CR2[5, 6]
596: H[5]
597: CCR4[0, 3, 9]
598: CCR3[0, 3, 8]
599: CCR2[0, 3, 7]
600: CCR1[0, 3, 6]
601: CR1'[10, 5]
602: CR2'[10, 6]
603: CR1'[10, 6]
604: CR3'[10, 7]
605: CR2'[10, 7]
606: CR1'[10, 7]
607: CR4'[10, 8]
608: CR3'[10, 8]
609: CR2'[10, 8]
610: CR1'[10, 8]
611: CR5'[10, 9]
612: CR4'[10, 9]
613: CR3'[10, 9]
614: CR2'[10, 9]
615: H[5]
616: CR2'[5, 6]
617: H[6]
618: CR3'[5, 7]
619: CR2'[6, 7]
620: H[7]
621: CR4'[5, 8]
622: CR3'[6, 8]
623: CR2'[7, 8]
624: H[8]
625: CR5'[5, 9]
626: CR4'[6, 9]
627: CR3'[7, 9]
628: CR2'[8, 9]
629: H[9]
630: CNOT[9, 10]
631: H[9]
632: CR2[8, 9]
633: CR3[7, 9]
634: CR4[6, 9]
635: CR5[5, 9]
636: H[8]
637: CR2[7, 8]
638: CR3[6, 8]
639: CR4[5, 8]
640: H[7]
641: CR2[6, 7]
642: CR3[5, 7]
643: H[6]
644: CR2[5, 6]
645: H[5]
646: R2[9]
647: R3[9]
648: R4[9]
649: R5[9]
650: R1[8]
651: R2[8]
652: R3[8]
653: R4[8]
654: R1[7]
655: R2[7]
656: R3[7]
657: R1[6]
658: R2[6]
659: R1[5]
660: CCR1'[0, 3, 6]
661: CCR2'[0, 3, 7]
662: CCR3'[0, 3, 8]
663: CCR4'[0, 3, 9]
664: CCR1'[0, 2, 5]
665: CCR2'[0, 2, 6]
666: CCR3'[0, 2, 7]
667: CCR4'[0, 2, 8]
668: CCR5'[0, 2, 9]
669: H[5]
670: CR2'[5, 6]
671: H[6]
672: CR3'[5, 7]
673: CR2'[6, 7]
674: H[7]
675: CR4'[5, 8]
676: CR3'[6, 8]
677: CR2'[7, 8]
678: H[8]
679: CR5'[5, 9]
680: CR4'[6, 9]
681: CR3'[7, 9]
682: CR2'[8, 9]
683: H[9]
684: X[9]
685: CNOT[9, 10]
686: X[9]
687: H[9]
688: CR2[8, 9]
689: CR3[7, 9]
690: CR4[6, 9]
691: CR5[5, 9]
692: H[8]
693: CR2[7, 8]
694: CR3[6, 8]
695: CR4[5, 8]
696: H[7]
697: CR2[6, 7]
698: CR3[5, 7]
699: H[6]
700: CR2[5, 6]
701: H[5]
702: CCR5[0, 2, 9]
703: CCR4[0, 2, 8]
704: CCR3[0, 2, 7]
705: CCR2[0, 2, 6]
706: CCR1[0, 2, 5]
707: CR1'[10, 5]
708: CR2'[10, 6]
709: CR1'[10, 6]
710: CR3'[10, 7]
711: CR2'[10, 7]
712: CR1'[10, 7]
713: CR4'[10, 8]
714: CR3'[10, 8]
715: CR2'[10, 8]
716: CR1'[10, 8]
717: CR5'[10, 9]
718: CR4'[10, 9]
719: CR3'[10, 9]
720: CR2'[10, 9]
721: H[5]
722: CR2'[5, 6]
723: H[6]
724: CR3'[5, 7]
725: CR2'[6, 7]
726: H[7]
727: CR4'[5, 8]
728: CR3'[6, 8]
729: CR2'[7, 8]
730: H[8]
731: CR5'[5, 9]
732: CR4'[6, 9]
733: CR3'[7, 9]
734: CR2'[8, 9]
735: H[9]
736: CNOT[9, 10]
737: H[9]
738: CR2[8, 9]
739: CR3[7, 9]
740: CR4[6, 9]
741: CR5[5, 9]
742: H[8]
743: CR2[7, 8]
744: CR3[6, 8]
745: CR4[5, 8]
746: H[7]
747: CR2[6, 7]
748: CR3[5, 7]
749: H[6]
750: CR2[5, 6]
751: H[5]
752: R2[9]
753: R3[9]
754: R4[9]
755: R5[9]
756: R1[8]
757: R2[8]
758: R3[8]
759: R4[8]
760: R1[7]
761: R2[7]
762: R3[7]
763: R1[6]
764: R2[6]
765: R1[5]
766: CCR1'[0, 2, 5]
767: CCR2'[0, 2, 6]
768: CCR3'[0, 2, 7]
769: CCR4'[0, 2, 8]
770: CCR5'[0, 2, 9]
771: CCR1'[0, 1, 8]
772: CCR2'[0, 1, 9]
773: H[5]
774: CR2'[5, 6]
775: H[6]
776: CR3'[5, 7]
777: CR2'[6, 7]
778: H[7]
779: CR4'[5, 8]
780: CR3'[6, 8]
781: CR2'[7, 8]
782: H[8]
783: CR5'[5, 9]
784: CR4'[6, 9]
785: CR3'[7, 9]
786: CR2'[8, 9]
787: H[9]
788: X[9]
789: CNOT[9, 10]
790: X[9]
791: H[9]
792: CR2[8, 9]
793: CR3[7, 9]
794: CR4[6, 9]
795: CR5[5, 9]
796: H[8]
797: CR2[7, 8]
798: CR3[6, 8]
799: CR4[5, 8]
800: H[7]
801: CR2[6, 7]
802: CR3[5, 7]
803: H[6]
804: CR2[5, 6]
805: H[5]
806: CCR2[0, 1, 9]
807: CCR1[0, 1, 8]
808: CR1'[10, 5]
809: CR2'[10, 6]
810: CR1'[10, 6]
811: CR3'[10, 7]
812: CR2'[10, 7]
813: CR1'[10, 7]
814: CR4'[10, 8]
815: CR3'[10, 8]
816: CR2'[10, 8]
817: CR1'[10, 8]
818: CR5'[10, 9]
819: CR4'[10, 9]
820: CR3'[10, 9]
821: CR2'[10, 9]
822: H[5]
823: CR2'[5, 6]
824: H[6]
825: CR3'[5, 7]
826: CR2'[6, 7]
827: H[7]
828: CR4'[5, 8]
829: CR3'[6, 8]
830: CR2'[7, 8]
831: H[8]
832: CR5'[5, 9]
833: CR4'[6, 9]
834: CR3'[7, 9]
835: CR2'[8, 9]
836: H[9]
837: CNOT[9, 10]
838: H[9]
839: CR2[8, 9]
840: CR3[7, 9]
841: CR4[6, 9]
842: CR5[5, 9]
843: H[8]
844: CR2[7, 8]
845: CR3[6, 8]
846: CR4[5, 8]
847: H[7]
848: CR2[6, 7]
849: CR3[5, 7]
850: H[6]
851: CR2[5, 6]
852: H[5]
853: R2[9]
854: R3[9]
855: R4[9]
856: R5[9]
857: R1[8]
858: R2[8]
859: R3[8]
860: R4[8]
861: R1[7]
862: R2[7]
863: R3[7]
864: R1[6]
865: R2[6]
866: R1[5]
867: CCR1'[0, 1, 8]
868: CCR2'[0, 1, 9]
869: H[5]
870: CR2'[5, 6]
871: H[6]
872: CR3'[5, 7]
873: CR2'[6, 7]
874: H[7]
875: CR4'[5, 8]
876: CR3'[6, 8]
877: CR2'[7, 8]
878: H[8]
879: CR5'[5, 9]
880: CR4'[6, 9]
881: CR3'[7, 9]
882: CR2'[8, 9]
883: H[9]
=== Clusters: 49 ./shorS0_4_6.log
==== cluster[ 0]: depth=15 width=5
 0: H[9]
 1: CR2[8, 9]
 2: CR3[7, 9]
 3: CR4[6, 9]
 4: CR5[5, 9]
 5: H[8]
 6: CR2[7, 8]
 7: CR3[6, 8]
 8: CR4[5, 8]
 9: H[7]
10: CR2[6, 7]
11: CR3[5, 7]
12: H[6]
13: CR2[5, 6]
14: H[5]
==== cluster[ 1]: depth= 4 width=6
15: CCR4[0, 1, 9]
16: CCR3[0, 1, 8]
17: CCR2[0, 1, 7]
18: CCR1[0, 1, 6]
==== cluster[ 2]: depth=59 width=6
19: R1'[5]
20: R2'[6]
21: R1'[6]
22: R3'[7]
23: R2'[7]
24: R1'[7]
25: R4'[8]
26: R3'[8]
27: R2'[8]
28: R1'[8]
29: R5'[9]
30: R4'[9]
31: R3'[9]
32: R2'[9]
33: H[5]
34: CR2'[5, 6]
35: H[6]
36: CR3'[5, 7]
37: CR2'[6, 7]
38: H[7]
39: CR4'[5, 8]
40: CR3'[6, 8]
41: CR2'[7, 8]
42: H[8]
43: CR5'[5, 9]
44: CR4'[6, 9]
45: CR3'[7, 9]
46: CR2'[8, 9]
47: H[9]
48: CNOT[9, 10]
49: H[9]
50: CR2[8, 9]
51: CR3[7, 9]
52: CR4[6, 9]
53: CR5[5, 9]
54: H[8]
55: CR2[7, 8]
56: CR3[6, 8]
57: CR4[5, 8]
58: H[7]
59: CR2[6, 7]
60: CR3[5, 7]
61: H[6]
62: CR2[5, 6]
63: H[5]
64: CR2[10, 9]
65: CR3[10, 9]
66: CR4[10, 9]
67: CR5[10, 9]
68: CR1[10, 8]
69: CR2[10, 8]
70: CR3[10, 8]
71: CR4[10, 8]
72: CR1[10, 7]
73: CR2[10, 7]
74: CR3[10, 7]
75: CR1[10, 6]
76: CR2[10, 6]
77: CR1[10, 5]
==== cluster[ 3]: depth= 4 width=6
78: CCR1'[0, 1, 6]
79: CCR2'[0, 1, 7]
80: CCR3'[0, 1, 8]
81: CCR4'[0, 1, 9]
==== cluster[ 4]: depth=33 width=6
82: H[5]
83: CR2'[5, 6]
84: H[6]
85: CR3'[5, 7]
86: CR2'[6, 7]
87: H[7]
88: CR4'[5, 8]
89: CR3'[6, 8]
90: CR2'[7, 8]
91: H[8]
92: CR5'[5, 9]
93: CR4'[6, 9]
94: CR3'[7, 9]
95: CR2'[8, 9]
96: H[9]
97: X[9]
98: CNOT[9, 10]
99: X[9]
100: H[9]
101: CR2[8, 9]
102: CR3[7, 9]
103: CR4[6, 9]
104: CR5[5, 9]
105: H[8]
106: CR2[7, 8]
107: CR3[6, 8]
108: CR4[5, 8]
109: H[7]
110: CR2[6, 7]
111: CR3[5, 7]
112: H[6]
113: CR2[5, 6]
114: H[5]
==== cluster[ 5]: depth= 4 width=6
115: CCR4[0, 1, 9]
116: CCR3[0, 1, 8]
117: CCR2[0, 1, 7]
118: CCR1[0, 1, 6]
==== cluster[ 6]: depth= 3 width=5
119: CCR3[0, 2, 9]
120: CCR2[0, 2, 8]
121: CCR1[0, 2, 7]
==== cluster[ 7]: depth=59 width=6
122: R1'[5]
123: R2'[6]
124: R1'[6]
125: R3'[7]
126: R2'[7]
127: R1'[7]
128: R4'[8]
129: R3'[8]
130: R2'[8]
131: R1'[8]
132: R5'[9]
133: R4'[9]
134: R3'[9]
135: R2'[9]
136: H[5]
137: CR2'[5, 6]
138: H[6]
139: CR3'[5, 7]
140: CR2'[6, 7]
141: H[7]
142: CR4'[5, 8]
143: CR3'[6, 8]
144: CR2'[7, 8]
145: H[8]
146: CR5'[5, 9]
147: CR4'[6, 9]
148: CR3'[7, 9]
149: CR2'[8, 9]
150: H[9]
151: CNOT[9, 10]
152: H[9]
153: CR2[8, 9]
154: CR3[7, 9]
155: CR4[6, 9]
156: CR5[5, 9]
157: H[8]
158: CR2[7, 8]
159: CR3[6, 8]
160: CR4[5, 8]
161: H[7]
162: CR2[6, 7]
163: CR3[5, 7]
164: H[6]
165: CR2[5, 6]
166: H[5]
167: CR2[10, 9]
168: CR3[10, 9]
169: CR4[10, 9]
170: CR5[10, 9]
171: CR1[10, 8]
172: CR2[10, 8]
173: CR3[10, 8]
174: CR4[10, 8]
175: CR1[10, 7]
176: CR2[10, 7]
177: CR3[10, 7]
178: CR1[10, 6]
179: CR2[10, 6]
180: CR1[10, 5]
==== cluster[ 8]: depth= 3 width=5
181: CCR1'[0, 2, 7]
182: CCR2'[0, 2, 8]
183: CCR3'[0, 2, 9]
==== cluster[ 9]: depth=33 width=6
184: H[5]
185: CR2'[5, 6]
186: H[6]
187: CR3'[5, 7]
188: CR2'[6, 7]
189: H[7]
190: CR4'[5, 8]
191: CR3'[6, 8]
192: CR2'[7, 8]
193: H[8]
194: CR5'[5, 9]
195: CR4'[6, 9]
196: CR3'[7, 9]
197: CR2'[8, 9]
198: H[9]
199: X[9]
200: CNOT[9, 10]
201: X[9]
202: H[9]
203: CR2[8, 9]
204: CR3[7, 9]
205: CR4[6, 9]
206: CR5[5, 9]
207: H[8]
208: CR2[7, 8]
209: CR3[6, 8]
210: CR4[5, 8]
211: H[7]
212: CR2[6, 7]
213: CR3[5, 7]
214: H[6]
215: CR2[5, 6]
216: H[5]
==== cluster[10]: depth= 5 width=6
217: CCR3[0, 2, 9]
218: CCR2[0, 2, 8]
219: CCR1[0, 2, 7]
220: CCR2[0, 3, 9]
221: CCR1[0, 3, 8]
==== cluster[11]: depth=59 width=6
222: R1'[5]
223: R2'[6]
224: R1'[6]
225: R3'[7]
226: R2'[7]
227: R1'[7]
228: R4'[8]
229: R3'[8]
230: R2'[8]
231: R1'[8]
232: R5'[9]
233: R4'[9]
234: R3'[9]
235: R2'[9]
236: H[5]
237: CR2'[5, 6]
238: H[6]
239: CR3'[5, 7]
240: CR2'[6, 7]
241: H[7]
242: CR4'[5, 8]
243: CR3'[6, 8]
244: CR2'[7, 8]
245: H[8]
246: CR5'[5, 9]
247: CR4'[6, 9]
248: CR3'[7, 9]
249: CR2'[8, 9]
250: H[9]
251: CNOT[9, 10]
252: H[9]
253: CR2[8, 9]
254: CR3[7, 9]
255: CR4[6, 9]
256: CR5[5, 9]
257: H[8]
258: CR2[7, 8]
259: CR3[6, 8]
260: CR4[5, 8]
261: H[7]
262: CR2[6, 7]
263: CR3[5, 7]
264: H[6]
265: CR2[5, 6]
266: H[5]
267: CR2[10, 9]
268: CR3[10, 9]
269: CR4[10, 9]
270: CR5[10, 9]
271: CR1[10, 8]
272: CR2[10, 8]
273: CR3[10, 8]
274: CR4[10, 8]
275: CR1[10, 7]
276: CR2[10, 7]
277: CR3[10, 7]
278: CR1[10, 6]
279: CR2[10, 6]
280: CR1[10, 5]
==== cluster[12]: depth= 2 width=4
281: CCR1'[0, 3, 8]
282: CCR2'[0, 3, 9]
==== cluster[13]: depth=33 width=6
283: H[5]
284: CR2'[5, 6]
285: H[6]
286: CR3'[5, 7]
287: CR2'[6, 7]
288: H[7]
289: CR4'[5, 8]
290: CR3'[6, 8]
291: CR2'[7, 8]
292: H[8]
293: CR5'[5, 9]
294: CR4'[6, 9]
295: CR3'[7, 9]
296: CR2'[8, 9]
297: H[9]
298: X[9]
299: CNOT[9, 10]
300: X[9]
301: H[9]
302: CR2[8, 9]
303: CR3[7, 9]
304: CR4[6, 9]
305: CR5[5, 9]
306: H[8]
307: CR2[7, 8]
308: CR3[6, 8]
309: CR4[5, 8]
310: H[7]
311: CR2[6, 7]
312: CR3[5, 7]
313: H[6]
314: CR2[5, 6]
315: H[5]
==== cluster[14]: depth= 4 width=5
316: CCR2[0, 3, 9]
317: CCR1[0, 3, 8]
318: CCR5[0, 4, 9]
319: CCR4[0, 4, 8]
==== cluster[15]: depth= 6 width=5
320: CCR3[0, 4, 7]
321: CCR2[0, 4, 6]
322: CCR1[0, 4, 5]
323: R1'[5]
324: R2'[6]
325: R1'[6]
==== cluster[16]: depth=56 width=6
326: R3'[7]
327: R2'[7]
328: R1'[7]
329: R4'[8]
330: R3'[8]
331: R2'[8]
332: R1'[8]
333: R5'[9]
334: R4'[9]
335: R3'[9]
336: R2'[9]
337: H[5]
338: CR2'[5, 6]
339: H[6]
340: CR3'[5, 7]
341: CR2'[6, 7]
342: H[7]
343: CR4'[5, 8]
344: CR3'[6, 8]
345: CR2'[7, 8]
346: H[8]
347: CR5'[5, 9]
348: CR4'[6, 9]
349: CR3'[7, 9]
350: CR2'[8, 9]
351: H[9]
352: CNOT[9, 10]
353: H[9]
354: CR2[8, 9]
355: CR3[7, 9]
356: CR4[6, 9]
357: CR5[5, 9]
358: H[8]
359: CR2[7, 8]
360: CR3[6, 8]
361: CR4[5, 8]
362: H[7]
363: CR2[6, 7]
364: CR3[5, 7]
365: H[6]
366: CR2[5, 6]
367: H[5]
368: CR2[10, 9]
369: CR3[10, 9]
370: CR4[10, 9]
371: CR5[10, 9]
372: CR1[10, 8]
373: CR2[10, 8]
374: CR3[10, 8]
375: CR4[10, 8]
376: CR1[10, 7]
377: CR2[10, 7]
378: CR3[10, 7]
379: CR1[10, 6]
380: CR2[10, 6]
381: CR1[10, 5]
==== cluster[17]: depth= 2 width=4
382: CCR1'[0, 4, 5]
383: CCR2'[0, 4, 6]
==== cluster[18]: depth= 3 width=5
384: CCR3'[0, 4, 7]
385: CCR4'[0, 4, 8]
386: CCR5'[0, 4, 9]
==== cluster[19]: depth=33 width=6
387: H[5]
388: CR2'[5, 6]
389: H[6]
390: CR3'[5, 7]
391: CR2'[6, 7]
392: H[7]
393: CR4'[5, 8]
394: CR3'[6, 8]
395: CR2'[7, 8]
396: H[8]
397: CR5'[5, 9]
398: CR4'[6, 9]
399: CR3'[7, 9]
400: CR2'[8, 9]
401: H[9]
402: X[9]
403: CNOT[9, 10]
404: X[9]
405: H[9]
406: CR2[8, 9]
407: CR3[7, 9]
408: CR4[6, 9]
409: CR5[5, 9]
410: H[8]
411: CR2[7, 8]
412: CR3[6, 8]
413: CR4[5, 8]
414: H[7]
415: CR2[6, 7]
416: CR3[5, 7]
417: H[6]
418: CR2[5, 6]
419: H[5]
==== cluster[20]: depth= 2 width=4
420: CCR5[0, 4, 9]
421: CCR4[0, 4, 8]
==== cluster[21]: depth= 3 width=5
422: CCR3[0, 4, 7]
423: CCR2[0, 4, 6]
424: CCR1[0, 4, 5]
==== cluster[22]: depth=15 width=5
425: H[5]
426: CR2'[5, 6]
427: H[6]
428: CR3'[5, 7]
429: CR2'[6, 7]
430: H[7]
431: CR4'[5, 8]
432: CR3'[6, 8]
433: CR2'[7, 8]
434: H[8]
435: CR5'[5, 9]
436: CR4'[6, 9]
437: CR3'[7, 9]
438: CR2'[8, 9]
439: H[9]
==== cluster[23]: depth= 2 width=5
440: CSWAP[0, 1, 5]
441: CSWAP[0, 2, 6]
==== cluster[24]: depth= 2 width=5
442: CSWAP[0, 3, 7]
443: CSWAP[0, 4, 8]
==== cluster[25]: depth=15 width=5
444: H[9]
445: CR2[8, 9]
446: CR3[7, 9]
447: CR4[6, 9]
448: CR5[5, 9]
449: H[8]
450: CR2[7, 8]
451: CR3[6, 8]
452: CR4[5, 8]
453: H[7]
454: CR2[6, 7]
455: CR3[5, 7]
456: H[6]
457: CR2[5, 6]
458: H[5]
==== cluster[26]: depth= 3 width=5
459: CCR1'[0, 4, 7]
460: CCR2'[0, 4, 8]
461: CCR3'[0, 4, 9]
==== cluster[27]: depth=33 width=6
462: H[5]
463: CR2'[5, 6]
464: H[6]
465: CR3'[5, 7]
466: CR2'[6, 7]
467: H[7]
468: CR4'[5, 8]
469: CR3'[6, 8]
470: CR2'[7, 8]
471: H[8]
472: CR5'[5, 9]
473: CR4'[6, 9]
474: CR3'[7, 9]
475: CR2'[8, 9]
476: H[9]
477: X[9]
478: CNOT[9, 10]
479: X[9]
480: H[9]
481: CR2[8, 9]
482: CR3[7, 9]
483: CR4[6, 9]
484: CR5[5, 9]
485: H[8]
486: CR2[7, 8]
487: CR3[6, 8]
488: CR4[5, 8]
489: H[7]
490: CR2[6, 7]
491: CR3[5, 7]
492: H[6]
493: CR2[5, 6]
494: H[5]
==== cluster[28]: depth= 3 width=5
495: CCR3[0, 4, 9]
496: CCR2[0, 4, 8]
497: CCR1[0, 4, 7]
==== cluster[29]: depth=59 width=6
498: CR1'[10, 5]
499: CR2'[10, 6]
500: CR1'[10, 6]
501: CR3'[10, 7]
502: CR2'[10, 7]
503: CR1'[10, 7]
504: CR4'[10, 8]
505: CR3'[10, 8]
506: CR2'[10, 8]
507: CR1'[10, 8]
508: CR5'[10, 9]
509: CR4'[10, 9]
510: CR3'[10, 9]
511: CR2'[10, 9]
512: H[5]
513: CR2'[5, 6]
514: H[6]
515: CR3'[5, 7]
516: CR2'[6, 7]
517: H[7]
518: CR4'[5, 8]
519: CR3'[6, 8]
520: CR2'[7, 8]
521: H[8]
522: CR5'[5, 9]
523: CR4'[6, 9]
524: CR3'[7, 9]
525: CR2'[8, 9]
526: H[9]
527: CNOT[9, 10]
528: H[9]
529: CR2[8, 9]
530: CR3[7, 9]
531: CR4[6, 9]
532: CR5[5, 9]
533: H[8]
534: CR2[7, 8]
535: CR3[6, 8]
536: CR4[5, 8]
537: H[7]
538: CR2[6, 7]
539: CR3[5, 7]
540: H[6]
541: CR2[5, 6]
542: H[5]
543: R2[9]
544: R3[9]
545: R4[9]
546: R5[9]
547: R1[8]
548: R2[8]
549: R3[8]
550: R4[8]
551: R1[7]
552: R2[7]
553: R3[7]
554: R1[6]
555: R2[6]
556: R1[5]
==== cluster[30]: depth= 3 width=5
557: CCR1'[0, 4, 7]
558: CCR2'[0, 4, 8]
559: CCR3'[0, 4, 9]
==== cluster[31]: depth= 4 width=6
560: CCR1'[0, 3, 6]
561: CCR2'[0, 3, 7]
562: CCR3'[0, 3, 8]
563: CCR4'[0, 3, 9]
==== cluster[32]: depth=33 width=6
564: H[5]
565: CR2'[5, 6]
566: H[6]
567: CR3'[5, 7]
568: CR2'[6, 7]
569: H[7]
570: CR4'[5, 8]
571: CR3'[6, 8]
572: CR2'[7, 8]
573: H[8]
574: CR5'[5, 9]
575: CR4'[6, 9]
576: CR3'[7, 9]
577: CR2'[8, 9]
578: H[9]
579: X[9]
580: CNOT[9, 10]
581: X[9]
582: H[9]
583: CR2[8, 9]
584: CR3[7, 9]
585: CR4[6, 9]
586: CR5[5, 9]
587: H[8]
588: CR2[7, 8]
589: CR3[6, 8]
590: CR4[5, 8]
591: H[7]
592: CR2[6, 7]
593: CR3[5, 7]
594: H[6]
595: CR2[5, 6]
596: H[5]
==== cluster[33]: depth= 4 width=6
597: CCR4[0, 3, 9]
598: CCR3[0, 3, 8]
599: CCR2[0, 3, 7]
600: CCR1[0, 3, 6]
==== cluster[34]: depth=59 width=6
601: CR1'[10, 5]
602: CR2'[10, 6]
603: CR1'[10, 6]
604: CR3'[10, 7]
605: CR2'[10, 7]
606: CR1'[10, 7]
607: CR4'[10, 8]
608: CR3'[10, 8]
609: CR2'[10, 8]
610: CR1'[10, 8]
611: CR5'[10, 9]
612: CR4'[10, 9]
613: CR3'[10, 9]
614: CR2'[10, 9]
615: H[5]
616: CR2'[5, 6]
617: H[6]
618: CR3'[5, 7]
619: CR2'[6, 7]
620: H[7]
621: CR4'[5, 8]
622: CR3'[6, 8]
623: CR2'[7, 8]
624: H[8]
625: CR5'[5, 9]
626: CR4'[6, 9]
627: CR3'[7, 9]
628: CR2'[8, 9]
629: H[9]
630: CNOT[9, 10]
631: H[9]
632: CR2[8, 9]
633: CR3[7, 9]
634: CR4[6, 9]
635: CR5[5, 9]
636: H[8]
637: CR2[7, 8]
638: CR3[6, 8]
639: CR4[5, 8]
640: H[7]
641: CR2[6, 7]
642: CR3[5, 7]
643: H[6]
644: CR2[5, 6]
645: H[5]
646: R2[9]
647: R3[9]
648: R4[9]
649: R5[9]
650: R1[8]
651: R2[8]
652: R3[8]
653: R4[8]
654: R1[7]
655: R2[7]
656: R3[7]
657: R1[6]
658: R2[6]
659: R1[5]
==== cluster[35]: depth= 4 width=6
660: CCR1'[0, 3, 6]
661: CCR2'[0, 3, 7]
662: CCR3'[0, 3, 8]
663: CCR4'[0, 3, 9]
==== cluster[36]: depth= 2 width=4
664: CCR1'[0, 2, 5]
665: CCR2'[0, 2, 6]
==== cluster[37]: depth= 3 width=5
666: CCR3'[0, 2, 7]
667: CCR4'[0, 2, 8]
668: CCR5'[0, 2, 9]
==== cluster[38]: depth=33 width=6
669: H[5]
670: CR2'[5, 6]
671: H[6]
672: CR3'[5, 7]
673: CR2'[6, 7]
674: H[7]
675: CR4'[5, 8]
676: CR3'[6, 8]
677: CR2'[7, 8]
678: H[8]
679: CR5'[5, 9]
680: CR4'[6, 9]
681: CR3'[7, 9]
682: CR2'[8, 9]
683: H[9]
684: X[9]
685: CNOT[9, 10]
686: X[9]
687: H[9]
688: CR2[8, 9]
689: CR3[7, 9]
690: CR4[6, 9]
691: CR5[5, 9]
692: H[8]
693: CR2[7, 8]
694: CR3[6, 8]
695: CR4[5, 8]
696: H[7]
697: CR2[6, 7]
698: CR3[5, 7]
699: H[6]
700: CR2[5, 6]
701: H[5]
==== cluster[39]: depth= 2 width=4
702: CCR5[0, 2, 9]
703: CCR4[0, 2, 8]
==== cluster[40]: depth= 6 width=6
704: CCR3[0, 2, 7]
705: CCR2[0, 2, 6]
706: CCR1[0, 2, 5]
707: CR1'[10, 5]
708: CR2'[10, 6]
709: CR1'[10, 6]
==== cluster[41]: depth=56 width=6
710: CR3'[10, 7]
711: CR2'[10, 7]
712: CR1'[10, 7]
713: CR4'[10, 8]
714: CR3'[10, 8]
715: CR2'[10, 8]
716: CR1'[10, 8]
717: CR5'[10, 9]
718: CR4'[10, 9]
719: CR3'[10, 9]
720: CR2'[10, 9]
721: H[5]
722: CR2'[5, 6]
723: H[6]
724: CR3'[5, 7]
725: CR2'[6, 7]
726: H[7]
727: CR4'[5, 8]
728: CR3'[6, 8]
729: CR2'[7, 8]
730: H[8]
731: CR5'[5, 9]
732: CR4'[6, 9]
733: CR3'[7, 9]
734: CR2'[8, 9]
735: H[9]
736: CNOT[9, 10]
737: H[9]
738: CR2[8, 9]
739: CR3[7, 9]
740: CR4[6, 9]
741: CR5[5, 9]
742: H[8]
743: CR2[7, 8]
744: CR3[6, 8]
745: CR4[5, 8]
746: H[7]
747: CR2[6, 7]
748: CR3[5, 7]
749: H[6]
750: CR2[5, 6]
751: H[5]
752: R2[9]
753: R3[9]
754: R4[9]
755: R5[9]
756: R1[8]
757: R2[8]
758: R3[8]
759: R4[8]
760: R1[7]
761: R2[7]
762: R3[7]
763: R1[6]
764: R2[6]
765: R1[5]
==== cluster[42]: depth= 2 width=4
766: CCR1'[0, 2, 5]
767: CCR2'[0, 2, 6]
==== cluster[43]: depth= 5 width=6
768: CCR3'[0, 2, 7]
769: CCR4'[0, 2, 8]
770: CCR5'[0, 2, 9]
771: CCR1'[0, 1, 8]
772: CCR2'[0, 1, 9]
==== cluster[44]: depth=33 width=6
773: H[5]
774: CR2'[5, 6]
775: H[6]
776: CR3'[5, 7]
777: CR2'[6, 7]
778: H[7]
779: CR4'[5, 8]
780: CR3'[6, 8]
781: CR2'[7, 8]
782: H[8]
783: CR5'[5, 9]
784: CR4'[6, 9]
785: CR3'[7, 9]
786: CR2'[8, 9]
787: H[9]
788: X[9]
789: CNOT[9, 10]
790: X[9]
791: H[9]
792: CR2[8, 9]
793: CR3[7, 9]
794: CR4[6, 9]
795: CR5[5, 9]
796: H[8]
797: CR2[7, 8]
798: CR3[6, 8]
799: CR4[5, 8]
800: H[7]
801: CR2[6, 7]
802: CR3[5, 7]
803: H[6]
804: CR2[5, 6]
805: H[5]
==== cluster[45]: depth= 2 width=4
806: CCR2[0, 1, 9]
807: CCR1[0, 1, 8]
==== cluster[46]: depth=59 width=6
808: CR1'[10, 5]
809: CR2'[10, 6]
810: CR1'[10, 6]
811: CR3'[10, 7]
812: CR2'[10, 7]
813: CR1'[10, 7]
814: CR4'[10, 8]
815: CR3'[10, 8]
816: CR2'[10, 8]
817: CR1'[10, 8]
818: CR5'[10, 9]
819: CR4'[10, 9]
820: CR3'[10, 9]
821: CR2'[10, 9]
822: H[5]
823: CR2'[5, 6]
824: H[6]
825: CR3'[5, 7]
826: CR2'[6, 7]
827: H[7]
828: CR4'[5, 8]
829: CR3'[6, 8]
830: CR2'[7, 8]
831: H[8]
832: CR5'[5, 9]
833: CR4'[6, 9]
834: CR3'[7, 9]
835: CR2'[8, 9]
836: H[9]
837: CNOT[9, 10]
838: H[9]
839: CR2[8, 9]
840: CR3[7, 9]
841: CR4[6, 9]
842: CR5[5, 9]
843: H[8]
844: CR2[7, 8]
845: CR3[6, 8]
846: CR4[5, 8]
847: H[7]
848: CR2[6, 7]
849: CR3[5, 7]
850: H[6]
851: CR2[5, 6]
852: H[5]
853: R2[9]
854: R3[9]
855: R4[9]
856: R5[9]
857: R1[8]
858: R2[8]
859: R3[8]
860: R4[8]
861: R1[7]
862: R2[7]
863: R3[7]
864: R1[6]
865: R2[6]
866: R1[5]
==== cluster[47]: depth= 2 width=4
867: CCR1'[0, 1, 8]
868: CCR2'[0, 1, 9]
==== cluster[48]: depth=15 width=5
869: H[5]
870: CR2'[5, 6]
871: H[6]
872: CR3'[5, 7]
873: CR2'[6, 7]
874: H[7]
875: CR4'[5, 8]
876: CR3'[6, 8]
877: CR2'[7, 8]
878: H[8]
879: CR5'[5, 9]
880: CR4'[6, 9]
881: CR3'[7, 9]
882: CR2'[8, 9]
883: H[9]
