=== Original:
 0: H[13]
 1: CR2[12, 13]
 2: CR3[11, 13]
 3: CR4[10, 13]
 4: CR5[9, 13]
 5: CR6[8, 13]
 6: CR7[7, 13]
 7: H[12]
 8: CR2[11, 12]
 9: CR3[10, 12]
10: CR4[9, 12]
11: CR5[8, 12]
12: CR6[7, 12]
13: H[11]
14: CR2[10, 11]
15: CR3[9, 11]
16: CR4[8, 11]
17: CR5[7, 11]
18: H[10]
19: CR2[9, 10]
20: CR3[8, 10]
21: CR4[7, 10]
22: H[9]
23: CR2[8, 9]
24: CR3[7, 9]
25: H[8]
26: CR2[7, 8]
27: H[7]
28: CCR6[0, 1, 13]
29: CCR5[0, 1, 12]
30: CCR4[0, 1, 11]
31: CCR3[0, 1, 10]
32: CCR2[0, 1, 9]
33: CCR1[0, 1, 8]
34: R1'[7]
35: R2'[8]
36: R1'[8]
37: R3'[9]
38: R2'[9]
39: R1'[9]
40: R4'[10]
41: R3'[10]
42: R2'[10]
43: R1'[10]
44: R5'[11]
45: R4'[11]
46: R3'[11]
47: R2'[11]
48: R1'[11]
49: R6'[12]
50: R5'[12]
51: R4'[12]
52: R3'[12]
53: R2'[12]
54: R1'[12]
55: R7'[13]
56: R6'[13]
57: R5'[13]
58: R4'[13]
59: R3'[13]
60: R2'[13]
61: H[7]
62: CR2'[7, 8]
63: H[8]
64: CR3'[7, 9]
65: CR2'[8, 9]
66: H[9]
67: CR4'[7, 10]
68: CR3'[8, 10]
69: CR2'[9, 10]
70: H[10]
71: CR5'[7, 11]
72: CR4'[8, 11]
73: CR3'[9, 11]
74: CR2'[10, 11]
75: H[11]
76: CR6'[7, 12]
77: CR5'[8, 12]
78: CR4'[9, 12]
79: CR3'[10, 12]
80: CR2'[11, 12]
81: H[12]
82: CR7'[7, 13]
83: CR6'[8, 13]
84: CR5'[9, 13]
85: CR4'[10, 13]
86: CR3'[11, 13]
87: CR2'[12, 13]
88: H[13]
89: CNOT[13, 14]
90: H[13]
91: CR2[12, 13]
92: CR3[11, 13]
93: CR4[10, 13]
94: CR5[9, 13]
95: CR6[8, 13]
96: CR7[7, 13]
97: H[12]
98: CR2[11, 12]
99: CR3[10, 12]
100: CR4[9, 12]
101: CR5[8, 12]
102: CR6[7, 12]
103: H[11]
104: CR2[10, 11]
105: CR3[9, 11]
106: CR4[8, 11]
107: CR5[7, 11]
108: H[10]
109: CR2[9, 10]
110: CR3[8, 10]
111: CR4[7, 10]
112: H[9]
113: CR2[8, 9]
114: CR3[7, 9]
115: H[8]
116: CR2[7, 8]
117: H[7]
118: CR2[14, 13]
119: CR3[14, 13]
120: CR4[14, 13]
121: CR5[14, 13]
122: CR6[14, 13]
123: CR7[14, 13]
124: CR1[14, 12]
125: CR2[14, 12]
126: CR3[14, 12]
127: CR4[14, 12]
128: CR5[14, 12]
129: CR6[14, 12]
130: CR1[14, 11]
131: CR2[14, 11]
132: CR3[14, 11]
133: CR4[14, 11]
134: CR5[14, 11]
135: CR1[14, 10]
136: CR2[14, 10]
137: CR3[14, 10]
138: CR4[14, 10]
139: CR1[14, 9]
140: CR2[14, 9]
141: CR3[14, 9]
142: CR1[14, 8]
143: CR2[14, 8]
144: CR1[14, 7]
145: CCR1'[0, 1, 8]
146: CCR2'[0, 1, 9]
147: CCR3'[0, 1, 10]
148: CCR4'[0, 1, 11]
149: CCR5'[0, 1, 12]
150: CCR6'[0, 1, 13]
151: H[7]
152: CR2'[7, 8]
153: H[8]
154: CR3'[7, 9]
155: CR2'[8, 9]
156: H[9]
157: CR4'[7, 10]
158: CR3'[8, 10]
159: CR2'[9, 10]
160: H[10]
161: CR5'[7, 11]
162: CR4'[8, 11]
163: CR3'[9, 11]
164: CR2'[10, 11]
165: H[11]
166: CR6'[7, 12]
167: CR5'[8, 12]
168: CR4'[9, 12]
169: CR3'[10, 12]
170: CR2'[11, 12]
171: H[12]
172: CR7'[7, 13]
173: CR6'[8, 13]
174: CR5'[9, 13]
175: CR4'[10, 13]
176: CR3'[11, 13]
177: CR2'[12, 13]
178: H[13]
179: X[13]
180: CNOT[13, 14]
181: X[13]
182: H[13]
183: CR2[12, 13]
184: CR3[11, 13]
185: CR4[10, 13]
186: CR5[9, 13]
187: CR6[8, 13]
188: CR7[7, 13]
189: H[12]
190: CR2[11, 12]
191: CR3[10, 12]
192: CR4[9, 12]
193: CR5[8, 12]
194: CR6[7, 12]
195: H[11]
196: CR2[10, 11]
197: CR3[9, 11]
198: CR4[8, 11]
199: CR5[7, 11]
200: H[10]
201: CR2[9, 10]
202: CR3[8, 10]
203: CR4[7, 10]
204: H[9]
205: CR2[8, 9]
206: CR3[7, 9]
207: H[8]
208: CR2[7, 8]
209: H[7]
210: CCR6[0, 1, 13]
211: CCR5[0, 1, 12]
212: CCR4[0, 1, 11]
213: CCR3[0, 1, 10]
214: CCR2[0, 1, 9]
215: CCR1[0, 1, 8]
216: CCR5[0, 2, 13]
217: CCR4[0, 2, 12]
218: CCR3[0, 2, 11]
219: CCR2[0, 2, 10]
220: CCR1[0, 2, 9]
221: R1'[7]
222: R2'[8]
223: R1'[8]
224: R3'[9]
225: R2'[9]
226: R1'[9]
227: R4'[10]
228: R3'[10]
229: R2'[10]
230: R1'[10]
231: R5'[11]
232: R4'[11]
233: R3'[11]
234: R2'[11]
235: R1'[11]
236: R6'[12]
237: R5'[12]
238: R4'[12]
239: R3'[12]
240: R2'[12]
241: R1'[12]
242: R7'[13]
243: R6'[13]
244: R5'[13]
245: R4'[13]
246: R3'[13]
247: R2'[13]
248: H[7]
249: CR2'[7, 8]
250: H[8]
251: CR3'[7, 9]
252: CR2'[8, 9]
253: H[9]
254: CR4'[7, 10]
255: CR3'[8, 10]
256: CR2'[9, 10]
257: H[10]
258: CR5'[7, 11]
259: CR4'[8, 11]
260: CR3'[9, 11]
261: CR2'[10, 11]
262: H[11]
263: CR6'[7, 12]
264: CR5'[8, 12]
265: CR4'[9, 12]
266: CR3'[10, 12]
267: CR2'[11, 12]
268: H[12]
269: CR7'[7, 13]
270: CR6'[8, 13]
271: CR5'[9, 13]
272: CR4'[10, 13]
273: CR3'[11, 13]
274: CR2'[12, 13]
275: H[13]
276: CNOT[13, 14]
277: H[13]
278: CR2[12, 13]
279: CR3[11, 13]
280: CR4[10, 13]
281: CR5[9, 13]
282: CR6[8, 13]
283: CR7[7, 13]
284: H[12]
285: CR2[11, 12]
286: CR3[10, 12]
287: CR4[9, 12]
288: CR5[8, 12]
289: CR6[7, 12]
290: H[11]
291: CR2[10, 11]
292: CR3[9, 11]
293: CR4[8, 11]
294: CR5[7, 11]
295: H[10]
296: CR2[9, 10]
297: CR3[8, 10]
298: CR4[7, 10]
299: H[9]
300: CR2[8, 9]
301: CR3[7, 9]
302: H[8]
303: CR2[7, 8]
304: H[7]
305: CR2[14, 13]
306: CR3[14, 13]
307: CR4[14, 13]
308: CR5[14, 13]
309: CR6[14, 13]
310: CR7[14, 13]
311: CR1[14, 12]
312: CR2[14, 12]
313: CR3[14, 12]
314: CR4[14, 12]
315: CR5[14, 12]
316: CR6[14, 12]
317: CR1[14, 11]
318: CR2[14, 11]
319: CR3[14, 11]
320: CR4[14, 11]
321: CR5[14, 11]
322: CR1[14, 10]
323: CR2[14, 10]
324: CR3[14, 10]
325: CR4[14, 10]
326: CR1[14, 9]
327: CR2[14, 9]
328: CR3[14, 9]
329: CR1[14, 8]
330: CR2[14, 8]
331: CR1[14, 7]
332: CCR1'[0, 2, 9]
333: CCR2'[0, 2, 10]
334: CCR3'[0, 2, 11]
335: CCR4'[0, 2, 12]
336: CCR5'[0, 2, 13]
337: H[7]
338: CR2'[7, 8]
339: H[8]
340: CR3'[7, 9]
341: CR2'[8, 9]
342: H[9]
343: CR4'[7, 10]
344: CR3'[8, 10]
345: CR2'[9, 10]
346: H[10]
347: CR5'[7, 11]
348: CR4'[8, 11]
349: CR3'[9, 11]
350: CR2'[10, 11]
351: H[11]
352: CR6'[7, 12]
353: CR5'[8, 12]
354: CR4'[9, 12]
355: CR3'[10, 12]
356: CR2'[11, 12]
357: H[12]
358: CR7'[7, 13]
359: CR6'[8, 13]
360: CR5'[9, 13]
361: CR4'[10, 13]
362: CR3'[11, 13]
363: CR2'[12, 13]
364: H[13]
365: X[13]
366: CNOT[13, 14]
367: X[13]
368: H[13]
369: CR2[12, 13]
370: CR3[11, 13]
371: CR4[10, 13]
372: CR5[9, 13]
373: CR6[8, 13]
374: CR7[7, 13]
375: H[12]
376: CR2[11, 12]
377: CR3[10, 12]
378: CR4[9, 12]
379: CR5[8, 12]
380: CR6[7, 12]
381: H[11]
382: CR2[10, 11]
383: CR3[9, 11]
384: CR4[8, 11]
385: CR5[7, 11]
386: H[10]
387: CR2[9, 10]
388: CR3[8, 10]
389: CR4[7, 10]
390: H[9]
391: CR2[8, 9]
392: CR3[7, 9]
393: H[8]
394: CR2[7, 8]
395: H[7]
396: CCR5[0, 2, 13]
397: CCR4[0, 2, 12]
398: CCR3[0, 2, 11]
399: CCR2[0, 2, 10]
400: CCR1[0, 2, 9]
401: CCR4[0, 3, 13]
402: CCR3[0, 3, 12]
403: CCR2[0, 3, 11]
404: CCR1[0, 3, 10]
405: R1'[7]
406: R2'[8]
407: R1'[8]
408: R3'[9]
409: R2'[9]
410: R1'[9]
411: R4'[10]
412: R3'[10]
413: R2'[10]
414: R1'[10]
415: R5'[11]
416: R4'[11]
417: R3'[11]
418: R2'[11]
419: R1'[11]
420: R6'[12]
421: R5'[12]
422: R4'[12]
423: R3'[12]
424: R2'[12]
425: R1'[12]
426: R7'[13]
427: R6'[13]
428: R5'[13]
429: R4'[13]
430: R3'[13]
431: R2'[13]
432: H[7]
433: CR2'[7, 8]
434: H[8]
435: CR3'[7, 9]
436: CR2'[8, 9]
437: H[9]
438: CR4'[7, 10]
439: CR3'[8, 10]
440: CR2'[9, 10]
441: H[10]
442: CR5'[7, 11]
443: CR4'[8, 11]
444: CR3'[9, 11]
445: CR2'[10, 11]
446: H[11]
447: CR6'[7, 12]
448: CR5'[8, 12]
449: CR4'[9, 12]
450: CR3'[10, 12]
451: CR2'[11, 12]
452: H[12]
453: CR7'[7, 13]
454: CR6'[8, 13]
455: CR5'[9, 13]
456: CR4'[10, 13]
457: CR3'[11, 13]
458: CR2'[12, 13]
459: H[13]
460: CNOT[13, 14]
461: H[13]
462: CR2[12, 13]
463: CR3[11, 13]
464: CR4[10, 13]
465: CR5[9, 13]
466: CR6[8, 13]
467: CR7[7, 13]
468: H[12]
469: CR2[11, 12]
470: CR3[10, 12]
471: CR4[9, 12]
472: CR5[8, 12]
473: CR6[7, 12]
474: H[11]
475: CR2[10, 11]
476: CR3[9, 11]
477: CR4[8, 11]
478: CR5[7, 11]
479: H[10]
480: CR2[9, 10]
481: CR3[8, 10]
482: CR4[7, 10]
483: H[9]
484: CR2[8, 9]
485: CR3[7, 9]
486: H[8]
487: CR2[7, 8]
488: H[7]
489: CR2[14, 13]
490: CR3[14, 13]
491: CR4[14, 13]
492: CR5[14, 13]
493: CR6[14, 13]
494: CR7[14, 13]
495: CR1[14, 12]
496: CR2[14, 12]
497: CR3[14, 12]
498: CR4[14, 12]
499: CR5[14, 12]
500: CR6[14, 12]
501: CR1[14, 11]
502: CR2[14, 11]
503: CR3[14, 11]
504: CR4[14, 11]
505: CR5[14, 11]
506: CR1[14, 10]
507: CR2[14, 10]
508: CR3[14, 10]
509: CR4[14, 10]
510: CR1[14, 9]
511: CR2[14, 9]
512: CR3[14, 9]
513: CR1[14, 8]
514: CR2[14, 8]
515: CR1[14, 7]
516: CCR1'[0, 3, 10]
517: CCR2'[0, 3, 11]
518: CCR3'[0, 3, 12]
519: CCR4'[0, 3, 13]
520: H[7]
521: CR2'[7, 8]
522: H[8]
523: CR3'[7, 9]
524: CR2'[8, 9]
525: H[9]
526: CR4'[7, 10]
527: CR3'[8, 10]
528: CR2'[9, 10]
529: H[10]
530: CR5'[7, 11]
531: CR4'[8, 11]
532: CR3'[9, 11]
533: CR2'[10, 11]
534: H[11]
535: CR6'[7, 12]
536: CR5'[8, 12]
537: CR4'[9, 12]
538: CR3'[10, 12]
539: CR2'[11, 12]
540: H[12]
541: CR7'[7, 13]
542: CR6'[8, 13]
543: CR5'[9, 13]
544: CR4'[10, 13]
545: CR3'[11, 13]
546: CR2'[12, 13]
547: H[13]
548: X[13]
549: CNOT[13, 14]
550: X[13]
551: H[13]
552: CR2[12, 13]
553: CR3[11, 13]
554: CR4[10, 13]
555: CR5[9, 13]
556: CR6[8, 13]
557: CR7[7, 13]
558: H[12]
559: CR2[11, 12]
560: CR3[10, 12]
561: CR4[9, 12]
562: CR5[8, 12]
563: CR6[7, 12]
564: H[11]
565: CR2[10, 11]
566: CR3[9, 11]
567: CR4[8, 11]
568: CR5[7, 11]
569: H[10]
570: CR2[9, 10]
571: CR3[8, 10]
572: CR4[7, 10]
573: H[9]
574: CR2[8, 9]
575: CR3[7, 9]
576: H[8]
577: CR2[7, 8]
578: H[7]
579: CCR4[0, 3, 13]
580: CCR3[0, 3, 12]
581: CCR2[0, 3, 11]
582: CCR1[0, 3, 10]
583: CCR3[0, 4, 13]
584: CCR2[0, 4, 12]
585: CCR1[0, 4, 11]
586: R1'[7]
587: R2'[8]
588: R1'[8]
589: R3'[9]
590: R2'[9]
591: R1'[9]
592: R4'[10]
593: R3'[10]
594: R2'[10]
595: R1'[10]
596: R5'[11]
597: R4'[11]
598: R3'[11]
599: R2'[11]
600: R1'[11]
601: R6'[12]
602: R5'[12]
603: R4'[12]
604: R3'[12]
605: R2'[12]
606: R1'[12]
607: R7'[13]
608: R6'[13]
609: R5'[13]
610: R4'[13]
611: R3'[13]
612: R2'[13]
613: H[7]
614: CR2'[7, 8]
615: H[8]
616: CR3'[7, 9]
617: CR2'[8, 9]
618: H[9]
619: CR4'[7, 10]
620: CR3'[8, 10]
621: CR2'[9, 10]
622: H[10]
623: CR5'[7, 11]
624: CR4'[8, 11]
625: CR3'[9, 11]
626: CR2'[10, 11]
627: H[11]
628: CR6'[7, 12]
629: CR5'[8, 12]
630: CR4'[9, 12]
631: CR3'[10, 12]
632: CR2'[11, 12]
633: H[12]
634: CR7'[7, 13]
635: CR6'[8, 13]
636: CR5'[9, 13]
637: CR4'[10, 13]
638: CR3'[11, 13]
639: CR2'[12, 13]
640: H[13]
641: CNOT[13, 14]
642: H[13]
643: CR2[12, 13]
644: CR3[11, 13]
645: CR4[10, 13]
646: CR5[9, 13]
647: CR6[8, 13]
648: CR7[7, 13]
649: H[12]
650: CR2[11, 12]
651: CR3[10, 12]
652: CR4[9, 12]
653: CR5[8, 12]
654: CR6[7, 12]
655: H[11]
656: CR2[10, 11]
657: CR3[9, 11]
658: CR4[8, 11]
659: CR5[7, 11]
660: H[10]
661: CR2[9, 10]
662: CR3[8, 10]
663: CR4[7, 10]
664: H[9]
665: CR2[8, 9]
666: CR3[7, 9]
667: H[8]
668: CR2[7, 8]
669: H[7]
670: CR2[14, 13]
671: CR3[14, 13]
672: CR4[14, 13]
673: CR5[14, 13]
674: CR6[14, 13]
675: CR7[14, 13]
676: CR1[14, 12]
677: CR2[14, 12]
678: CR3[14, 12]
679: CR4[14, 12]
680: CR5[14, 12]
681: CR6[14, 12]
682: CR1[14, 11]
683: CR2[14, 11]
684: CR3[14, 11]
685: CR4[14, 11]
686: CR5[14, 11]
687: CR1[14, 10]
688: CR2[14, 10]
689: CR3[14, 10]
690: CR4[14, 10]
691: CR1[14, 9]
692: CR2[14, 9]
693: CR3[14, 9]
694: CR1[14, 8]
695: CR2[14, 8]
696: CR1[14, 7]
697: CCR1'[0, 4, 11]
698: CCR2'[0, 4, 12]
699: CCR3'[0, 4, 13]
700: H[7]
701: CR2'[7, 8]
702: H[8]
703: CR3'[7, 9]
704: CR2'[8, 9]
705: H[9]
706: CR4'[7, 10]
707: CR3'[8, 10]
708: CR2'[9, 10]
709: H[10]
710: CR5'[7, 11]
711: CR4'[8, 11]
712: CR3'[9, 11]
713: CR2'[10, 11]
714: H[11]
715: CR6'[7, 12]
716: CR5'[8, 12]
717: CR4'[9, 12]
718: CR3'[10, 12]
719: CR2'[11, 12]
720: H[12]
721: CR7'[7, 13]
722: CR6'[8, 13]
723: CR5'[9, 13]
724: CR4'[10, 13]
725: CR3'[11, 13]
726: CR2'[12, 13]
727: H[13]
728: X[13]
729: CNOT[13, 14]
730: X[13]
731: H[13]
732: CR2[12, 13]
733: CR3[11, 13]
734: CR4[10, 13]
735: CR5[9, 13]
736: CR6[8, 13]
737: CR7[7, 13]
738: H[12]
739: CR2[11, 12]
740: CR3[10, 12]
741: CR4[9, 12]
742: CR5[8, 12]
743: CR6[7, 12]
744: H[11]
745: CR2[10, 11]
746: CR3[9, 11]
747: CR4[8, 11]
748: CR5[7, 11]
749: H[10]
750: CR2[9, 10]
751: CR3[8, 10]
752: CR4[7, 10]
753: H[9]
754: CR2[8, 9]
755: CR3[7, 9]
756: H[8]
757: CR2[7, 8]
758: H[7]
759: CCR3[0, 4, 13]
760: CCR2[0, 4, 12]
761: CCR1[0, 4, 11]
762: CCR2[0, 5, 13]
763: CCR1[0, 5, 12]
764: R1'[7]
765: R2'[8]
766: R1'[8]
767: R3'[9]
768: R2'[9]
769: R1'[9]
770: R4'[10]
771: R3'[10]
772: R2'[10]
773: R1'[10]
774: R5'[11]
775: R4'[11]
776: R3'[11]
777: R2'[11]
778: R1'[11]
779: R6'[12]
780: R5'[12]
781: R4'[12]
782: R3'[12]
783: R2'[12]
784: R1'[12]
785: R7'[13]
786: R6'[13]
787: R5'[13]
788: R4'[13]
789: R3'[13]
790: R2'[13]
791: H[7]
792: CR2'[7, 8]
793: H[8]
794: CR3'[7, 9]
795: CR2'[8, 9]
796: H[9]
797: CR4'[7, 10]
798: CR3'[8, 10]
799: CR2'[9, 10]
800: H[10]
801: CR5'[7, 11]
802: CR4'[8, 11]
803: CR3'[9, 11]
804: CR2'[10, 11]
805: H[11]
806: CR6'[7, 12]
807: CR5'[8, 12]
808: CR4'[9, 12]
809: CR3'[10, 12]
810: CR2'[11, 12]
811: H[12]
812: CR7'[7, 13]
813: CR6'[8, 13]
814: CR5'[9, 13]
815: CR4'[10, 13]
816: CR3'[11, 13]
817: CR2'[12, 13]
818: H[13]
819: CNOT[13, 14]
820: H[13]
821: CR2[12, 13]
822: CR3[11, 13]
823: CR4[10, 13]
824: CR5[9, 13]
825: CR6[8, 13]
826: CR7[7, 13]
827: H[12]
828: CR2[11, 12]
829: CR3[10, 12]
830: CR4[9, 12]
831: CR5[8, 12]
832: CR6[7, 12]
833: H[11]
834: CR2[10, 11]
835: CR3[9, 11]
836: CR4[8, 11]
837: CR5[7, 11]
838: H[10]
839: CR2[9, 10]
840: CR3[8, 10]
841: CR4[7, 10]
842: H[9]
843: CR2[8, 9]
844: CR3[7, 9]
845: H[8]
846: CR2[7, 8]
847: H[7]
848: CR2[14, 13]
849: CR3[14, 13]
850: CR4[14, 13]
851: CR5[14, 13]
852: CR6[14, 13]
853: CR7[14, 13]
854: CR1[14, 12]
855: CR2[14, 12]
856: CR3[14, 12]
857: CR4[14, 12]
858: CR5[14, 12]
859: CR6[14, 12]
860: CR1[14, 11]
861: CR2[14, 11]
862: CR3[14, 11]
863: CR4[14, 11]
864: CR5[14, 11]
865: CR1[14, 10]
866: CR2[14, 10]
867: CR3[14, 10]
868: CR4[14, 10]
869: CR1[14, 9]
870: CR2[14, 9]
871: CR3[14, 9]
872: CR1[14, 8]
873: CR2[14, 8]
874: CR1[14, 7]
875: CCR1'[0, 5, 12]
876: CCR2'[0, 5, 13]
877: H[7]
878: CR2'[7, 8]
879: H[8]
880: CR3'[7, 9]
881: CR2'[8, 9]
882: H[9]
883: CR4'[7, 10]
884: CR3'[8, 10]
885: CR2'[9, 10]
886: H[10]
887: CR5'[7, 11]
888: CR4'[8, 11]
889: CR3'[9, 11]
890: CR2'[10, 11]
891: H[11]
892: CR6'[7, 12]
893: CR5'[8, 12]
894: CR4'[9, 12]
895: CR3'[10, 12]
896: CR2'[11, 12]
897: H[12]
898: CR7'[7, 13]
899: CR6'[8, 13]
900: CR5'[9, 13]
901: CR4'[10, 13]
902: CR3'[11, 13]
903: CR2'[12, 13]
904: H[13]
905: X[13]
906: CNOT[13, 14]
907: X[13]
908: H[13]
909: CR2[12, 13]
910: CR3[11, 13]
911: CR4[10, 13]
912: CR5[9, 13]
913: CR6[8, 13]
914: CR7[7, 13]
915: H[12]
916: CR2[11, 12]
917: CR3[10, 12]
918: CR4[9, 12]
919: CR5[8, 12]
920: CR6[7, 12]
921: H[11]
922: CR2[10, 11]
923: CR3[9, 11]
924: CR4[8, 11]
925: CR5[7, 11]
926: H[10]
927: CR2[9, 10]
928: CR3[8, 10]
929: CR4[7, 10]
930: H[9]
931: CR2[8, 9]
932: CR3[7, 9]
933: H[8]
934: CR2[7, 8]
935: H[7]
936: CCR2[0, 5, 13]
937: CCR1[0, 5, 12]
938: CCR7[0, 6, 13]
939: CCR6[0, 6, 12]
940: CCR5[0, 6, 11]
941: CCR4[0, 6, 10]
942: CCR3[0, 6, 9]
943: CCR2[0, 6, 8]
944: CCR1[0, 6, 7]
945: R1'[7]
946: R2'[8]
947: R1'[8]
948: R3'[9]
949: R2'[9]
950: R1'[9]
951: R4'[10]
952: R3'[10]
953: R2'[10]
954: R1'[10]
955: R5'[11]
956: R4'[11]
957: R3'[11]
958: R2'[11]
959: R1'[11]
960: R6'[12]
961: R5'[12]
962: R4'[12]
963: R3'[12]
964: R2'[12]
965: R1'[12]
966: R7'[13]
967: R6'[13]
968: R5'[13]
969: R4'[13]
970: R3'[13]
971: R2'[13]
972: H[7]
973: CR2'[7, 8]
974: H[8]
975: CR3'[7, 9]
976: CR2'[8, 9]
977: H[9]
978: CR4'[7, 10]
979: CR3'[8, 10]
980: CR2'[9, 10]
981: H[10]
982: CR5'[7, 11]
983: CR4'[8, 11]
984: CR3'[9, 11]
985: CR2'[10, 11]
986: H[11]
987: CR6'[7, 12]
988: CR5'[8, 12]
989: CR4'[9, 12]
990: CR3'[10, 12]
991: CR2'[11, 12]
992: H[12]
993: CR7'[7, 13]
994: CR6'[8, 13]
995: CR5'[9, 13]
996: CR4'[10, 13]
997: CR3'[11, 13]
998: CR2'[12, 13]
999: H[13]
1000: CNOT[13, 14]
1001: H[13]
1002: CR2[12, 13]
1003: CR3[11, 13]
1004: CR4[10, 13]
1005: CR5[9, 13]
1006: CR6[8, 13]
1007: CR7[7, 13]
1008: H[12]
1009: CR2[11, 12]
1010: CR3[10, 12]
1011: CR4[9, 12]
1012: CR5[8, 12]
1013: CR6[7, 12]
1014: H[11]
1015: CR2[10, 11]
1016: CR3[9, 11]
1017: CR4[8, 11]
1018: CR5[7, 11]
1019: H[10]
1020: CR2[9, 10]
1021: CR3[8, 10]
1022: CR4[7, 10]
1023: H[9]
1024: CR2[8, 9]
1025: CR3[7, 9]
1026: H[8]
1027: CR2[7, 8]
1028: H[7]
1029: CR2[14, 13]
1030: CR3[14, 13]
1031: CR4[14, 13]
1032: CR5[14, 13]
1033: CR6[14, 13]
1034: CR7[14, 13]
1035: CR1[14, 12]
1036: CR2[14, 12]
1037: CR3[14, 12]
1038: CR4[14, 12]
1039: CR5[14, 12]
1040: CR6[14, 12]
1041: CR1[14, 11]
1042: CR2[14, 11]
1043: CR3[14, 11]
1044: CR4[14, 11]
1045: CR5[14, 11]
1046: CR1[14, 10]
1047: CR2[14, 10]
1048: CR3[14, 10]
1049: CR4[14, 10]
1050: CR1[14, 9]
1051: CR2[14, 9]
1052: CR3[14, 9]
1053: CR1[14, 8]
1054: CR2[14, 8]
1055: CR1[14, 7]
1056: CCR1'[0, 6, 7]
1057: CCR2'[0, 6, 8]
1058: CCR3'[0, 6, 9]
1059: CCR4'[0, 6, 10]
1060: CCR5'[0, 6, 11]
1061: CCR6'[0, 6, 12]
1062: CCR7'[0, 6, 13]
1063: H[7]
1064: CR2'[7, 8]
1065: H[8]
1066: CR3'[7, 9]
1067: CR2'[8, 9]
1068: H[9]
1069: CR4'[7, 10]
1070: CR3'[8, 10]
1071: CR2'[9, 10]
1072: H[10]
1073: CR5'[7, 11]
1074: CR4'[8, 11]
1075: CR3'[9, 11]
1076: CR2'[10, 11]
1077: H[11]
1078: CR6'[7, 12]
1079: CR5'[8, 12]
1080: CR4'[9, 12]
1081: CR3'[10, 12]
1082: CR2'[11, 12]
1083: H[12]
1084: CR7'[7, 13]
1085: CR6'[8, 13]
1086: CR5'[9, 13]
1087: CR4'[10, 13]
1088: CR3'[11, 13]
1089: CR2'[12, 13]
1090: H[13]
1091: X[13]
1092: CNOT[13, 14]
1093: X[13]
1094: H[13]
1095: CR2[12, 13]
1096: CR3[11, 13]
1097: CR4[10, 13]
1098: CR5[9, 13]
1099: CR6[8, 13]
1100: CR7[7, 13]
1101: H[12]
1102: CR2[11, 12]
1103: CR3[10, 12]
1104: CR4[9, 12]
1105: CR5[8, 12]
1106: CR6[7, 12]
1107: H[11]
1108: CR2[10, 11]
1109: CR3[9, 11]
1110: CR4[8, 11]
1111: CR5[7, 11]
1112: H[10]
1113: CR2[9, 10]
1114: CR3[8, 10]
1115: CR4[7, 10]
1116: H[9]
1117: CR2[8, 9]
1118: CR3[7, 9]
1119: H[8]
1120: CR2[7, 8]
1121: H[7]
1122: CCR7[0, 6, 13]
1123: CCR6[0, 6, 12]
1124: CCR5[0, 6, 11]
1125: CCR4[0, 6, 10]
1126: CCR3[0, 6, 9]
1127: CCR2[0, 6, 8]
1128: CCR1[0, 6, 7]
1129: H[7]
1130: CR2'[7, 8]
1131: H[8]
1132: CR3'[7, 9]
1133: CR2'[8, 9]
1134: H[9]
1135: CR4'[7, 10]
1136: CR3'[8, 10]
1137: CR2'[9, 10]
1138: H[10]
1139: CR5'[7, 11]
1140: CR4'[8, 11]
1141: CR3'[9, 11]
1142: CR2'[10, 11]
1143: H[11]
1144: CR6'[7, 12]
1145: CR5'[8, 12]
1146: CR4'[9, 12]
1147: CR3'[10, 12]
1148: CR2'[11, 12]
1149: H[12]
1150: CR7'[7, 13]
1151: CR6'[8, 13]
1152: CR5'[9, 13]
1153: CR4'[10, 13]
1154: CR3'[11, 13]
1155: CR2'[12, 13]
1156: H[13]
1157: CSWAP[0, 1, 7]
1158: CSWAP[0, 2, 8]
1159: CSWAP[0, 3, 9]
1160: CSWAP[0, 4, 10]
1161: CSWAP[0, 5, 11]
1162: CSWAP[0, 6, 12]
1163: H[13]
1164: CR2[12, 13]
1165: CR3[11, 13]
1166: CR4[10, 13]
1167: CR5[9, 13]
1168: CR6[8, 13]
1169: CR7[7, 13]
1170: H[12]
1171: CR2[11, 12]
1172: CR3[10, 12]
1173: CR4[9, 12]
1174: CR5[8, 12]
1175: CR6[7, 12]
1176: H[11]
1177: CR2[10, 11]
1178: CR3[9, 11]
1179: CR4[8, 11]
1180: CR5[7, 11]
1181: H[10]
1182: CR2[9, 10]
1183: CR3[8, 10]
1184: CR4[7, 10]
1185: H[9]
1186: CR2[8, 9]
1187: CR3[7, 9]
1188: H[8]
1189: CR2[7, 8]
1190: H[7]
1191: CCR1'[0, 6, 11]
1192: CCR2'[0, 6, 12]
1193: CCR3'[0, 6, 13]
1194: H[7]
1195: CR2'[7, 8]
1196: H[8]
1197: CR3'[7, 9]
1198: CR2'[8, 9]
1199: H[9]
1200: CR4'[7, 10]
1201: CR3'[8, 10]
1202: CR2'[9, 10]
1203: H[10]
1204: CR5'[7, 11]
1205: CR4'[8, 11]
1206: CR3'[9, 11]
1207: CR2'[10, 11]
1208: H[11]
1209: CR6'[7, 12]
1210: CR5'[8, 12]
1211: CR4'[9, 12]
1212: CR3'[10, 12]
1213: CR2'[11, 12]
1214: H[12]
1215: CR7'[7, 13]
1216: CR6'[8, 13]
1217: CR5'[9, 13]
1218: CR4'[10, 13]
1219: CR3'[11, 13]
1220: CR2'[12, 13]
1221: H[13]
1222: X[13]
1223: CNOT[13, 14]
1224: X[13]
1225: H[13]
1226: CR2[12, 13]
1227: CR3[11, 13]
1228: CR4[10, 13]
1229: CR5[9, 13]
1230: CR6[8, 13]
1231: CR7[7, 13]
1232: H[12]
1233: CR2[11, 12]
1234: CR3[10, 12]
1235: CR4[9, 12]
1236: CR5[8, 12]
1237: CR6[7, 12]
1238: H[11]
1239: CR2[10, 11]
1240: CR3[9, 11]
1241: CR4[8, 11]
1242: CR5[7, 11]
1243: H[10]
1244: CR2[9, 10]
1245: CR3[8, 10]
1246: CR4[7, 10]
1247: H[9]
1248: CR2[8, 9]
1249: CR3[7, 9]
1250: H[8]
1251: CR2[7, 8]
1252: H[7]
1253: CCR3[0, 6, 13]
1254: CCR2[0, 6, 12]
1255: CCR1[0, 6, 11]
1256: CR1'[14, 7]
1257: CR2'[14, 8]
1258: CR1'[14, 8]
1259: CR3'[14, 9]
1260: CR2'[14, 9]
1261: CR1'[14, 9]
1262: CR4'[14, 10]
1263: CR3'[14, 10]
1264: CR2'[14, 10]
1265: CR1'[14, 10]
1266: CR5'[14, 11]
1267: CR4'[14, 11]
1268: CR3'[14, 11]
1269: CR2'[14, 11]
1270: CR1'[14, 11]
1271: CR6'[14, 12]
1272: CR5'[14, 12]
1273: CR4'[14, 12]
1274: CR3'[14, 12]
1275: CR2'[14, 12]
1276: CR1'[14, 12]
1277: CR7'[14, 13]
1278: CR6'[14, 13]
1279: CR5'[14, 13]
1280: CR4'[14, 13]
1281: CR3'[14, 13]
1282: CR2'[14, 13]
1283: H[7]
1284: CR2'[7, 8]
1285: H[8]
1286: CR3'[7, 9]
1287: CR2'[8, 9]
1288: H[9]
1289: CR4'[7, 10]
1290: CR3'[8, 10]
1291: CR2'[9, 10]
1292: H[10]
1293: CR5'[7, 11]
1294: CR4'[8, 11]
1295: CR3'[9, 11]
1296: CR2'[10, 11]
1297: H[11]
1298: CR6'[7, 12]
1299: CR5'[8, 12]
1300: CR4'[9, 12]
1301: CR3'[10, 12]
1302: CR2'[11, 12]
1303: H[12]
1304: CR7'[7, 13]
1305: CR6'[8, 13]
1306: CR5'[9, 13]
1307: CR4'[10, 13]
1308: CR3'[11, 13]
1309: CR2'[12, 13]
1310: H[13]
1311: CNOT[13, 14]
1312: H[13]
1313: CR2[12, 13]
1314: CR3[11, 13]
1315: CR4[10, 13]
1316: CR5[9, 13]
1317: CR6[8, 13]
1318: CR7[7, 13]
1319: H[12]
1320: CR2[11, 12]
1321: CR3[10, 12]
1322: CR4[9, 12]
1323: CR5[8, 12]
1324: CR6[7, 12]
1325: H[11]
1326: CR2[10, 11]
1327: CR3[9, 11]
1328: CR4[8, 11]
1329: CR5[7, 11]
1330: H[10]
1331: CR2[9, 10]
1332: CR3[8, 10]
1333: CR4[7, 10]
1334: H[9]
1335: CR2[8, 9]
1336: CR3[7, 9]
1337: H[8]
1338: CR2[7, 8]
1339: H[7]
1340: R2[13]
1341: R3[13]
1342: R4[13]
1343: R5[13]
1344: R6[13]
1345: R7[13]
1346: R1[12]
1347: R2[12]
1348: R3[12]
1349: R4[12]
1350: R5[12]
1351: R6[12]
1352: R1[11]
1353: R2[11]
1354: R3[11]
1355: R4[11]
1356: R5[11]
1357: R1[10]
1358: R2[10]
1359: R3[10]
1360: R4[10]
1361: R1[9]
1362: R2[9]
1363: R3[9]
1364: R1[8]
1365: R2[8]
1366: R1[7]
1367: CCR1'[0, 6, 11]
1368: CCR2'[0, 6, 12]
1369: CCR3'[0, 6, 13]
1370: CCR1'[0, 5, 10]
1371: CCR2'[0, 5, 11]
1372: CCR3'[0, 5, 12]
1373: CCR4'[0, 5, 13]
1374: H[7]
1375: CR2'[7, 8]
1376: H[8]
1377: CR3'[7, 9]
1378: CR2'[8, 9]
1379: H[9]
1380: CR4'[7, 10]
1381: CR3'[8, 10]
1382: CR2'[9, 10]
1383: H[10]
1384: CR5'[7, 11]
1385: CR4'[8, 11]
1386: CR3'[9, 11]
1387: CR2'[10, 11]
1388: H[11]
1389: CR6'[7, 12]
1390: CR5'[8, 12]
1391: CR4'[9, 12]
1392: CR3'[10, 12]
1393: CR2'[11, 12]
1394: H[12]
1395: CR7'[7, 13]
1396: CR6'[8, 13]
1397: CR5'[9, 13]
1398: CR4'[10, 13]
1399: CR3'[11, 13]
1400: CR2'[12, 13]
1401: H[13]
1402: X[13]
1403: CNOT[13, 14]
1404: X[13]
1405: H[13]
1406: CR2[12, 13]
1407: CR3[11, 13]
1408: CR4[10, 13]
1409: CR5[9, 13]
1410: CR6[8, 13]
1411: CR7[7, 13]
1412: H[12]
1413: CR2[11, 12]
1414: CR3[10, 12]
1415: CR4[9, 12]
1416: CR5[8, 12]
1417: CR6[7, 12]
1418: H[11]
1419: CR2[10, 11]
1420: CR3[9, 11]
1421: CR4[8, 11]
1422: CR5[7, 11]
1423: H[10]
1424: CR2[9, 10]
1425: CR3[8, 10]
1426: CR4[7, 10]
1427: H[9]
1428: CR2[8, 9]
1429: CR3[7, 9]
1430: H[8]
1431: CR2[7, 8]
1432: H[7]
1433: CCR4[0, 5, 13]
1434: CCR3[0, 5, 12]
1435: CCR2[0, 5, 11]
1436: CCR1[0, 5, 10]
1437: CR1'[14, 7]
1438: CR2'[14, 8]
1439: CR1'[14, 8]
1440: CR3'[14, 9]
1441: CR2'[14, 9]
1442: CR1'[14, 9]
1443: CR4'[14, 10]
1444: CR3'[14, 10]
1445: CR2'[14, 10]
1446: CR1'[14, 10]
1447: CR5'[14, 11]
1448: CR4'[14, 11]
1449: CR3'[14, 11]
1450: CR2'[14, 11]
1451: CR1'[14, 11]
1452: CR6'[14, 12]
1453: CR5'[14, 12]
1454: CR4'[14, 12]
1455: CR3'[14, 12]
1456: CR2'[14, 12]
1457: CR1'[14, 12]
1458: CR7'[14, 13]
1459: CR6'[14, 13]
1460: CR5'[14, 13]
1461: CR4'[14, 13]
1462: CR3'[14, 13]
1463: CR2'[14, 13]
1464: H[7]
1465: CR2'[7, 8]
1466: H[8]
1467: CR3'[7, 9]
1468: CR2'[8, 9]
1469: H[9]
1470: CR4'[7, 10]
1471: CR3'[8, 10]
1472: CR2'[9, 10]
1473: H[10]
1474: CR5'[7, 11]
1475: CR4'[8, 11]
1476: CR3'[9, 11]
1477: CR2'[10, 11]
1478: H[11]
1479: CR6'[7, 12]
1480: CR5'[8, 12]
1481: CR4'[9, 12]
1482: CR3'[10, 12]
1483: CR2'[11, 12]
1484: H[12]
1485: CR7'[7, 13]
1486: CR6'[8, 13]
1487: CR5'[9, 13]
1488: CR4'[10, 13]
1489: CR3'[11, 13]
1490: CR2'[12, 13]
1491: H[13]
1492: CNOT[13, 14]
1493: H[13]
1494: CR2[12, 13]
1495: CR3[11, 13]
1496: CR4[10, 13]
1497: CR5[9, 13]
1498: CR6[8, 13]
1499: CR7[7, 13]
1500: H[12]
1501: CR2[11, 12]
1502: CR3[10, 12]
1503: CR4[9, 12]
1504: CR5[8, 12]
1505: CR6[7, 12]
1506: H[11]
1507: CR2[10, 11]
1508: CR3[9, 11]
1509: CR4[8, 11]
1510: CR5[7, 11]
1511: H[10]
1512: CR2[9, 10]
1513: CR3[8, 10]
1514: CR4[7, 10]
1515: H[9]
1516: CR2[8, 9]
1517: CR3[7, 9]
1518: H[8]
1519: CR2[7, 8]
1520: H[7]
1521: R2[13]
1522: R3[13]
1523: R4[13]
1524: R5[13]
1525: R6[13]
1526: R7[13]
1527: R1[12]
1528: R2[12]
1529: R3[12]
1530: R4[12]
1531: R5[12]
1532: R6[12]
1533: R1[11]
1534: R2[11]
1535: R3[11]
1536: R4[11]
1537: R5[11]
1538: R1[10]
1539: R2[10]
1540: R3[10]
1541: R4[10]
1542: R1[9]
1543: R2[9]
1544: R3[9]
1545: R1[8]
1546: R2[8]
1547: R1[7]
1548: CCR1'[0, 5, 10]
1549: CCR2'[0, 5, 11]
1550: CCR3'[0, 5, 12]
1551: CCR4'[0, 5, 13]
1552: CCR1'[0, 4, 9]
1553: CCR2'[0, 4, 10]
1554: CCR3'[0, 4, 11]
1555: CCR4'[0, 4, 12]
1556: CCR5'[0, 4, 13]
1557: H[7]
1558: CR2'[7, 8]
1559: H[8]
1560: CR3'[7, 9]
1561: CR2'[8, 9]
1562: H[9]
1563: CR4'[7, 10]
1564: CR3'[8, 10]
1565: CR2'[9, 10]
1566: H[10]
1567: CR5'[7, 11]
1568: CR4'[8, 11]
1569: CR3'[9, 11]
1570: CR2'[10, 11]
1571: H[11]
1572: CR6'[7, 12]
1573: CR5'[8, 12]
1574: CR4'[9, 12]
1575: CR3'[10, 12]
1576: CR2'[11, 12]
1577: H[12]
1578: CR7'[7, 13]
1579: CR6'[8, 13]
1580: CR5'[9, 13]
1581: CR4'[10, 13]
1582: CR3'[11, 13]
1583: CR2'[12, 13]
1584: H[13]
1585: X[13]
1586: CNOT[13, 14]
1587: X[13]
1588: H[13]
1589: CR2[12, 13]
1590: CR3[11, 13]
1591: CR4[10, 13]
1592: CR5[9, 13]
1593: CR6[8, 13]
1594: CR7[7, 13]
1595: H[12]
1596: CR2[11, 12]
1597: CR3[10, 12]
1598: CR4[9, 12]
1599: CR5[8, 12]
1600: CR6[7, 12]
1601: H[11]
1602: CR2[10, 11]
1603: CR3[9, 11]
1604: CR4[8, 11]
1605: CR5[7, 11]
1606: H[10]
1607: CR2[9, 10]
1608: CR3[8, 10]
1609: CR4[7, 10]
1610: H[9]
1611: CR2[8, 9]
1612: CR3[7, 9]
1613: H[8]
1614: CR2[7, 8]
1615: H[7]
1616: CCR5[0, 4, 13]
1617: CCR4[0, 4, 12]
1618: CCR3[0, 4, 11]
1619: CCR2[0, 4, 10]
1620: CCR1[0, 4, 9]
1621: CR1'[14, 7]
1622: CR2'[14, 8]
1623: CR1'[14, 8]
1624: CR3'[14, 9]
1625: CR2'[14, 9]
1626: CR1'[14, 9]
1627: CR4'[14, 10]
1628: CR3'[14, 10]
1629: CR2'[14, 10]
1630: CR1'[14, 10]
1631: CR5'[14, 11]
1632: CR4'[14, 11]
1633: CR3'[14, 11]
1634: CR2'[14, 11]
1635: CR1'[14, 11]
1636: CR6'[14, 12]
1637: CR5'[14, 12]
1638: CR4'[14, 12]
1639: CR3'[14, 12]
1640: CR2'[14, 12]
1641: CR1'[14, 12]
1642: CR7'[14, 13]
1643: CR6'[14, 13]
1644: CR5'[14, 13]
1645: CR4'[14, 13]
1646: CR3'[14, 13]
1647: CR2'[14, 13]
1648: H[7]
1649: CR2'[7, 8]
1650: H[8]
1651: CR3'[7, 9]
1652: CR2'[8, 9]
1653: H[9]
1654: CR4'[7, 10]
1655: CR3'[8, 10]
1656: CR2'[9, 10]
1657: H[10]
1658: CR5'[7, 11]
1659: CR4'[8, 11]
1660: CR3'[9, 11]
1661: CR2'[10, 11]
1662: H[11]
1663: CR6'[7, 12]
1664: CR5'[8, 12]
1665: CR4'[9, 12]
1666: CR3'[10, 12]
1667: CR2'[11, 12]
1668: H[12]
1669: CR7'[7, 13]
1670: CR6'[8, 13]
1671: CR5'[9, 13]
1672: CR4'[10, 13]
1673: CR3'[11, 13]
1674: CR2'[12, 13]
1675: H[13]
1676: CNOT[13, 14]
1677: H[13]
1678: CR2[12, 13]
1679: CR3[11, 13]
1680: CR4[10, 13]
1681: CR5[9, 13]
1682: CR6[8, 13]
1683: CR7[7, 13]
1684: H[12]
1685: CR2[11, 12]
1686: CR3[10, 12]
1687: CR4[9, 12]
1688: CR5[8, 12]
1689: CR6[7, 12]
1690: H[11]
1691: CR2[10, 11]
1692: CR3[9, 11]
1693: CR4[8, 11]
1694: CR5[7, 11]
1695: H[10]
1696: CR2[9, 10]
1697: CR3[8, 10]
1698: CR4[7, 10]
1699: H[9]
1700: CR2[8, 9]
1701: CR3[7, 9]
1702: H[8]
1703: CR2[7, 8]
1704: H[7]
1705: R2[13]
1706: R3[13]
1707: R4[13]
1708: R5[13]
1709: R6[13]
1710: R7[13]
1711: R1[12]
1712: R2[12]
1713: R3[12]
1714: R4[12]
1715: R5[12]
1716: R6[12]
1717: R1[11]
1718: R2[11]
1719: R3[11]
1720: R4[11]
1721: R5[11]
1722: R1[10]
1723: R2[10]
1724: R3[10]
1725: R4[10]
1726: R1[9]
1727: R2[9]
1728: R3[9]
1729: R1[8]
1730: R2[8]
1731: R1[7]
1732: CCR1'[0, 4, 9]
1733: CCR2'[0, 4, 10]
1734: CCR3'[0, 4, 11]
1735: CCR4'[0, 4, 12]
1736: CCR5'[0, 4, 13]
1737: CCR1'[0, 3, 8]
1738: CCR2'[0, 3, 9]
1739: CCR3'[0, 3, 10]
1740: CCR4'[0, 3, 11]
1741: CCR5'[0, 3, 12]
1742: CCR6'[0, 3, 13]
1743: H[7]
1744: CR2'[7, 8]
1745: H[8]
1746: CR3'[7, 9]
1747: CR2'[8, 9]
1748: H[9]
1749: CR4'[7, 10]
1750: CR3'[8, 10]
1751: CR2'[9, 10]
1752: H[10]
1753: CR5'[7, 11]
1754: CR4'[8, 11]
1755: CR3'[9, 11]
1756: CR2'[10, 11]
1757: H[11]
1758: CR6'[7, 12]
1759: CR5'[8, 12]
1760: CR4'[9, 12]
1761: CR3'[10, 12]
1762: CR2'[11, 12]
1763: H[12]
1764: CR7'[7, 13]
1765: CR6'[8, 13]
1766: CR5'[9, 13]
1767: CR4'[10, 13]
1768: CR3'[11, 13]
1769: CR2'[12, 13]
1770: H[13]
1771: X[13]
1772: CNOT[13, 14]
1773: X[13]
1774: H[13]
1775: CR2[12, 13]
1776: CR3[11, 13]
1777: CR4[10, 13]
1778: CR5[9, 13]
1779: CR6[8, 13]
1780: CR7[7, 13]
1781: H[12]
1782: CR2[11, 12]
1783: CR3[10, 12]
1784: CR4[9, 12]
1785: CR5[8, 12]
1786: CR6[7, 12]
1787: H[11]
1788: CR2[10, 11]
1789: CR3[9, 11]
1790: CR4[8, 11]
1791: CR5[7, 11]
1792: H[10]
1793: CR2[9, 10]
1794: CR3[8, 10]
1795: CR4[7, 10]
1796: H[9]
1797: CR2[8, 9]
1798: CR3[7, 9]
1799: H[8]
1800: CR2[7, 8]
1801: H[7]
1802: CCR6[0, 3, 13]
1803: CCR5[0, 3, 12]
1804: CCR4[0, 3, 11]
1805: CCR3[0, 3, 10]
1806: CCR2[0, 3, 9]
1807: CCR1[0, 3, 8]
1808: CR1'[14, 7]
1809: CR2'[14, 8]
1810: CR1'[14, 8]
1811: CR3'[14, 9]
1812: CR2'[14, 9]
1813: CR1'[14, 9]
1814: CR4'[14, 10]
1815: CR3'[14, 10]
1816: CR2'[14, 10]
1817: CR1'[14, 10]
1818: CR5'[14, 11]
1819: CR4'[14, 11]
1820: CR3'[14, 11]
1821: CR2'[14, 11]
1822: CR1'[14, 11]
1823: CR6'[14, 12]
1824: CR5'[14, 12]
1825: CR4'[14, 12]
1826: CR3'[14, 12]
1827: CR2'[14, 12]
1828: CR1'[14, 12]
1829: CR7'[14, 13]
1830: CR6'[14, 13]
1831: CR5'[14, 13]
1832: CR4'[14, 13]
1833: CR3'[14, 13]
1834: CR2'[14, 13]
1835: H[7]
1836: CR2'[7, 8]
1837: H[8]
1838: CR3'[7, 9]
1839: CR2'[8, 9]
1840: H[9]
1841: CR4'[7, 10]
1842: CR3'[8, 10]
1843: CR2'[9, 10]
1844: H[10]
1845: CR5'[7, 11]
1846: CR4'[8, 11]
1847: CR3'[9, 11]
1848: CR2'[10, 11]
1849: H[11]
1850: CR6'[7, 12]
1851: CR5'[8, 12]
1852: CR4'[9, 12]
1853: CR3'[10, 12]
1854: CR2'[11, 12]
1855: H[12]
1856: CR7'[7, 13]
1857: CR6'[8, 13]
1858: CR5'[9, 13]
1859: CR4'[10, 13]
1860: CR3'[11, 13]
1861: CR2'[12, 13]
1862: H[13]
1863: CNOT[13, 14]
1864: H[13]
1865: CR2[12, 13]
1866: CR3[11, 13]
1867: CR4[10, 13]
1868: CR5[9, 13]
1869: CR6[8, 13]
1870: CR7[7, 13]
1871: H[12]
1872: CR2[11, 12]
1873: CR3[10, 12]
1874: CR4[9, 12]
1875: CR5[8, 12]
1876: CR6[7, 12]
1877: H[11]
1878: CR2[10, 11]
1879: CR3[9, 11]
1880: CR4[8, 11]
1881: CR5[7, 11]
1882: H[10]
1883: CR2[9, 10]
1884: CR3[8, 10]
1885: CR4[7, 10]
1886: H[9]
1887: CR2[8, 9]
1888: CR3[7, 9]
1889: H[8]
1890: CR2[7, 8]
1891: H[7]
1892: R2[13]
1893: R3[13]
1894: R4[13]
1895: R5[13]
1896: R6[13]
1897: R7[13]
1898: R1[12]
1899: R2[12]
1900: R3[12]
1901: R4[12]
1902: R5[12]
1903: R6[12]
1904: R1[11]
1905: R2[11]
1906: R3[11]
1907: R4[11]
1908: R5[11]
1909: R1[10]
1910: R2[10]
1911: R3[10]
1912: R4[10]
1913: R1[9]
1914: R2[9]
1915: R3[9]
1916: R1[8]
1917: R2[8]
1918: R1[7]
1919: CCR1'[0, 3, 8]
1920: CCR2'[0, 3, 9]
1921: CCR3'[0, 3, 10]
1922: CCR4'[0, 3, 11]
1923: CCR5'[0, 3, 12]
1924: CCR6'[0, 3, 13]
1925: CCR1'[0, 2, 7]
1926: CCR2'[0, 2, 8]
1927: CCR3'[0, 2, 9]
1928: CCR4'[0, 2, 10]
1929: CCR5'[0, 2, 11]
1930: CCR6'[0, 2, 12]
1931: CCR7'[0, 2, 13]
1932: H[7]
1933: CR2'[7, 8]
1934: H[8]
1935: CR3'[7, 9]
1936: CR2'[8, 9]
1937: H[9]
1938: CR4'[7, 10]
1939: CR3'[8, 10]
1940: CR2'[9, 10]
1941: H[10]
1942: CR5'[7, 11]
1943: CR4'[8, 11]
1944: CR3'[9, 11]
1945: CR2'[10, 11]
1946: H[11]
1947: CR6'[7, 12]
1948: CR5'[8, 12]
1949: CR4'[9, 12]
1950: CR3'[10, 12]
1951: CR2'[11, 12]
1952: H[12]
1953: CR7'[7, 13]
1954: CR6'[8, 13]
1955: CR5'[9, 13]
1956: CR4'[10, 13]
1957: CR3'[11, 13]
1958: CR2'[12, 13]
1959: H[13]
1960: X[13]
1961: CNOT[13, 14]
1962: X[13]
1963: H[13]
1964: CR2[12, 13]
1965: CR3[11, 13]
1966: CR4[10, 13]
1967: CR5[9, 13]
1968: CR6[8, 13]
1969: CR7[7, 13]
1970: H[12]
1971: CR2[11, 12]
1972: CR3[10, 12]
1973: CR4[9, 12]
1974: CR5[8, 12]
1975: CR6[7, 12]
1976: H[11]
1977: CR2[10, 11]
1978: CR3[9, 11]
1979: CR4[8, 11]
1980: CR5[7, 11]
1981: H[10]
1982: CR2[9, 10]
1983: CR3[8, 10]
1984: CR4[7, 10]
1985: H[9]
1986: CR2[8, 9]
1987: CR3[7, 9]
1988: H[8]
1989: CR2[7, 8]
1990: H[7]
1991: CCR7[0, 2, 13]
1992: CCR6[0, 2, 12]
1993: CCR5[0, 2, 11]
1994: CCR4[0, 2, 10]
1995: CCR3[0, 2, 9]
1996: CCR2[0, 2, 8]
1997: CCR1[0, 2, 7]
1998: CR1'[14, 7]
1999: CR2'[14, 8]
2000: CR1'[14, 8]
2001: CR3'[14, 9]
2002: CR2'[14, 9]
2003: CR1'[14, 9]
2004: CR4'[14, 10]
2005: CR3'[14, 10]
2006: CR2'[14, 10]
2007: CR1'[14, 10]
2008: CR5'[14, 11]
2009: CR4'[14, 11]
2010: CR3'[14, 11]
2011: CR2'[14, 11]
2012: CR1'[14, 11]
2013: CR6'[14, 12]
2014: CR5'[14, 12]
2015: CR4'[14, 12]
2016: CR3'[14, 12]
2017: CR2'[14, 12]
2018: CR1'[14, 12]
2019: CR7'[14, 13]
2020: CR6'[14, 13]
2021: CR5'[14, 13]
2022: CR4'[14, 13]
2023: CR3'[14, 13]
2024: CR2'[14, 13]
2025: H[7]
2026: CR2'[7, 8]
2027: H[8]
2028: CR3'[7, 9]
2029: CR2'[8, 9]
2030: H[9]
2031: CR4'[7, 10]
2032: CR3'[8, 10]
2033: CR2'[9, 10]
2034: H[10]
2035: CR5'[7, 11]
2036: CR4'[8, 11]
2037: CR3'[9, 11]
2038: CR2'[10, 11]
2039: H[11]
2040: CR6'[7, 12]
2041: CR5'[8, 12]
2042: CR4'[9, 12]
2043: CR3'[10, 12]
2044: CR2'[11, 12]
2045: H[12]
2046: CR7'[7, 13]
2047: CR6'[8, 13]
2048: CR5'[9, 13]
2049: CR4'[10, 13]
2050: CR3'[11, 13]
2051: CR2'[12, 13]
2052: H[13]
2053: CNOT[13, 14]
2054: H[13]
2055: CR2[12, 13]
2056: CR3[11, 13]
2057: CR4[10, 13]
2058: CR5[9, 13]
2059: CR6[8, 13]
2060: CR7[7, 13]
2061: H[12]
2062: CR2[11, 12]
2063: CR3[10, 12]
2064: CR4[9, 12]
2065: CR5[8, 12]
2066: CR6[7, 12]
2067: H[11]
2068: CR2[10, 11]
2069: CR3[9, 11]
2070: CR4[8, 11]
2071: CR5[7, 11]
2072: H[10]
2073: CR2[9, 10]
2074: CR3[8, 10]
2075: CR4[7, 10]
2076: H[9]
2077: CR2[8, 9]
2078: CR3[7, 9]
2079: H[8]
2080: CR2[7, 8]
2081: H[7]
2082: R2[13]
2083: R3[13]
2084: R4[13]
2085: R5[13]
2086: R6[13]
2087: R7[13]
2088: R1[12]
2089: R2[12]
2090: R3[12]
2091: R4[12]
2092: R5[12]
2093: R6[12]
2094: R1[11]
2095: R2[11]
2096: R3[11]
2097: R4[11]
2098: R5[11]
2099: R1[10]
2100: R2[10]
2101: R3[10]
2102: R4[10]
2103: R1[9]
2104: R2[9]
2105: R3[9]
2106: R1[8]
2107: R2[8]
2108: R1[7]
2109: CCR1'[0, 2, 7]
2110: CCR2'[0, 2, 8]
2111: CCR3'[0, 2, 9]
2112: CCR4'[0, 2, 10]
2113: CCR5'[0, 2, 11]
2114: CCR6'[0, 2, 12]
2115: CCR7'[0, 2, 13]
2116: CCR1'[0, 1, 12]
2117: CCR2'[0, 1, 13]
2118: H[7]
2119: CR2'[7, 8]
2120: H[8]
2121: CR3'[7, 9]
2122: CR2'[8, 9]
2123: H[9]
2124: CR4'[7, 10]
2125: CR3'[8, 10]
2126: CR2'[9, 10]
2127: H[10]
2128: CR5'[7, 11]
2129: CR4'[8, 11]
2130: CR3'[9, 11]
2131: CR2'[10, 11]
2132: H[11]
2133: CR6'[7, 12]
2134: CR5'[8, 12]
2135: CR4'[9, 12]
2136: CR3'[10, 12]
2137: CR2'[11, 12]
2138: H[12]
2139: CR7'[7, 13]
2140: CR6'[8, 13]
2141: CR5'[9, 13]
2142: CR4'[10, 13]
2143: CR3'[11, 13]
2144: CR2'[12, 13]
2145: H[13]
2146: X[13]
2147: CNOT[13, 14]
2148: X[13]
2149: H[13]
2150: CR2[12, 13]
2151: CR3[11, 13]
2152: CR4[10, 13]
2153: CR5[9, 13]
2154: CR6[8, 13]
2155: CR7[7, 13]
2156: H[12]
2157: CR2[11, 12]
2158: CR3[10, 12]
2159: CR4[9, 12]
2160: CR5[8, 12]
2161: CR6[7, 12]
2162: H[11]
2163: CR2[10, 11]
2164: CR3[9, 11]
2165: CR4[8, 11]
2166: CR5[7, 11]
2167: H[10]
2168: CR2[9, 10]
2169: CR3[8, 10]
2170: CR4[7, 10]
2171: H[9]
2172: CR2[8, 9]
2173: CR3[7, 9]
2174: H[8]
2175: CR2[7, 8]
2176: H[7]
2177: CCR2[0, 1, 13]
2178: CCR1[0, 1, 12]
2179: CR1'[14, 7]
2180: CR2'[14, 8]
2181: CR1'[14, 8]
2182: CR3'[14, 9]
2183: CR2'[14, 9]
2184: CR1'[14, 9]
2185: CR4'[14, 10]
2186: CR3'[14, 10]
2187: CR2'[14, 10]
2188: CR1'[14, 10]
2189: CR5'[14, 11]
2190: CR4'[14, 11]
2191: CR3'[14, 11]
2192: CR2'[14, 11]
2193: CR1'[14, 11]
2194: CR6'[14, 12]
2195: CR5'[14, 12]
2196: CR4'[14, 12]
2197: CR3'[14, 12]
2198: CR2'[14, 12]
2199: CR1'[14, 12]
2200: CR7'[14, 13]
2201: CR6'[14, 13]
2202: CR5'[14, 13]
2203: CR4'[14, 13]
2204: CR3'[14, 13]
2205: CR2'[14, 13]
2206: H[7]
2207: CR2'[7, 8]
2208: H[8]
2209: CR3'[7, 9]
2210: CR2'[8, 9]
2211: H[9]
2212: CR4'[7, 10]
2213: CR3'[8, 10]
2214: CR2'[9, 10]
2215: H[10]
2216: CR5'[7, 11]
2217: CR4'[8, 11]
2218: CR3'[9, 11]
2219: CR2'[10, 11]
2220: H[11]
2221: CR6'[7, 12]
2222: CR5'[8, 12]
2223: CR4'[9, 12]
2224: CR3'[10, 12]
2225: CR2'[11, 12]
2226: H[12]
2227: CR7'[7, 13]
2228: CR6'[8, 13]
2229: CR5'[9, 13]
2230: CR4'[10, 13]
2231: CR3'[11, 13]
2232: CR2'[12, 13]
2233: H[13]
2234: CNOT[13, 14]
2235: H[13]
2236: CR2[12, 13]
2237: CR3[11, 13]
2238: CR4[10, 13]
2239: CR5[9, 13]
2240: CR6[8, 13]
2241: CR7[7, 13]
2242: H[12]
2243: CR2[11, 12]
2244: CR3[10, 12]
2245: CR4[9, 12]
2246: CR5[8, 12]
2247: CR6[7, 12]
2248: H[11]
2249: CR2[10, 11]
2250: CR3[9, 11]
2251: CR4[8, 11]
2252: CR5[7, 11]
2253: H[10]
2254: CR2[9, 10]
2255: CR3[8, 10]
2256: CR4[7, 10]
2257: H[9]
2258: CR2[8, 9]
2259: CR3[7, 9]
2260: H[8]
2261: CR2[7, 8]
2262: H[7]
2263: R2[13]
2264: R3[13]
2265: R4[13]
2266: R5[13]
2267: R6[13]
2268: R7[13]
2269: R1[12]
2270: R2[12]
2271: R3[12]
2272: R4[12]
2273: R5[12]
2274: R6[12]
2275: R1[11]
2276: R2[11]
2277: R3[11]
2278: R4[11]
2279: R5[11]
2280: R1[10]
2281: R2[10]
2282: R3[10]
2283: R4[10]
2284: R1[9]
2285: R2[9]
2286: R3[9]
2287: R1[8]
2288: R2[8]
2289: R1[7]
2290: CCR1'[0, 1, 12]
2291: CCR2'[0, 1, 13]
2292: H[7]
2293: CR2'[7, 8]
2294: H[8]
2295: CR3'[7, 9]
2296: CR2'[8, 9]
2297: H[9]
2298: CR4'[7, 10]
2299: CR3'[8, 10]
2300: CR2'[9, 10]
2301: H[10]
2302: CR5'[7, 11]
2303: CR4'[8, 11]
2304: CR3'[9, 11]
2305: CR2'[10, 11]
2306: H[11]
2307: CR6'[7, 12]
2308: CR5'[8, 12]
2309: CR4'[9, 12]
2310: CR3'[10, 12]
2311: CR2'[11, 12]
2312: H[12]
2313: CR7'[7, 13]
2314: CR6'[8, 13]
2315: CR5'[9, 13]
2316: CR4'[10, 13]
2317: CR3'[11, 13]
2318: CR2'[12, 13]
2319: H[13]
@@@DBG:     0: min=    10 max=    15 tgt=  2320 iter=  0.2s elap=     0.2s
@@@DBG:     1: min=    16 max=    21 tgt=  2320 iter=  0.2s elap=     0.4s
@@@DBG:     2: min=    23 max=    41 tgt=  2320 iter=  0.2s elap=     0.5s
@@@DBG:     3: min=    26 max=    71 tgt=  2320 iter=  0.2s elap=     0.7s
@@@DBG:     4: min=    44 max=    77 tgt=  2320 iter=  0.2s elap=     0.9s
@@@DBG:     5: min=    55 max=    83 tgt=  2320 iter=  0.2s elap=     1.0s
@@@DBG:     6: min=    71 max=    89 tgt=  2320 iter=  0.2s elap=     1.2s
@@@DBG:     7: min=    77 max=   105 tgt=  2320 iter=  0.2s elap=     1.4s
@@@DBG:     8: min=    85 max=   128 tgt=  2320 iter=  0.2s elap=     1.5s
@@@DBG:     9: min=   105 max=   146 tgt=  2320 iter=  0.2s elap=     1.7s
@@@DBG:    10: min=   121 max=   158 tgt=  2320 iter=  0.2s elap=     1.9s
@@@DBG:    11: min=   142 max=   162 tgt=  2320 iter=  0.2s elap=     2.1s
@@@DBG:    12: min=   146 max=   171 tgt=  2320 iter=  0.2s elap=     2.2s
@@@DBG:    13: min=   149 max=   174 tgt=  2320 iter=  0.2s elap=     2.4s
@@@DBG:    14: min=   165 max=   180 tgt=  2320 iter=  0.2s elap=     2.6s
@@@DBG:    15: min=   168 max=   197 tgt=  2320 iter=  0.2s elap=     2.8s
@@@DBG:    16: min=   177 max=   203 tgt=  2320 iter=  0.2s elap=     2.9s
@@@DBG:    17: min=   188 max=   212 tgt=  2320 iter=  0.2s elap=     3.1s
@@@DBG:    18: min=   197 max=   215 tgt=  2320 iter=  0.2s elap=     3.2s
@@@DBG:    19: min=   203 max=   217 tgt=  2320 iter=  0.2s elap=     3.4s
@@@DBG:    20: min=   206 max=   227 tgt=  2320 iter=  0.2s elap=     3.6s
@@@DBG:    21: min=   213 max=   245 tgt=  2320 iter=  0.2s elap=     3.8s
@@@DBG:    22: min=   222 max=   258 tgt=  2320 iter=  0.2s elap=     3.9s
@@@DBG:    23: min=   236 max=   264 tgt=  2320 iter=  0.2s elap=     4.1s
@@@DBG:    24: min=   254 max=   292 tgt=  2320 iter=  0.2s elap=     4.2s
@@@DBG:    25: min=   260 max=   315 tgt=  2320 iter=  0.2s elap=     4.4s
@@@DBG:    26: min=   266 max=   335 tgt=  2320 iter=  0.2s elap=     4.5s
@@@DBG:    27: min=   271 max=   344 tgt=  2320 iter=  0.2s elap=     4.6s
@@@DBG:    28: min=   283 max=   347 tgt=  2320 iter=  0.2s elap=     4.8s
@@@DBG:    29: min=   292 max=   353 tgt=  2320 iter=  0.2s elap=     5.0s
@@@DBG:    30: min=   308 max=   383 tgt=  2320 iter=  0.2s elap=     5.1s
@@@DBG:    31: min=   334 max=   387 tgt=  2320 iter=  0.2s elap=     5.3s
@@@DBG:    32: min=   342 max=   391 tgt=  2320 iter=  0.2s elap=     5.4s
@@@DBG:    33: min=   346 max=   394 tgt=  2320 iter=  0.2s elap=     5.6s
@@@DBG:    34: min=   357 max=   405 tgt=  2320 iter=  0.2s elap=     5.7s
@@@DBG:    35: min=   360 max=   410 tgt=  2320 iter=  0.2s elap=     5.9s
@@@DBG:    36: min=   384 max=   430 tgt=  2320 iter=  0.2s elap=     6.1s
@@@DBG:    37: min=   391 max=   442 tgt=  2320 iter=  0.2s elap=     6.2s
@@@DBG:    38: min=   402 max=   448 tgt=  2320 iter=  0.2s elap=     6.4s
@@@DBG:    39: min=   404 max=   454 tgt=  2320 iter=  0.2s elap=     6.5s
@@@DBG:    40: min=   406 max=   476 tgt=  2320 iter=  0.2s elap=     6.6s
@@@DBG:    41: min=   442 max=   499 tgt=  2320 iter=  0.2s elap=     6.8s
@@@DBG:    42: min=   448 max=   522 tgt=  2320 iter=  0.2s elap=     6.9s
@@@DBG:    43: min=   460 max=   525 tgt=  2320 iter=  0.2s elap=     7.1s
@@@DBG:    44: min=   476 max=   528 tgt=  2320 iter=  0.2s elap=     7.3s
@@@DBG:    45: min=   499 max=   533 tgt=  2320 iter=  0.2s elap=     7.4s
@@@DBG:    46: min=   525 max=   540 tgt=  2320 iter=  0.2s elap=     7.6s
@@@DBG:    47: min=   528 max=   549 tgt=  2320 iter=  0.2s elap=     7.8s
@@@DBG:    48: min=   532 max=   566 tgt=  2320 iter=  0.2s elap=     7.9s
@@@DBG:    49: min=   540 max=   570 tgt=  2320 iter=  0.2s elap=     8.0s
@@@DBG:    50: min=   543 max=   574 tgt=  2320 iter=  0.2s elap=     8.2s
@@@DBG:    51: min=   566 max=   591 tgt=  2320 iter=  0.2s elap=     8.4s
@@@DBG:    52: min=   570 max=   593 tgt=  2320 iter=  0.2s elap=     8.5s
@@@DBG:    53: min=   574 max=   600 tgt=  2320 iter=  0.2s elap=     8.7s
@@@DBG:    54: min=   591 max=   623 tgt=  2320 iter=  0.2s elap=     8.8s
@@@DBG:    55: min=   594 max=   635 tgt=  2320 iter=  0.2s elap=     9.0s
@@@DBG:    56: min=   624 max=   638 tgt=  2320 iter=  0.2s elap=     9.1s
@@@DBG:    57: min=   631 max=   648 tgt=  2320 iter=  0.2s elap=     9.3s
@@@DBG:    58: min=   636 max=   657 tgt=  2320 iter=  0.2s elap=     9.4s
@@@DBG:    59: min=   652 max=   680 tgt=  2320 iter=  0.2s elap=     9.5s
@@@DBG:    60: min=   661 max=   707 tgt=  2320 iter=  0.2s elap=     9.7s
@@@DBG:    61: min=   670 max=   711 tgt=  2320 iter=  0.2s elap=     9.9s
@@@DBG:    62: min=   682 max=   716 tgt=  2320 iter=  0.2s elap=    10.0s
@@@DBG:    63: min=   696 max=   721 tgt=  2320 iter=  0.2s elap=    10.2s
@@@DBG:    64: min=   707 max=   746 tgt=  2320 iter=  0.2s elap=    10.3s
@@@DBG:    65: min=   711 max=   750 tgt=  2320 iter=  0.2s elap=    10.5s
@@@DBG:    66: min=   715 max=   779 tgt=  2320 iter=  0.2s elap=    10.6s
@@@DBG:    67: min=   718 max=   781 tgt=  2320 iter=  0.2s elap=    10.7s
@@@DBG:    68: min=   722 max=   788 tgt=  2320 iter=  0.2s elap=    10.9s
@@@DBG:    69: min=   726 max=   804 tgt=  2320 iter=  0.2s elap=    11.1s
@@@DBG:    70: min=   737 max=   813 tgt=  2320 iter=  0.2s elap=    11.2s
@@@DBG:    71: min=   779 max=   817 tgt=  2320 iter=  0.2s elap=    11.4s
@@@DBG:    72: min=   781 max=   835 tgt=  2320 iter=  0.2s elap=    11.5s
@@@DBG:    73: min=   788 max=   858 tgt=  2320 iter=  0.2s elap=    11.6s
@@@DBG:    74: min=   804 max=   890 tgt=  2320 iter=  0.2s elap=    11.8s
@@@DBG:    75: min=   810 max=   894 tgt=  2320 iter=  0.2s elap=    12.0s
@@@DBG:    76: min=   839 max=   900 tgt=  2320 iter=  0.2s elap=    12.1s
@@@DBG:    77: min=   856 max=   923 tgt=  2320 iter=  0.2s elap=    12.2s
@@@DBG:    78: min=   885 max=   929 tgt=  2320 iter=  0.2s elap=    12.4s
@@@DBG:    79: min=   888 max=   936 tgt=  2320 iter=  0.2s elap=    12.5s
@@@DBG:    80: min=   891 max=   947 tgt=  2320 iter=  0.2s elap=    12.7s
@@@DBG:    81: min=   897 max=   952 tgt=  2320 iter=  0.2s elap=    12.8s
@@@DBG:    82: min=   900 max=   967 tgt=  2320 iter=  0.2s elap=    12.9s
@@@DBG:    83: min=   923 max=   982 tgt=  2320 iter=  0.2s elap=    13.1s
@@@DBG:    84: min=   927 max=   993 tgt=  2320 iter=  0.2s elap=    13.2s
@@@DBG:    85: min=   936 max=  1000 tgt=  2320 iter=  0.2s elap=    13.4s
@@@DBG:    86: min=   961 max=  1016 tgt=  2320 iter=  0.2s elap=    13.5s
@@@DBG:    87: min=   978 max=  1032 tgt=  2320 iter=  0.2s elap=    13.6s
@@@DBG:    88: min=   987 max=  1056 tgt=  2320 iter=  0.2s elap=    13.8s
@@@DBG:    89: min=   991 max=  1070 tgt=  2320 iter=  0.2s elap=    13.9s
@@@DBG:    90: min=  1016 max=  1073 tgt=  2320 iter=  0.2s elap=    14.1s
@@@DBG:    91: min=  1032 max=  1076 tgt=  2320 iter=  0.2s elap=    14.2s
@@@DBG:    92: min=  1056 max=  1083 tgt=  2320 iter=  0.2s elap=    14.3s
@@@DBG:    93: min=  1065 max=  1086 tgt=  2320 iter=  0.2s elap=    14.5s
@@@DBG:    94: min=  1068 max=  1109 tgt=  2320 iter=  0.2s elap=    14.6s
@@@DBG:    95: min=  1071 max=  1115 tgt=  2320 iter=  0.2s elap=    14.7s
@@@DBG:    96: min=  1075 max=  1115 tgt=  2320 iter=  0.2s elap=    14.9s
@@@DBG:    97: min=  1081 max=  1122 tgt=  2320 iter=  0.2s elap=    15.0s
@@@DBG:    98: min=  1088 max=  1125 tgt=  2320 iter=  0.2s elap=    15.1s
@@@DBG:    99: min=  1104 max=  1128 tgt=  2320 iter=  0.2s elap=    15.3s
@@@DBG:   100: min=  1110 max=  1139 tgt=  2320 iter=  0.2s elap=    15.4s
@@@DBG:   101: min=  1114 max=  1145 tgt=  2320 iter=  0.2s elap=    15.5s
@@@DBG:   102: min=  1124 max=  1150 tgt=  2320 iter=  0.2s elap=    15.7s
@@@DBG:   103: min=  1127 max=  1154 tgt=  2320 iter=  0.2s elap=    15.8s
@@@DBG:   104: min=  1135 max=  1158 tgt=  2320 iter=  0.2s elap=    16.0s
@@@DBG:   105: min=  1144 max=  1160 tgt=  2320 iter=  0.2s elap=    16.1s
@@@DBG:   106: min=  1148 max=  1161 tgt=  2320 iter=  0.2s elap=    16.2s
@@@DBG:   107: min=  1152 max=  1163 tgt=  2320 iter=  0.2s elap=    16.4s
@@@DBG:   108: min=  1158 max=  1173 tgt=  2320 iter=  0.2s elap=    16.5s
@@@DBG:   109: min=  1160 max=  1179 tgt=  2320 iter=  0.2s elap=    16.6s
@@@DBG:   110: min=  1162 max=  1201 tgt=  2320 iter=  0.2s elap=    16.7s
@@@DBG:   111: min=  1169 max=  1204 tgt=  2320 iter=  0.2s elap=    16.8s
@@@DBG:   112: min=  1178 max=  1207 tgt=  2320 iter=  0.2s elap=    17.0s
@@@DBG:   113: min=  1184 max=  1214 tgt=  2320 iter=  0.2s elap=    17.1s
@@@DBG:   114: min=  1189 max=  1216 tgt=  2320 iter=  0.2s elap=    17.3s
@@@DBG:   115: min=  1200 max=  1219 tgt=  2320 iter=  0.2s elap=    17.4s
@@@DBG:   116: min=  1208 max=  1240 tgt=  2320 iter=  0.1s elap=    17.5s
@@@DBG:   117: min=  1213 max=  1246 tgt=  2320 iter=  0.1s elap=    17.7s
@@@DBG:   118: min=  1237 max=  1273 tgt=  2320 iter=  0.1s elap=    17.8s
@@@DBG:   119: min=  1244 max=  1276 tgt=  2320 iter=  0.1s elap=    18.0s
@@@DBG:   120: min=  1250 max=  1293 tgt=  2320 iter=  0.1s elap=    18.1s
@@@DBG:   121: min=  1255 max=  1299 tgt=  2320 iter=  0.1s elap=    18.3s
@@@DBG:   122: min=  1267 max=  1311 tgt=  2320 iter=  0.1s elap=    18.4s
@@@DBG:   123: min=  1277 max=  1327 tgt=  2320 iter=  0.1s elap=    18.5s
@@@DBG:   124: min=  1289 max=  1343 tgt=  2320 iter=  0.1s elap=    18.6s
@@@DBG:   125: min=  1295 max=  1356 tgt=  2320 iter=  0.1s elap=    18.7s
@@@DBG:   126: min=  1301 max=  1373 tgt=  2320 iter=  0.1s elap=    18.9s
@@@DBG:   127: min=  1311 max=  1381 tgt=  2320 iter=  0.1s elap=    19.0s
@@@DBG:   128: min=  1327 max=  1385 tgt=  2320 iter=  0.1s elap=    19.1s
@@@DBG:   129: min=  1350 max=  1394 tgt=  2320 iter=  0.1s elap=    19.3s
@@@DBG:   130: min=  1359 max=  1396 tgt=  2320 iter=  0.1s elap=    19.4s
@@@DBG:   131: min=  1376 max=  1391 tgt=  2320 iter=  0.1s elap=    19.5s
@@@DBG:   132: min=  1380 max=  1397 tgt=  2320 iter=  0.1s elap=    19.7s
@@@DBG:   133: min=  1384 max=  1411 tgt=  2320 iter=  0.1s elap=    19.8s
@@@DBG:   134: min=  1393 max=  1420 tgt=  2320 iter=  0.1s elap=    19.9s
@@@DBG:   135: min=  1396 max=  1426 tgt=  2320 iter=  0.1s elap=    20.0s
@@@DBG:   136: min=  1400 max=  1445 tgt=  2320 iter=  0.1s elap=    20.2s
@@@DBG:   137: min=  1415 max=  1448 tgt=  2320 iter=  0.1s elap=    20.3s
@@@DBG:   138: min=  1421 max=  1464 tgt=  2320 iter=  0.1s elap=    20.5s
@@@DBG:   139: min=  1433 max=  1472 tgt=  2320 iter=  0.1s elap=    20.6s
@@@DBG:   140: min=  1439 max=  1485 tgt=  2320 iter=  0.1s elap=    20.8s
@@@DBG:   141: min=  1445 max=  1485 tgt=  2320 iter=  0.1s elap=    20.9s
@@@DBG:   142: min=  1448 max=  1508 tgt=  2320 iter=  0.1s elap=    21.1s
@@@DBG:   143: min=  1464 max=  1531 tgt=  2320 iter=  0.1s elap=    21.2s
@@@DBG:   144: min=  1472 max=  1551 tgt=  2320 iter=  0.1s elap=    21.3s
@@@DBG:   145: min=  1479 max=  1553 tgt=  2320 iter=  0.1s elap=    21.4s
@@@DBG:   146: min=  1521 max=  1556 tgt=  2320 iter=  0.1s elap=    21.5s
@@@DBG:   147: min=  1543 max=  1559 tgt=  2320 iter=  0.1s elap=    21.6s
@@@DBG:   148: min=  1546 max=  1564 tgt=  2320 iter=  0.1s elap=    21.8s
@@@DBG:   149: min=  1554 max=  1577 tgt=  2320 iter=  0.1s elap=    21.9s
@@@DBG:   150: min=  1557 max=  1580 tgt=  2320 iter=  0.1s elap=    22.0s
@@@DBG:   151: min=  1564 max=  1603 tgt=  2320 iter=  0.1s elap=    22.2s
@@@DBG:   152: min=  1568 max=  1609 tgt=  2320 iter=  0.1s elap=    22.3s
@@@DBG:   153: min=  1572 max=  1622 tgt=  2320 iter=  0.1s elap=    22.4s
@@@DBG:   154: min=  1575 max=  1625 tgt=  2320 iter=  0.1s elap=    22.5s
@@@DBG:   155: min=  1594 max=  1639 tgt=  2320 iter=  0.1s elap=    22.7s
@@@DBG:   156: min=  1600 max=  1652 tgt=  2320 iter=  0.1s elap=    22.8s
@@@DBG:   157: min=  1606 max=  1669 tgt=  2320 iter=  0.1s elap=    22.9s
@@@DBG:   158: min=  1611 max=  1673 tgt=  2320 iter=  0.1s elap=    23.0s
@@@DBG:   159: min=  1616 max=  1692 tgt=  2320 iter=  0.1s elap=    23.2s
@@@DBG:   160: min=  1622 max=  1715 tgt=  2320 iter=  0.1s elap=    23.3s
@@@DBG:   161: min=  1663 max=  1733 tgt=  2320 iter=  0.1s elap=    23.4s
@@@DBG:   162: min=  1667 max=  1736 tgt=  2320 iter=  0.1s elap=    23.5s
@@@DBG:   163: min=  1689 max=  1739 tgt=  2320 iter=  0.1s elap=    23.6s
@@@DBG:   164: min=  1701 max=  1750 tgt=  2320 iter=  0.1s elap=    23.8s
@@@DBG:   165: min=  1721 max=  1753 tgt=  2320 iter=  0.1s elap=    23.8s
@@@DBG:   166: min=  1735 max=  1756 tgt=  2320 iter=  0.1s elap=    24.0s
@@@DBG:   167: min=  1737 max=  1772 tgt=  2320 iter=  0.1s elap=    24.1s
@@@DBG:   168: min=  1739 max=  1784 tgt=  2320 iter=  0.1s elap=    24.2s
@@@DBG:   169: min=  1745 max=  1790 tgt=  2320 iter=  0.1s elap=    24.3s
@@@DBG:   170: min=  1749 max=  1794 tgt=  2320 iter=  0.1s elap=    24.5s
@@@DBG:   171: min=  1756 max=  1804 tgt=  2320 iter=  0.1s elap=    24.6s
@@@DBG:   172: min=  1759 max=  1806 tgt=  2320 iter=  0.1s elap=    24.7s
@@@DBG:   173: min=  1762 max=  1820 tgt=  2320 iter=  0.1s elap=    24.8s
@@@DBG:   174: min=  1772 max=  1841 tgt=  2320 iter=  0.1s elap=    24.9s
@@@DBG:   175: min=  1784 max=  1850 tgt=  2320 iter=  0.1s elap=    25.1s
@@@DBG:   176: min=  1790 max=  1858 tgt=  2320 iter=  0.1s elap=    25.2s
@@@DBG:   177: min=  1799 max=  1879 tgt=  2320 iter=  0.1s elap=    25.3s
@@@DBG:   178: min=  1803 max=  1902 tgt=  2320 iter=  0.1s elap=    25.4s
@@@DBG:   179: min=  1807 max=  1922 tgt=  2320 iter=  0.1s elap=    25.5s
@@@DBG:   180: min=  1810 max=  1925 tgt=  2320 iter=  0.1s elap=    25.7s
@@@DBG:   181: min=  1845 max=  1934 tgt=  2320 iter=  0.1s elap=    25.8s
@@@DBG:   182: min=  1854 max=  1937 tgt=  2320 iter=  0.1s elap=    25.9s
@@@DBG:   183: min=  1860 max=  1943 tgt=  2320 iter=  0.1s elap=    26.0s
@@@DBG:   184: min=  1870 max=  1952 tgt=  2320 iter=  0.1s elap=    26.1s
@@@DBG:   185: min=  1876 max=  1954 tgt=  2320 iter=  0.1s elap=    26.2s
@@@DBG:   186: min=  1910 max=  1958 tgt=  2320 iter=  0.1s elap=    26.3s
@@@DBG:   187: min=  1919 max=  1978 tgt=  2320 iter=  0.1s elap=    26.4s
@@@DBG:   188: min=  1922 max=  1984 tgt=  2320 iter=  0.1s elap=    26.5s
@@@DBG:   189: min=  1925 max=  1987 tgt=  2320 iter=  0.1s elap=    26.7s
@@@DBG:   190: min=  1934 max=  1998 tgt=  2320 iter=  0.1s elap=    26.8s
@@@DBG:   191: min=  1938 max=  1994 tgt=  2320 iter=  0.1s elap=    26.9s
@@@DBG:   192: min=  1945 max=  1998 tgt=  2320 iter=  0.1s elap=    27.0s
@@@DBG:   193: min=  1948 max=  2028 tgt=  2320 iter=  0.1s elap=    27.1s
@@@DBG:   194: min=  1952 max=  2042 tgt=  2320 iter=  0.1s elap=    27.2s
@@@DBG:   195: min=  1954 max=  2046 tgt=  2320 iter=  0.1s elap=    27.3s
@@@DBG:   196: min=  1984 max=  2069 tgt=  2320 iter=  0.1s elap=    27.5s
@@@DBG:   197: min=  1988 max=  2092 tgt=  2320 iter=  0.1s elap=    27.5s
@@@DBG:   198: min=  1993 max=  2109 tgt=  2320 iter=  0.1s elap=    27.6s
@@@DBG:   199: min=  1996 max=  2123 tgt=  2320 iter=  0.1s elap=    27.7s
@@@DBG:   200: min=  2010 max=  2126 tgt=  2320 iter=  0.1s elap=    27.8s
@@@DBG:   201: min=  2046 max=  2130 tgt=  2320 iter=  0.1s elap=    28.0s
@@@DBG:   202: min=  2049 max=  2139 tgt=  2320 iter=  0.1s elap=    28.1s
@@@DBG:   203: min=  2064 max=  2143 tgt=  2320 iter=  0.1s elap=    28.2s
@@@DBG:   204: min=  2070 max=  2164 tgt=  2320 iter=  0.1s elap=    28.3s
@@@DBG:   205: min=  2075 max=  2170 tgt=  2320 iter=  0.1s elap=    28.4s
@@@DBG:   206: min=  2118 max=  2207 tgt=  2320 iter=  0.1s elap=    28.6s
@@@DBG:   207: min=  2122 max=  2223 tgt=  2320 iter=  0.1s elap=    28.7s
@@@DBG:   208: min=  2126 max=  2229 tgt=  2320 iter=  0.1s elap=    28.8s
@@@DBG:   209: min=  2133 max=  2245 tgt=  2320 iter=  0.1s elap=    28.9s
@@@DBG:   210: min=  2139 max=  2263 tgt=  2320 iter=  0.1s elap=    29.0s
@@@DBG:   211: min=  2189 max=  2305 tgt=  2320 iter=  0.1s elap=    29.1s
@@@DBG:   212: min=  2202 max=  2309 tgt=  2320 iter=  0.1s elap=    29.3s
@@@DBG:   213: min=  2218 max=  2315 tgt=  2320 iter=  0.1s elap=    29.4s
@@@DBG:   214: min=  2234 max=  2320 tgt=  2320 iter=  0.1s elap=    29.4s
@@@DBG:   215: min=  2245 max=  2320 tgt=  2320 iter=  0.1s elap=    29.5s
@@@DBG:   216: min=  2308 max=  2320 tgt=  2320 iter=  0.1s elap=    29.6s
@@@DBG:   217: min=  2312 max=  2320 tgt=  2320 iter=  0.1s elap=    29.6s
@@@DBG:   218: min=  2315 max=  2320 tgt=  2320 iter=  0.1s elap=    29.6s
@@@DBG:   219: min=  2318 max=  2320 tgt=  2320 iter=  0.1s elap=    29.6s
@@@DBG:   220: min=  2320 max=  2320 tgt=  2320 iter=  0.1s elap=    29.6s
=== Clusters (cost=139.849):
==== cluster[ 0]: depth=15 width=5
 0: H[13]
 1: CR2[12, 13]
 2: CR3[11, 13]
 3: CR4[10, 13]
 4: H[12]
 5: CR5[9, 13]
 6: CR2[11, 12]
 7: CR3[10, 12]
 8: CR4[9, 12]
 9: H[11]
10: CR2[10, 11]
11: CR3[9, 11]
12: H[10]
13: CR2[9, 10]
14: H[9]
==== cluster[ 1]: depth= 6 width=5
15: CR6[8, 13]
16: CR5[8, 12]
17: CR7[7, 13]
18: CR6[7, 12]
19: CR4[8, 11]
20: CR5[7, 11]
==== cluster[ 2]: depth= 9 width=4
21: CR3[8, 10]
22: CR2[8, 9]
23: CR4[7, 10]
24: CR3[7, 9]
25: H[8]
26: CR2[7, 8]
27: H[7]
28: R1'[7]
29: H[7]
==== cluster[ 3]: depth=20 width=5
30: CCR6[0, 1, 13]
31: CCR5[0, 1, 12]
32: CCR4[0, 1, 11]
33: R6'[12]
34: R7'[13]
35: R5'[11]
36: R5'[12]
37: R6'[13]
38: R4'[11]
39: R4'[12]
40: R5'[13]
41: R3'[11]
42: R3'[12]
43: R4'[13]
44: R2'[11]
45: R2'[12]
46: R3'[13]
47: R1'[11]
48: R1'[12]
49: R2'[13]
==== cluster[ 4]: depth=12 width=5
50: CCR3[0, 1, 10]
51: CCR2[0, 1, 9]
52: CCR1[0, 1, 8]
53: R3'[9]
54: R4'[10]
55: R2'[8]
56: R2'[9]
57: R3'[10]
58: R1'[8]
59: R1'[9]
60: R2'[10]
61: R1'[10]
==== cluster[ 5]: depth=14 width=5
62: CR2'[7, 8]
63: H[8]
64: CR3'[7, 9]
65: CR4'[7, 10]
66: CR5'[7, 11]
67: CR2'[8, 9]
68: H[9]
69: CR3'[8, 10]
70: CR4'[8, 11]
71: CR2'[9, 10]
72: H[10]
73: CR3'[9, 11]
74: CR2'[10, 11]
75: H[11]
==== cluster[ 6]: depth= 4 width=4
76: CR6'[7, 12]
77: CR7'[7, 13]
78: CR5'[8, 12]
79: CR6'[8, 13]
==== cluster[ 7]: depth=25 width=6
80: CR4'[9, 12]
81: CR3'[10, 12]
82: CR2'[11, 12]
83: H[12]
84: CR5'[9, 13]
85: CR4'[10, 13]
86: CR3'[11, 13]
87: CR2'[12, 13]
88: H[13]
89: CNOT[13, 14]
90: H[13]
91: CR2[12, 13]
92: CR3[11, 13]
93: CR4[10, 13]
94: H[12]
95: CR5[9, 13]
96: CR2[11, 12]
97: CR3[10, 12]
98: CR4[9, 12]
99: H[11]
100: CR2[10, 11]
101: CR3[9, 11]
102: H[10]
103: CR2[9, 10]
104: H[9]
==== cluster[ 8]: depth=23 width=6
105: CR6[8, 13]
106: CR5[8, 12]
107: CR7[7, 13]
108: CR2[14, 13]
109: CR6[7, 12]
110: CR4[8, 11]
111: CR5[7, 11]
112: CR3[14, 13]
113: CR4[14, 13]
114: CR5[14, 13]
115: CR6[14, 13]
116: CR7[14, 13]
117: CR1[14, 12]
118: CR2[14, 12]
119: CR3[14, 12]
120: CR4[14, 12]
121: CR5[14, 12]
122: CR6[14, 12]
123: CR1[14, 11]
124: CR2[14, 11]
125: CR3[14, 11]
126: CR4[14, 11]
127: CR5[14, 11]
==== cluster[ 9]: depth=18 width=5
128: CR3[8, 10]
129: CR2[8, 9]
130: CR4[7, 10]
131: CR1[14, 10]
132: CR3[7, 9]
133: H[8]
134: CR2[14, 10]
135: CR3[14, 10]
136: CR2[7, 8]
137: CR4[14, 10]
138: CR1[14, 9]
139: H[7]
140: CR2[14, 9]
141: CR3[14, 9]
142: CR1[14, 8]
143: CR2[14, 8]
144: CR1[14, 7]
145: H[7]
==== cluster[10]: depth= 7 width=5
146: CCR1'[0, 1, 8]
147: CCR2'[0, 1, 9]
148: CR2'[7, 8]
149: H[8]
150: CR3'[7, 9]
151: CR2'[8, 9]
152: H[9]
==== cluster[11]: depth= 4 width=5
153: CCR3'[0, 1, 10]
154: CCR4'[0, 1, 11]
155: CR4'[7, 10]
156: CR5'[7, 11]
==== cluster[12]: depth= 4 width=5
157: CCR5'[0, 1, 12]
158: CCR6'[0, 1, 13]
159: CR6'[7, 12]
160: CR7'[7, 13]
==== cluster[13]: depth=12 width=5
161: CR3'[8, 10]
162: CR2'[9, 10]
163: H[10]
164: CR4'[8, 11]
165: CR5'[8, 12]
166: CR3'[9, 11]
167: CR2'[10, 11]
168: H[11]
169: CR4'[9, 12]
170: CR3'[10, 12]
171: CR2'[11, 12]
172: H[12]
==== cluster[14]: depth= 3 width=4
173: CR6'[8, 13]
174: CR5'[9, 13]
175: CR4'[10, 13]
==== cluster[15]: depth=16 width=5
176: CR3'[11, 13]
177: CR2'[12, 13]
178: H[13]
179: X[13]
180: CNOT[13, 14]
181: X[13]
182: H[13]
183: CR2[12, 13]
184: CR3[11, 13]
185: CR4[10, 13]
186: H[12]
187: CR2[11, 12]
188: CR3[10, 12]
189: H[11]
190: CR2[10, 11]
191: H[10]
==== cluster[16]: depth= 6 width=5
192: CR5[9, 13]
193: CR4[9, 12]
194: CR6[8, 13]
195: CR5[8, 12]
196: CR3[9, 11]
197: CR4[8, 11]
==== cluster[17]: depth= 4 width=5
198: CR7[7, 13]
199: CR6[7, 12]
200: CCR6[0, 1, 13]
201: CCR5[0, 1, 12]
==== cluster[18]: depth=12 width=5
202: CR5[7, 11]
203: CR2[9, 10]
204: CR3[8, 10]
205: CR4[7, 10]
206: H[9]
207: CR2[8, 9]
208: CR3[7, 9]
209: H[8]
210: CR2[7, 8]
211: H[7]
212: R1'[7]
213: H[7]
==== cluster[19]: depth= 2 width=4
214: CCR4[0, 1, 11]
215: CCR3[0, 1, 10]
==== cluster[20]: depth= 6 width=5
216: CCR2[0, 1, 9]
217: CCR1[0, 1, 8]
218: R2'[8]
219: R1'[8]
220: CR2'[7, 8]
221: H[8]
==== cluster[21]: depth=14 width=4
222: CCR5[0, 2, 13]
223: CCR4[0, 2, 12]
224: R6'[12]
225: R7'[13]
226: R5'[12]
227: R6'[13]
228: R4'[12]
229: R5'[13]
230: R3'[12]
231: R4'[13]
232: R2'[12]
233: R3'[13]
234: R1'[12]
235: R2'[13]
==== cluster[22]: depth=15 width=5
236: CCR3[0, 2, 11]
237: CCR2[0, 2, 10]
238: CCR1[0, 2, 9]
239: R4'[10]
240: R5'[11]
241: R3'[9]
242: R3'[10]
243: R4'[11]
244: R2'[9]
245: R2'[10]
246: R3'[11]
247: R1'[9]
248: R1'[10]
249: R2'[11]
250: R1'[11]
==== cluster[23]: depth=12 width=5
251: CR3'[7, 9]
252: CR2'[8, 9]
253: H[9]
254: CR4'[7, 10]
255: CR5'[7, 11]
256: CR3'[8, 10]
257: CR2'[9, 10]
258: H[10]
259: CR4'[8, 11]
260: CR3'[9, 11]
261: CR2'[10, 11]
262: H[11]
==== cluster[24]: depth= 6 width=5
263: CR6'[7, 12]
264: CR5'[8, 12]
265: CR4'[9, 12]
266: CR7'[7, 13]
267: CR6'[8, 13]
268: CR5'[9, 13]
==== cluster[25]: depth=23 width=6
269: CR3'[10, 12]
270: CR2'[11, 12]
271: H[12]
272: CR4'[10, 13]
273: CR3'[11, 13]
274: CR2'[12, 13]
275: H[13]
276: CNOT[13, 14]
277: H[13]
278: CR2[12, 13]
279: CR3[11, 13]
280: CR4[10, 13]
281: H[12]
282: CR5[9, 13]
283: CR2[11, 12]
284: CR3[10, 12]
285: CR4[9, 12]
286: H[11]
287: CR2[10, 11]
288: CR3[9, 11]
289: H[10]
290: CR2[9, 10]
291: H[9]
==== cluster[26]: depth=23 width=6
292: CR6[8, 13]
293: CR5[8, 12]
294: CR7[7, 13]
295: CR2[14, 13]
296: CR6[7, 12]
297: CR4[8, 11]
298: CR5[7, 11]
299: CR3[14, 13]
300: CR4[14, 13]
301: CR5[14, 13]
302: CR6[14, 13]
303: CR7[14, 13]
304: CR1[14, 12]
305: CR2[14, 12]
306: CR3[14, 12]
307: CR4[14, 12]
308: CR5[14, 12]
309: CR6[14, 12]
310: CR1[14, 11]
311: CR2[14, 11]
312: CR3[14, 11]
313: CR4[14, 11]
314: CR5[14, 11]
==== cluster[27]: depth=20 width=5
315: CR3[8, 10]
316: CR2[8, 9]
317: CR4[7, 10]
318: CR1[14, 10]
319: CR3[7, 9]
320: H[8]
321: CR2[14, 10]
322: CR3[14, 10]
323: CR2[7, 8]
324: CR4[14, 10]
325: CR1[14, 9]
326: H[7]
327: CR2[14, 9]
328: CR3[14, 9]
329: CR1[14, 8]
330: CR2[14, 8]
331: CR1[14, 7]
332: H[7]
333: CR2'[7, 8]
334: H[8]
==== cluster[28]: depth= 4 width=5
335: CCR1'[0, 2, 9]
336: CCR2'[0, 2, 10]
337: CR3'[7, 9]
338: CR4'[7, 10]
==== cluster[29]: depth= 4 width=5
339: CCR3'[0, 2, 11]
340: CCR4'[0, 2, 12]
341: CR5'[7, 11]
342: CR6'[7, 12]
==== cluster[30]: depth=14 width=5
343: CR2'[8, 9]
344: H[9]
345: CR3'[8, 10]
346: CR4'[8, 11]
347: CR5'[8, 12]
348: CR2'[9, 10]
349: H[10]
350: CR3'[9, 11]
351: CR4'[9, 12]
352: CR2'[10, 11]
353: H[11]
354: CR3'[10, 12]
355: CR2'[11, 12]
356: H[12]
==== cluster[31]: depth= 3 width=5
357: CCR5'[0, 2, 13]
358: CR7'[7, 13]
359: CR6'[8, 13]
==== cluster[32]: depth=23 width=6
360: CR5'[9, 13]
361: CR4'[10, 13]
362: CR3'[11, 13]
363: CR2'[12, 13]
364: H[13]
365: X[13]
366: CNOT[13, 14]
367: X[13]
368: H[13]
369: CR2[12, 13]
370: CR3[11, 13]
371: CR4[10, 13]
372: H[12]
373: CR5[9, 13]
374: CR2[11, 12]
375: CR3[10, 12]
376: CR4[9, 12]
377: H[11]
378: CR2[10, 11]
379: CR3[9, 11]
380: H[10]
381: CR2[9, 10]
382: H[9]
==== cluster[33]: depth= 6 width=5
383: CR6[8, 13]
384: CR5[8, 12]
385: CR7[7, 13]
386: CR6[7, 12]
387: CR4[8, 11]
388: CR5[7, 11]
==== cluster[34]: depth= 3 width=5
389: CCR5[0, 2, 13]
390: CCR4[0, 2, 12]
391: CCR3[0, 2, 11]
==== cluster[35]: depth=13 width=4
392: CR3[8, 10]
393: CR2[8, 9]
394: CR4[7, 10]
395: CR3[7, 9]
396: H[8]
397: CR2[7, 8]
398: R2'[8]
399: H[7]
400: R1'[8]
401: R1'[7]
402: H[7]
403: CR2'[7, 8]
404: H[8]
==== cluster[36]: depth= 5 width=4
405: CCR2[0, 2, 10]
406: CCR1[0, 2, 9]
407: R3'[9]
408: R2'[9]
409: R1'[9]
==== cluster[37]: depth= 3 width=3
410: CR3'[7, 9]
411: CR2'[8, 9]
412: H[9]
==== cluster[38]: depth=14 width=4
413: CCR4[0, 3, 13]
414: CCR3[0, 3, 12]
415: R6'[12]
416: R7'[13]
417: R5'[12]
418: R6'[13]
419: R4'[12]
420: R5'[13]
421: R3'[12]
422: R4'[13]
423: R2'[12]
424: R3'[13]
425: R1'[12]
426: R2'[13]
==== cluster[39]: depth=13 width=5
427: CCR2[0, 3, 11]
428: CCR1[0, 3, 10]
429: R4'[10]
430: R5'[11]
431: R3'[10]
432: R4'[11]
433: R2'[10]
434: R3'[11]
435: R1'[10]
436: R2'[11]
437: CR4'[7, 10]
438: R1'[11]
439: CR5'[7, 11]
==== cluster[40]: depth= 7 width=4
440: CR3'[8, 10]
441: CR2'[9, 10]
442: H[10]
443: CR4'[8, 11]
444: CR3'[9, 11]
445: CR2'[10, 11]
446: H[11]
==== cluster[41]: depth= 6 width=5
447: CR6'[7, 12]
448: CR5'[8, 12]
449: CR4'[9, 12]
450: CR7'[7, 13]
451: CR6'[8, 13]
452: CR5'[9, 13]
==== cluster[42]: depth=23 width=6
453: CR3'[10, 12]
454: CR2'[11, 12]
455: H[12]
456: CR4'[10, 13]
457: CR3'[11, 13]
458: CR2'[12, 13]
459: H[13]
460: CNOT[13, 14]
461: H[13]
462: CR2[12, 13]
463: CR3[11, 13]
464: CR4[10, 13]
465: H[12]
466: CR5[9, 13]
467: CR2[11, 12]
468: CR3[10, 12]
469: CR4[9, 12]
470: H[11]
471: CR2[10, 11]
472: CR3[9, 11]
473: H[10]
474: CR2[9, 10]
475: H[9]
==== cluster[43]: depth=16 width=5
476: CR6[8, 13]
477: CR5[8, 12]
478: CR7[7, 13]
479: CR2[14, 13]
480: CR6[7, 12]
481: CR3[14, 13]
482: CR4[14, 13]
483: CR5[14, 13]
484: CR6[14, 13]
485: CR7[14, 13]
486: CR1[14, 12]
487: CR2[14, 12]
488: CR3[14, 12]
489: CR4[14, 12]
490: CR5[14, 12]
491: CR6[14, 12]
==== cluster[44]: depth=30 width=6
492: CR4[8, 11]
493: CR3[8, 10]
494: CR5[7, 11]
495: CR1[14, 11]
496: CR4[7, 10]
497: CR2[8, 9]
498: CR3[7, 9]
499: CR2[14, 11]
500: CR3[14, 11]
501: H[8]
502: CR4[14, 11]
503: CR5[14, 11]
504: CR2[7, 8]
505: CR1[14, 10]
506: H[7]
507: CR2[14, 10]
508: CR3[14, 10]
509: CR4[14, 10]
510: CR1[14, 9]
511: CR2[14, 9]
512: CR3[14, 9]
513: CR1[14, 8]
514: CR2[14, 8]
515: CR1[14, 7]
516: H[7]
517: CR2'[7, 8]
518: CR3'[7, 9]
519: H[8]
520: CR2'[8, 9]
521: H[9]
==== cluster[45]: depth= 4 width=5
522: CCR1'[0, 3, 10]
523: CCR2'[0, 3, 11]
524: CR4'[7, 10]
525: CR5'[7, 11]
==== cluster[46]: depth= 4 width=5
526: CCR3'[0, 3, 12]
527: CCR4'[0, 3, 13]
528: CR6'[7, 12]
529: CR7'[7, 13]
==== cluster[47]: depth=12 width=5
530: CR3'[8, 10]
531: CR2'[9, 10]
532: H[10]
533: CR4'[8, 11]
534: CR5'[8, 12]
535: CR3'[9, 11]
536: CR2'[10, 11]
537: H[11]
538: CR4'[9, 12]
539: CR3'[10, 12]
540: CR2'[11, 12]
541: H[12]
==== cluster[48]: depth= 4 width=5
542: CR6'[8, 13]
543: CR5'[9, 13]
544: CR4'[10, 13]
545: CR3'[11, 13]
==== cluster[49]: depth=15 width=5
546: CR2'[12, 13]
547: H[13]
548: X[13]
549: CNOT[13, 14]
550: X[13]
551: H[13]
552: CR2[12, 13]
553: CR3[11, 13]
554: CR4[10, 13]
555: H[12]
556: CR2[11, 12]
557: CR3[10, 12]
558: H[11]
559: CR2[10, 11]
560: H[10]
==== cluster[50]: depth= 6 width=5
561: CR5[9, 13]
562: CR4[9, 12]
563: CR6[8, 13]
564: CR7[7, 13]
565: CR5[8, 12]
566: CR6[7, 12]
==== cluster[51]: depth= 7 width=4
567: CR3[9, 11]
568: CR2[9, 10]
569: CR4[8, 11]
570: CR3[8, 10]
571: H[9]
572: CR2[8, 9]
573: H[8]
==== cluster[52]: depth=17 width=5
574: CR5[7, 11]
575: CR4[7, 10]
576: CR3[7, 9]
577: CR2[7, 8]
578: R3'[9]
579: H[7]
580: R2'[8]
581: R2'[9]
582: R1'[7]
583: R1'[8]
584: R1'[9]
585: H[7]
586: CR2'[7, 8]
587: CR3'[7, 9]
588: H[8]
589: CR2'[8, 9]
590: H[9]
==== cluster[53]: depth= 3 width=5
591: CCR4[0, 3, 13]
592: CCR3[0, 3, 12]
593: CCR2[0, 3, 11]
==== cluster[54]: depth= 7 width=5
594: CCR1[0, 3, 10]
595: R4'[10]
596: R3'[10]
597: R2'[10]
598: R1'[10]
599: CR4'[7, 10]
600: CR3'[8, 10]
==== cluster[55]: depth=20 width=5
601: CCR3[0, 4, 13]
602: CCR2[0, 4, 12]
603: CCR1[0, 4, 11]
604: R6'[12]
605: R7'[13]
606: R5'[11]
607: R5'[12]
608: R6'[13]
609: R4'[11]
610: R4'[12]
611: R5'[13]
612: R3'[11]
613: R3'[12]
614: R4'[13]
615: R2'[11]
616: R2'[12]
617: R3'[13]
618: R1'[11]
619: R1'[12]
620: R2'[13]
==== cluster[56]: depth= 6 width=5
621: CR5'[7, 11]
622: CR4'[8, 11]
623: CR6'[7, 12]
624: CR5'[8, 12]
625: CR7'[7, 13]
626: CR6'[8, 13]
==== cluster[57]: depth=14 width=5
627: CR2'[9, 10]
628: H[10]
629: CR3'[9, 11]
630: CR4'[9, 12]
631: CR5'[9, 13]
632: CR2'[10, 11]
633: H[11]
634: CR3'[10, 12]
635: CR4'[10, 13]
636: CR2'[11, 12]
637: H[12]
638: CR3'[11, 13]
639: CR2'[12, 13]
640: H[13]
==== cluster[58]: depth=16 width=6
641: CNOT[13, 14]
642: H[13]
643: CR2[12, 13]
644: CR3[11, 13]
645: CR4[10, 13]
646: H[12]
647: CR5[9, 13]
648: CR2[11, 12]
649: CR3[10, 12]
650: CR4[9, 12]
651: H[11]
652: CR2[10, 11]
653: CR3[9, 11]
654: H[10]
655: CR2[9, 10]
656: H[9]
==== cluster[59]: depth=16 width=5
657: CR6[8, 13]
658: CR5[8, 12]
659: CR7[7, 13]
660: CR2[14, 13]
661: CR6[7, 12]
662: CR3[14, 13]
663: CR4[14, 13]
664: CR5[14, 13]
665: CR6[14, 13]
666: CR7[14, 13]
667: CR1[14, 12]
668: CR2[14, 12]
669: CR3[14, 12]
670: CR4[14, 12]
671: CR5[14, 12]
672: CR6[14, 12]
==== cluster[60]: depth=13 width=5
673: CR4[8, 11]
674: CR3[8, 10]
675: CR5[7, 11]
676: CR1[14, 11]
677: CR4[7, 10]
678: CR2[14, 11]
679: CR3[14, 11]
680: CR4[14, 11]
681: CR5[14, 11]
682: CR1[14, 10]
683: CR2[14, 10]
684: CR3[14, 10]
685: CR4[14, 10]
==== cluster[61]: depth=17 width=4
686: CR2[8, 9]
687: CR3[7, 9]
688: CR1[14, 9]
689: H[8]
690: CR2[14, 9]
691: CR3[14, 9]
692: CR2[7, 8]
693: CR1[14, 8]
694: CR2[14, 8]
695: H[7]
696: CR1[14, 7]
697: H[7]
698: CR2'[7, 8]
699: CR3'[7, 9]
700: H[8]
701: CR2'[8, 9]
702: H[9]
==== cluster[62]: depth= 4 width=4
703: CR4'[7, 10]
704: CR3'[8, 10]
705: CR2'[9, 10]
706: H[10]
==== cluster[63]: depth= 4 width=5
707: CCR1'[0, 4, 11]
708: CCR2'[0, 4, 12]
709: CR5'[7, 11]
710: CR6'[7, 12]
==== cluster[64]: depth= 9 width=5
711: CR4'[8, 11]
712: CR3'[9, 11]
713: CR2'[10, 11]
714: H[11]
715: CR5'[8, 12]
716: CR4'[9, 12]
717: CR3'[10, 12]
718: CR2'[11, 12]
719: H[12]
==== cluster[65]: depth= 3 width=5
720: CCR3'[0, 4, 13]
721: CR7'[7, 13]
722: CR6'[8, 13]
==== cluster[66]: depth=23 width=6
723: CR5'[9, 13]
724: CR4'[10, 13]
725: CR3'[11, 13]
726: CR2'[12, 13]
727: H[13]
728: X[13]
729: CNOT[13, 14]
730: X[13]
731: H[13]
732: CR2[12, 13]
733: CR3[11, 13]
734: CR4[10, 13]
735: H[12]
736: CR5[9, 13]
737: CR2[11, 12]
738: CR3[10, 12]
739: CR4[9, 12]
740: H[11]
741: CR2[10, 11]
742: CR3[9, 11]
743: H[10]
744: CR2[9, 10]
745: H[9]
==== cluster[67]: depth= 6 width=5
746: CR6[8, 13]
747: CR5[8, 12]
748: CR7[7, 13]
749: CR6[7, 12]
750: CR4[8, 11]
751: CR5[7, 11]
==== cluster[68]: depth= 8 width=5
752: CCR3[0, 4, 13]
753: CCR2[0, 4, 12]
754: CCR1[0, 4, 11]
755: R5'[11]
756: R4'[11]
757: R3'[11]
758: R2'[11]
759: R1'[11]
==== cluster[69]: depth=32 width=5
760: CR3[8, 10]
761: CR2[8, 9]
762: CR4[7, 10]
763: CR3[7, 9]
764: H[8]
765: R3'[9]
766: R4'[10]
767: CR2[7, 8]
768: R2'[8]
769: R2'[9]
770: R3'[10]
771: H[7]
772: R1'[8]
773: R1'[9]
774: R2'[10]
775: R1'[7]
776: R1'[10]
777: H[7]
778: CR2'[7, 8]
779: CR3'[7, 9]
780: CR4'[7, 10]
781: CR5'[7, 11]
782: H[8]
783: CR2'[8, 9]
784: CR3'[8, 10]
785: CR4'[8, 11]
786: H[9]
787: CR2'[9, 10]
788: CR3'[9, 11]
789: H[10]
790: CR2'[10, 11]
791: H[11]
==== cluster[70]: depth=16 width=5
792: CCR2[0, 5, 13]
793: CCR1[0, 5, 12]
794: R6'[12]
795: R7'[13]
796: R5'[12]
797: R6'[13]
798: R4'[12]
799: R5'[13]
800: R3'[12]
801: R4'[13]
802: R2'[12]
803: R3'[13]
804: R1'[12]
805: R2'[13]
806: CR6'[7, 12]
807: CR7'[7, 13]
==== cluster[71]: depth= 6 width=5
808: CR5'[8, 12]
809: CR4'[9, 12]
810: CR3'[10, 12]
811: CR6'[8, 13]
812: CR5'[9, 13]
813: CR4'[10, 13]
==== cluster[72]: depth=16 width=5
814: CR2'[11, 12]
815: H[12]
816: CR3'[11, 13]
817: CR2'[12, 13]
818: H[13]
819: CNOT[13, 14]
820: H[13]
821: CR2[12, 13]
822: CR3[11, 13]
823: CR4[10, 13]
824: H[12]
825: CR2[11, 12]
826: CR3[10, 12]
827: H[11]
828: CR2[10, 11]
829: H[10]
==== cluster[73]: depth=18 width=6
830: CR5[9, 13]
831: CR4[9, 12]
832: CR6[8, 13]
833: CR7[7, 13]
834: CR5[8, 12]
835: CR6[7, 12]
836: CR2[14, 13]
837: CR3[14, 13]
838: CR4[14, 13]
839: CR5[14, 13]
840: CR6[14, 13]
841: CR7[14, 13]
842: CR1[14, 12]
843: CR2[14, 12]
844: CR3[14, 12]
845: CR4[14, 12]
846: CR5[14, 12]
847: CR6[14, 12]
==== cluster[74]: depth=42 width=6
848: CR3[9, 11]
849: CR2[9, 10]
850: CR4[8, 11]
851: CR5[7, 11]
852: CR3[8, 10]
853: H[9]
854: CR4[7, 10]
855: CR1[14, 11]
856: CR2[14, 11]
857: CR2[8, 9]
858: CR3[7, 9]
859: CR3[14, 11]
860: CR4[14, 11]
861: H[8]
862: CR5[14, 11]
863: CR1[14, 10]
864: CR2[7, 8]
865: CR2[14, 10]
866: CR3[14, 10]
867: H[7]
868: CR4[14, 10]
869: CR1[14, 9]
870: CR2[14, 9]
871: CR3[14, 9]
872: CR1[14, 8]
873: CR2[14, 8]
874: CR1[14, 7]
875: H[7]
876: CR2'[7, 8]
877: CR3'[7, 9]
878: CR4'[7, 10]
879: CR5'[7, 11]
880: H[8]
881: CR2'[8, 9]
882: CR3'[8, 10]
883: CR4'[8, 11]
884: H[9]
885: CR2'[9, 10]
886: CR3'[9, 11]
887: H[10]
888: CR2'[10, 11]
889: H[11]
==== cluster[75]: depth= 4 width=5
890: CCR1'[0, 5, 12]
891: CCR2'[0, 5, 13]
892: CR6'[7, 12]
893: CR7'[7, 13]
==== cluster[76]: depth= 6 width=5
894: CR5'[8, 12]
895: CR4'[9, 12]
896: CR3'[10, 12]
897: CR6'[8, 13]
898: CR5'[9, 13]
899: CR4'[10, 13]
==== cluster[77]: depth=18 width=5
900: CR2'[11, 12]
901: H[12]
902: CR3'[11, 13]
903: CR2'[12, 13]
904: H[13]
905: X[13]
906: CNOT[13, 14]
907: X[13]
908: H[13]
909: CR2[12, 13]
910: CR3[11, 13]
911: CR4[10, 13]
912: H[12]
913: CR2[11, 12]
914: CR3[10, 12]
915: H[11]
916: CR2[10, 11]
917: H[10]
==== cluster[78]: depth= 6 width=5
918: CR5[9, 13]
919: CR4[9, 12]
920: CR6[8, 13]
921: CR7[7, 13]
922: CR5[8, 12]
923: CR6[7, 12]
==== cluster[79]: depth= 7 width=4
924: CR3[9, 11]
925: CR2[9, 10]
926: CR4[8, 11]
927: CR3[8, 10]
928: H[9]
929: CR2[8, 9]
930: H[8]
==== cluster[80]: depth=16 width=5
931: CCR2[0, 5, 13]
932: CCR1[0, 5, 12]
933: CCR7[0, 6, 13]
934: CCR6[0, 6, 12]
935: R7'[13]
936: R6'[12]
937: R6'[13]
938: R5'[12]
939: R5'[13]
940: R4'[12]
941: R4'[13]
942: R3'[12]
943: R3'[13]
944: R2'[12]
945: R2'[13]
946: R1'[12]
==== cluster[81]: depth= 5 width=5
947: CR5[7, 11]
948: CR4[7, 10]
949: CR3[7, 9]
950: CR2[7, 8]
951: H[7]
==== cluster[82]: depth=11 width=4
952: CCR5[0, 6, 11]
953: CCR4[0, 6, 10]
954: R5'[11]
955: R4'[10]
956: R4'[11]
957: R3'[10]
958: R3'[11]
959: R2'[10]
960: R2'[11]
961: R1'[10]
962: R1'[11]
==== cluster[83]: depth=15 width=5
963: CCR3[0, 6, 9]
964: CCR2[0, 6, 8]
965: CCR1[0, 6, 7]
966: R2'[8]
967: R3'[9]
968: R1'[7]
969: R1'[8]
970: R2'[9]
971: H[7]
972: CR2'[7, 8]
973: R1'[9]
974: CR3'[7, 9]
975: H[8]
976: CR2'[8, 9]
977: H[9]
==== cluster[84]: depth= 6 width=5
978: CR4'[7, 10]
979: CR3'[8, 10]
980: CR5'[7, 11]
981: CR4'[8, 11]
982: CR6'[7, 12]
983: CR5'[8, 12]
==== cluster[85]: depth= 6 width=5
984: CR7'[7, 13]
985: CR2'[9, 10]
986: H[10]
987: CR3'[9, 11]
988: CR2'[10, 11]
989: H[11]
==== cluster[86]: depth= 5 width=5
990: CR6'[8, 13]
991: CR4'[9, 12]
992: CR3'[10, 12]
993: CR5'[9, 13]
994: CR4'[10, 13]
==== cluster[87]: depth=12 width=4
995: CR2'[11, 12]
996: H[12]
997: CR3'[11, 13]
998: CR2'[12, 13]
999: H[13]
1000: CNOT[13, 14]
1001: H[13]
1002: CR2[12, 13]
1003: CR3[11, 13]
1004: H[12]
1005: CR2[11, 12]
1006: H[11]
==== cluster[88]: depth= 9 width=5
1007: CR4[10, 13]
1008: CR3[10, 12]
1009: CR5[9, 13]
1010: CR4[9, 12]
1011: CR2[10, 11]
1012: CR3[9, 11]
1013: H[10]
1014: CR2[9, 10]
1015: H[9]
==== cluster[89]: depth=16 width=5
1016: CR6[8, 13]
1017: CR5[8, 12]
1018: CR7[7, 13]
1019: CR2[14, 13]
1020: CR6[7, 12]
1021: CR3[14, 13]
1022: CR4[14, 13]
1023: CR5[14, 13]
1024: CR6[14, 13]
1025: CR7[14, 13]
1026: CR1[14, 12]
1027: CR2[14, 12]
1028: CR3[14, 12]
1029: CR4[14, 12]
1030: CR5[14, 12]
1031: CR6[14, 12]
==== cluster[90]: depth=24 width=6
1032: CR4[8, 11]
1033: CR3[8, 10]
1034: CR5[7, 11]
1035: CR1[14, 11]
1036: CR4[7, 10]
1037: CR2[8, 9]
1038: CR3[7, 9]
1039: CR2[14, 11]
1040: CR3[14, 11]
1041: H[8]
1042: CR4[14, 11]
1043: CR5[14, 11]
1044: CR2[7, 8]
1045: CR1[14, 10]
1046: H[7]
1047: CR2[14, 10]
1048: CR3[14, 10]
1049: CR4[14, 10]
1050: CR1[14, 9]
1051: CR2[14, 9]
1052: CR3[14, 9]
1053: CR1[14, 8]
1054: CR2[14, 8]
1055: CR1[14, 7]
==== cluster[91]: depth= 9 width=5
1056: CCR1'[0, 6, 7]
1057: CCR2'[0, 6, 8]
1058: H[7]
1059: CR2'[7, 8]
1060: CCR3'[0, 6, 9]
1061: CR3'[7, 9]
1062: H[8]
1063: CR2'[8, 9]
1064: H[9]
==== cluster[92]: depth= 4 width=5
1065: CCR4'[0, 6, 10]
1066: CCR5'[0, 6, 11]
1067: CR4'[7, 10]
1068: CR5'[7, 11]
==== cluster[93]: depth= 7 width=4
1069: CR3'[8, 10]
1070: CR2'[9, 10]
1071: H[10]
1072: CR4'[8, 11]
1073: CR3'[9, 11]
1074: CR2'[10, 11]
1075: H[11]
==== cluster[94]: depth= 4 width=5
1076: CCR6'[0, 6, 12]
1077: CCR7'[0, 6, 13]
1078: CR6'[7, 12]
1079: CR7'[7, 13]
==== cluster[95]: depth= 4 width=4
1080: CR5'[8, 12]
1081: CR4'[9, 12]
1082: CR6'[8, 13]
1083: CR5'[9, 13]
==== cluster[96]: depth=20 width=5
1084: CR3'[10, 12]
1085: CR2'[11, 12]
1086: H[12]
1087: CR4'[10, 13]
1088: CR3'[11, 13]
1089: CR2'[12, 13]
1090: H[13]
1091: X[13]
1092: CNOT[13, 14]
1093: X[13]
1094: H[13]
1095: CR2[12, 13]
1096: CR3[11, 13]
1097: CR4[10, 13]
1098: H[12]
1099: CR2[11, 12]
1100: CR3[10, 12]
1101: H[11]
1102: CR2[10, 11]
1103: H[10]
==== cluster[97]: depth= 6 width=5
1104: CR5[9, 13]
1105: CR4[9, 12]
1106: CR6[8, 13]
1107: CR7[7, 13]
1108: CR5[8, 12]
1109: CR6[7, 12]
==== cluster[98]: depth=12 width=5
1110: CR3[9, 11]
1111: CR2[9, 10]
1112: CR4[8, 11]
1113: CR5[7, 11]
1114: CR3[8, 10]
1115: H[9]
1116: CR4[7, 10]
1117: CR2[8, 9]
1118: CR3[7, 9]
1119: H[8]
1120: CR2[7, 8]
1121: H[7]
==== cluster[99]: depth= 2 width=4
1122: CCR7[0, 6, 13]
1123: CCR6[0, 6, 12]
==== cluster[100]: depth= 2 width=4
1124: CCR5[0, 6, 11]
1125: CCR4[0, 6, 10]
==== cluster[101]: depth= 9 width=5
1126: CCR3[0, 6, 9]
1127: CCR2[0, 6, 8]
1128: CCR1[0, 6, 7]
1129: H[7]
1130: CR2'[7, 8]
1131: CR3'[7, 9]
1132: H[8]
1133: CR2'[8, 9]
1134: H[9]
==== cluster[102]: depth= 6 width=5
1135: CR4'[7, 10]
1136: CR3'[8, 10]
1137: CR5'[7, 11]
1138: CR4'[8, 11]
1139: CR6'[7, 12]
1140: CR5'[8, 12]
==== cluster[103]: depth= 9 width=4
1141: CR2'[9, 10]
1142: H[10]
1143: CR3'[9, 11]
1144: CR4'[9, 12]
1145: CR2'[10, 11]
1146: H[11]
1147: CR3'[10, 12]
1148: CR2'[11, 12]
1149: H[12]
==== cluster[104]: depth= 3 width=4
1150: CR7'[7, 13]
1151: CR6'[8, 13]
1152: CR5'[9, 13]
==== cluster[105]: depth= 2 width=3
1153: CR4'[10, 13]
1154: CR3'[11, 13]
==== cluster[106]: depth= 4 width=5
1155: CSWAP[0, 1, 7]
1156: CR2'[12, 13]
1157: H[13]
1158: H[13]
==== cluster[107]: depth= 2 width=5
1159: CSWAP[0, 2, 8]
1160: CSWAP[0, 3, 9]
==== cluster[108]: depth= 1 width=3
1161: CSWAP[0, 4, 10]
==== cluster[109]: depth= 2 width=5
1162: CSWAP[0, 5, 11]
1163: CSWAP[0, 6, 12]
==== cluster[110]: depth=14 width=5
1164: CR2[12, 13]
1165: CR3[11, 13]
1166: CR4[10, 13]
1167: H[12]
1168: CR5[9, 13]
1169: CR2[11, 12]
1170: CR3[10, 12]
1171: CR4[9, 12]
1172: H[11]
1173: CR2[10, 11]
1174: CR3[9, 11]
1175: H[10]
1176: CR2[9, 10]
1177: H[9]
==== cluster[111]: depth= 6 width=5
1178: CR6[8, 13]
1179: CR5[8, 12]
1180: CR7[7, 13]
1181: CR6[7, 12]
1182: CR4[8, 11]
1183: CR5[7, 11]
==== cluster[112]: depth=17 width=4
1184: CR3[8, 10]
1185: CR2[8, 9]
1186: CR4[7, 10]
1187: CR3[7, 9]
1188: H[8]
1189: CR2[7, 8]
1190: H[7]
1191: H[7]
1192: CR2'[7, 8]
1193: CR3'[7, 9]
1194: CR4'[7, 10]
1195: H[8]
1196: CR2'[8, 9]
1197: CR3'[8, 10]
1198: H[9]
1199: CR2'[9, 10]
1200: H[10]
==== cluster[113]: depth= 4 width=5
1201: CCR1'[0, 6, 11]
1202: CCR2'[0, 6, 12]
1203: CR5'[7, 11]
1204: CR6'[7, 12]
==== cluster[114]: depth= 4 width=4
1205: CR4'[8, 11]
1206: CR3'[9, 11]
1207: CR5'[8, 12]
1208: CR4'[9, 12]
==== cluster[115]: depth= 3 width=5
1209: CCR3'[0, 6, 13]
1210: CR7'[7, 13]
1211: CR6'[8, 13]
==== cluster[116]: depth=28 width=6
1212: CR5'[9, 13]
1213: CR2'[10, 11]
1214: H[11]
1215: CR3'[10, 12]
1216: CR4'[10, 13]
1217: CR2'[11, 12]
1218: H[12]
1219: CR3'[11, 13]
1220: CR2'[12, 13]
1221: H[13]
1222: X[13]
1223: CNOT[13, 14]
1224: X[13]
1225: H[13]
1226: CR2[12, 13]
1227: CR3[11, 13]
1228: CR4[10, 13]
1229: H[12]
1230: CR5[9, 13]
1231: CR2[11, 12]
1232: CR3[10, 12]
1233: CR4[9, 12]
1234: H[11]
1235: CR2[10, 11]
1236: CR3[9, 11]
1237: H[10]
1238: CR2[9, 10]
1239: H[9]
==== cluster[117]: depth= 4 width=4
1240: CR6[8, 13]
1241: CR5[8, 12]
1242: CR7[7, 13]
1243: CR6[7, 12]
==== cluster[118]: depth=29 width=6
1244: CR4[8, 11]
1245: CR3[8, 10]
1246: CR5[7, 11]
1247: CR4[7, 10]
1248: CR2[8, 9]
1249: CR3[7, 9]
1250: H[8]
1251: CR2[7, 8]
1252: H[7]
1253: CR1'[14, 7]
1254: H[7]
1255: CR2'[14, 8]
1256: CR1'[14, 8]
1257: CR2'[7, 8]
1258: H[8]
1259: CR3'[14, 9]
1260: CR2'[14, 9]
1261: CR1'[14, 9]
1262: CR4'[14, 10]
1263: CR3'[14, 10]
1264: CR3'[7, 9]
1265: CR2'[8, 9]
1266: H[9]
1267: CR2'[14, 10]
1268: CR1'[14, 10]
1269: CR4'[7, 10]
1270: CR3'[8, 10]
1271: CR2'[9, 10]
1272: H[10]
==== cluster[119]: depth= 3 width=5
1273: CCR3[0, 6, 13]
1274: CCR2[0, 6, 12]
1275: CCR1[0, 6, 11]
==== cluster[120]: depth=17 width=4
1276: CR5'[14, 11]
1277: CR4'[14, 11]
1278: CR3'[14, 11]
1279: CR2'[14, 11]
1280: CR1'[14, 11]
1281: CR6'[14, 12]
1282: CR5'[14, 12]
1283: CR4'[14, 12]
1284: CR3'[14, 12]
1285: CR2'[14, 12]
1286: CR1'[14, 12]
1287: CR7'[14, 13]
1288: CR6'[14, 13]
1289: CR5'[14, 13]
1290: CR4'[14, 13]
1291: CR3'[14, 13]
1292: CR2'[14, 13]
==== cluster[121]: depth= 6 width=5
1293: CR5'[7, 11]
1294: CR4'[8, 11]
1295: CR3'[9, 11]
1296: CR6'[7, 12]
1297: CR5'[8, 12]
1298: CR4'[9, 12]
==== cluster[122]: depth= 5 width=3
1299: CR2'[10, 11]
1300: H[11]
1301: CR3'[10, 12]
1302: CR2'[11, 12]
1303: H[12]
==== cluster[123]: depth= 3 width=4
1304: CR7'[7, 13]
1305: CR6'[8, 13]
1306: CR5'[9, 13]
==== cluster[124]: depth=15 width=5
1307: CR4'[10, 13]
1308: CR3'[11, 13]
1309: CR2'[12, 13]
1310: H[13]
1311: CNOT[13, 14]
1312: H[13]
1313: CR2[12, 13]
1314: CR3[11, 13]
1315: CR4[10, 13]
1316: H[12]
1317: CR2[11, 12]
1318: CR3[10, 12]
1319: H[11]
1320: CR2[10, 11]
1321: H[10]
==== cluster[125]: depth=18 width=5
1322: CR5[9, 13]
1323: CR4[9, 12]
1324: CR6[8, 13]
1325: CR7[7, 13]
1326: CR5[8, 12]
1327: CR6[7, 12]
1328: R1[12]
1329: R2[13]
1330: R2[12]
1331: R3[13]
1332: R3[12]
1333: R4[13]
1334: R4[12]
1335: R5[13]
1336: R5[12]
1337: R6[13]
1338: R6[12]
1339: R7[13]
==== cluster[126]: depth=33 width=5
1340: CR3[9, 11]
1341: CR2[9, 10]
1342: CR4[8, 11]
1343: CR5[7, 11]
1344: CR3[8, 10]
1345: H[9]
1346: CR4[7, 10]
1347: R1[11]
1348: CR2[8, 9]
1349: CR3[7, 9]
1350: R1[10]
1351: R2[11]
1352: H[8]
1353: R1[9]
1354: R2[10]
1355: R3[11]
1356: CR2[7, 8]
1357: R1[8]
1358: R2[9]
1359: R3[10]
1360: R4[11]
1361: H[7]
1362: R2[8]
1363: R3[9]
1364: R4[10]
1365: R5[11]
1366: R1[7]
1367: H[7]
1368: CR2'[7, 8]
1369: CR3'[7, 9]
1370: H[8]
1371: CR2'[8, 9]
1372: H[9]
==== cluster[127]: depth= 3 width=5
1373: CCR1'[0, 6, 11]
1374: CCR2'[0, 6, 12]
1375: CCR3'[0, 6, 13]
==== cluster[128]: depth= 3 width=5
1376: CCR1'[0, 5, 10]
1377: CR4'[7, 10]
1378: CR3'[8, 10]
==== cluster[129]: depth= 3 width=5
1379: CCR2'[0, 5, 11]
1380: CR5'[7, 11]
1381: CR4'[8, 11]
==== cluster[130]: depth= 5 width=3
1382: CR2'[9, 10]
1383: H[10]
1384: CR3'[9, 11]
1385: CR2'[10, 11]
1386: H[11]
==== cluster[131]: depth= 4 width=5
1387: CCR3'[0, 5, 12]
1388: CCR4'[0, 5, 13]
1389: CR6'[7, 12]
1390: CR7'[7, 13]
==== cluster[132]: depth= 6 width=5
1391: CR5'[8, 12]
1392: CR4'[9, 12]
1393: CR3'[10, 12]
1394: CR6'[8, 13]
1395: CR5'[9, 13]
1396: CR4'[10, 13]
==== cluster[133]: depth=14 width=4
1397: CR2'[11, 12]
1398: H[12]
1399: CR3'[11, 13]
1400: CR2'[12, 13]
1401: H[13]
1402: X[13]
1403: CNOT[13, 14]
1404: X[13]
1405: H[13]
1406: CR2[12, 13]
1407: CR3[11, 13]
1408: H[12]
1409: CR2[11, 12]
1410: H[11]
==== cluster[134]: depth= 9 width=5
1411: CR4[10, 13]
1412: CR3[10, 12]
1413: CR5[9, 13]
1414: CR4[9, 12]
1415: CR2[10, 11]
1416: CR3[9, 11]
1417: H[10]
1418: CR2[9, 10]
1419: H[9]
==== cluster[135]: depth= 6 width=5
1420: CR6[8, 13]
1421: CR5[8, 12]
1422: CR7[7, 13]
1423: CR6[7, 12]
1424: CR4[8, 11]
1425: CR5[7, 11]
==== cluster[136]: depth= 7 width=4
1426: CR3[8, 10]
1427: CR2[8, 9]
1428: CR4[7, 10]
1429: CR3[7, 9]
1430: H[8]
1431: CR2[7, 8]
1432: H[7]
==== cluster[137]: depth=12 width=4
1433: CR1'[14, 7]
1434: H[7]
1435: CR2'[14, 8]
1436: CR1'[14, 8]
1437: CR2'[7, 8]
1438: H[8]
1439: CR3'[14, 9]
1440: CR2'[14, 9]
1441: CR1'[14, 9]
1442: CR3'[7, 9]
1443: CR2'[8, 9]
1444: H[9]
==== cluster[138]: depth= 2 width=4
1445: CCR4[0, 5, 13]
1446: CCR3[0, 5, 12]
==== cluster[139]: depth=11 width=5
1447: CCR2[0, 5, 11]
1448: CCR1[0, 5, 10]
1449: CR4'[14, 10]
1450: CR3'[14, 10]
1451: CR2'[14, 10]
1452: CR1'[14, 10]
1453: CR5'[14, 11]
1454: CR4'[14, 11]
1455: CR3'[14, 11]
1456: CR2'[14, 11]
1457: CR1'[14, 11]
==== cluster[140]: depth=13 width=5
1458: CR4'[7, 10]
1459: CR6'[14, 12]
1460: CR5'[14, 12]
1461: CR4'[14, 12]
1462: CR3'[14, 12]
1463: CR2'[14, 12]
1464: CR1'[14, 12]
1465: CR7'[14, 13]
1466: CR6'[14, 13]
1467: CR5'[14, 13]
1468: CR4'[14, 13]
1469: CR3'[14, 13]
1470: CR2'[14, 13]
==== cluster[141]: depth= 8 width=5
1471: CR5'[7, 11]
1472: CR3'[8, 10]
1473: CR2'[9, 10]
1474: H[10]
1475: CR4'[8, 11]
1476: CR3'[9, 11]
1477: CR2'[10, 11]
1478: H[11]
==== cluster[142]: depth= 6 width=5
1479: CR6'[7, 12]
1480: CR5'[8, 12]
1481: CR4'[9, 12]
1482: CR7'[7, 13]
1483: CR6'[8, 13]
1484: CR5'[9, 13]
==== cluster[143]: depth=23 width=6
1485: CR3'[10, 12]
1486: CR2'[11, 12]
1487: H[12]
1488: CR4'[10, 13]
1489: CR3'[11, 13]
1490: CR2'[12, 13]
1491: H[13]
1492: CNOT[13, 14]
1493: H[13]
1494: CR2[12, 13]
1495: CR3[11, 13]
1496: CR4[10, 13]
1497: H[12]
1498: CR5[9, 13]
1499: CR2[11, 12]
1500: CR3[10, 12]
1501: CR4[9, 12]
1502: H[11]
1503: CR2[10, 11]
1504: CR3[9, 11]
1505: H[10]
1506: CR2[9, 10]
1507: H[9]
==== cluster[144]: depth=23 width=5
1508: CR6[8, 13]
1509: CR5[8, 12]
1510: CR7[7, 13]
1511: CR6[7, 12]
1512: CR4[8, 11]
1513: CR5[7, 11]
1514: R1[12]
1515: R2[13]
1516: R1[11]
1517: R2[12]
1518: R3[13]
1519: R2[11]
1520: R3[12]
1521: R4[13]
1522: R3[11]
1523: R4[12]
1524: R5[13]
1525: R4[11]
1526: R5[12]
1527: R6[13]
1528: R5[11]
1529: R6[12]
1530: R7[13]
==== cluster[145]: depth=20 width=4
1531: CR3[8, 10]
1532: CR2[8, 9]
1533: CR4[7, 10]
1534: CR3[7, 9]
1535: H[8]
1536: R1[9]
1537: R1[10]
1538: CR2[7, 8]
1539: R1[8]
1540: R2[9]
1541: R2[10]
1542: H[7]
1543: R2[8]
1544: R3[9]
1545: R3[10]
1546: R1[7]
1547: R4[10]
1548: H[7]
1549: CR2'[7, 8]
1550: H[8]
==== cluster[146]: depth= 3 width=5
1551: CCR1'[0, 5, 10]
1552: CCR2'[0, 5, 11]
1553: CCR3'[0, 5, 12]
==== cluster[147]: depth= 2 width=5
1554: CCR4'[0, 5, 13]
1555: CCR1'[0, 4, 9]
==== cluster[148]: depth= 3 width=5
1556: CCR2'[0, 4, 10]
1557: CR3'[7, 9]
1558: CR4'[7, 10]
==== cluster[149]: depth= 4 width=5
1559: CCR3'[0, 4, 11]
1560: CCR4'[0, 4, 12]
1561: CR5'[7, 11]
1562: CR6'[7, 12]
==== cluster[150]: depth=14 width=5
1563: CR2'[8, 9]
1564: H[9]
1565: CR3'[8, 10]
1566: CR4'[8, 11]
1567: CR5'[8, 12]
1568: CR2'[9, 10]
1569: H[10]
1570: CR3'[9, 11]
1571: CR4'[9, 12]
1572: CR2'[10, 11]
1573: H[11]
1574: CR3'[10, 12]
1575: CR2'[11, 12]
1576: H[12]
==== cluster[151]: depth= 3 width=5
1577: CCR5'[0, 4, 13]
1578: CR7'[7, 13]
1579: CR6'[8, 13]
==== cluster[152]: depth=23 width=6
1580: CR5'[9, 13]
1581: CR4'[10, 13]
1582: CR3'[11, 13]
1583: CR2'[12, 13]
1584: H[13]
1585: X[13]
1586: CNOT[13, 14]
1587: X[13]
1588: H[13]
1589: CR2[12, 13]
1590: CR3[11, 13]
1591: CR4[10, 13]
1592: H[12]
1593: CR5[9, 13]
1594: CR2[11, 12]
1595: CR3[10, 12]
1596: CR4[9, 12]
1597: H[11]
1598: CR2[10, 11]
1599: CR3[9, 11]
1600: H[10]
1601: CR2[9, 10]
1602: H[9]
==== cluster[153]: depth= 6 width=5
1603: CR6[8, 13]
1604: CR5[8, 12]
1605: CR7[7, 13]
1606: CR6[7, 12]
1607: CR4[8, 11]
1608: CR5[7, 11]
==== cluster[154]: depth= 7 width=4
1609: CR3[8, 10]
1610: CR2[8, 9]
1611: CR4[7, 10]
1612: CR3[7, 9]
1613: H[8]
1614: CR2[7, 8]
1615: H[7]
==== cluster[155]: depth= 3 width=5
1616: CCR5[0, 4, 13]
1617: CCR4[0, 4, 12]
1618: CCR3[0, 4, 11]
==== cluster[156]: depth= 2 width=4
1619: CCR2[0, 4, 10]
1620: CCR1[0, 4, 9]
==== cluster[157]: depth=30 width=6
1621: CR1'[14, 7]
1622: CR2'[14, 8]
1623: CR1'[14, 8]
1624: H[7]
1625: CR2'[7, 8]
1626: CR3'[14, 9]
1627: CR2'[14, 9]
1628: H[8]
1629: CR1'[14, 9]
1630: CR4'[14, 10]
1631: CR3'[14, 10]
1632: CR3'[7, 9]
1633: CR2'[8, 9]
1634: H[9]
1635: CR2'[14, 10]
1636: CR1'[14, 10]
1637: CR4'[7, 10]
1638: CR3'[8, 10]
1639: CR2'[9, 10]
1640: H[10]
1641: CR5'[14, 11]
1642: CR4'[14, 11]
1643: CR3'[14, 11]
1644: CR2'[14, 11]
1645: CR1'[14, 11]
1646: CR5'[7, 11]
1647: CR4'[8, 11]
1648: CR3'[9, 11]
1649: CR2'[10, 11]
1650: H[11]
==== cluster[158]: depth=16 width=5
1651: CR6'[14, 12]
1652: CR5'[14, 12]
1653: CR4'[14, 12]
1654: CR3'[14, 12]
1655: CR2'[14, 12]
1656: CR1'[14, 12]
1657: CR6'[7, 12]
1658: CR5'[8, 12]
1659: CR7'[14, 13]
1660: CR6'[14, 13]
1661: CR5'[14, 13]
1662: CR4'[14, 13]
1663: CR3'[14, 13]
1664: CR2'[14, 13]
1665: CR7'[7, 13]
1666: CR6'[8, 13]
==== cluster[159]: depth=25 width=6
1667: CR4'[9, 12]
1668: CR3'[10, 12]
1669: CR2'[11, 12]
1670: H[12]
1671: CR5'[9, 13]
1672: CR4'[10, 13]
1673: CR3'[11, 13]
1674: CR2'[12, 13]
1675: H[13]
1676: CNOT[13, 14]
1677: H[13]
1678: CR2[12, 13]
1679: CR3[11, 13]
1680: CR4[10, 13]
1681: H[12]
1682: CR5[9, 13]
1683: CR2[11, 12]
1684: CR3[10, 12]
1685: CR4[9, 12]
1686: H[11]
1687: CR2[10, 11]
1688: CR3[9, 11]
1689: H[10]
1690: CR2[9, 10]
1691: H[9]
==== cluster[160]: depth=23 width=5
1692: CR6[8, 13]
1693: CR5[8, 12]
1694: CR7[7, 13]
1695: CR6[7, 12]
1696: CR4[8, 11]
1697: CR5[7, 11]
1698: R1[12]
1699: R2[13]
1700: R1[11]
1701: R2[12]
1702: R3[13]
1703: R2[11]
1704: R3[12]
1705: R4[13]
1706: R3[11]
1707: R4[12]
1708: R5[13]
1709: R4[11]
1710: R5[12]
1711: R6[13]
1712: R5[11]
1713: R6[12]
1714: R7[13]
==== cluster[161]: depth=18 width=4
1715: CR3[8, 10]
1716: CR2[8, 9]
1717: CR4[7, 10]
1718: CR3[7, 9]
1719: H[8]
1720: R1[9]
1721: R1[10]
1722: CR2[7, 8]
1723: R1[8]
1724: R2[9]
1725: R2[10]
1726: H[7]
1727: R2[8]
1728: R3[9]
1729: R3[10]
1730: R1[7]
1731: R4[10]
1732: H[7]
==== cluster[162]: depth= 3 width=5
1733: CCR1'[0, 4, 9]
1734: CCR2'[0, 4, 10]
1735: CCR3'[0, 4, 11]
==== cluster[163]: depth= 2 width=4
1736: CCR4'[0, 4, 12]
1737: CCR5'[0, 4, 13]
==== cluster[164]: depth= 7 width=5
1738: CCR1'[0, 3, 8]
1739: CCR2'[0, 3, 9]
1740: CR2'[7, 8]
1741: H[8]
1742: CR3'[7, 9]
1743: CR2'[8, 9]
1744: H[9]
==== cluster[165]: depth= 4 width=5
1745: CCR3'[0, 3, 10]
1746: CCR4'[0, 3, 11]
1747: CR4'[7, 10]
1748: CR5'[7, 11]
==== cluster[166]: depth= 4 width=5
1749: CCR5'[0, 3, 12]
1750: CCR6'[0, 3, 13]
1751: CR6'[7, 12]
1752: CR7'[7, 13]
==== cluster[167]: depth=12 width=5
1753: CR3'[8, 10]
1754: CR2'[9, 10]
1755: H[10]
1756: CR4'[8, 11]
1757: CR5'[8, 12]
1758: CR3'[9, 11]
1759: CR2'[10, 11]
1760: H[11]
1761: CR4'[9, 12]
1762: CR3'[10, 12]
1763: CR2'[11, 12]
1764: H[12]
==== cluster[168]: depth= 3 width=4
1765: CR6'[8, 13]
1766: CR5'[9, 13]
1767: CR4'[10, 13]
==== cluster[169]: depth=12 width=4
1768: CR3'[11, 13]
1769: CR2'[12, 13]
1770: H[13]
1771: X[13]
1772: CNOT[13, 14]
1773: X[13]
1774: H[13]
1775: CR2[12, 13]
1776: CR3[11, 13]
1777: H[12]
1778: CR2[11, 12]
1779: H[11]
==== cluster[170]: depth= 6 width=5
1780: CR4[10, 13]
1781: CR3[10, 12]
1782: CR5[9, 13]
1783: CR6[8, 13]
1784: CR4[9, 12]
1785: CR5[8, 12]
==== cluster[171]: depth= 9 width=4
1786: CR2[10, 11]
1787: CR3[9, 11]
1788: CR4[8, 11]
1789: H[10]
1790: CR2[9, 10]
1791: CR3[8, 10]
1792: H[9]
1793: CR2[8, 9]
1794: H[8]
==== cluster[172]: depth= 4 width=5
1795: CR7[7, 13]
1796: CR6[7, 12]
1797: CCR6[0, 3, 13]
1798: CCR5[0, 3, 12]
==== cluster[173]: depth= 5 width=5
1799: CR5[7, 11]
1800: CR4[7, 10]
1801: CR3[7, 9]
1802: CR2[7, 8]
1803: H[7]
==== cluster[174]: depth= 3 width=5
1804: CCR4[0, 3, 11]
1805: CCR3[0, 3, 10]
1806: CCR2[0, 3, 9]
==== cluster[175]: depth= 7 width=5
1807: CCR1[0, 3, 8]
1808: CR1'[14, 7]
1809: CR2'[14, 8]
1810: CR1'[14, 8]
1811: H[7]
1812: CR2'[7, 8]
1813: H[8]
==== cluster[176]: depth=15 width=5
1814: CR3'[14, 9]
1815: CR2'[14, 9]
1816: CR1'[14, 9]
1817: CR4'[14, 10]
1818: CR3'[14, 10]
1819: CR3'[7, 9]
1820: CR2'[14, 10]
1821: CR1'[14, 10]
1822: CR4'[7, 10]
1823: CR5'[14, 11]
1824: CR4'[14, 11]
1825: CR3'[14, 11]
1826: CR2'[14, 11]
1827: CR1'[14, 11]
1828: CR5'[7, 11]
==== cluster[177]: depth=12 width=3
1829: CR6'[14, 12]
1830: CR5'[14, 12]
1831: CR4'[14, 12]
1832: CR3'[14, 12]
1833: CR2'[14, 12]
1834: CR1'[14, 12]
1835: CR7'[14, 13]
1836: CR6'[14, 13]
1837: CR5'[14, 13]
1838: CR4'[14, 13]
1839: CR3'[14, 13]
1840: CR2'[14, 13]
==== cluster[178]: depth= 9 width=4
1841: CR2'[8, 9]
1842: H[9]
1843: CR3'[8, 10]
1844: CR4'[8, 11]
1845: CR2'[9, 10]
1846: H[10]
1847: CR3'[9, 11]
1848: CR2'[10, 11]
1849: H[11]
==== cluster[179]: depth= 4 width=4
1850: CR6'[7, 12]
1851: CR7'[7, 13]
1852: CR5'[8, 12]
1853: CR6'[8, 13]
==== cluster[180]: depth=25 width=6
1854: CR4'[9, 12]
1855: CR3'[10, 12]
1856: CR2'[11, 12]
1857: H[12]
1858: CR5'[9, 13]
1859: CR4'[10, 13]
1860: CR3'[11, 13]
1861: CR2'[12, 13]
1862: H[13]
1863: CNOT[13, 14]
1864: H[13]
1865: CR2[12, 13]
1866: CR3[11, 13]
1867: CR4[10, 13]
1868: H[12]
1869: CR5[9, 13]
1870: CR2[11, 12]
1871: CR3[10, 12]
1872: CR4[9, 12]
1873: H[11]
1874: CR2[10, 11]
1875: CR3[9, 11]
1876: H[10]
1877: CR2[9, 10]
1878: H[9]
==== cluster[181]: depth=16 width=4
1879: CR6[8, 13]
1880: CR5[8, 12]
1881: CR7[7, 13]
1882: CR6[7, 12]
1883: R1[12]
1884: R2[13]
1885: R2[12]
1886: R3[13]
1887: R3[12]
1888: R4[13]
1889: R4[12]
1890: R5[13]
1891: R5[12]
1892: R6[13]
1893: R6[12]
1894: R7[13]
==== cluster[182]: depth=13 width=4
1895: CR4[8, 11]
1896: CR3[8, 10]
1897: CR5[7, 11]
1898: CR4[7, 10]
1899: R1[10]
1900: R1[11]
1901: R2[10]
1902: R2[11]
1903: R3[10]
1904: R3[11]
1905: R4[10]
1906: R4[11]
1907: R5[11]
==== cluster[183]: depth=13 width=5
1908: CR2[8, 9]
1909: CR3[7, 9]
1910: H[8]
1911: R1[9]
1912: CR2[7, 8]
1913: R1[8]
1914: R2[9]
1915: H[7]
1916: R2[8]
1917: R3[9]
1918: CCR1'[0, 3, 8]
1919: CCR2'[0, 3, 9]
1920: R1[7]
==== cluster[184]: depth= 3 width=5
1921: CCR3'[0, 3, 10]
1922: CCR4'[0, 3, 11]
1923: CCR5'[0, 3, 12]
==== cluster[185]: depth= 3 width=5
1924: CCR6'[0, 3, 13]
1925: CCR1'[0, 2, 7]
1926: H[7]
==== cluster[186]: depth=12 width=6
1927: CCR2'[0, 2, 8]
1928: CCR3'[0, 2, 9]
1929: CR2'[7, 8]
1930: H[8]
1931: CR3'[7, 9]
1932: CCR4'[0, 2, 10]
1933: CR4'[7, 10]
1934: CR2'[8, 9]
1935: H[9]
1936: CR3'[8, 10]
1937: CR2'[9, 10]
1938: H[10]
==== cluster[187]: depth= 3 width=5
1939: CCR5'[0, 2, 11]
1940: CCR6'[0, 2, 12]
1941: CCR7'[0, 2, 13]
==== cluster[188]: depth= 6 width=5
1942: CR5'[7, 11]
1943: CR4'[8, 11]
1944: CR6'[7, 12]
1945: CR5'[8, 12]
1946: CR7'[7, 13]
1947: CR6'[8, 13]
==== cluster[189]: depth=30 width=6
1948: CR3'[9, 11]
1949: CR2'[10, 11]
1950: H[11]
1951: CR4'[9, 12]
1952: CR5'[9, 13]
1953: CR3'[10, 12]
1954: CR2'[11, 12]
1955: H[12]
1956: CR4'[10, 13]
1957: CR3'[11, 13]
1958: CR2'[12, 13]
1959: H[13]
1960: X[13]
1961: CNOT[13, 14]
1962: X[13]
1963: H[13]
1964: CR2[12, 13]
1965: CR3[11, 13]
1966: CR4[10, 13]
1967: H[12]
1968: CR5[9, 13]
1969: CR2[11, 12]
1970: CR3[10, 12]
1971: CR4[9, 12]
1972: H[11]
1973: CR2[10, 11]
1974: CR3[9, 11]
1975: H[10]
1976: CR2[9, 10]
1977: H[9]
==== cluster[190]: depth= 6 width=5
1978: CR6[8, 13]
1979: CR5[8, 12]
1980: CR7[7, 13]
1981: CR6[7, 12]
1982: CR4[8, 11]
1983: CR5[7, 11]
==== cluster[191]: depth= 3 width=5
1984: CCR7[0, 2, 13]
1985: CCR6[0, 2, 12]
1986: CCR5[0, 2, 11]
==== cluster[192]: depth=11 width=6
1987: CR3[8, 10]
1988: CR2[8, 9]
1989: CR4[7, 10]
1990: CCR4[0, 2, 10]
1991: CR3[7, 9]
1992: H[8]
1993: CCR3[0, 2, 9]
1994: CR2[7, 8]
1995: CCR2[0, 2, 8]
1996: H[7]
1997: CCR1[0, 2, 7]
==== cluster[193]: depth=30 width=6
1998: CR1'[14, 7]
1999: CR2'[14, 8]
2000: CR1'[14, 8]
2001: H[7]
2002: CR2'[7, 8]
2003: CR3'[14, 9]
2004: CR2'[14, 9]
2005: H[8]
2006: CR1'[14, 9]
2007: CR4'[14, 10]
2008: CR3'[14, 10]
2009: CR3'[7, 9]
2010: CR2'[8, 9]
2011: H[9]
2012: CR2'[14, 10]
2013: CR1'[14, 10]
2014: CR4'[7, 10]
2015: CR3'[8, 10]
2016: CR2'[9, 10]
2017: H[10]
2018: CR5'[14, 11]
2019: CR4'[14, 11]
2020: CR3'[14, 11]
2021: CR2'[14, 11]
2022: CR1'[14, 11]
2023: CR5'[7, 11]
2024: CR4'[8, 11]
2025: CR3'[9, 11]
2026: CR2'[10, 11]
2027: H[11]
==== cluster[194]: depth=14 width=4
2028: CR6'[14, 12]
2029: CR5'[14, 12]
2030: CR4'[14, 12]
2031: CR3'[14, 12]
2032: CR2'[14, 12]
2033: CR1'[14, 12]
2034: CR6'[7, 12]
2035: CR7'[14, 13]
2036: CR6'[14, 13]
2037: CR5'[14, 13]
2038: CR4'[14, 13]
2039: CR3'[14, 13]
2040: CR2'[14, 13]
2041: CR7'[7, 13]
==== cluster[195]: depth= 4 width=4
2042: CR5'[8, 12]
2043: CR4'[9, 12]
2044: CR6'[8, 13]
2045: CR5'[9, 13]
==== cluster[196]: depth=18 width=5
2046: CR3'[10, 12]
2047: CR2'[11, 12]
2048: H[12]
2049: CR4'[10, 13]
2050: CR3'[11, 13]
2051: CR2'[12, 13]
2052: H[13]
2053: CNOT[13, 14]
2054: H[13]
2055: CR2[12, 13]
2056: CR3[11, 13]
2057: CR4[10, 13]
2058: H[12]
2059: CR2[11, 12]
2060: CR3[10, 12]
2061: H[11]
2062: CR2[10, 11]
2063: H[10]
==== cluster[197]: depth=18 width=5
2064: CR5[9, 13]
2065: CR4[9, 12]
2066: CR6[8, 13]
2067: CR7[7, 13]
2068: CR5[8, 12]
2069: CR6[7, 12]
2070: R1[12]
2071: R2[13]
2072: R2[12]
2073: R3[13]
2074: R3[12]
2075: R4[13]
2076: R4[12]
2077: R5[13]
2078: R5[12]
2079: R6[13]
2080: R6[12]
2081: R7[13]
==== cluster[198]: depth=27 width=5
2082: CR3[9, 11]
2083: CR2[9, 10]
2084: CR4[8, 11]
2085: CR5[7, 11]
2086: CR3[8, 10]
2087: H[9]
2088: CR4[7, 10]
2089: R1[11]
2090: CR2[8, 9]
2091: CR3[7, 9]
2092: R1[10]
2093: R2[11]
2094: H[8]
2095: R1[9]
2096: R2[10]
2097: R3[11]
2098: CR2[7, 8]
2099: R1[8]
2100: R2[9]
2101: R3[10]
2102: R4[11]
2103: H[7]
2104: R2[8]
2105: R3[9]
2106: R4[10]
2107: R5[11]
2108: R1[7]
==== cluster[199]: depth= 9 width=5
2109: CCR1'[0, 2, 7]
2110: CCR2'[0, 2, 8]
2111: H[7]
2112: CR2'[7, 8]
2113: CCR3'[0, 2, 9]
2114: CR3'[7, 9]
2115: H[8]
2116: CR2'[8, 9]
2117: H[9]
==== cluster[200]: depth= 4 width=5
2118: CCR4'[0, 2, 10]
2119: CCR5'[0, 2, 11]
2120: CR4'[7, 10]
2121: CR5'[7, 11]
==== cluster[201]: depth= 7 width=4
2122: CR3'[8, 10]
2123: CR2'[9, 10]
2124: H[10]
2125: CR4'[8, 11]
2126: CR3'[9, 11]
2127: CR2'[10, 11]
2128: H[11]
==== cluster[202]: depth= 6 width=6
2129: CCR6'[0, 2, 12]
2130: CCR7'[0, 2, 13]
2131: CCR1'[0, 1, 12]
2132: CCR2'[0, 1, 13]
2133: CR6'[7, 12]
2134: CR7'[7, 13]
==== cluster[203]: depth= 6 width=5
2135: CR5'[8, 12]
2136: CR4'[9, 12]
2137: CR3'[10, 12]
2138: CR6'[8, 13]
2139: CR5'[9, 13]
2140: CR4'[10, 13]
==== cluster[204]: depth=14 width=4
2141: CR2'[11, 12]
2142: H[12]
2143: CR3'[11, 13]
2144: CR2'[12, 13]
2145: H[13]
2146: X[13]
2147: CNOT[13, 14]
2148: X[13]
2149: H[13]
2150: CR2[12, 13]
2151: CR3[11, 13]
2152: H[12]
2153: CR2[11, 12]
2154: H[11]
==== cluster[205]: depth= 6 width=5
2155: CR4[10, 13]
2156: CR3[10, 12]
2157: CR5[9, 13]
2158: CR6[8, 13]
2159: CR4[9, 12]
2160: CR5[8, 12]
==== cluster[206]: depth= 4 width=5
2161: CR7[7, 13]
2162: CR6[7, 12]
2163: CCR2[0, 1, 13]
2164: CCR1[0, 1, 12]
==== cluster[207]: depth=44 width=6
2165: CR2[10, 11]
2166: CR3[9, 11]
2167: CR4[8, 11]
2168: H[10]
2169: CR5[7, 11]
2170: CR2[9, 10]
2171: CR3[8, 10]
2172: CR4[7, 10]
2173: H[9]
2174: CR2[8, 9]
2175: CR3[7, 9]
2176: H[8]
2177: CR2[7, 8]
2178: H[7]
2179: CR1'[14, 7]
2180: H[7]
2181: CR2'[14, 8]
2182: CR1'[14, 8]
2183: CR2'[7, 8]
2184: H[8]
2185: CR3'[14, 9]
2186: CR2'[14, 9]
2187: CR1'[14, 9]
2188: CR4'[14, 10]
2189: CR3'[14, 10]
2190: CR3'[7, 9]
2191: CR2'[8, 9]
2192: H[9]
2193: CR2'[14, 10]
2194: CR1'[14, 10]
2195: CR4'[7, 10]
2196: CR3'[8, 10]
2197: CR2'[9, 10]
2198: H[10]
2199: CR5'[14, 11]
2200: CR4'[14, 11]
2201: CR3'[14, 11]
2202: CR2'[14, 11]
2203: CR1'[14, 11]
2204: CR5'[7, 11]
2205: CR4'[8, 11]
2206: CR3'[9, 11]
2207: CR2'[10, 11]
2208: H[11]
==== cluster[208]: depth=14 width=4
2209: CR6'[14, 12]
2210: CR5'[14, 12]
2211: CR4'[14, 12]
2212: CR3'[14, 12]
2213: CR2'[14, 12]
2214: CR1'[14, 12]
2215: CR6'[7, 12]
2216: CR7'[14, 13]
2217: CR6'[14, 13]
2218: CR5'[14, 13]
2219: CR4'[14, 13]
2220: CR3'[14, 13]
2221: CR2'[14, 13]
2222: CR7'[7, 13]
==== cluster[209]: depth= 4 width=4
2223: CR5'[8, 12]
2224: CR4'[9, 12]
2225: CR6'[8, 13]
2226: CR5'[9, 13]
==== cluster[210]: depth=18 width=5
2227: CR3'[10, 12]
2228: CR2'[11, 12]
2229: H[12]
2230: CR4'[10, 13]
2231: CR3'[11, 13]
2232: CR2'[12, 13]
2233: H[13]
2234: CNOT[13, 14]
2235: H[13]
2236: CR2[12, 13]
2237: CR3[11, 13]
2238: CR4[10, 13]
2239: H[12]
2240: CR2[11, 12]
2241: CR3[10, 12]
2242: H[11]
2243: CR2[10, 11]
2244: H[10]
==== cluster[211]: depth=18 width=5
2245: CR5[9, 13]
2246: CR4[9, 12]
2247: CR6[8, 13]
2248: CR7[7, 13]
2249: CR5[8, 12]
2250: CR6[7, 12]
2251: R1[12]
2252: R2[13]
2253: R2[12]
2254: R3[13]
2255: R3[12]
2256: R4[13]
2257: R4[12]
2258: R5[13]
2259: R5[12]
2260: R6[13]
2261: R6[12]
2262: R7[13]
==== cluster[212]: depth=42 width=5
2263: CR3[9, 11]
2264: CR2[9, 10]
2265: CR4[8, 11]
2266: CR5[7, 11]
2267: CR3[8, 10]
2268: H[9]
2269: CR4[7, 10]
2270: R1[11]
2271: CR2[8, 9]
2272: CR3[7, 9]
2273: R1[10]
2274: R2[11]
2275: H[8]
2276: R1[9]
2277: R2[10]
2278: R3[11]
2279: CR2[7, 8]
2280: R1[8]
2281: R2[9]
2282: R3[10]
2283: R4[11]
2284: H[7]
2285: R2[8]
2286: R3[9]
2287: R4[10]
2288: R5[11]
2289: R1[7]
2290: H[7]
2291: CR2'[7, 8]
2292: CR3'[7, 9]
2293: CR4'[7, 10]
2294: CR5'[7, 11]
2295: H[8]
2296: CR2'[8, 9]
2297: CR3'[8, 10]
2298: CR4'[8, 11]
2299: H[9]
2300: CR2'[9, 10]
2301: CR3'[9, 11]
2302: H[10]
2303: CR2'[10, 11]
2304: H[11]
==== cluster[213]: depth= 4 width=5
2305: CCR1'[0, 1, 12]
2306: CCR2'[0, 1, 13]
2307: CR6'[7, 12]
2308: CR7'[7, 13]
==== cluster[214]: depth= 4 width=4
2309: CR5'[8, 12]
2310: CR4'[9, 12]
2311: CR6'[8, 13]
2312: CR5'[9, 13]
==== cluster[215]: depth= 7 width=4
2313: CR3'[10, 12]
2314: CR2'[11, 12]
2315: H[12]
2316: CR4'[10, 13]
2317: CR3'[11, 13]
2318: CR2'[12, 13]
2319: H[13]
