=== Original:
 0: H[9]
 1: CR2[8, 9]
 2: CR3[7, 9]
 3: CR4[6, 9]
 4: CR5[5, 9]
 5: H[8]
 6: CR2[7, 8]
 7: CR3[6, 8]
 8: CR4[5, 8]
 9: H[7]
10: CR2[6, 7]
11: CR3[5, 7]
12: H[6]
13: CR2[5, 6]
14: H[5]
15: CCR4[0, 1, 9]
16: CCR3[0, 1, 8]
17: CCR2[0, 1, 7]
18: CCR1[0, 1, 6]
19: R1'[5]
20: R2'[6]
21: R1'[6]
22: R3'[7]
23: R2'[7]
24: R1'[7]
25: R4'[8]
26: R3'[8]
27: R2'[8]
28: R1'[8]
29: R5'[9]
30: R4'[9]
31: R3'[9]
32: R2'[9]
33: H[5]
34: CR2'[5, 6]
35: H[6]
36: CR3'[5, 7]
37: CR2'[6, 7]
38: H[7]
39: CR4'[5, 8]
40: CR3'[6, 8]
41: CR2'[7, 8]
42: H[8]
43: CR5'[5, 9]
44: CR4'[6, 9]
45: CR3'[7, 9]
46: CR2'[8, 9]
47: H[9]
48: CNOT[9, 10]
49: H[9]
50: CR2[8, 9]
51: CR3[7, 9]
52: CR4[6, 9]
53: CR5[5, 9]
54: H[8]
55: CR2[7, 8]
56: CR3[6, 8]
57: CR4[5, 8]
58: H[7]
59: CR2[6, 7]
60: CR3[5, 7]
61: H[6]
62: CR2[5, 6]
63: H[5]
64: CR2[10, 9]
65: CR3[10, 9]
66: CR4[10, 9]
67: CR5[10, 9]
68: CR1[10, 8]
69: CR2[10, 8]
70: CR3[10, 8]
71: CR4[10, 8]
72: CR1[10, 7]
73: CR2[10, 7]
74: CR3[10, 7]
75: CR1[10, 6]
76: CR2[10, 6]
77: CR1[10, 5]
78: CCR1'[0, 1, 6]
79: CCR2'[0, 1, 7]
80: CCR3'[0, 1, 8]
81: CCR4'[0, 1, 9]
82: H[5]
83: CR2'[5, 6]
84: H[6]
85: CR3'[5, 7]
86: CR2'[6, 7]
87: H[7]
88: CR4'[5, 8]
89: CR3'[6, 8]
90: CR2'[7, 8]
91: H[8]
92: CR5'[5, 9]
93: CR4'[6, 9]
94: CR3'[7, 9]
95: CR2'[8, 9]
96: H[9]
97: X[9]
98: CNOT[9, 10]
99: X[9]
100: H[9]
101: CR2[8, 9]
102: CR3[7, 9]
103: CR4[6, 9]
104: CR5[5, 9]
105: H[8]
106: CR2[7, 8]
107: CR3[6, 8]
108: CR4[5, 8]
109: H[7]
110: CR2[6, 7]
111: CR3[5, 7]
112: H[6]
113: CR2[5, 6]
114: H[5]
115: CCR4[0, 1, 9]
116: CCR3[0, 1, 8]
117: CCR2[0, 1, 7]
118: CCR1[0, 1, 6]
119: CCR3[0, 2, 9]
120: CCR2[0, 2, 8]
121: CCR1[0, 2, 7]
122: R1'[5]
123: R2'[6]
124: R1'[6]
125: R3'[7]
126: R2'[7]
127: R1'[7]
128: R4'[8]
129: R3'[8]
130: R2'[8]
131: R1'[8]
132: R5'[9]
133: R4'[9]
134: R3'[9]
135: R2'[9]
136: H[5]
137: CR2'[5, 6]
138: H[6]
139: CR3'[5, 7]
140: CR2'[6, 7]
141: H[7]
142: CR4'[5, 8]
143: CR3'[6, 8]
144: CR2'[7, 8]
145: H[8]
146: CR5'[5, 9]
147: CR4'[6, 9]
148: CR3'[7, 9]
149: CR2'[8, 9]
150: H[9]
151: CNOT[9, 10]
152: H[9]
153: CR2[8, 9]
154: CR3[7, 9]
155: CR4[6, 9]
156: CR5[5, 9]
157: H[8]
158: CR2[7, 8]
159: CR3[6, 8]
160: CR4[5, 8]
161: H[7]
162: CR2[6, 7]
163: CR3[5, 7]
164: H[6]
165: CR2[5, 6]
166: H[5]
167: CR2[10, 9]
168: CR3[10, 9]
169: CR4[10, 9]
170: CR5[10, 9]
171: CR1[10, 8]
172: CR2[10, 8]
173: CR3[10, 8]
174: CR4[10, 8]
175: CR1[10, 7]
176: CR2[10, 7]
177: CR3[10, 7]
178: CR1[10, 6]
179: CR2[10, 6]
180: CR1[10, 5]
181: CCR1'[0, 2, 7]
182: CCR2'[0, 2, 8]
183: CCR3'[0, 2, 9]
184: H[5]
185: CR2'[5, 6]
186: H[6]
187: CR3'[5, 7]
188: CR2'[6, 7]
189: H[7]
190: CR4'[5, 8]
191: CR3'[6, 8]
192: CR2'[7, 8]
193: H[8]
194: CR5'[5, 9]
195: CR4'[6, 9]
196: CR3'[7, 9]
197: CR2'[8, 9]
198: H[9]
199: X[9]
200: CNOT[9, 10]
201: X[9]
202: H[9]
203: CR2[8, 9]
204: CR3[7, 9]
205: CR4[6, 9]
206: CR5[5, 9]
207: H[8]
208: CR2[7, 8]
209: CR3[6, 8]
210: CR4[5, 8]
211: H[7]
212: CR2[6, 7]
213: CR3[5, 7]
214: H[6]
215: CR2[5, 6]
216: H[5]
217: CCR3[0, 2, 9]
218: CCR2[0, 2, 8]
219: CCR1[0, 2, 7]
220: CCR2[0, 3, 9]
221: CCR1[0, 3, 8]
222: R1'[5]
223: R2'[6]
224: R1'[6]
225: R3'[7]
226: R2'[7]
227: R1'[7]
228: R4'[8]
229: R3'[8]
230: R2'[8]
231: R1'[8]
232: R5'[9]
233: R4'[9]
234: R3'[9]
235: R2'[9]
236: H[5]
237: CR2'[5, 6]
238: H[6]
239: CR3'[5, 7]
240: CR2'[6, 7]
241: H[7]
242: CR4'[5, 8]
243: CR3'[6, 8]
244: CR2'[7, 8]
245: H[8]
246: CR5'[5, 9]
247: CR4'[6, 9]
248: CR3'[7, 9]
249: CR2'[8, 9]
250: H[9]
251: CNOT[9, 10]
252: H[9]
253: CR2[8, 9]
254: CR3[7, 9]
255: CR4[6, 9]
256: CR5[5, 9]
257: H[8]
258: CR2[7, 8]
259: CR3[6, 8]
260: CR4[5, 8]
261: H[7]
262: CR2[6, 7]
263: CR3[5, 7]
264: H[6]
265: CR2[5, 6]
266: H[5]
267: CR2[10, 9]
268: CR3[10, 9]
269: CR4[10, 9]
270: CR5[10, 9]
271: CR1[10, 8]
272: CR2[10, 8]
273: CR3[10, 8]
274: CR4[10, 8]
275: CR1[10, 7]
276: CR2[10, 7]
277: CR3[10, 7]
278: CR1[10, 6]
279: CR2[10, 6]
280: CR1[10, 5]
281: CCR1'[0, 3, 8]
282: CCR2'[0, 3, 9]
283: H[5]
284: CR2'[5, 6]
285: H[6]
286: CR3'[5, 7]
287: CR2'[6, 7]
288: H[7]
289: CR4'[5, 8]
290: CR3'[6, 8]
291: CR2'[7, 8]
292: H[8]
293: CR5'[5, 9]
294: CR4'[6, 9]
295: CR3'[7, 9]
296: CR2'[8, 9]
297: H[9]
298: X[9]
299: CNOT[9, 10]
300: X[9]
301: H[9]
302: CR2[8, 9]
303: CR3[7, 9]
304: CR4[6, 9]
305: CR5[5, 9]
306: H[8]
307: CR2[7, 8]
308: CR3[6, 8]
309: CR4[5, 8]
310: H[7]
311: CR2[6, 7]
312: CR3[5, 7]
313: H[6]
314: CR2[5, 6]
315: H[5]
316: CCR2[0, 3, 9]
317: CCR1[0, 3, 8]
318: CCR5[0, 4, 9]
319: CCR4[0, 4, 8]
320: CCR3[0, 4, 7]
321: CCR2[0, 4, 6]
322: CCR1[0, 4, 5]
323: R1'[5]
324: R2'[6]
325: R1'[6]
326: R3'[7]
327: R2'[7]
328: R1'[7]
329: R4'[8]
330: R3'[8]
331: R2'[8]
332: R1'[8]
333: R5'[9]
334: R4'[9]
335: R3'[9]
336: R2'[9]
337: H[5]
338: CR2'[5, 6]
339: H[6]
340: CR3'[5, 7]
341: CR2'[6, 7]
342: H[7]
343: CR4'[5, 8]
344: CR3'[6, 8]
345: CR2'[7, 8]
346: H[8]
347: CR5'[5, 9]
348: CR4'[6, 9]
349: CR3'[7, 9]
350: CR2'[8, 9]
351: H[9]
352: CNOT[9, 10]
353: H[9]
354: CR2[8, 9]
355: CR3[7, 9]
356: CR4[6, 9]
357: CR5[5, 9]
358: H[8]
359: CR2[7, 8]
360: CR3[6, 8]
361: CR4[5, 8]
362: H[7]
363: CR2[6, 7]
364: CR3[5, 7]
365: H[6]
366: CR2[5, 6]
367: H[5]
368: CR2[10, 9]
369: CR3[10, 9]
370: CR4[10, 9]
371: CR5[10, 9]
372: CR1[10, 8]
373: CR2[10, 8]
374: CR3[10, 8]
375: CR4[10, 8]
376: CR1[10, 7]
377: CR2[10, 7]
378: CR3[10, 7]
379: CR1[10, 6]
380: CR2[10, 6]
381: CR1[10, 5]
382: CCR1'[0, 4, 5]
383: CCR2'[0, 4, 6]
384: CCR3'[0, 4, 7]
385: CCR4'[0, 4, 8]
386: CCR5'[0, 4, 9]
387: H[5]
388: CR2'[5, 6]
389: H[6]
390: CR3'[5, 7]
391: CR2'[6, 7]
392: H[7]
393: CR4'[5, 8]
394: CR3'[6, 8]
395: CR2'[7, 8]
396: H[8]
397: CR5'[5, 9]
398: CR4'[6, 9]
399: CR3'[7, 9]
400: CR2'[8, 9]
401: H[9]
402: X[9]
403: CNOT[9, 10]
404: X[9]
405: H[9]
406: CR2[8, 9]
407: CR3[7, 9]
408: CR4[6, 9]
409: CR5[5, 9]
410: H[8]
411: CR2[7, 8]
412: CR3[6, 8]
413: CR4[5, 8]
414: H[7]
415: CR2[6, 7]
416: CR3[5, 7]
417: H[6]
418: CR2[5, 6]
419: H[5]
420: CCR5[0, 4, 9]
421: CCR4[0, 4, 8]
422: CCR3[0, 4, 7]
423: CCR2[0, 4, 6]
424: CCR1[0, 4, 5]
425: H[5]
426: CR2'[5, 6]
427: H[6]
428: CR3'[5, 7]
429: CR2'[6, 7]
430: H[7]
431: CR4'[5, 8]
432: CR3'[6, 8]
433: CR2'[7, 8]
434: H[8]
435: CR5'[5, 9]
436: CR4'[6, 9]
437: CR3'[7, 9]
438: CR2'[8, 9]
439: H[9]
440: CSWAP[0, 1, 5]
441: CSWAP[0, 2, 6]
442: CSWAP[0, 3, 7]
443: CSWAP[0, 4, 8]
444: H[9]
445: CR2[8, 9]
446: CR3[7, 9]
447: CR4[6, 9]
448: CR5[5, 9]
449: H[8]
450: CR2[7, 8]
451: CR3[6, 8]
452: CR4[5, 8]
453: H[7]
454: CR2[6, 7]
455: CR3[5, 7]
456: H[6]
457: CR2[5, 6]
458: H[5]
459: CCR1'[0, 4, 7]
460: CCR2'[0, 4, 8]
461: CCR3'[0, 4, 9]
462: H[5]
463: CR2'[5, 6]
464: H[6]
465: CR3'[5, 7]
466: CR2'[6, 7]
467: H[7]
468: CR4'[5, 8]
469: CR3'[6, 8]
470: CR2'[7, 8]
471: H[8]
472: CR5'[5, 9]
473: CR4'[6, 9]
474: CR3'[7, 9]
475: CR2'[8, 9]
476: H[9]
477: X[9]
478: CNOT[9, 10]
479: X[9]
480: H[9]
481: CR2[8, 9]
482: CR3[7, 9]
483: CR4[6, 9]
484: CR5[5, 9]
485: H[8]
486: CR2[7, 8]
487: CR3[6, 8]
488: CR4[5, 8]
489: H[7]
490: CR2[6, 7]
491: CR3[5, 7]
492: H[6]
493: CR2[5, 6]
494: H[5]
495: CCR3[0, 4, 9]
496: CCR2[0, 4, 8]
497: CCR1[0, 4, 7]
498: CR1'[10, 5]
499: CR2'[10, 6]
500: CR1'[10, 6]
501: CR3'[10, 7]
502: CR2'[10, 7]
503: CR1'[10, 7]
504: CR4'[10, 8]
505: CR3'[10, 8]
506: CR2'[10, 8]
507: CR1'[10, 8]
508: CR5'[10, 9]
509: CR4'[10, 9]
510: CR3'[10, 9]
511: CR2'[10, 9]
512: H[5]
513: CR2'[5, 6]
514: H[6]
515: CR3'[5, 7]
516: CR2'[6, 7]
517: H[7]
518: CR4'[5, 8]
519: CR3'[6, 8]
520: CR2'[7, 8]
521: H[8]
522: CR5'[5, 9]
523: CR4'[6, 9]
524: CR3'[7, 9]
525: CR2'[8, 9]
526: H[9]
527: CNOT[9, 10]
528: H[9]
529: CR2[8, 9]
530: CR3[7, 9]
531: CR4[6, 9]
532: CR5[5, 9]
533: H[8]
534: CR2[7, 8]
535: CR3[6, 8]
536: CR4[5, 8]
537: H[7]
538: CR2[6, 7]
539: CR3[5, 7]
540: H[6]
541: CR2[5, 6]
542: H[5]
543: R2[9]
544: R3[9]
545: R4[9]
546: R5[9]
547: R1[8]
548: R2[8]
549: R3[8]
550: R4[8]
551: R1[7]
552: R2[7]
553: R3[7]
554: R1[6]
555: R2[6]
556: R1[5]
557: CCR1'[0, 4, 7]
558: CCR2'[0, 4, 8]
559: CCR3'[0, 4, 9]
560: CCR1'[0, 3, 6]
561: CCR2'[0, 3, 7]
562: CCR3'[0, 3, 8]
563: CCR4'[0, 3, 9]
564: H[5]
565: CR2'[5, 6]
566: H[6]
567: CR3'[5, 7]
568: CR2'[6, 7]
569: H[7]
570: CR4'[5, 8]
571: CR3'[6, 8]
572: CR2'[7, 8]
573: H[8]
574: CR5'[5, 9]
575: CR4'[6, 9]
576: CR3'[7, 9]
577: CR2'[8, 9]
578: H[9]
579: X[9]
580: CNOT[9, 10]
581: X[9]
582: H[9]
583: CR2[8, 9]
584: CR3[7, 9]
585: CR4[6, 9]
586: CR5[5, 9]
587: H[8]
588: CR2[7, 8]
589: CR3[6, 8]
590: CR4[5, 8]
591: H[7]
592: CR2[6, 7]
593: CR3[5, 7]
594: H[6]
595: CR2[5, 6]
596: H[5]
597: CCR4[0, 3, 9]
598: CCR3[0, 3, 8]
599: CCR2[0, 3, 7]
600: CCR1[0, 3, 6]
601: CR1'[10, 5]
602: CR2'[10, 6]
603: CR1'[10, 6]
604: CR3'[10, 7]
605: CR2'[10, 7]
606: CR1'[10, 7]
607: CR4'[10, 8]
608: CR3'[10, 8]
609: CR2'[10, 8]
610: CR1'[10, 8]
611: CR5'[10, 9]
612: CR4'[10, 9]
613: CR3'[10, 9]
614: CR2'[10, 9]
615: H[5]
616: CR2'[5, 6]
617: H[6]
618: CR3'[5, 7]
619: CR2'[6, 7]
620: H[7]
621: CR4'[5, 8]
622: CR3'[6, 8]
623: CR2'[7, 8]
624: H[8]
625: CR5'[5, 9]
626: CR4'[6, 9]
627: CR3'[7, 9]
628: CR2'[8, 9]
629: H[9]
630: CNOT[9, 10]
631: H[9]
632: CR2[8, 9]
633: CR3[7, 9]
634: CR4[6, 9]
635: CR5[5, 9]
636: H[8]
637: CR2[7, 8]
638: CR3[6, 8]
639: CR4[5, 8]
640: H[7]
641: CR2[6, 7]
642: CR3[5, 7]
643: H[6]
644: CR2[5, 6]
645: H[5]
646: R2[9]
647: R3[9]
648: R4[9]
649: R5[9]
650: R1[8]
651: R2[8]
652: R3[8]
653: R4[8]
654: R1[7]
655: R2[7]
656: R3[7]
657: R1[6]
658: R2[6]
659: R1[5]
660: CCR1'[0, 3, 6]
661: CCR2'[0, 3, 7]
662: CCR3'[0, 3, 8]
663: CCR4'[0, 3, 9]
664: CCR1'[0, 2, 5]
665: CCR2'[0, 2, 6]
666: CCR3'[0, 2, 7]
667: CCR4'[0, 2, 8]
668: CCR5'[0, 2, 9]
669: H[5]
670: CR2'[5, 6]
671: H[6]
672: CR3'[5, 7]
673: CR2'[6, 7]
674: H[7]
675: CR4'[5, 8]
676: CR3'[6, 8]
677: CR2'[7, 8]
678: H[8]
679: CR5'[5, 9]
680: CR4'[6, 9]
681: CR3'[7, 9]
682: CR2'[8, 9]
683: H[9]
684: X[9]
685: CNOT[9, 10]
686: X[9]
687: H[9]
688: CR2[8, 9]
689: CR3[7, 9]
690: CR4[6, 9]
691: CR5[5, 9]
692: H[8]
693: CR2[7, 8]
694: CR3[6, 8]
695: CR4[5, 8]
696: H[7]
697: CR2[6, 7]
698: CR3[5, 7]
699: H[6]
700: CR2[5, 6]
701: H[5]
702: CCR5[0, 2, 9]
703: CCR4[0, 2, 8]
704: CCR3[0, 2, 7]
705: CCR2[0, 2, 6]
706: CCR1[0, 2, 5]
707: CR1'[10, 5]
708: CR2'[10, 6]
709: CR1'[10, 6]
710: CR3'[10, 7]
711: CR2'[10, 7]
712: CR1'[10, 7]
713: CR4'[10, 8]
714: CR3'[10, 8]
715: CR2'[10, 8]
716: CR1'[10, 8]
717: CR5'[10, 9]
718: CR4'[10, 9]
719: CR3'[10, 9]
720: CR2'[10, 9]
721: H[5]
722: CR2'[5, 6]
723: H[6]
724: CR3'[5, 7]
725: CR2'[6, 7]
726: H[7]
727: CR4'[5, 8]
728: CR3'[6, 8]
729: CR2'[7, 8]
730: H[8]
731: CR5'[5, 9]
732: CR4'[6, 9]
733: CR3'[7, 9]
734: CR2'[8, 9]
735: H[9]
736: CNOT[9, 10]
737: H[9]
738: CR2[8, 9]
739: CR3[7, 9]
740: CR4[6, 9]
741: CR5[5, 9]
742: H[8]
743: CR2[7, 8]
744: CR3[6, 8]
745: CR4[5, 8]
746: H[7]
747: CR2[6, 7]
748: CR3[5, 7]
749: H[6]
750: CR2[5, 6]
751: H[5]
752: R2[9]
753: R3[9]
754: R4[9]
755: R5[9]
756: R1[8]
757: R2[8]
758: R3[8]
759: R4[8]
760: R1[7]
761: R2[7]
762: R3[7]
763: R1[6]
764: R2[6]
765: R1[5]
766: CCR1'[0, 2, 5]
767: CCR2'[0, 2, 6]
768: CCR3'[0, 2, 7]
769: CCR4'[0, 2, 8]
770: CCR5'[0, 2, 9]
771: CCR1'[0, 1, 8]
772: CCR2'[0, 1, 9]
773: H[5]
774: CR2'[5, 6]
775: H[6]
776: CR3'[5, 7]
777: CR2'[6, 7]
778: H[7]
779: CR4'[5, 8]
780: CR3'[6, 8]
781: CR2'[7, 8]
782: H[8]
783: CR5'[5, 9]
784: CR4'[6, 9]
785: CR3'[7, 9]
786: CR2'[8, 9]
787: H[9]
788: X[9]
789: CNOT[9, 10]
790: X[9]
791: H[9]
792: CR2[8, 9]
793: CR3[7, 9]
794: CR4[6, 9]
795: CR5[5, 9]
796: H[8]
797: CR2[7, 8]
798: CR3[6, 8]
799: CR4[5, 8]
800: H[7]
801: CR2[6, 7]
802: CR3[5, 7]
803: H[6]
804: CR2[5, 6]
805: H[5]
806: CCR2[0, 1, 9]
807: CCR1[0, 1, 8]
808: CR1'[10, 5]
809: CR2'[10, 6]
810: CR1'[10, 6]
811: CR3'[10, 7]
812: CR2'[10, 7]
813: CR1'[10, 7]
814: CR4'[10, 8]
815: CR3'[10, 8]
816: CR2'[10, 8]
817: CR1'[10, 8]
818: CR5'[10, 9]
819: CR4'[10, 9]
820: CR3'[10, 9]
821: CR2'[10, 9]
822: H[5]
823: CR2'[5, 6]
824: H[6]
825: CR3'[5, 7]
826: CR2'[6, 7]
827: H[7]
828: CR4'[5, 8]
829: CR3'[6, 8]
830: CR2'[7, 8]
831: H[8]
832: CR5'[5, 9]
833: CR4'[6, 9]
834: CR3'[7, 9]
835: CR2'[8, 9]
836: H[9]
837: CNOT[9, 10]
838: H[9]
839: CR2[8, 9]
840: CR3[7, 9]
841: CR4[6, 9]
842: CR5[5, 9]
843: H[8]
844: CR2[7, 8]
845: CR3[6, 8]
846: CR4[5, 8]
847: H[7]
848: CR2[6, 7]
849: CR3[5, 7]
850: H[6]
851: CR2[5, 6]
852: H[5]
853: R2[9]
854: R3[9]
855: R4[9]
856: R5[9]
857: R1[8]
858: R2[8]
859: R3[8]
860: R4[8]
861: R1[7]
862: R2[7]
863: R3[7]
864: R1[6]
865: R2[6]
866: R1[5]
867: CCR1'[0, 1, 8]
868: CCR2'[0, 1, 9]
869: H[5]
870: CR2'[5, 6]
871: H[6]
872: CR3'[5, 7]
873: CR2'[6, 7]
874: H[7]
875: CR4'[5, 8]
876: CR3'[6, 8]
877: CR2'[7, 8]
878: H[8]
879: CR5'[5, 9]
880: CR4'[6, 9]
881: CR3'[7, 9]
882: CR2'[8, 9]
883: H[9]
@@@DBG:     0: min=    10 max=    17 tgt=   884 iter=  0.2s elap=     0.2s
@@@DBG:     1: min=    17 max=    31 tgt=   884 iter=  0.2s elap=     0.4s
@@@DBG:     2: min=    31 max=    43 tgt=   884 iter=  0.2s elap=     0.6s
@@@DBG:     3: min=    39 max=    79 tgt=   884 iter=  0.2s elap=     0.8s
@@@DBG:     4: min=    48 max=    91 tgt=   884 iter=  0.2s elap=     1.0s
@@@DBG:     5: min=    59 max=    93 tgt=   884 iter=  0.2s elap=     1.1s
@@@DBG:     6: min=    89 max=   110 tgt=   884 iter=  0.2s elap=     1.3s
@@@DBG:     7: min=    92 max=   117 tgt=   884 iter=  0.2s elap=     1.4s
@@@DBG:     8: min=   110 max=   125 tgt=   884 iter=  0.2s elap=     1.6s
@@@DBG:     9: min=   117 max=   142 tgt=   884 iter=  0.2s elap=     1.7s
@@@DBG:    10: min=   119 max=   184 tgt=   884 iter=  0.2s elap=     1.9s
@@@DBG:    11: min=   125 max=   188 tgt=   884 iter=  0.2s elap=     2.0s
@@@DBG:    12: min=   142 max=   193 tgt=   884 iter=  0.2s elap=     2.2s
@@@DBG:    13: min=   162 max=   223 tgt=   884 iter=  0.2s elap=     2.3s
@@@DBG:    14: min=   172 max=   225 tgt=   884 iter=  0.2s elap=     2.5s
@@@DBG:    15: min=   188 max=   232 tgt=   884 iter=  0.2s elap=     2.6s
@@@DBG:    16: min=   190 max=   244 tgt=   884 iter=  0.2s elap=     2.7s
@@@DBG:    17: min=   216 max=   262 tgt=   884 iter=  0.2s elap=     2.9s
@@@DBG:    18: min=   225 max=   276 tgt=   884 iter=  0.2s elap=     3.0s
@@@DBG:    19: min=   232 max=   284 tgt=   884 iter=  0.2s elap=     3.1s
@@@DBG:    20: min=   244 max=   292 tgt=   884 iter=  0.2s elap=     3.3s
@@@DBG:    21: min=   276 max=   295 tgt=   884 iter=  0.2s elap=     3.4s
@@@DBG:    22: min=   284 max=   316 tgt=   884 iter=  0.2s elap=     3.5s
@@@DBG:    23: min=   292 max=   328 tgt=   884 iter=  0.2s elap=     3.6s
@@@DBG:    24: min=   294 max=   343 tgt=   884 iter=  0.1s elap=     3.7s
@@@DBG:    25: min=   316 max=   352 tgt=   884 iter=  0.1s elap=     3.8s
@@@DBG:    26: min=   328 max=   382 tgt=   884 iter=  0.1s elap=     3.9s
@@@DBG:    27: min=   343 max=   396 tgt=   884 iter=  0.1s elap=     4.0s
@@@DBG:    28: min=   352 max=   399 tgt=   884 iter=  0.1s elap=     4.1s
@@@DBG:    29: min=   363 max=   411 tgt=   884 iter=  0.1s elap=     4.2s
@@@DBG:    30: min=   377 max=   420 tgt=   884 iter=  0.1s elap=     4.3s
@@@DBG:    31: min=   382 max=   423 tgt=   884 iter=  0.1s elap=     4.4s
@@@DBG:    32: min=   391 max=   435 tgt=   884 iter=  0.1s elap=     4.4s
@@@DBG:    33: min=   395 max=   441 tgt=   884 iter=  0.1s elap=     4.5s
@@@DBG:    34: min=   420 max=   442 tgt=   884 iter=  0.1s elap=     4.6s
@@@DBG:    35: min=   422 max=   444 tgt=   884 iter=  0.1s elap=     4.7s
@@@DBG:    36: min=   431 max=   450 tgt=   884 iter=  0.1s elap=     4.8s
@@@DBG:    37: min=   441 max=   462 tgt=   884 iter=  0.1s elap=     4.9s
@@@DBG:    38: min=   443 max=   471 tgt=   884 iter=  0.1s elap=     5.0s
@@@DBG:    39: min=   450 max=   473 tgt=   884 iter=  0.1s elap=     5.2s
@@@DBG:    40: min=   462 max=   501 tgt=   884 iter=  0.1s elap=     5.3s
@@@DBG:    41: min=   466 max=   504 tgt=   884 iter=  0.1s elap=     5.4s
@@@DBG:    42: min=   468 max=   518 tgt=   884 iter=  0.1s elap=     5.5s
@@@DBG:    43: min=   486 max=   558 tgt=   884 iter=  0.1s elap=     5.7s
@@@DBG:    44: min=   501 max=   561 tgt=   884 iter=  0.1s elap=     5.8s
@@@DBG:    45: min=   504 max=   573 tgt=   884 iter=  0.1s elap=     5.9s
@@@DBG:    46: min=   560 max=   575 tgt=   884 iter=  0.1s elap=     5.9s
@@@DBG:    47: min=   562 max=   599 tgt=   884 iter=  0.1s elap=     6.0s
@@@DBG:    48: min=   568 max=   602 tgt=   884 iter=  0.1s elap=     6.1s
@@@DBG:    49: min=   571 max=   608 tgt=   884 iter=  0.1s elap=     6.2s
@@@DBG:    50: min=   573 max=   660 tgt=   884 iter=  0.1s elap=     6.3s
@@@DBG:    51: min=   592 max=   663 tgt=   884 iter=  0.1s elap=     6.3s
@@@DBG:    52: min=   597 max=   669 tgt=   884 iter=  0.1s elap=     6.4s
@@@DBG:    53: min=   600 max=   678 tgt=   884 iter=  0.1s elap=     6.5s
@@@DBG:    54: min=   607 max=   681 tgt=   884 iter=  0.1s elap=     6.5s
@@@DBG:    55: min=   637 max=   702 tgt=   884 iter=  0.1s elap=     6.6s
@@@DBG:    56: min=   662 max=   704 tgt=   884 iter=  0.1s elap=     6.7s
@@@DBG:    57: min=   664 max=   719 tgt=   884 iter=  0.1s elap=     6.7s
@@@DBG:    58: min=   673 max=   731 tgt=   884 iter=  0.1s elap=     6.8s
@@@DBG:    59: min=   677 max=   743 tgt=   884 iter=  0.1s elap=     6.8s
@@@DBG:    60: min=   697 max=   766 tgt=   884 iter=  0.1s elap=     6.9s
@@@DBG:    61: min=   701 max=   776 tgt=   884 iter=  0.1s elap=     6.9s
@@@DBG:    62: min=   705 max=   781 tgt=   884 iter=  0.1s elap=     7.0s
@@@DBG:    63: min=   719 max=   801 tgt=   884 iter=  0.1s elap=     7.0s
@@@DBG:    64: min=   731 max=   818 tgt=   884 iter=  0.1s elap=     7.1s
@@@DBG:    65: min=   743 max=   828 tgt=   884 iter=  0.1s elap=     7.1s
@@@DBG:    66: min=   766 max=   837 tgt=   884 iter=  0.1s elap=     7.2s
@@@DBG:    67: min=   775 max=   873 tgt=   884 iter=  0.1s elap=     7.2s
@@@DBG:    68: min=   781 max=   876 tgt=   884 iter=  0.1s elap=     7.3s
@@@DBG:    69: min=   801 max=   879 tgt=   884 iter=  0.1s elap=     7.3s
@@@DBG:    70: min=   806 max=   881 tgt=   884 iter=  0.1s elap=     7.4s
@@@DBG:    71: min=   873 max=   884 tgt=   884 iter=  0.1s elap=     7.4s
@@@DBG:    72: min=   876 max=   884 tgt=   884 iter=  0.1s elap=     7.4s
@@@DBG:    73: min=   879 max=   884 tgt=   884 iter=  0.1s elap=     7.4s
@@@DBG:    74: min=   881 max=   884 tgt=   884 iter=  0.1s elap=     7.4s
@@@DBG:    75: min=   884 max=   884 tgt=   884 iter=  0.1s elap=     7.4s
=== Clusters (cost= 50.491):
==== cluster[ 0]: depth=17 width=5
 0: H[9]
 1: CR2[8, 9]
 2: CR3[7, 9]
 3: CR4[6, 9]
 4: H[8]
 5: CR5[5, 9]
 6: CR2[7, 8]
 7: CR3[6, 8]
 8: CR4[5, 8]
 9: H[7]
10: CR2[6, 7]
11: CR3[5, 7]
12: H[6]
13: CR2[5, 6]
14: H[5]
15: R1'[5]
16: H[5]
==== cluster[ 1]: depth=14 width=5
17: CCR4[0, 1, 9]
18: CCR3[0, 1, 8]
19: CCR2[0, 1, 7]
20: R4'[8]
21: R5'[9]
22: R3'[7]
23: R3'[8]
24: R4'[9]
25: R2'[7]
26: R2'[8]
27: R3'[9]
28: R1'[7]
29: R1'[8]
30: R2'[9]
==== cluster[ 2]: depth= 8 width=5
31: CCR1[0, 1, 6]
32: R2'[6]
33: R1'[6]
34: CR2'[5, 6]
35: H[6]
36: CR3'[5, 7]
37: CR2'[6, 7]
38: H[7]
==== cluster[ 3]: depth= 9 width=5
39: CR4'[5, 8]
40: CR3'[6, 8]
41: CR2'[7, 8]
42: H[8]
43: CR5'[5, 9]
44: CR4'[6, 9]
45: CR3'[7, 9]
46: CR2'[8, 9]
47: H[9]
==== cluster[ 4]: depth=31 width=6
48: CNOT[9, 10]
49: H[9]
50: CR2[8, 9]
51: CR3[7, 9]
52: CR4[6, 9]
53: H[8]
54: CR5[5, 9]
55: CR2[10, 9]
56: CR2[7, 8]
57: CR3[6, 8]
58: CR3[10, 9]
59: CR4[10, 9]
60: CR4[5, 8]
61: H[7]
62: CR5[10, 9]
63: CR1[10, 8]
64: CR2[6, 7]
65: CR3[5, 7]
66: CR2[10, 8]
67: H[6]
68: CR3[10, 8]
69: CR4[10, 8]
70: CR2[5, 6]
71: CR1[10, 7]
72: H[5]
73: CR2[10, 7]
74: CR3[10, 7]
75: CR1[10, 6]
76: CR2[10, 6]
77: CR1[10, 5]
78: H[5]
==== cluster[ 5]: depth= 7 width=5
79: CCR1'[0, 1, 6]
80: CCR2'[0, 1, 7]
81: CR2'[5, 6]
82: H[6]
83: CR3'[5, 7]
84: CR2'[6, 7]
85: H[7]
==== cluster[ 6]: depth= 4 width=5
86: CCR3'[0, 1, 8]
87: CCR4'[0, 1, 9]
88: CR4'[5, 8]
89: CR5'[5, 9]
==== cluster[ 7]: depth=20 width=5
90: CR3'[6, 8]
91: CR2'[7, 8]
92: H[8]
93: CR4'[6, 9]
94: CR3'[7, 9]
95: CR2'[8, 9]
96: H[9]
97: X[9]
98: CNOT[9, 10]
99: X[9]
100: H[9]
101: CR2[8, 9]
102: CR3[7, 9]
103: CR4[6, 9]
104: H[8]
105: CR2[7, 8]
106: CR3[6, 8]
107: H[7]
108: CR2[6, 7]
109: H[6]
==== cluster[ 8]: depth= 7 width=5
110: CR5[5, 9]
111: CR4[5, 8]
112: CR3[5, 7]
113: CR2[5, 6]
114: H[5]
115: R1'[5]
116: H[5]
==== cluster[ 9]: depth= 2 width=4
117: CCR4[0, 1, 9]
118: CCR3[0, 1, 8]
==== cluster[10]: depth= 6 width=5
119: CCR2[0, 1, 7]
120: CCR1[0, 1, 6]
121: R2'[6]
122: R1'[6]
123: CR2'[5, 6]
124: H[6]
==== cluster[11]: depth=14 width=5
125: CCR3[0, 2, 9]
126: CCR2[0, 2, 8]
127: CCR1[0, 2, 7]
128: R4'[8]
129: R5'[9]
130: R3'[7]
131: R3'[8]
132: R4'[9]
133: R2'[7]
134: R2'[8]
135: R3'[9]
136: R1'[7]
137: R1'[8]
138: R2'[9]
==== cluster[12]: depth=45 width=6
139: CR3'[5, 7]
140: CR2'[6, 7]
141: H[7]
142: CR4'[5, 8]
143: CR5'[5, 9]
144: CR3'[6, 8]
145: CR2'[7, 8]
146: H[8]
147: CR4'[6, 9]
148: CR3'[7, 9]
149: CR2'[8, 9]
150: H[9]
151: CNOT[9, 10]
152: H[9]
153: CR2[8, 9]
154: CR3[7, 9]
155: CR4[6, 9]
156: H[8]
157: CR5[5, 9]
158: CR2[10, 9]
159: CR2[7, 8]
160: CR3[6, 8]
161: CR3[10, 9]
162: CR4[10, 9]
163: CR4[5, 8]
164: H[7]
165: CR5[10, 9]
166: CR1[10, 8]
167: CR2[6, 7]
168: CR3[5, 7]
169: CR2[10, 8]
170: H[6]
171: CR3[10, 8]
172: CR4[10, 8]
173: CR2[5, 6]
174: CR1[10, 7]
175: H[5]
176: CR2[10, 7]
177: CR3[10, 7]
178: CR1[10, 6]
179: CR2[10, 6]
180: CR1[10, 5]
181: H[5]
182: CR2'[5, 6]
183: H[6]
==== cluster[13]: depth= 9 width=6
184: CCR1'[0, 2, 7]
185: CCR2'[0, 2, 8]
186: CR3'[5, 7]
187: CR2'[6, 7]
188: H[7]
189: CR4'[5, 8]
190: CR3'[6, 8]
191: CR2'[7, 8]
192: H[8]
==== cluster[14]: depth= 3 width=5
193: CCR3'[0, 2, 9]
194: CR5'[5, 9]
195: CR4'[6, 9]
==== cluster[15]: depth=12 width=4
196: CR3'[7, 9]
197: CR2'[8, 9]
198: H[9]
199: X[9]
200: CNOT[9, 10]
201: X[9]
202: H[9]
203: CR2[8, 9]
204: CR3[7, 9]
205: H[8]
206: CR2[7, 8]
207: H[7]
==== cluster[16]: depth=15 width=5
208: CR4[6, 9]
209: CR3[6, 8]
210: CR5[5, 9]
211: CR4[5, 8]
212: CR2[6, 7]
213: CR3[5, 7]
214: H[6]
215: CR2[5, 6]
216: R2'[6]
217: H[5]
218: R1'[6]
219: R1'[5]
220: H[5]
221: CR2'[5, 6]
222: H[6]
==== cluster[17]: depth= 2 width=4
223: CCR3[0, 2, 9]
224: CCR2[0, 2, 8]
==== cluster[18]: depth= 5 width=4
225: CCR1[0, 2, 7]
226: R3'[7]
227: R2'[7]
228: R1'[7]
229: CR3'[5, 7]
==== cluster[19]: depth=12 width=5
230: CCR2[0, 3, 9]
231: CCR1[0, 3, 8]
232: R4'[8]
233: R5'[9]
234: R3'[8]
235: R4'[9]
236: R2'[8]
237: R3'[9]
238: R1'[8]
239: R2'[9]
240: CR4'[5, 8]
241: CR5'[5, 9]
==== cluster[20]: depth=45 width=6
242: CR2'[6, 7]
243: H[7]
244: CR3'[6, 8]
245: CR4'[6, 9]
246: CR2'[7, 8]
247: H[8]
248: CR3'[7, 9]
249: CR2'[8, 9]
250: H[9]
251: CNOT[9, 10]
252: H[9]
253: CR2[8, 9]
254: CR3[7, 9]
255: CR4[6, 9]
256: H[8]
257: CR5[5, 9]
258: CR2[10, 9]
259: CR2[7, 8]
260: CR3[6, 8]
261: CR3[10, 9]
262: CR4[10, 9]
263: CR4[5, 8]
264: H[7]
265: CR5[10, 9]
266: CR1[10, 8]
267: CR2[6, 7]
268: CR3[5, 7]
269: CR2[10, 8]
270: H[6]
271: CR3[10, 8]
272: CR4[10, 8]
273: CR2[5, 6]
274: CR1[10, 7]
275: H[5]
276: CR2[10, 7]
277: CR3[10, 7]
278: CR1[10, 6]
279: CR2[10, 6]
280: CR1[10, 5]
281: H[5]
282: CR2'[5, 6]
283: CR3'[5, 7]
284: H[6]
285: CR2'[6, 7]
286: H[7]
==== cluster[21]: depth= 4 width=5
287: CCR1'[0, 3, 8]
288: CCR2'[0, 3, 9]
289: CR4'[5, 8]
290: CR5'[5, 9]
==== cluster[22]: depth=20 width=5
291: CR3'[6, 8]
292: CR2'[7, 8]
293: H[8]
294: CR4'[6, 9]
295: CR3'[7, 9]
296: CR2'[8, 9]
297: H[9]
298: X[9]
299: CNOT[9, 10]
300: X[9]
301: H[9]
302: CR2[8, 9]
303: CR3[7, 9]
304: CR4[6, 9]
305: H[8]
306: CR2[7, 8]
307: CR3[6, 8]
308: H[7]
309: CR2[6, 7]
310: H[6]
==== cluster[23]: depth= 4 width=5
311: CR5[5, 9]
312: CR4[5, 8]
313: CCR2[0, 3, 9]
314: CCR1[0, 3, 8]
==== cluster[24]: depth=10 width=4
315: CCR5[0, 4, 9]
316: R5'[9]
317: CCR4[0, 4, 8]
318: R4'[8]
319: R4'[9]
320: R3'[9]
321: R3'[8]
322: R2'[9]
323: R2'[8]
324: R1'[8]
==== cluster[25]: depth=18 width=5
325: CR3[5, 7]
326: CR2[5, 6]
327: CCR3[0, 4, 7]
328: CCR2[0, 4, 6]
329: H[5]
330: R2'[6]
331: R3'[7]
332: CCR1[0, 4, 5]
333: R1'[5]
334: R1'[6]
335: R2'[7]
336: H[5]
337: CR2'[5, 6]
338: R1'[7]
339: CR3'[5, 7]
340: H[6]
341: CR2'[6, 7]
342: H[7]
==== cluster[26]: depth=39 width=6
343: CR4'[5, 8]
344: CR3'[6, 8]
345: CR2'[7, 8]
346: H[8]
347: CR5'[5, 9]
348: CR4'[6, 9]
349: CR3'[7, 9]
350: CR2'[8, 9]
351: H[9]
352: CNOT[9, 10]
353: H[9]
354: CR2[8, 9]
355: CR3[7, 9]
356: CR4[6, 9]
357: H[8]
358: CR5[5, 9]
359: CR2[10, 9]
360: CR2[7, 8]
361: CR3[6, 8]
362: CR3[10, 9]
363: CR4[10, 9]
364: CR4[5, 8]
365: H[7]
366: CR5[10, 9]
367: CR1[10, 8]
368: CR2[6, 7]
369: CR3[5, 7]
370: CR2[10, 8]
371: H[6]
372: CR3[10, 8]
373: CR4[10, 8]
374: CR2[5, 6]
375: CR1[10, 7]
376: H[5]
377: CR2[10, 7]
378: CR3[10, 7]
379: CR1[10, 6]
380: CR2[10, 6]
381: CR1[10, 5]
==== cluster[27]: depth= 9 width=5
382: CCR1'[0, 4, 5]
383: CCR2'[0, 4, 6]
384: H[5]
385: CR2'[5, 6]
386: CCR3'[0, 4, 7]
387: CR3'[5, 7]
388: H[6]
389: CR2'[6, 7]
390: H[7]
==== cluster[28]: depth= 3 width=5
391: CCR4'[0, 4, 8]
392: CR4'[5, 8]
393: CR3'[6, 8]
==== cluster[29]: depth= 3 width=5
394: CCR5'[0, 4, 9]
395: CR5'[5, 9]
396: CR4'[6, 9]
==== cluster[30]: depth=14 width=4
397: CR2'[7, 8]
398: CR3'[7, 9]
399: H[8]
400: CR2'[8, 9]
401: H[9]
402: X[9]
403: CNOT[9, 10]
404: X[9]
405: H[9]
406: CR2[8, 9]
407: CR3[7, 9]
408: H[8]
409: CR2[7, 8]
410: H[7]
==== cluster[31]: depth= 4 width=4
411: CR4[6, 9]
412: CR5[5, 9]
413: CR3[6, 8]
414: CR4[5, 8]
==== cluster[32]: depth= 5 width=3
415: CR2[6, 7]
416: CR3[5, 7]
417: H[6]
418: CR2[5, 6]
419: H[5]
==== cluster[33]: depth= 3 width=5
420: CCR5[0, 4, 9]
421: CCR4[0, 4, 8]
422: CCR3[0, 4, 7]
==== cluster[34]: depth= 8 width=5
423: CCR2[0, 4, 6]
424: CCR1[0, 4, 5]
425: H[5]
426: CR2'[5, 6]
427: CR3'[5, 7]
428: H[6]
429: CR2'[6, 7]
430: H[7]
==== cluster[35]: depth=10 width=5
431: CR4'[5, 8]
432: CR3'[6, 8]
433: CR2'[7, 8]
434: H[8]
435: CR5'[5, 9]
436: CR4'[6, 9]
437: CR3'[7, 9]
438: CR2'[8, 9]
439: H[9]
440: H[9]
==== cluster[36]: depth= 2 width=5
441: CSWAP[0, 1, 5]
442: CSWAP[0, 2, 6]
==== cluster[37]: depth= 2 width=5
443: CSWAP[0, 3, 7]
444: CSWAP[0, 4, 8]
==== cluster[38]: depth=17 width=5
445: CR2[8, 9]
446: CR3[7, 9]
447: CR4[6, 9]
448: H[8]
449: CR5[5, 9]
450: CR2[7, 8]
451: CR3[6, 8]
452: CR4[5, 8]
453: H[7]
454: CR2[6, 7]
455: CR3[5, 7]
456: H[6]
457: CR2[5, 6]
458: H[5]
459: H[5]
460: CR2'[5, 6]
461: H[6]
==== cluster[39]: depth= 4 width=5
462: CCR1'[0, 4, 7]
463: CCR2'[0, 4, 8]
464: CR3'[5, 7]
465: CR4'[5, 8]
==== cluster[40]: depth= 2 width=4
466: CCR3'[0, 4, 9]
467: CR5'[5, 9]
==== cluster[41]: depth=33 width=6
468: CR2'[6, 7]
469: H[7]
470: CR3'[6, 8]
471: CR4'[6, 9]
472: CR2'[7, 8]
473: H[8]
474: CR3'[7, 9]
475: CR2'[8, 9]
476: H[9]
477: X[9]
478: CNOT[9, 10]
479: X[9]
480: H[9]
481: CR2[8, 9]
482: CR3[7, 9]
483: CR4[6, 9]
484: H[8]
485: CR5[5, 9]
486: CR2[7, 8]
487: CR3[6, 8]
488: CR4[5, 8]
489: H[7]
490: CR2[6, 7]
491: CR3[5, 7]
492: H[6]
493: CR2[5, 6]
494: H[5]
495: CR1'[10, 5]
496: H[5]
497: CR2'[10, 6]
498: CR1'[10, 6]
499: CR2'[5, 6]
500: H[6]
==== cluster[42]: depth= 3 width=5
501: CCR3[0, 4, 9]
502: CCR2[0, 4, 8]
503: CCR1[0, 4, 7]
==== cluster[43]: depth=14 width=5
504: CR3'[10, 7]
505: CR2'[10, 7]
506: CR1'[10, 7]
507: CR4'[10, 8]
508: CR3'[10, 8]
509: CR3'[5, 7]
510: CR2'[10, 8]
511: CR1'[10, 8]
512: CR4'[5, 8]
513: CR5'[10, 9]
514: CR4'[10, 9]
515: CR3'[10, 9]
516: CR2'[10, 9]
517: CR5'[5, 9]
==== cluster[44]: depth=20 width=5
518: CR2'[6, 7]
519: H[7]
520: CR3'[6, 8]
521: CR4'[6, 9]
522: CR2'[7, 8]
523: H[8]
524: CR3'[7, 9]
525: CR2'[8, 9]
526: H[9]
527: CNOT[9, 10]
528: H[9]
529: CR2[8, 9]
530: CR3[7, 9]
531: CR4[6, 9]
532: H[8]
533: CR2[7, 8]
534: CR3[6, 8]
535: H[7]
536: CR2[6, 7]
537: H[6]
==== cluster[45]: depth=20 width=5
538: CR5[5, 9]
539: CR4[5, 8]
540: R2[9]
541: CR3[5, 7]
542: CR2[5, 6]
543: R1[7]
544: R1[8]
545: R3[9]
546: H[5]
547: R1[6]
548: R2[7]
549: R2[8]
550: R4[9]
551: R1[5]
552: R2[6]
553: R3[7]
554: R3[8]
555: R5[9]
556: H[5]
557: R4[8]
==== cluster[46]: depth= 2 width=4
558: CCR1'[0, 4, 7]
559: CCR2'[0, 4, 8]
==== cluster[47]: depth= 2 width=5
560: CCR3'[0, 4, 9]
561: CCR1'[0, 3, 6]
==== cluster[48]: depth= 6 width=5
562: CCR2'[0, 3, 7]
563: CR2'[5, 6]
564: H[6]
565: CR3'[5, 7]
566: CR2'[6, 7]
567: H[7]
==== cluster[49]: depth= 3 width=5
568: CCR3'[0, 3, 8]
569: CR4'[5, 8]
570: CR3'[6, 8]
==== cluster[50]: depth= 2 width=4
571: CCR4'[0, 3, 9]
572: CR5'[5, 9]
==== cluster[51]: depth=19 width=5
573: CR4'[6, 9]
574: CR2'[7, 8]
575: H[8]
576: CR3'[7, 9]
577: CR2'[8, 9]
578: H[9]
579: X[9]
580: CNOT[9, 10]
581: X[9]
582: H[9]
583: CR2[8, 9]
584: CR3[7, 9]
585: CR4[6, 9]
586: H[8]
587: CR2[7, 8]
588: CR3[6, 8]
589: H[7]
590: CR2[6, 7]
591: H[6]
==== cluster[52]: depth= 5 width=5
592: CR5[5, 9]
593: CR4[5, 8]
594: CR3[5, 7]
595: CR2[5, 6]
596: H[5]
==== cluster[53]: depth= 3 width=5
597: CCR4[0, 3, 9]
598: CCR3[0, 3, 8]
599: CCR2[0, 3, 7]
==== cluster[54]: depth= 7 width=5
600: CCR1[0, 3, 6]
601: CR1'[10, 5]
602: CR2'[10, 6]
603: CR1'[10, 6]
604: H[5]
605: CR2'[5, 6]
606: H[6]
==== cluster[55]: depth=53 width=6
607: CR3'[10, 7]
608: CR2'[10, 7]
609: CR1'[10, 7]
610: CR4'[10, 8]
611: CR3'[10, 8]
612: CR3'[5, 7]
613: CR2'[6, 7]
614: H[7]
615: CR2'[10, 8]
616: CR1'[10, 8]
617: CR4'[5, 8]
618: CR3'[6, 8]
619: CR2'[7, 8]
620: H[8]
621: CR5'[10, 9]
622: CR4'[10, 9]
623: CR3'[10, 9]
624: CR2'[10, 9]
625: CR5'[5, 9]
626: CR4'[6, 9]
627: CR3'[7, 9]
628: CR2'[8, 9]
629: H[9]
630: CNOT[9, 10]
631: H[9]
632: CR2[8, 9]
633: CR3[7, 9]
634: CR4[6, 9]
635: H[8]
636: CR5[5, 9]
637: CR2[7, 8]
638: CR3[6, 8]
639: R2[9]
640: CR4[5, 8]
641: H[7]
642: R1[8]
643: R3[9]
644: CR2[6, 7]
645: CR3[5, 7]
646: R2[8]
647: R4[9]
648: H[6]
649: R1[7]
650: R3[8]
651: R5[9]
652: CR2[5, 6]
653: R1[6]
654: R2[7]
655: R4[8]
656: H[5]
657: R2[6]
658: R3[7]
659: R1[5]
==== cluster[56]: depth= 2 width=4
660: CCR1'[0, 3, 6]
661: CCR2'[0, 3, 7]
==== cluster[57]: depth= 2 width=4
662: CCR3'[0, 3, 8]
663: CCR4'[0, 3, 9]
==== cluster[58]: depth= 9 width=5
664: CCR1'[0, 2, 5]
665: CCR2'[0, 2, 6]
666: H[5]
667: CR2'[5, 6]
668: CCR3'[0, 2, 7]
669: CR3'[5, 7]
670: H[6]
671: CR2'[6, 7]
672: H[7]
==== cluster[59]: depth= 4 width=5
673: CCR4'[0, 2, 8]
674: CCR5'[0, 2, 9]
675: CR4'[5, 8]
676: CR5'[5, 9]
==== cluster[60]: depth=20 width=5
677: CR3'[6, 8]
678: CR2'[7, 8]
679: H[8]
680: CR4'[6, 9]
681: CR3'[7, 9]
682: CR2'[8, 9]
683: H[9]
684: X[9]
685: CNOT[9, 10]
686: X[9]
687: H[9]
688: CR2[8, 9]
689: CR3[7, 9]
690: CR4[6, 9]
691: H[8]
692: CR2[7, 8]
693: CR3[6, 8]
694: H[7]
695: CR2[6, 7]
696: H[6]
==== cluster[61]: depth= 4 width=5
697: CR5[5, 9]
698: CR4[5, 8]
699: CCR5[0, 2, 9]
700: CCR4[0, 2, 8]
==== cluster[62]: depth= 6 width=5
701: CR3[5, 7]
702: CR2[5, 6]
703: CCR3[0, 2, 7]
704: CCR2[0, 2, 6]
705: H[5]
706: CCR1[0, 2, 5]
==== cluster[63]: depth=59 width=6
707: CR1'[10, 5]
708: CR2'[10, 6]
709: CR1'[10, 6]
710: H[5]
711: CR2'[5, 6]
712: CR3'[10, 7]
713: CR2'[10, 7]
714: H[6]
715: CR1'[10, 7]
716: CR4'[10, 8]
717: CR3'[10, 8]
718: CR3'[5, 7]
719: CR2'[6, 7]
720: H[7]
721: CR2'[10, 8]
722: CR1'[10, 8]
723: CR4'[5, 8]
724: CR3'[6, 8]
725: CR2'[7, 8]
726: H[8]
727: CR5'[10, 9]
728: CR4'[10, 9]
729: CR3'[10, 9]
730: CR2'[10, 9]
731: CR5'[5, 9]
732: CR4'[6, 9]
733: CR3'[7, 9]
734: CR2'[8, 9]
735: H[9]
736: CNOT[9, 10]
737: H[9]
738: CR2[8, 9]
739: CR3[7, 9]
740: CR4[6, 9]
741: H[8]
742: CR5[5, 9]
743: CR2[7, 8]
744: CR3[6, 8]
745: R2[9]
746: CR4[5, 8]
747: H[7]
748: R1[8]
749: R3[9]
750: CR2[6, 7]
751: CR3[5, 7]
752: R2[8]
753: R4[9]
754: H[6]
755: R1[7]
756: R3[8]
757: R5[9]
758: CR2[5, 6]
759: R1[6]
760: R2[7]
761: R4[8]
762: H[5]
763: R2[6]
764: R3[7]
765: R1[5]
==== cluster[64]: depth= 5 width=4
766: CCR1'[0, 2, 5]
767: CCR2'[0, 2, 6]
768: H[5]
769: CR2'[5, 6]
770: H[6]
==== cluster[65]: depth= 4 width=5
771: CCR3'[0, 2, 7]
772: CR3'[5, 7]
773: CR2'[6, 7]
774: H[7]
==== cluster[66]: depth= 6 width=6
775: CCR4'[0, 2, 8]
776: CCR5'[0, 2, 9]
777: CCR1'[0, 1, 8]
778: CCR2'[0, 1, 9]
779: CR4'[5, 8]
780: CR5'[5, 9]
==== cluster[67]: depth=37 width=6
781: CR3'[6, 8]
782: CR2'[7, 8]
783: H[8]
784: CR4'[6, 9]
785: CR3'[7, 9]
786: CR2'[8, 9]
787: H[9]
788: X[9]
789: CNOT[9, 10]
790: X[9]
791: H[9]
792: CR2[8, 9]
793: CR3[7, 9]
794: CR4[6, 9]
795: H[8]
796: CR5[5, 9]
797: CR2[7, 8]
798: CR3[6, 8]
799: CR4[5, 8]
800: H[7]
801: CR2[6, 7]
802: CR3[5, 7]
803: H[6]
804: CR2[5, 6]
805: H[5]
806: CR1'[10, 5]
807: H[5]
808: CR2'[10, 6]
809: CR1'[10, 6]
810: CR2'[5, 6]
811: H[6]
812: CR3'[10, 7]
813: CR2'[10, 7]
814: CR1'[10, 7]
815: CR3'[5, 7]
816: CR2'[6, 7]
817: H[7]
==== cluster[68]: depth=12 width=6
818: CCR2[0, 1, 9]
819: CCR1[0, 1, 8]
820: CR4'[10, 8]
821: CR3'[10, 8]
822: CR2'[10, 8]
823: CR1'[10, 8]
824: CR4'[5, 8]
825: CR5'[10, 9]
826: CR4'[10, 9]
827: CR3'[10, 9]
828: CR2'[10, 9]
829: CR5'[5, 9]
==== cluster[69]: depth=43 width=6
830: CR3'[6, 8]
831: CR2'[7, 8]
832: H[8]
833: CR4'[6, 9]
834: CR3'[7, 9]
835: CR2'[8, 9]
836: H[9]
837: CNOT[9, 10]
838: H[9]
839: CR2[8, 9]
840: CR3[7, 9]
841: CR4[6, 9]
842: H[8]
843: CR5[5, 9]
844: CR2[7, 8]
845: CR3[6, 8]
846: R2[9]
847: CR4[5, 8]
848: H[7]
849: R1[8]
850: R3[9]
851: CR2[6, 7]
852: CR3[5, 7]
853: R2[8]
854: R4[9]
855: H[6]
856: R1[7]
857: R3[8]
858: R5[9]
859: CR2[5, 6]
860: R1[6]
861: R2[7]
862: R4[8]
863: H[5]
864: R2[6]
865: R3[7]
866: R1[5]
867: H[5]
868: CR2'[5, 6]
869: CR3'[5, 7]
870: H[6]
871: CR2'[6, 7]
872: H[7]
==== cluster[70]: depth= 4 width=5
873: CCR1'[0, 1, 8]
874: CCR2'[0, 1, 9]
875: CR4'[5, 8]
876: CR5'[5, 9]
==== cluster[71]: depth= 7 width=4
877: CR3'[6, 8]
878: CR4'[6, 9]
879: CR2'[7, 8]
880: CR3'[7, 9]
881: H[8]
882: CR2'[8, 9]
883: H[9]
