=== Original:
 0: H[9]
 1: CR2[8, 9]
 2: CR3[7, 9]
 3: CR4[6, 9]
 4: CR5[5, 9]
 5: H[8]
 6: CR2[7, 8]
 7: CR3[6, 8]
 8: CR4[5, 8]
 9: H[7]
10: CR2[6, 7]
11: CR3[5, 7]
12: H[6]
13: CR2[5, 6]
14: H[5]
15: CCR4[0, 1, 9]
16: CCR3[0, 1, 8]
17: CCR2[0, 1, 7]
18: CCR1[0, 1, 6]
19: R1'[5]
20: R2'[6]
21: R1'[6]
22: R3'[7]
23: R2'[7]
24: R1'[7]
25: R4'[8]
26: R3'[8]
27: R2'[8]
28: R1'[8]
29: R5'[9]
30: R4'[9]
31: R3'[9]
32: R2'[9]
33: H[5]
34: CR2'[5, 6]
35: H[6]
36: CR3'[5, 7]
37: CR2'[6, 7]
38: H[7]
39: CR4'[5, 8]
40: CR3'[6, 8]
41: CR2'[7, 8]
42: H[8]
43: CR5'[5, 9]
44: CR4'[6, 9]
45: CR3'[7, 9]
46: CR2'[8, 9]
47: H[9]
48: CNOT[9, 10]
49: H[9]
50: CR2[8, 9]
51: CR3[7, 9]
52: CR4[6, 9]
53: CR5[5, 9]
54: H[8]
55: CR2[7, 8]
56: CR3[6, 8]
57: CR4[5, 8]
58: H[7]
59: CR2[6, 7]
60: CR3[5, 7]
61: H[6]
62: CR2[5, 6]
63: H[5]
64: CR2[10, 9]
65: CR3[10, 9]
66: CR4[10, 9]
67: CR5[10, 9]
68: CR1[10, 8]
69: CR2[10, 8]
70: CR3[10, 8]
71: CR4[10, 8]
72: CR1[10, 7]
73: CR2[10, 7]
74: CR3[10, 7]
75: CR1[10, 6]
76: CR2[10, 6]
77: CR1[10, 5]
78: CCR1'[0, 1, 6]
79: CCR2'[0, 1, 7]
80: CCR3'[0, 1, 8]
81: CCR4'[0, 1, 9]
82: H[5]
83: CR2'[5, 6]
84: H[6]
85: CR3'[5, 7]
86: CR2'[6, 7]
87: H[7]
88: CR4'[5, 8]
89: CR3'[6, 8]
90: CR2'[7, 8]
91: H[8]
92: CR5'[5, 9]
93: CR4'[6, 9]
94: CR3'[7, 9]
95: CR2'[8, 9]
96: H[9]
97: X[9]
98: CNOT[9, 10]
99: X[9]
100: H[9]
101: CR2[8, 9]
102: CR3[7, 9]
103: CR4[6, 9]
104: CR5[5, 9]
105: H[8]
106: CR2[7, 8]
107: CR3[6, 8]
108: CR4[5, 8]
109: H[7]
110: CR2[6, 7]
111: CR3[5, 7]
112: H[6]
113: CR2[5, 6]
114: H[5]
115: CCR4[0, 1, 9]
116: CCR3[0, 1, 8]
117: CCR2[0, 1, 7]
118: CCR1[0, 1, 6]
119: CCR3[0, 2, 9]
120: CCR2[0, 2, 8]
121: CCR1[0, 2, 7]
122: R1'[5]
123: R2'[6]
124: R1'[6]
125: R3'[7]
126: R2'[7]
127: R1'[7]
128: R4'[8]
129: R3'[8]
130: R2'[8]
131: R1'[8]
132: R5'[9]
133: R4'[9]
134: R3'[9]
135: R2'[9]
136: H[5]
137: CR2'[5, 6]
138: H[6]
139: CR3'[5, 7]
140: CR2'[6, 7]
141: H[7]
142: CR4'[5, 8]
143: CR3'[6, 8]
144: CR2'[7, 8]
145: H[8]
146: CR5'[5, 9]
147: CR4'[6, 9]
148: CR3'[7, 9]
149: CR2'[8, 9]
150: H[9]
151: CNOT[9, 10]
152: H[9]
153: CR2[8, 9]
154: CR3[7, 9]
155: CR4[6, 9]
156: CR5[5, 9]
157: H[8]
158: CR2[7, 8]
159: CR3[6, 8]
160: CR4[5, 8]
161: H[7]
162: CR2[6, 7]
163: CR3[5, 7]
164: H[6]
165: CR2[5, 6]
166: H[5]
167: CR2[10, 9]
168: CR3[10, 9]
169: CR4[10, 9]
170: CR5[10, 9]
171: CR1[10, 8]
172: CR2[10, 8]
173: CR3[10, 8]
174: CR4[10, 8]
175: CR1[10, 7]
176: CR2[10, 7]
177: CR3[10, 7]
178: CR1[10, 6]
179: CR2[10, 6]
180: CR1[10, 5]
181: CCR1'[0, 2, 7]
182: CCR2'[0, 2, 8]
183: CCR3'[0, 2, 9]
184: H[5]
185: CR2'[5, 6]
186: H[6]
187: CR3'[5, 7]
188: CR2'[6, 7]
189: H[7]
190: CR4'[5, 8]
191: CR3'[6, 8]
192: CR2'[7, 8]
193: H[8]
194: CR5'[5, 9]
195: CR4'[6, 9]
196: CR3'[7, 9]
197: CR2'[8, 9]
198: H[9]
199: X[9]
200: CNOT[9, 10]
201: X[9]
202: H[9]
203: CR2[8, 9]
204: CR3[7, 9]
205: CR4[6, 9]
206: CR5[5, 9]
207: H[8]
208: CR2[7, 8]
209: CR3[6, 8]
210: CR4[5, 8]
211: H[7]
212: CR2[6, 7]
213: CR3[5, 7]
214: H[6]
215: CR2[5, 6]
216: H[5]
217: CCR3[0, 2, 9]
218: CCR2[0, 2, 8]
219: CCR1[0, 2, 7]
220: CCR2[0, 3, 9]
221: CCR1[0, 3, 8]
222: R1'[5]
223: R2'[6]
224: R1'[6]
225: R3'[7]
226: R2'[7]
227: R1'[7]
228: R4'[8]
229: R3'[8]
230: R2'[8]
231: R1'[8]
232: R5'[9]
233: R4'[9]
234: R3'[9]
235: R2'[9]
236: H[5]
237: CR2'[5, 6]
238: H[6]
239: CR3'[5, 7]
240: CR2'[6, 7]
241: H[7]
242: CR4'[5, 8]
243: CR3'[6, 8]
244: CR2'[7, 8]
245: H[8]
246: CR5'[5, 9]
247: CR4'[6, 9]
248: CR3'[7, 9]
249: CR2'[8, 9]
250: H[9]
251: CNOT[9, 10]
252: H[9]
253: CR2[8, 9]
254: CR3[7, 9]
255: CR4[6, 9]
256: CR5[5, 9]
257: H[8]
258: CR2[7, 8]
259: CR3[6, 8]
260: CR4[5, 8]
261: H[7]
262: CR2[6, 7]
263: CR3[5, 7]
264: H[6]
265: CR2[5, 6]
266: H[5]
267: CR2[10, 9]
268: CR3[10, 9]
269: CR4[10, 9]
270: CR5[10, 9]
271: CR1[10, 8]
272: CR2[10, 8]
273: CR3[10, 8]
274: CR4[10, 8]
275: CR1[10, 7]
276: CR2[10, 7]
277: CR3[10, 7]
278: CR1[10, 6]
279: CR2[10, 6]
280: CR1[10, 5]
281: CCR1'[0, 3, 8]
282: CCR2'[0, 3, 9]
283: H[5]
284: CR2'[5, 6]
285: H[6]
286: CR3'[5, 7]
287: CR2'[6, 7]
288: H[7]
289: CR4'[5, 8]
290: CR3'[6, 8]
291: CR2'[7, 8]
292: H[8]
293: CR5'[5, 9]
294: CR4'[6, 9]
295: CR3'[7, 9]
296: CR2'[8, 9]
297: H[9]
298: X[9]
299: CNOT[9, 10]
300: X[9]
301: H[9]
302: CR2[8, 9]
303: CR3[7, 9]
304: CR4[6, 9]
305: CR5[5, 9]
306: H[8]
307: CR2[7, 8]
308: CR3[6, 8]
309: CR4[5, 8]
310: H[7]
311: CR2[6, 7]
312: CR3[5, 7]
313: H[6]
314: CR2[5, 6]
315: H[5]
316: CCR2[0, 3, 9]
317: CCR1[0, 3, 8]
318: CCR5[0, 4, 9]
319: CCR4[0, 4, 8]
320: CCR3[0, 4, 7]
321: CCR2[0, 4, 6]
322: CCR1[0, 4, 5]
323: R1'[5]
324: R2'[6]
325: R1'[6]
326: R3'[7]
327: R2'[7]
328: R1'[7]
329: R4'[8]
330: R3'[8]
331: R2'[8]
332: R1'[8]
333: R5'[9]
334: R4'[9]
335: R3'[9]
336: R2'[9]
337: H[5]
338: CR2'[5, 6]
339: H[6]
340: CR3'[5, 7]
341: CR2'[6, 7]
342: H[7]
343: CR4'[5, 8]
344: CR3'[6, 8]
345: CR2'[7, 8]
346: H[8]
347: CR5'[5, 9]
348: CR4'[6, 9]
349: CR3'[7, 9]
350: CR2'[8, 9]
351: H[9]
352: CNOT[9, 10]
353: H[9]
354: CR2[8, 9]
355: CR3[7, 9]
356: CR4[6, 9]
357: CR5[5, 9]
358: H[8]
359: CR2[7, 8]
360: CR3[6, 8]
361: CR4[5, 8]
362: H[7]
363: CR2[6, 7]
364: CR3[5, 7]
365: H[6]
366: CR2[5, 6]
367: H[5]
368: CR2[10, 9]
369: CR3[10, 9]
370: CR4[10, 9]
371: CR5[10, 9]
372: CR1[10, 8]
373: CR2[10, 8]
374: CR3[10, 8]
375: CR4[10, 8]
376: CR1[10, 7]
377: CR2[10, 7]
378: CR3[10, 7]
379: CR1[10, 6]
380: CR2[10, 6]
381: CR1[10, 5]
382: CCR1'[0, 4, 5]
383: CCR2'[0, 4, 6]
384: CCR3'[0, 4, 7]
385: CCR4'[0, 4, 8]
386: CCR5'[0, 4, 9]
387: H[5]
388: CR2'[5, 6]
389: H[6]
390: CR3'[5, 7]
391: CR2'[6, 7]
392: H[7]
393: CR4'[5, 8]
394: CR3'[6, 8]
395: CR2'[7, 8]
396: H[8]
397: CR5'[5, 9]
398: CR4'[6, 9]
399: CR3'[7, 9]
400: CR2'[8, 9]
401: H[9]
402: X[9]
403: CNOT[9, 10]
404: X[9]
405: H[9]
406: CR2[8, 9]
407: CR3[7, 9]
408: CR4[6, 9]
409: CR5[5, 9]
410: H[8]
411: CR2[7, 8]
412: CR3[6, 8]
413: CR4[5, 8]
414: H[7]
415: CR2[6, 7]
416: CR3[5, 7]
417: H[6]
418: CR2[5, 6]
419: H[5]
420: CCR5[0, 4, 9]
421: CCR4[0, 4, 8]
422: CCR3[0, 4, 7]
423: CCR2[0, 4, 6]
424: CCR1[0, 4, 5]
425: H[5]
426: CR2'[5, 6]
427: H[6]
428: CR3'[5, 7]
429: CR2'[6, 7]
430: H[7]
431: CR4'[5, 8]
432: CR3'[6, 8]
433: CR2'[7, 8]
434: H[8]
435: CR5'[5, 9]
436: CR4'[6, 9]
437: CR3'[7, 9]
438: CR2'[8, 9]
439: H[9]
440: CSWAP[0, 1, 5]
441: CSWAP[0, 2, 6]
442: CSWAP[0, 3, 7]
443: CSWAP[0, 4, 8]
444: H[9]
445: CR2[8, 9]
446: CR3[7, 9]
447: CR4[6, 9]
448: CR5[5, 9]
449: H[8]
450: CR2[7, 8]
451: CR3[6, 8]
452: CR4[5, 8]
453: H[7]
454: CR2[6, 7]
455: CR3[5, 7]
456: H[6]
457: CR2[5, 6]
458: H[5]
459: CCR1'[0, 4, 7]
460: CCR2'[0, 4, 8]
461: CCR3'[0, 4, 9]
462: H[5]
463: CR2'[5, 6]
464: H[6]
465: CR3'[5, 7]
466: CR2'[6, 7]
467: H[7]
468: CR4'[5, 8]
469: CR3'[6, 8]
470: CR2'[7, 8]
471: H[8]
472: CR5'[5, 9]
473: CR4'[6, 9]
474: CR3'[7, 9]
475: CR2'[8, 9]
476: H[9]
477: X[9]
478: CNOT[9, 10]
479: X[9]
480: H[9]
481: CR2[8, 9]
482: CR3[7, 9]
483: CR4[6, 9]
484: CR5[5, 9]
485: H[8]
486: CR2[7, 8]
487: CR3[6, 8]
488: CR4[5, 8]
489: H[7]
490: CR2[6, 7]
491: CR3[5, 7]
492: H[6]
493: CR2[5, 6]
494: H[5]
495: CCR3[0, 4, 9]
496: CCR2[0, 4, 8]
497: CCR1[0, 4, 7]
498: CR1'[10, 5]
499: CR2'[10, 6]
500: CR1'[10, 6]
501: CR3'[10, 7]
502: CR2'[10, 7]
503: CR1'[10, 7]
504: CR4'[10, 8]
505: CR3'[10, 8]
506: CR2'[10, 8]
507: CR1'[10, 8]
508: CR5'[10, 9]
509: CR4'[10, 9]
510: CR3'[10, 9]
511: CR2'[10, 9]
512: H[5]
513: CR2'[5, 6]
514: H[6]
515: CR3'[5, 7]
516: CR2'[6, 7]
517: H[7]
518: CR4'[5, 8]
519: CR3'[6, 8]
520: CR2'[7, 8]
521: H[8]
522: CR5'[5, 9]
523: CR4'[6, 9]
524: CR3'[7, 9]
525: CR2'[8, 9]
526: H[9]
527: CNOT[9, 10]
528: H[9]
529: CR2[8, 9]
530: CR3[7, 9]
531: CR4[6, 9]
532: CR5[5, 9]
533: H[8]
534: CR2[7, 8]
535: CR3[6, 8]
536: CR4[5, 8]
537: H[7]
538: CR2[6, 7]
539: CR3[5, 7]
540: H[6]
541: CR2[5, 6]
542: H[5]
543: R2[9]
544: R3[9]
545: R4[9]
546: R5[9]
547: R1[8]
548: R2[8]
549: R3[8]
550: R4[8]
551: R1[7]
552: R2[7]
553: R3[7]
554: R1[6]
555: R2[6]
556: R1[5]
557: CCR1'[0, 4, 7]
558: CCR2'[0, 4, 8]
559: CCR3'[0, 4, 9]
560: CCR1'[0, 3, 6]
561: CCR2'[0, 3, 7]
562: CCR3'[0, 3, 8]
563: CCR4'[0, 3, 9]
564: H[5]
565: CR2'[5, 6]
566: H[6]
567: CR3'[5, 7]
568: CR2'[6, 7]
569: H[7]
570: CR4'[5, 8]
571: CR3'[6, 8]
572: CR2'[7, 8]
573: H[8]
574: CR5'[5, 9]
575: CR4'[6, 9]
576: CR3'[7, 9]
577: CR2'[8, 9]
578: H[9]
579: X[9]
580: CNOT[9, 10]
581: X[9]
582: H[9]
583: CR2[8, 9]
584: CR3[7, 9]
585: CR4[6, 9]
586: CR5[5, 9]
587: H[8]
588: CR2[7, 8]
589: CR3[6, 8]
590: CR4[5, 8]
591: H[7]
592: CR2[6, 7]
593: CR3[5, 7]
594: H[6]
595: CR2[5, 6]
596: H[5]
597: CCR4[0, 3, 9]
598: CCR3[0, 3, 8]
599: CCR2[0, 3, 7]
600: CCR1[0, 3, 6]
601: CR1'[10, 5]
602: CR2'[10, 6]
603: CR1'[10, 6]
604: CR3'[10, 7]
605: CR2'[10, 7]
606: CR1'[10, 7]
607: CR4'[10, 8]
608: CR3'[10, 8]
609: CR2'[10, 8]
610: CR1'[10, 8]
611: CR5'[10, 9]
612: CR4'[10, 9]
613: CR3'[10, 9]
614: CR2'[10, 9]
615: H[5]
616: CR2'[5, 6]
617: H[6]
618: CR3'[5, 7]
619: CR2'[6, 7]
620: H[7]
621: CR4'[5, 8]
622: CR3'[6, 8]
623: CR2'[7, 8]
624: H[8]
625: CR5'[5, 9]
626: CR4'[6, 9]
627: CR3'[7, 9]
628: CR2'[8, 9]
629: H[9]
630: CNOT[9, 10]
631: H[9]
632: CR2[8, 9]
633: CR3[7, 9]
634: CR4[6, 9]
635: CR5[5, 9]
636: H[8]
637: CR2[7, 8]
638: CR3[6, 8]
639: CR4[5, 8]
640: H[7]
641: CR2[6, 7]
642: CR3[5, 7]
643: H[6]
644: CR2[5, 6]
645: H[5]
646: R2[9]
647: R3[9]
648: R4[9]
649: R5[9]
650: R1[8]
651: R2[8]
652: R3[8]
653: R4[8]
654: R1[7]
655: R2[7]
656: R3[7]
657: R1[6]
658: R2[6]
659: R1[5]
660: CCR1'[0, 3, 6]
661: CCR2'[0, 3, 7]
662: CCR3'[0, 3, 8]
663: CCR4'[0, 3, 9]
664: CCR1'[0, 2, 5]
665: CCR2'[0, 2, 6]
666: CCR3'[0, 2, 7]
667: CCR4'[0, 2, 8]
668: CCR5'[0, 2, 9]
669: H[5]
670: CR2'[5, 6]
671: H[6]
672: CR3'[5, 7]
673: CR2'[6, 7]
674: H[7]
675: CR4'[5, 8]
676: CR3'[6, 8]
677: CR2'[7, 8]
678: H[8]
679: CR5'[5, 9]
680: CR4'[6, 9]
681: CR3'[7, 9]
682: CR2'[8, 9]
683: H[9]
684: X[9]
685: CNOT[9, 10]
686: X[9]
687: H[9]
688: CR2[8, 9]
689: CR3[7, 9]
690: CR4[6, 9]
691: CR5[5, 9]
692: H[8]
693: CR2[7, 8]
694: CR3[6, 8]
695: CR4[5, 8]
696: H[7]
697: CR2[6, 7]
698: CR3[5, 7]
699: H[6]
700: CR2[5, 6]
701: H[5]
702: CCR5[0, 2, 9]
703: CCR4[0, 2, 8]
704: CCR3[0, 2, 7]
705: CCR2[0, 2, 6]
706: CCR1[0, 2, 5]
707: CR1'[10, 5]
708: CR2'[10, 6]
709: CR1'[10, 6]
710: CR3'[10, 7]
711: CR2'[10, 7]
712: CR1'[10, 7]
713: CR4'[10, 8]
714: CR3'[10, 8]
715: CR2'[10, 8]
716: CR1'[10, 8]
717: CR5'[10, 9]
718: CR4'[10, 9]
719: CR3'[10, 9]
720: CR2'[10, 9]
721: H[5]
722: CR2'[5, 6]
723: H[6]
724: CR3'[5, 7]
725: CR2'[6, 7]
726: H[7]
727: CR4'[5, 8]
728: CR3'[6, 8]
729: CR2'[7, 8]
730: H[8]
731: CR5'[5, 9]
732: CR4'[6, 9]
733: CR3'[7, 9]
734: CR2'[8, 9]
735: H[9]
736: CNOT[9, 10]
737: H[9]
738: CR2[8, 9]
739: CR3[7, 9]
740: CR4[6, 9]
741: CR5[5, 9]
742: H[8]
743: CR2[7, 8]
744: CR3[6, 8]
745: CR4[5, 8]
746: H[7]
747: CR2[6, 7]
748: CR3[5, 7]
749: H[6]
750: CR2[5, 6]
751: H[5]
752: R2[9]
753: R3[9]
754: R4[9]
755: R5[9]
756: R1[8]
757: R2[8]
758: R3[8]
759: R4[8]
760: R1[7]
761: R2[7]
762: R3[7]
763: R1[6]
764: R2[6]
765: R1[5]
766: CCR1'[0, 2, 5]
767: CCR2'[0, 2, 6]
768: CCR3'[0, 2, 7]
769: CCR4'[0, 2, 8]
770: CCR5'[0, 2, 9]
771: CCR1'[0, 1, 8]
772: CCR2'[0, 1, 9]
773: H[5]
774: CR2'[5, 6]
775: H[6]
776: CR3'[5, 7]
777: CR2'[6, 7]
778: H[7]
779: CR4'[5, 8]
780: CR3'[6, 8]
781: CR2'[7, 8]
782: H[8]
783: CR5'[5, 9]
784: CR4'[6, 9]
785: CR3'[7, 9]
786: CR2'[8, 9]
787: H[9]
788: X[9]
789: CNOT[9, 10]
790: X[9]
791: H[9]
792: CR2[8, 9]
793: CR3[7, 9]
794: CR4[6, 9]
795: CR5[5, 9]
796: H[8]
797: CR2[7, 8]
798: CR3[6, 8]
799: CR4[5, 8]
800: H[7]
801: CR2[6, 7]
802: CR3[5, 7]
803: H[6]
804: CR2[5, 6]
805: H[5]
806: CCR2[0, 1, 9]
807: CCR1[0, 1, 8]
808: CR1'[10, 5]
809: CR2'[10, 6]
810: CR1'[10, 6]
811: CR3'[10, 7]
812: CR2'[10, 7]
813: CR1'[10, 7]
814: CR4'[10, 8]
815: CR3'[10, 8]
816: CR2'[10, 8]
817: CR1'[10, 8]
818: CR5'[10, 9]
819: CR4'[10, 9]
820: CR3'[10, 9]
821: CR2'[10, 9]
822: H[5]
823: CR2'[5, 6]
824: H[6]
825: CR3'[5, 7]
826: CR2'[6, 7]
827: H[7]
828: CR4'[5, 8]
829: CR3'[6, 8]
830: CR2'[7, 8]
831: H[8]
832: CR5'[5, 9]
833: CR4'[6, 9]
834: CR3'[7, 9]
835: CR2'[8, 9]
836: H[9]
837: CNOT[9, 10]
838: H[9]
839: CR2[8, 9]
840: CR3[7, 9]
841: CR4[6, 9]
842: CR5[5, 9]
843: H[8]
844: CR2[7, 8]
845: CR3[6, 8]
846: CR4[5, 8]
847: H[7]
848: CR2[6, 7]
849: CR3[5, 7]
850: H[6]
851: CR2[5, 6]
852: H[5]
853: R2[9]
854: R3[9]
855: R4[9]
856: R5[9]
857: R1[8]
858: R2[8]
859: R3[8]
860: R4[8]
861: R1[7]
862: R2[7]
863: R3[7]
864: R1[6]
865: R2[6]
866: R1[5]
867: CCR1'[0, 1, 8]
868: CCR2'[0, 1, 9]
869: H[5]
870: CR2'[5, 6]
871: H[6]
872: CR3'[5, 7]
873: CR2'[6, 7]
874: H[7]
875: CR4'[5, 8]
876: CR3'[6, 8]
877: CR2'[7, 8]
878: H[8]
879: CR5'[5, 9]
880: CR4'[6, 9]
881: CR3'[7, 9]
882: CR2'[8, 9]
883: H[9]
@@@DBG:     0: min=     6 max=    10 tgt=   884 iter=  0.1s elap=     0.1s
@@@DBG:     1: min=    10 max=    13 tgt=   884 iter=  0.1s elap=     0.1s
@@@DBG:     2: min=    17 max=    23 tgt=   884 iter=  0.1s elap=     0.2s
@@@DBG:     3: min=    22 max=    27 tgt=   884 iter=  0.1s elap=     0.2s
@@@DBG:     4: min=    27 max=    36 tgt=   884 iter=  0.1s elap=     0.3s
@@@DBG:     5: min=    31 max=    43 tgt=   884 iter=  0.1s elap=     0.3s
@@@DBG:     6: min=    39 max=    46 tgt=   884 iter=  0.1s elap=     0.4s
@@@DBG:     7: min=    43 max=    55 tgt=   884 iter=  0.0s elap=     0.4s
@@@DBG:     8: min=    52 max=    61 tgt=   884 iter=  0.0s elap=     0.4s
@@@DBG:     9: min=    55 max=    68 tgt=   884 iter=  0.0s elap=     0.5s
@@@DBG:    10: min=    64 max=    77 tgt=   884 iter=  0.0s elap=     0.5s
@@@DBG:    11: min=    69 max=    79 tgt=   884 iter=  0.0s elap=     0.6s
@@@DBG:    12: min=    73 max=    86 tgt=   884 iter=  0.0s elap=     0.6s
@@@DBG:    13: min=    78 max=    88 tgt=   884 iter=  0.0s elap=     0.7s
@@@DBG:    14: min=    80 max=    91 tgt=   884 iter=  0.0s elap=     0.7s
@@@DBG:    15: min=    84 max=    98 tgt=   884 iter=  0.0s elap=     0.8s
@@@DBG:    16: min=    88 max=   106 tgt=   884 iter=  0.0s elap=     0.8s
@@@DBG:    17: min=    92 max=   110 tgt=   884 iter=  0.0s elap=     0.9s
@@@DBG:    18: min=    95 max=   113 tgt=   884 iter=  0.0s elap=     0.9s
@@@DBG:    19: min=   106 max=   117 tgt=   884 iter=  0.0s elap=     0.9s
@@@DBG:    20: min=   110 max=   119 tgt=   884 iter=  0.0s elap=     1.0s
@@@DBG:    21: min=   115 max=   123 tgt=   884 iter=  0.0s elap=     1.0s
@@@DBG:    22: min=   116 max=   133 tgt=   884 iter=  0.0s elap=     1.1s
@@@DBG:    23: min=   119 max=   135 tgt=   884 iter=  0.0s elap=     1.2s
@@@DBG:    24: min=   120 max=   140 tgt=   884 iter=  0.0s elap=     1.2s
@@@DBG:    25: min=   125 max=   146 tgt=   884 iter=  0.0s elap=     1.2s
@@@DBG:    26: min=   142 max=   149 tgt=   884 iter=  0.0s elap=     1.3s
@@@DBG:    27: min=   147 max=   158 tgt=   884 iter=  0.0s elap=     1.3s
@@@DBG:    28: min=   149 max=   162 tgt=   884 iter=  0.0s elap=     1.4s
@@@DBG:    29: min=   155 max=   170 tgt=   884 iter=  0.0s elap=     1.4s
@@@DBG:    30: min=   162 max=   184 tgt=   884 iter=  0.0s elap=     1.5s
@@@DBG:    31: min=   175 max=   186 tgt=   884 iter=  0.0s elap=     1.5s
@@@DBG:    32: min=   184 max=   193 tgt=   884 iter=  0.0s elap=     1.6s
@@@DBG:    33: min=   186 max=   195 tgt=   884 iter=  0.0s elap=     1.6s
@@@DBG:    34: min=   188 max=   200 tgt=   884 iter=  0.0s elap=     1.7s
@@@DBG:    35: min=   190 max=   208 tgt=   884 iter=  0.0s elap=     1.7s
@@@DBG:    36: min=   197 max=   212 tgt=   884 iter=  0.0s elap=     1.7s
@@@DBG:    37: min=   208 max=   223 tgt=   884 iter=  0.0s elap=     1.8s
@@@DBG:    38: min=   212 max=   225 tgt=   884 iter=  0.0s elap=     1.8s
@@@DBG:    39: min=   216 max=   230 tgt=   884 iter=  0.0s elap=     1.9s
@@@DBG:    40: min=   221 max=   232 tgt=   884 iter=  0.0s elap=     1.9s
@@@DBG:    41: min=   230 max=   240 tgt=   884 iter=  0.0s elap=     2.0s
@@@DBG:    42: min=   232 max=   246 tgt=   884 iter=  0.0s elap=     2.0s
@@@DBG:    43: min=   237 max=   248 tgt=   884 iter=  0.0s elap=     2.0s
@@@DBG:    44: min=   242 max=   258 tgt=   884 iter=  0.0s elap=     2.1s
@@@DBG:    45: min=   246 max=   264 tgt=   884 iter=  0.0s elap=     2.1s
@@@DBG:    46: min=   258 max=   271 tgt=   884 iter=  0.0s elap=     2.2s
@@@DBG:    47: min=   264 max=   280 tgt=   884 iter=  0.0s elap=     2.2s
@@@DBG:    48: min=   271 max=   288 tgt=   884 iter=  0.0s elap=     2.3s
@@@DBG:    49: min=   278 max=   292 tgt=   884 iter=  0.0s elap=     2.3s
@@@DBG:    50: min=   284 max=   294 tgt=   884 iter=  0.0s elap=     2.3s
@@@DBG:    51: min=   289 max=   307 tgt=   884 iter=  0.0s elap=     2.4s
@@@DBG:    52: min=   291 max=   311 tgt=   884 iter=  0.0s elap=     2.4s
@@@DBG:    53: min=   299 max=   313 tgt=   884 iter=  0.0s elap=     2.5s
@@@DBG:    54: min=   307 max=   318 tgt=   884 iter=  0.0s elap=     2.5s
@@@DBG:    55: min=   311 max=   328 tgt=   884 iter=  0.0s elap=     2.6s
@@@DBG:    56: min=   316 max=   335 tgt=   884 iter=  0.0s elap=     2.6s
@@@DBG:    57: min=   317 max=   340 tgt=   884 iter=  0.0s elap=     2.6s
@@@DBG:    58: min=   318 max=   347 tgt=   884 iter=  0.0s elap=     2.7s
@@@DBG:    59: min=   323 max=   350 tgt=   884 iter=  0.0s elap=     2.7s
@@@DBG:    60: min=   328 max=   359 tgt=   884 iter=  0.0s elap=     2.8s
@@@DBG:    61: min=   338 max=   363 tgt=   884 iter=  0.0s elap=     2.8s
@@@DBG:    62: min=   347 max=   371 tgt=   884 iter=  0.0s elap=     2.8s
@@@DBG:    63: min=   349 max=   382 tgt=   884 iter=  0.0s elap=     2.9s
@@@DBG:    64: min=   352 max=   387 tgt=   884 iter=  0.0s elap=     2.9s
@@@DBG:    65: min=   359 max=   389 tgt=   884 iter=  0.0s elap=     2.9s
@@@DBG:    66: min=   369 max=   396 tgt=   884 iter=  0.0s elap=     3.0s
@@@DBG:    67: min=   373 max=   397 tgt=   884 iter=  0.0s elap=     3.0s
@@@DBG:    68: min=   377 max=   400 tgt=   884 iter=  0.0s elap=     3.1s
@@@DBG:    69: min=   382 max=   411 tgt=   884 iter=  0.0s elap=     3.1s
@@@DBG:    70: min=   384 max=   415 tgt=   884 iter=  0.0s elap=     3.1s
@@@DBG:    71: min=   393 max=   418 tgt=   884 iter=  0.0s elap=     3.2s
@@@DBG:    72: min=   398 max=   420 tgt=   884 iter=  0.0s elap=     3.2s
@@@DBG:    73: min=   403 max=   422 tgt=   884 iter=  0.0s elap=     3.2s
@@@DBG:    74: min=   408 max=   424 tgt=   884 iter=  0.0s elap=     3.3s
@@@DBG:    75: min=   415 max=   426 tgt=   884 iter=  0.0s elap=     3.3s
@@@DBG:    76: min=   423 max=   435 tgt=   884 iter=  0.0s elap=     3.3s
@@@DBG:    77: min=   424 max=   438 tgt=   884 iter=  0.0s elap=     3.4s
@@@DBG:    78: min=   426 max=   441 tgt=   884 iter=  0.0s elap=     3.4s
@@@DBG:    79: min=   431 max=   442 tgt=   884 iter=  0.0s elap=     3.4s
@@@DBG:    80: min=   435 max=   443 tgt=   884 iter=  0.0s elap=     3.5s
@@@DBG:    81: min=   440 max=   444 tgt=   884 iter=  0.0s elap=     3.5s
@@@DBG:    82: min=   441 max=   447 tgt=   884 iter=  0.0s elap=     3.5s
@@@DBG:    83: min=   444 max=   454 tgt=   884 iter=  0.0s elap=     3.6s
@@@DBG:    84: min=   445 max=   457 tgt=   884 iter=  0.0s elap=     3.6s
@@@DBG:    85: min=   450 max=   462 tgt=   884 iter=  0.0s elap=     3.6s
@@@DBG:    86: min=   457 max=   464 tgt=   884 iter=  0.0s elap=     3.7s
@@@DBG:    87: min=   462 max=   471 tgt=   884 iter=  0.0s elap=     3.7s
@@@DBG:    88: min=   464 max=   473 tgt=   884 iter=  0.0s elap=     3.8s
@@@DBG:    89: min=   466 max=   478 tgt=   884 iter=  0.0s elap=     3.8s
@@@DBG:    90: min=   472 max=   486 tgt=   884 iter=  0.0s elap=     3.8s
@@@DBG:    91: min=   475 max=   490 tgt=   884 iter=  0.0s elap=     3.9s
@@@DBG:    92: min=   483 max=   495 tgt=   884 iter=  0.0s elap=     3.9s
@@@DBG:    93: min=   486 max=   501 tgt=   884 iter=  0.0s elap=     3.9s
@@@DBG:    94: min=   493 max=   503 tgt=   884 iter=  0.0s elap=     4.0s
@@@DBG:    95: min=   497 max=   504 tgt=   884 iter=  0.0s elap=     4.0s
@@@DBG:    96: min=   503 max=   515 tgt=   884 iter=  0.0s elap=     4.0s
@@@DBG:    97: min=   507 max=   518 tgt=   884 iter=  0.0s elap=     4.1s
@@@DBG:    98: min=   513 max=   523 tgt=   884 iter=  0.0s elap=     4.1s
@@@DBG:    99: min=   518 max=   527 tgt=   884 iter=  0.0s elap=     4.2s
@@@DBG:   100: min=   524 max=   534 tgt=   884 iter=  0.0s elap=     4.2s
@@@DBG:   101: min=   531 max=   546 tgt=   884 iter=  0.0s elap=     4.2s
@@@DBG:   102: min=   538 max=   558 tgt=   884 iter=  0.0s elap=     4.3s
@@@DBG:   103: min=   548 max=   559 tgt=   884 iter=  0.0s elap=     4.3s
@@@DBG:   104: min=   558 max=   561 tgt=   884 iter=  0.0s elap=     4.3s
@@@DBG:   105: min=   559 max=   563 tgt=   884 iter=  0.0s elap=     4.3s
@@@DBG:   106: min=   561 max=   565 tgt=   884 iter=  0.0s elap=     4.4s
@@@DBG:   107: min=   564 max=   574 tgt=   884 iter=  0.0s elap=     4.4s
@@@DBG:   108: min=   566 max=   576 tgt=   884 iter=  0.0s elap=     4.4s
@@@DBG:   109: min=   568 max=   588 tgt=   884 iter=  0.0s elap=     4.5s
@@@DBG:   110: min=   574 max=   592 tgt=   884 iter=  0.0s elap=     4.5s
@@@DBG:   111: min=   580 max=   597 tgt=   884 iter=  0.0s elap=     4.5s
@@@DBG:   112: min=   585 max=   599 tgt=   884 iter=  0.0s elap=     4.6s
@@@DBG:   113: min=   588 max=   601 tgt=   884 iter=  0.0s elap=     4.6s
@@@DBG:   114: min=   597 max=   607 tgt=   884 iter=  0.0s elap=     4.6s
@@@DBG:   115: min=   599 max=   616 tgt=   884 iter=  0.0s elap=     4.7s
@@@DBG:   116: min=   601 max=   621 tgt=   884 iter=  0.0s elap=     4.7s
@@@DBG:   117: min=   602 max=   626 tgt=   884 iter=  0.0s elap=     4.7s
@@@DBG:   118: min=   603 max=   628 tgt=   884 iter=  0.0s elap=     4.8s
@@@DBG:   119: min=   612 max=   637 tgt=   884 iter=  0.0s elap=     4.8s
@@@DBG:   120: min=   621 max=   649 tgt=   884 iter=  0.0s elap=     4.8s
@@@DBG:   121: min=   630 max=   660 tgt=   884 iter=  0.0s elap=     4.9s
@@@DBG:   122: min=   634 max=   661 tgt=   884 iter=  0.0s elap=     4.9s
@@@DBG:   123: min=   641 max=   663 tgt=   884 iter=  0.0s elap=     4.9s
@@@DBG:   124: min=   660 max=   664 tgt=   884 iter=  0.0s elap=     4.9s
@@@DBG:   125: min=   661 max=   669 tgt=   884 iter=  0.0s elap=     5.0s
@@@DBG:   126: min=   663 max=   671 tgt=   884 iter=  0.0s elap=     5.0s
@@@DBG:   127: min=   664 max=   678 tgt=   884 iter=  0.0s elap=     5.0s
@@@DBG:   128: min=   669 max=   679 tgt=   884 iter=  0.0s elap=     5.0s
@@@DBG:   129: min=   671 max=   681 tgt=   884 iter=  0.0s elap=     5.1s
@@@DBG:   130: min=   673 max=   685 tgt=   884 iter=  0.0s elap=     5.1s
@@@DBG:   131: min=   679 max=   693 tgt=   884 iter=  0.0s elap=     5.1s
@@@DBG:   132: min=   682 max=   697 tgt=   884 iter=  0.0s elap=     5.2s
@@@DBG:   133: min=   690 max=   702 tgt=   884 iter=  0.0s elap=     5.2s
@@@DBG:   134: min=   693 max=   704 tgt=   884 iter=  0.0s elap=     5.2s
@@@DBG:   135: min=   700 max=   705 tgt=   884 iter=  0.0s elap=     5.3s
@@@DBG:   136: min=   703 max=   706 tgt=   884 iter=  0.0s elap=     5.3s
@@@DBG:   137: min=   704 max=   709 tgt=   884 iter=  0.0s elap=     5.3s
@@@DBG:   138: min=   705 max=   718 tgt=   884 iter=  0.0s elap=     5.3s
@@@DBG:   139: min=   707 max=   724 tgt=   884 iter=  0.0s elap=     5.4s
@@@DBG:   140: min=   719 max=   731 tgt=   884 iter=  0.0s elap=     5.4s
@@@DBG:   141: min=   731 max=   736 tgt=   884 iter=  0.0s elap=     5.4s
@@@DBG:   142: min=   733 max=   743 tgt=   884 iter=  0.0s elap=     5.5s
@@@DBG:   143: min=   740 max=   755 tgt=   884 iter=  0.0s elap=     5.5s
@@@DBG:   144: min=   747 max=   761 tgt=   884 iter=  0.0s elap=     5.5s
@@@DBG:   145: min=   752 max=   771 tgt=   884 iter=  0.0s elap=     5.5s
@@@DBG:   146: min=   766 max=   773 tgt=   884 iter=  0.0s elap=     5.6s
@@@DBG:   147: min=   768 max=   776 tgt=   884 iter=  0.0s elap=     5.6s
@@@DBG:   148: min=   770 max=   777 tgt=   884 iter=  0.0s elap=     5.6s
@@@DBG:   149: min=   772 max=   783 tgt=   884 iter=  0.0s elap=     5.6s
@@@DBG:   150: min=   774 max=   785 tgt=   884 iter=  0.0s elap=     5.7s
@@@DBG:   151: min=   779 max=   797 tgt=   884 iter=  0.0s elap=     5.7s
@@@DBG:   152: min=   781 max=   801 tgt=   884 iter=  0.0s elap=     5.7s
@@@DBG:   153: min=   786 max=   804 tgt=   884 iter=  0.0s elap=     5.7s
@@@DBG:   154: min=   794 max=   812 tgt=   884 iter=  0.0s elap=     5.8s
@@@DBG:   155: min=   797 max=   818 tgt=   884 iter=  0.0s elap=     5.8s
@@@DBG:   156: min=   806 max=   820 tgt=   884 iter=  0.0s elap=     5.8s
@@@DBG:   157: min=   812 max=   830 tgt=   884 iter=  0.0s elap=     5.9s
@@@DBG:   158: min=   818 max=   837 tgt=   884 iter=  0.0s elap=     5.9s
@@@DBG:   159: min=   819 max=   844 tgt=   884 iter=  0.0s elap=     5.9s
@@@DBG:   160: min=   820 max=   856 tgt=   884 iter=  0.0s elap=     5.9s
@@@DBG:   161: min=   835 max=   873 tgt=   884 iter=  0.0s elap=     6.0s
@@@DBG:   162: min=   841 max=   875 tgt=   884 iter=  0.0s elap=     6.0s
@@@DBG:   163: min=   848 max=   879 tgt=   884 iter=  0.0s elap=     6.0s
@@@DBG:   164: min=   870 max=   882 tgt=   884 iter=  0.0s elap=     6.0s
@@@DBG:   165: min=   873 max=   884 tgt=   884 iter=  0.0s elap=     6.1s
@@@DBG:   166: min=   877 max=   884 tgt=   884 iter=  0.0s elap=     6.1s
@@@DBG:   167: min=   879 max=   884 tgt=   884 iter=  0.0s elap=     6.1s
@@@DBG:   168: min=   884 max=   884 tgt=   884 iter=  0.0s elap=     6.1s
=== Clusters (cost= 83.359):
==== cluster[ 0]: depth=10 width=4
 0: H[9]
 1: CR2[8, 9]
 2: CR3[7, 9]
 3: CR4[6, 9]
 4: H[8]
 5: CR2[7, 8]
 6: CR3[6, 8]
 7: H[7]
 8: CR2[6, 7]
 9: H[6]
==== cluster[ 1]: depth= 3 width=4
10: CR5[5, 9]
11: CR4[5, 8]
12: CR3[5, 7]
==== cluster[ 2]: depth=10 width=4
13: CCR4[0, 1, 9]
14: CCR3[0, 1, 8]
15: R5'[9]
16: R4'[8]
17: R4'[9]
18: R3'[8]
19: R3'[9]
20: R2'[8]
21: R2'[9]
22: R1'[8]
==== cluster[ 3]: depth= 4 width=3
23: CCR2[0, 1, 7]
24: R3'[7]
25: R2'[7]
26: R1'[7]
==== cluster[ 4]: depth= 9 width=4
27: CR2[5, 6]
28: CCR1[0, 1, 6]
29: H[5]
30: R2'[6]
31: R1'[5]
32: R1'[6]
33: H[5]
34: CR2'[5, 6]
35: H[6]
==== cluster[ 5]: depth= 7 width=4
36: CR3'[5, 7]
37: CR2'[6, 7]
38: H[7]
39: CR4'[5, 8]
40: CR3'[6, 8]
41: CR2'[7, 8]
42: H[8]
==== cluster[ 6]: depth= 3 width=4
43: CR5'[5, 9]
44: CR4'[6, 9]
45: CR3'[7, 9]
==== cluster[ 7]: depth= 9 width=4
46: CR2'[8, 9]
47: H[9]
48: CNOT[9, 10]
49: H[9]
50: CR2[8, 9]
51: CR3[7, 9]
52: H[8]
53: CR2[7, 8]
54: H[7]
==== cluster[ 8]: depth= 6 width=4
55: CR4[6, 9]
56: CR5[5, 9]
57: CR2[10, 9]
58: CR3[10, 9]
59: CR4[10, 9]
60: CR5[10, 9]
==== cluster[ 9]: depth= 7 width=4
61: CR3[6, 8]
62: CR4[5, 8]
63: CR2[6, 7]
64: CR3[5, 7]
65: H[6]
66: CR2[5, 6]
67: H[5]
==== cluster[10]: depth= 9 width=4
68: CR1[10, 8]
69: CR2[10, 8]
70: CR3[10, 8]
71: CR4[10, 8]
72: CR1[10, 7]
73: CR2[10, 7]
74: CR3[10, 7]
75: CR1[10, 6]
76: CR2[10, 6]
==== cluster[11]: depth= 2 width=4
77: CCR1'[0, 1, 6]
78: CCR2'[0, 1, 7]
==== cluster[12]: depth= 4 width=3
79: CR1[10, 5]
80: H[5]
81: CR2'[5, 6]
82: H[6]
==== cluster[13]: depth= 2 width=4
83: CCR3'[0, 1, 8]
84: CCR4'[0, 1, 9]
==== cluster[14]: depth= 3 width=4
85: CR3'[5, 7]
86: CR4'[5, 8]
87: CR5'[5, 9]
==== cluster[15]: depth=10 width=4
88: CR2'[6, 7]
89: H[7]
90: CR3'[6, 8]
91: CR4'[6, 9]
92: CR2'[7, 8]
93: H[8]
94: CR3'[7, 9]
95: CR2'[8, 9]
96: H[9]
97: X[9]
==== cluster[16]: depth= 8 width=4
98: CNOT[9, 10]
99: X[9]
100: H[9]
101: CR2[8, 9]
102: CR3[7, 9]
103: H[8]
104: CR2[7, 8]
105: H[7]
==== cluster[17]: depth= 4 width=4
106: CR4[6, 9]
107: CR3[6, 8]
108: CR2[6, 7]
109: H[6]
==== cluster[18]: depth= 3 width=4
110: CR5[5, 9]
111: CR4[5, 8]
112: CR3[5, 7]
==== cluster[19]: depth= 4 width=2
113: CR2[5, 6]
114: H[5]
115: R1'[5]
116: H[5]
==== cluster[20]: depth= 1 width=3
117: CCR4[0, 1, 9]
==== cluster[21]: depth= 1 width=3
118: CCR3[0, 1, 8]
==== cluster[22]: depth= 4 width=4
119: CCR2[0, 1, 7]
120: CCR1[0, 1, 6]
121: R2'[6]
122: R1'[6]
==== cluster[23]: depth=10 width=4
123: CCR3[0, 2, 9]
124: R5'[9]
125: CCR2[0, 2, 8]
126: R4'[8]
127: R4'[9]
128: R3'[9]
129: R3'[8]
130: R2'[9]
131: R2'[8]
132: R1'[8]
==== cluster[24]: depth= 4 width=3
133: CCR1[0, 2, 7]
134: R3'[7]
135: R2'[7]
136: R1'[7]
==== cluster[25]: depth= 9 width=4
137: CR2'[5, 6]
138: H[6]
139: CR3'[5, 7]
140: CR4'[5, 8]
141: CR2'[6, 7]
142: H[7]
143: CR3'[6, 8]
144: CR2'[7, 8]
145: H[8]
==== cluster[26]: depth= 2 width=3
146: CR5'[5, 9]
147: CR4'[6, 9]
==== cluster[27]: depth=10 width=4
148: CR3'[7, 9]
149: CR2'[8, 9]
150: H[9]
151: CNOT[9, 10]
152: H[9]
153: CR2[8, 9]
154: CR3[7, 9]
155: H[8]
156: CR2[7, 8]
157: H[7]
==== cluster[28]: depth= 4 width=4
158: CR4[6, 9]
159: CR5[5, 9]
160: CR3[6, 8]
161: CR4[5, 8]
==== cluster[29]: depth= 8 width=3
162: CR2[10, 9]
163: CR3[10, 9]
164: CR4[10, 9]
165: CR5[10, 9]
166: CR1[10, 8]
167: CR2[10, 8]
168: CR3[10, 8]
169: CR4[10, 8]
==== cluster[30]: depth=14 width=4
170: CR2[6, 7]
171: CR3[5, 7]
172: CR1[10, 7]
173: H[6]
174: CR2[10, 7]
175: CR3[10, 7]
176: CR2[5, 6]
177: CR1[10, 6]
178: CR2[10, 6]
179: H[5]
180: CR1[10, 5]
181: H[5]
182: CR2'[5, 6]
183: H[6]
==== cluster[31]: depth= 2 width=4
184: CCR1'[0, 2, 7]
185: CCR2'[0, 2, 8]
==== cluster[32]: depth= 7 width=4
186: CR3'[5, 7]
187: CR2'[6, 7]
188: H[7]
189: CR4'[5, 8]
190: CR3'[6, 8]
191: CR2'[7, 8]
192: H[8]
==== cluster[33]: depth= 2 width=4
193: CCR3'[0, 2, 9]
194: CR5'[5, 9]
==== cluster[34]: depth= 5 width=4
195: CR4'[6, 9]
196: CR3'[7, 9]
197: CR2'[8, 9]
198: H[9]
199: X[9]
==== cluster[35]: depth= 8 width=4
200: CNOT[9, 10]
201: X[9]
202: H[9]
203: CR2[8, 9]
204: CR3[7, 9]
205: H[8]
206: CR2[7, 8]
207: H[7]
==== cluster[36]: depth= 4 width=4
208: CR4[6, 9]
209: CR5[5, 9]
210: CR3[6, 8]
211: CR4[5, 8]
==== cluster[37]: depth= 2 width=4
212: CCR3[0, 2, 9]
213: CCR2[0, 2, 8]
==== cluster[38]: depth=11 width=3
214: CR2[6, 7]
215: CR3[5, 7]
216: H[6]
217: CR2[5, 6]
218: R2'[6]
219: H[5]
220: R1'[6]
221: R1'[5]
222: H[5]
223: CR2'[5, 6]
224: H[6]
==== cluster[39]: depth= 4 width=3
225: CCR1[0, 2, 7]
226: R3'[7]
227: R2'[7]
228: R1'[7]
==== cluster[40]: depth= 3 width=3
229: CR3'[5, 7]
230: CR2'[6, 7]
231: H[7]
==== cluster[41]: depth= 5 width=3
232: CCR2[0, 3, 9]
233: R5'[9]
234: R4'[9]
235: R3'[9]
236: R2'[9]
==== cluster[42]: depth= 5 width=3
237: CCR1[0, 3, 8]
238: R4'[8]
239: R3'[8]
240: R2'[8]
241: R1'[8]
==== cluster[43]: depth= 4 width=4
242: CR4'[5, 8]
243: CR5'[5, 9]
244: CR3'[6, 8]
245: CR4'[6, 9]
==== cluster[44]: depth=12 width=4
246: CR2'[7, 8]
247: CR3'[7, 9]
248: H[8]
249: CR2'[8, 9]
250: H[9]
251: CNOT[9, 10]
252: H[9]
253: CR2[8, 9]
254: CR3[7, 9]
255: H[8]
256: CR2[7, 8]
257: H[7]
==== cluster[45]: depth= 6 width=4
258: CR4[6, 9]
259: CR5[5, 9]
260: CR2[10, 9]
261: CR3[10, 9]
262: CR4[10, 9]
263: CR5[10, 9]
==== cluster[46]: depth= 6 width=4
264: CR3[6, 8]
265: CR4[5, 8]
266: CR1[10, 8]
267: CR2[10, 8]
268: CR3[10, 8]
269: CR4[10, 8]
==== cluster[47]: depth= 5 width=3
270: CR2[6, 7]
271: CR3[5, 7]
272: H[6]
273: CR2[5, 6]
274: H[5]
==== cluster[48]: depth=12 width=4
275: CR1[10, 7]
276: CR2[10, 7]
277: CR3[10, 7]
278: CR1[10, 6]
279: CR2[10, 6]
280: CR1[10, 5]
281: H[5]
282: CR2'[5, 6]
283: CR3'[5, 7]
284: H[6]
285: CR2'[6, 7]
286: H[7]
==== cluster[49]: depth= 2 width=4
287: CCR1'[0, 3, 8]
288: CCR2'[0, 3, 9]
==== cluster[50]: depth= 4 width=4
289: CR4'[5, 8]
290: CR5'[5, 9]
291: CR3'[6, 8]
292: CR4'[6, 9]
==== cluster[51]: depth=14 width=4
293: CR2'[7, 8]
294: CR3'[7, 9]
295: H[8]
296: CR2'[8, 9]
297: H[9]
298: X[9]
299: CNOT[9, 10]
300: X[9]
301: H[9]
302: CR2[8, 9]
303: CR3[7, 9]
304: H[8]
305: CR2[7, 8]
306: H[7]
==== cluster[52]: depth= 4 width=4
307: CR4[6, 9]
308: CR5[5, 9]
309: CR3[6, 8]
310: CR4[5, 8]
==== cluster[53]: depth= 2 width=4
311: CCR2[0, 3, 9]
312: CCR1[0, 3, 8]
==== cluster[54]: depth= 5 width=3
313: CR2[6, 7]
314: CR3[5, 7]
315: H[6]
316: CR2[5, 6]
317: H[5]
==== cluster[55]: depth=10 width=4
318: CCR5[0, 4, 9]
319: R5'[9]
320: CCR4[0, 4, 8]
321: R4'[8]
322: R4'[9]
323: R3'[9]
324: R3'[8]
325: R2'[9]
326: R2'[8]
327: R1'[8]
==== cluster[56]: depth= 4 width=3
328: CCR3[0, 4, 7]
329: R3'[7]
330: R2'[7]
331: R1'[7]
==== cluster[57]: depth= 8 width=4
332: CCR2[0, 4, 6]
333: CCR1[0, 4, 5]
334: R1'[5]
335: R2'[6]
336: H[5]
337: R1'[6]
338: CR2'[5, 6]
339: H[6]
==== cluster[58]: depth= 7 width=4
340: CR3'[5, 7]
341: CR2'[6, 7]
342: H[7]
343: CR4'[5, 8]
344: CR3'[6, 8]
345: CR2'[7, 8]
346: H[8]
==== cluster[59]: depth= 3 width=4
347: CR5'[5, 9]
348: CR4'[6, 9]
349: CR3'[7, 9]
==== cluster[60]: depth= 9 width=4
350: CR2'[8, 9]
351: H[9]
352: CNOT[9, 10]
353: H[9]
354: CR2[8, 9]
355: CR3[7, 9]
356: H[8]
357: CR2[7, 8]
358: H[7]
==== cluster[61]: depth= 4 width=4
359: CR4[6, 9]
360: CR5[5, 9]
361: CR3[6, 8]
362: CR4[5, 8]
==== cluster[62]: depth= 8 width=3
363: CR2[10, 9]
364: CR3[10, 9]
365: CR4[10, 9]
366: CR5[10, 9]
367: CR1[10, 8]
368: CR2[10, 8]
369: CR3[10, 8]
370: CR4[10, 8]
==== cluster[63]: depth=11 width=4
371: CR2[6, 7]
372: CR3[5, 7]
373: CR1[10, 7]
374: H[6]
375: CR2[10, 7]
376: CR3[10, 7]
377: CR2[5, 6]
378: CR1[10, 6]
379: CR2[10, 6]
380: H[5]
381: CR1[10, 5]
==== cluster[64]: depth= 2 width=3
382: CCR1'[0, 4, 5]
383: H[5]
==== cluster[65]: depth= 2 width=4
384: CCR2'[0, 4, 6]
385: CCR3'[0, 4, 7]
==== cluster[66]: depth= 5 width=3
386: CR2'[5, 6]
387: H[6]
388: CR3'[5, 7]
389: CR2'[6, 7]
390: H[7]
==== cluster[67]: depth= 2 width=4
391: CCR4'[0, 4, 8]
392: CR4'[5, 8]
==== cluster[68]: depth= 2 width=4
393: CCR5'[0, 4, 9]
394: CR5'[5, 9]
==== cluster[69]: depth= 8 width=4
395: CR3'[6, 8]
396: CR4'[6, 9]
397: CR2'[7, 8]
398: H[8]
399: CR3'[7, 9]
400: CR2'[8, 9]
401: H[9]
402: X[9]
==== cluster[70]: depth= 5 width=3
403: CNOT[9, 10]
404: X[9]
405: H[9]
406: CR2[8, 9]
407: H[8]
==== cluster[71]: depth= 3 width=4
408: CR3[7, 9]
409: CR4[6, 9]
410: CR5[5, 9]
==== cluster[72]: depth= 9 width=4
411: CR2[7, 8]
412: CR3[6, 8]
413: H[7]
414: CR4[5, 8]
415: CR2[6, 7]
416: CR3[5, 7]
417: H[6]
418: CR2[5, 6]
419: H[5]
==== cluster[73]: depth= 2 width=4
420: CCR5[0, 4, 9]
421: CCR4[0, 4, 8]
==== cluster[74]: depth= 2 width=4
422: CCR3[0, 4, 7]
423: CCR2[0, 4, 6]
==== cluster[75]: depth= 2 width=3
424: CCR1[0, 4, 5]
425: H[5]
==== cluster[76]: depth= 9 width=4
426: CR2'[5, 6]
427: H[6]
428: CR3'[5, 7]
429: CR4'[5, 8]
430: CR2'[6, 7]
431: H[7]
432: CR3'[6, 8]
433: CR2'[7, 8]
434: H[8]
==== cluster[77]: depth= 3 width=4
435: CR5'[5, 9]
436: CR4'[6, 9]
437: CR3'[7, 9]
==== cluster[78]: depth= 3 width=2
438: CR2'[8, 9]
439: H[9]
440: H[9]
==== cluster[79]: depth= 1 width=3
441: CSWAP[0, 1, 5]
==== cluster[80]: depth= 1 width=3
442: CSWAP[0, 2, 6]
==== cluster[81]: depth= 1 width=3
443: CSWAP[0, 3, 7]
==== cluster[82]: depth= 3 width=4
444: CSWAP[0, 4, 8]
445: CR2[8, 9]
446: H[8]
==== cluster[83]: depth= 7 width=4
447: CR3[7, 9]
448: CR4[6, 9]
449: CR2[7, 8]
450: CR3[6, 8]
451: H[7]
452: CR2[6, 7]
453: H[6]
==== cluster[84]: depth= 3 width=4
454: CR5[5, 9]
455: CR4[5, 8]
456: CR3[5, 7]
==== cluster[85]: depth= 5 width=2
457: CR2[5, 6]
458: H[5]
459: H[5]
460: CR2'[5, 6]
461: H[6]
==== cluster[86]: depth= 2 width=4
462: CCR1'[0, 4, 7]
463: CCR2'[0, 4, 8]
==== cluster[87]: depth= 7 width=4
464: CR3'[5, 7]
465: CR2'[6, 7]
466: H[7]
467: CR4'[5, 8]
468: CR3'[6, 8]
469: CR2'[7, 8]
470: H[8]
==== cluster[88]: depth= 2 width=4
471: CCR3'[0, 4, 9]
472: CR5'[5, 9]
==== cluster[89]: depth= 2 width=3
473: CR4'[6, 9]
474: CR3'[7, 9]
==== cluster[90]: depth=11 width=4
475: CR2'[8, 9]
476: H[9]
477: X[9]
478: CNOT[9, 10]
479: X[9]
480: H[9]
481: CR2[8, 9]
482: CR3[7, 9]
483: H[8]
484: CR2[7, 8]
485: H[7]
==== cluster[91]: depth= 4 width=4
486: CR4[6, 9]
487: CR5[5, 9]
488: CR3[6, 8]
489: CR4[5, 8]
==== cluster[92]: depth= 5 width=3
490: CR2[6, 7]
491: CR3[5, 7]
492: H[6]
493: CR2[5, 6]
494: H[5]
==== cluster[93]: depth= 2 width=4
495: CCR3[0, 4, 9]
496: CCR2[0, 4, 8]
==== cluster[94]: depth= 2 width=2
497: CR1'[10, 5]
498: H[5]
==== cluster[95]: depth= 4 width=3
499: CR2'[10, 6]
500: CR1'[10, 6]
501: CR2'[5, 6]
502: H[6]
==== cluster[96]: depth= 4 width=4
503: CCR1[0, 4, 7]
504: CR3'[10, 7]
505: CR2'[10, 7]
506: CR1'[10, 7]
==== cluster[97]: depth= 8 width=3
507: CR4'[10, 8]
508: CR3'[10, 8]
509: CR2'[10, 8]
510: CR1'[10, 8]
511: CR5'[10, 9]
512: CR4'[10, 9]
513: CR3'[10, 9]
514: CR2'[10, 9]
==== cluster[98]: depth= 3 width=4
515: CR3'[5, 7]
516: CR4'[5, 8]
517: CR5'[5, 9]
==== cluster[99]: depth= 9 width=4
518: CR2'[6, 7]
519: H[7]
520: CR3'[6, 8]
521: CR4'[6, 9]
522: CR2'[7, 8]
523: H[8]
524: CR3'[7, 9]
525: CR2'[8, 9]
526: H[9]
==== cluster[100]: depth= 7 width=4
527: CNOT[9, 10]
528: H[9]
529: CR2[8, 9]
530: CR3[7, 9]
531: H[8]
532: CR2[7, 8]
533: H[7]
==== cluster[101]: depth=12 width=4
534: CR4[6, 9]
535: CR5[5, 9]
536: CR3[6, 8]
537: CR4[5, 8]
538: R2[9]
539: R1[8]
540: R3[9]
541: R2[8]
542: R4[9]
543: R3[8]
544: R5[9]
545: R4[8]
==== cluster[102]: depth=12 width=3
546: CR2[6, 7]
547: CR3[5, 7]
548: H[6]
549: R1[7]
550: CR2[5, 6]
551: R1[6]
552: R2[7]
553: H[5]
554: R2[6]
555: R3[7]
556: R1[5]
557: H[5]
==== cluster[103]: depth= 1 width=3
558: CCR1'[0, 4, 7]
==== cluster[104]: depth= 2 width=4
559: CCR2'[0, 4, 8]
560: CCR3'[0, 4, 9]
==== cluster[105]: depth= 2 width=4
561: CCR1'[0, 3, 6]
562: CCR2'[0, 3, 7]
==== cluster[106]: depth= 2 width=4
563: CCR3'[0, 3, 8]
564: CCR4'[0, 3, 9]
==== cluster[107]: depth= 5 width=3
565: CR2'[5, 6]
566: H[6]
567: CR3'[5, 7]
568: CR2'[6, 7]
569: H[7]
==== cluster[108]: depth= 4 width=4
570: CR4'[5, 8]
571: CR5'[5, 9]
572: CR3'[6, 8]
573: CR4'[6, 9]
==== cluster[109]: depth=14 width=4
574: CR2'[7, 8]
575: CR3'[7, 9]
576: H[8]
577: CR2'[8, 9]
578: H[9]
579: X[9]
580: CNOT[9, 10]
581: X[9]
582: H[9]
583: CR2[8, 9]
584: CR3[7, 9]
585: H[8]
586: CR2[7, 8]
587: H[7]
==== cluster[110]: depth= 4 width=4
588: CR4[6, 9]
589: CR5[5, 9]
590: CR3[6, 8]
591: CR4[5, 8]
==== cluster[111]: depth= 5 width=3
592: CR2[6, 7]
593: CR3[5, 7]
594: H[6]
595: CR2[5, 6]
596: H[5]
==== cluster[112]: depth= 2 width=4
597: CCR4[0, 3, 9]
598: CCR3[0, 3, 8]
==== cluster[113]: depth= 2 width=4
599: CCR2[0, 3, 7]
600: CCR1[0, 3, 6]
==== cluster[114]: depth= 6 width=3
601: CR1'[10, 5]
602: H[5]
603: CR2'[10, 6]
604: CR1'[10, 6]
605: CR2'[5, 6]
606: H[6]
==== cluster[115]: depth= 9 width=4
607: CR3'[10, 7]
608: CR2'[10, 7]
609: CR1'[10, 7]
610: CR3'[5, 7]
611: CR4'[10, 8]
612: CR3'[10, 8]
613: CR2'[10, 8]
614: CR1'[10, 8]
615: CR4'[5, 8]
==== cluster[116]: depth= 5 width=3
616: CR5'[10, 9]
617: CR4'[10, 9]
618: CR3'[10, 9]
619: CR2'[10, 9]
620: CR5'[5, 9]
==== cluster[117]: depth= 5 width=3
621: CR2'[6, 7]
622: H[7]
623: CR3'[6, 8]
624: CR2'[7, 8]
625: H[8]
==== cluster[118]: depth= 2 width=3
626: CR4'[6, 9]
627: CR3'[7, 9]
==== cluster[119]: depth= 9 width=4
628: CR2'[8, 9]
629: H[9]
630: CNOT[9, 10]
631: H[9]
632: CR2[8, 9]
633: CR3[7, 9]
634: H[8]
635: CR2[7, 8]
636: H[7]
==== cluster[120]: depth= 4 width=4
637: CR4[6, 9]
638: CR3[6, 8]
639: CR2[6, 7]
640: H[6]
==== cluster[121]: depth=14 width=4
641: CR5[5, 9]
642: CR4[5, 8]
643: CR3[5, 7]
644: R1[8]
645: R2[9]
646: R2[8]
647: R3[9]
648: R1[7]
649: R3[8]
650: R4[9]
651: R2[7]
652: R4[8]
653: R5[9]
654: R3[7]
==== cluster[122]: depth= 5 width=2
655: CR2[5, 6]
656: R1[6]
657: H[5]
658: R2[6]
659: R1[5]
==== cluster[123]: depth= 2 width=4
660: CCR1'[0, 3, 6]
661: CCR2'[0, 3, 7]
==== cluster[124]: depth= 2 width=4
662: CCR3'[0, 3, 8]
663: CCR4'[0, 3, 9]
==== cluster[125]: depth= 2 width=3
664: CCR1'[0, 2, 5]
665: H[5]
==== cluster[126]: depth= 3 width=4
666: CCR2'[0, 2, 6]
667: CR2'[5, 6]
668: H[6]
==== cluster[127]: depth= 2 width=4
669: CCR3'[0, 2, 7]
670: CR3'[5, 7]
==== cluster[128]: depth= 2 width=4
671: CCR4'[0, 2, 8]
672: CCR5'[0, 2, 9]
==== cluster[129]: depth= 2 width=3
673: CR4'[5, 8]
674: CR5'[5, 9]
==== cluster[130]: depth=10 width=4
675: CR2'[6, 7]
676: H[7]
677: CR3'[6, 8]
678: CR4'[6, 9]
679: CR2'[7, 8]
680: H[8]
681: CR3'[7, 9]
682: CR2'[8, 9]
683: H[9]
684: X[9]
==== cluster[131]: depth= 5 width=3
685: CNOT[9, 10]
686: X[9]
687: H[9]
688: CR2[8, 9]
689: H[8]
==== cluster[132]: depth= 3 width=4
690: CR3[7, 9]
691: CR4[6, 9]
692: CR5[5, 9]
==== cluster[133]: depth= 9 width=4
693: CR2[7, 8]
694: CR3[6, 8]
695: H[7]
696: CR4[5, 8]
697: CR2[6, 7]
698: CR3[5, 7]
699: H[6]
700: CR2[5, 6]
701: H[5]
==== cluster[134]: depth= 2 width=4
702: CCR5[0, 2, 9]
703: CCR4[0, 2, 8]
==== cluster[135]: depth= 1 width=3
704: CCR3[0, 2, 7]
==== cluster[136]: depth= 1 width=3
705: CCR2[0, 2, 6]
==== cluster[137]: depth= 3 width=4
706: CCR1[0, 2, 5]
707: CR1'[10, 5]
708: H[5]
==== cluster[138]: depth= 9 width=4
709: CR2'[10, 6]
710: CR1'[10, 6]
711: CR3'[10, 7]
712: CR2'[10, 7]
713: CR1'[10, 7]
714: CR4'[10, 8]
715: CR3'[10, 8]
716: CR2'[10, 8]
717: CR1'[10, 8]
==== cluster[139]: depth= 6 width=4
718: CR5'[10, 9]
719: CR4'[10, 9]
720: CR2'[5, 6]
721: H[6]
722: CR3'[10, 9]
723: CR2'[10, 9]
==== cluster[140]: depth= 7 width=4
724: CR3'[5, 7]
725: CR2'[6, 7]
726: H[7]
727: CR4'[5, 8]
728: CR3'[6, 8]
729: CR2'[7, 8]
730: H[8]
==== cluster[141]: depth= 3 width=4
731: CR5'[5, 9]
732: CR4'[6, 9]
733: CR3'[7, 9]
==== cluster[142]: depth= 6 width=3
734: CR2'[8, 9]
735: H[9]
736: CNOT[9, 10]
737: H[9]
738: CR2[8, 9]
739: H[8]
==== cluster[143]: depth= 7 width=4
740: CR3[7, 9]
741: CR4[6, 9]
742: CR2[7, 8]
743: CR3[6, 8]
744: H[7]
745: CR2[6, 7]
746: H[6]
==== cluster[144]: depth=14 width=4
747: CR5[5, 9]
748: CR4[5, 8]
749: CR3[5, 7]
750: R1[8]
751: R2[9]
752: R2[8]
753: R3[9]
754: R1[7]
755: R3[8]
756: R4[9]
757: R2[7]
758: R4[8]
759: R5[9]
760: R3[7]
==== cluster[145]: depth=10 width=4
761: CR2[5, 6]
762: R1[6]
763: H[5]
764: R2[6]
765: R1[5]
766: CCR1'[0, 2, 5]
767: CCR2'[0, 2, 6]
768: H[5]
769: CR2'[5, 6]
770: H[6]
==== cluster[146]: depth= 2 width=4
771: CCR3'[0, 2, 7]
772: CCR4'[0, 2, 8]
==== cluster[147]: depth= 3 width=3
773: CR3'[5, 7]
774: CR2'[6, 7]
775: H[7]
==== cluster[148]: depth= 1 width=3
776: CCR5'[0, 2, 9]
==== cluster[149]: depth= 2 width=4
777: CCR1'[0, 1, 8]
778: CR4'[5, 8]
==== cluster[150]: depth= 3 width=3
779: CR3'[6, 8]
780: CR2'[7, 8]
781: H[8]
==== cluster[151]: depth= 2 width=4
782: CCR2'[0, 1, 9]
783: CR5'[5, 9]
==== cluster[152]: depth= 2 width=3
784: CR4'[6, 9]
785: CR3'[7, 9]
==== cluster[153]: depth=11 width=4
786: CR2'[8, 9]
787: H[9]
788: X[9]
789: CNOT[9, 10]
790: X[9]
791: H[9]
792: CR2[8, 9]
793: CR3[7, 9]
794: H[8]
795: CR2[7, 8]
796: H[7]
==== cluster[154]: depth= 4 width=4
797: CR4[6, 9]
798: CR5[5, 9]
799: CR3[6, 8]
800: CR4[5, 8]
==== cluster[155]: depth=17 width=4
801: CR2[6, 7]
802: CR3[5, 7]
803: H[6]
804: CR2[5, 6]
805: H[5]
806: CR1'[10, 5]
807: H[5]
808: CR2'[10, 6]
809: CR1'[10, 6]
810: CR2'[5, 6]
811: H[6]
812: CR3'[10, 7]
813: CR2'[10, 7]
814: CR1'[10, 7]
815: CR3'[5, 7]
816: CR2'[6, 7]
817: H[7]
==== cluster[156]: depth= 2 width=4
818: CCR2[0, 1, 9]
819: CCR1[0, 1, 8]
==== cluster[157]: depth=10 width=4
820: CR4'[10, 8]
821: CR3'[10, 8]
822: CR2'[10, 8]
823: CR1'[10, 8]
824: CR4'[5, 8]
825: CR5'[10, 9]
826: CR4'[10, 9]
827: CR3'[10, 9]
828: CR2'[10, 9]
829: CR5'[5, 9]
==== cluster[158]: depth= 7 width=4
830: CR3'[6, 8]
831: CR4'[6, 9]
832: CR2'[7, 8]
833: H[8]
834: CR3'[7, 9]
835: CR2'[8, 9]
836: H[9]
==== cluster[159]: depth= 4 width=3
837: CNOT[9, 10]
838: H[9]
839: CR2[8, 9]
840: H[8]
==== cluster[160]: depth= 7 width=4
841: CR3[7, 9]
842: CR4[6, 9]
843: CR2[7, 8]
844: CR3[6, 8]
845: H[7]
846: CR2[6, 7]
847: H[6]
==== cluster[161]: depth=14 width=4
848: CR5[5, 9]
849: CR4[5, 8]
850: CR3[5, 7]
851: R1[8]
852: R2[9]
853: R2[8]
854: R3[9]
855: R1[7]
856: R3[8]
857: R4[9]
858: R2[7]
859: R4[8]
860: R5[9]
861: R3[7]
==== cluster[162]: depth=11 width=3
862: CR2[5, 6]
863: R1[6]
864: H[5]
865: R2[6]
866: R1[5]
867: H[5]
868: CR2'[5, 6]
869: CR3'[5, 7]
870: H[6]
871: CR2'[6, 7]
872: H[7]
==== cluster[163]: depth= 2 width=4
873: CCR1'[0, 1, 8]
874: CR4'[5, 8]
==== cluster[164]: depth= 2 width=4
875: CCR2'[0, 1, 9]
876: CR5'[5, 9]
==== cluster[165]: depth= 7 width=4
877: CR3'[6, 8]
878: CR4'[6, 9]
879: CR2'[7, 8]
880: CR3'[7, 9]
881: H[8]
882: CR2'[8, 9]
883: H[9]
