=== Original: 2320 ./shor_6.txt
 0: H[13]
 1: CR2[12, 13]
 2: CR3[11, 13]
 3: CR4[10, 13]
 4: CR5[9, 13]
 5: CR6[8, 13]
 6: CR7[7, 13]
 7: H[12]
 8: CR2[11, 12]
 9: CR3[10, 12]
10: CR4[9, 12]
11: CR5[8, 12]
12: CR6[7, 12]
13: H[11]
14: CR2[10, 11]
15: CR3[9, 11]
16: CR4[8, 11]
17: CR5[7, 11]
18: H[10]
19: CR2[9, 10]
20: CR3[8, 10]
21: CR4[7, 10]
22: H[9]
23: CR2[8, 9]
24: CR3[7, 9]
25: H[8]
26: CR2[7, 8]
27: H[7]
28: CCR6[0, 1, 13]
29: CCR5[0, 1, 12]
30: CCR4[0, 1, 11]
31: CCR3[0, 1, 10]
32: CCR2[0, 1, 9]
33: CCR1[0, 1, 8]
34: R1'[7]
35: R2'[8]
36: R1'[8]
37: R3'[9]
38: R2'[9]
39: R1'[9]
40: R4'[10]
41: R3'[10]
42: R2'[10]
43: R1'[10]
44: R5'[11]
45: R4'[11]
46: R3'[11]
47: R2'[11]
48: R1'[11]
49: R6'[12]
50: R5'[12]
51: R4'[12]
52: R3'[12]
53: R2'[12]
54: R1'[12]
55: R7'[13]
56: R6'[13]
57: R5'[13]
58: R4'[13]
59: R3'[13]
60: R2'[13]
61: H[7]
62: CR2'[7, 8]
63: H[8]
64: CR3'[7, 9]
65: CR2'[8, 9]
66: H[9]
67: CR4'[7, 10]
68: CR3'[8, 10]
69: CR2'[9, 10]
70: H[10]
71: CR5'[7, 11]
72: CR4'[8, 11]
73: CR3'[9, 11]
74: CR2'[10, 11]
75: H[11]
76: CR6'[7, 12]
77: CR5'[8, 12]
78: CR4'[9, 12]
79: CR3'[10, 12]
80: CR2'[11, 12]
81: H[12]
82: CR7'[7, 13]
83: CR6'[8, 13]
84: CR5'[9, 13]
85: CR4'[10, 13]
86: CR3'[11, 13]
87: CR2'[12, 13]
88: H[13]
89: CNOT[13, 14]
90: H[13]
91: CR2[12, 13]
92: CR3[11, 13]
93: CR4[10, 13]
94: CR5[9, 13]
95: CR6[8, 13]
96: CR7[7, 13]
97: H[12]
98: CR2[11, 12]
99: CR3[10, 12]
100: CR4[9, 12]
101: CR5[8, 12]
102: CR6[7, 12]
103: H[11]
104: CR2[10, 11]
105: CR3[9, 11]
106: CR4[8, 11]
107: CR5[7, 11]
108: H[10]
109: CR2[9, 10]
110: CR3[8, 10]
111: CR4[7, 10]
112: H[9]
113: CR2[8, 9]
114: CR3[7, 9]
115: H[8]
116: CR2[7, 8]
117: H[7]
118: CR2[14, 13]
119: CR3[14, 13]
120: CR4[14, 13]
121: CR5[14, 13]
122: CR6[14, 13]
123: CR7[14, 13]
124: CR1[14, 12]
125: CR2[14, 12]
126: CR3[14, 12]
127: CR4[14, 12]
128: CR5[14, 12]
129: CR6[14, 12]
130: CR1[14, 11]
131: CR2[14, 11]
132: CR3[14, 11]
133: CR4[14, 11]
134: CR5[14, 11]
135: CR1[14, 10]
136: CR2[14, 10]
137: CR3[14, 10]
138: CR4[14, 10]
139: CR1[14, 9]
140: CR2[14, 9]
141: CR3[14, 9]
142: CR1[14, 8]
143: CR2[14, 8]
144: CR1[14, 7]
145: CCR1'[0, 1, 8]
146: CCR2'[0, 1, 9]
147: CCR3'[0, 1, 10]
148: CCR4'[0, 1, 11]
149: CCR5'[0, 1, 12]
150: CCR6'[0, 1, 13]
151: H[7]
152: CR2'[7, 8]
153: H[8]
154: CR3'[7, 9]
155: CR2'[8, 9]
156: H[9]
157: CR4'[7, 10]
158: CR3'[8, 10]
159: CR2'[9, 10]
160: H[10]
161: CR5'[7, 11]
162: CR4'[8, 11]
163: CR3'[9, 11]
164: CR2'[10, 11]
165: H[11]
166: CR6'[7, 12]
167: CR5'[8, 12]
168: CR4'[9, 12]
169: CR3'[10, 12]
170: CR2'[11, 12]
171: H[12]
172: CR7'[7, 13]
173: CR6'[8, 13]
174: CR5'[9, 13]
175: CR4'[10, 13]
176: CR3'[11, 13]
177: CR2'[12, 13]
178: H[13]
179: X[13]
180: CNOT[13, 14]
181: X[13]
182: H[13]
183: CR2[12, 13]
184: CR3[11, 13]
185: CR4[10, 13]
186: CR5[9, 13]
187: CR6[8, 13]
188: CR7[7, 13]
189: H[12]
190: CR2[11, 12]
191: CR3[10, 12]
192: CR4[9, 12]
193: CR5[8, 12]
194: CR6[7, 12]
195: H[11]
196: CR2[10, 11]
197: CR3[9, 11]
198: CR4[8, 11]
199: CR5[7, 11]
200: H[10]
201: CR2[9, 10]
202: CR3[8, 10]
203: CR4[7, 10]
204: H[9]
205: CR2[8, 9]
206: CR3[7, 9]
207: H[8]
208: CR2[7, 8]
209: H[7]
210: CCR6[0, 1, 13]
211: CCR5[0, 1, 12]
212: CCR4[0, 1, 11]
213: CCR3[0, 1, 10]
214: CCR2[0, 1, 9]
215: CCR1[0, 1, 8]
216: CCR5[0, 2, 13]
217: CCR4[0, 2, 12]
218: CCR3[0, 2, 11]
219: CCR2[0, 2, 10]
220: CCR1[0, 2, 9]
221: R1'[7]
222: R2'[8]
223: R1'[8]
224: R3'[9]
225: R2'[9]
226: R1'[9]
227: R4'[10]
228: R3'[10]
229: R2'[10]
230: R1'[10]
231: R5'[11]
232: R4'[11]
233: R3'[11]
234: R2'[11]
235: R1'[11]
236: R6'[12]
237: R5'[12]
238: R4'[12]
239: R3'[12]
240: R2'[12]
241: R1'[12]
242: R7'[13]
243: R6'[13]
244: R5'[13]
245: R4'[13]
246: R3'[13]
247: R2'[13]
248: H[7]
249: CR2'[7, 8]
250: H[8]
251: CR3'[7, 9]
252: CR2'[8, 9]
253: H[9]
254: CR4'[7, 10]
255: CR3'[8, 10]
256: CR2'[9, 10]
257: H[10]
258: CR5'[7, 11]
259: CR4'[8, 11]
260: CR3'[9, 11]
261: CR2'[10, 11]
262: H[11]
263: CR6'[7, 12]
264: CR5'[8, 12]
265: CR4'[9, 12]
266: CR3'[10, 12]
267: CR2'[11, 12]
268: H[12]
269: CR7'[7, 13]
270: CR6'[8, 13]
271: CR5'[9, 13]
272: CR4'[10, 13]
273: CR3'[11, 13]
274: CR2'[12, 13]
275: H[13]
276: CNOT[13, 14]
277: H[13]
278: CR2[12, 13]
279: CR3[11, 13]
280: CR4[10, 13]
281: CR5[9, 13]
282: CR6[8, 13]
283: CR7[7, 13]
284: H[12]
285: CR2[11, 12]
286: CR3[10, 12]
287: CR4[9, 12]
288: CR5[8, 12]
289: CR6[7, 12]
290: H[11]
291: CR2[10, 11]
292: CR3[9, 11]
293: CR4[8, 11]
294: CR5[7, 11]
295: H[10]
296: CR2[9, 10]
297: CR3[8, 10]
298: CR4[7, 10]
299: H[9]
300: CR2[8, 9]
301: CR3[7, 9]
302: H[8]
303: CR2[7, 8]
304: H[7]
305: CR2[14, 13]
306: CR3[14, 13]
307: CR4[14, 13]
308: CR5[14, 13]
309: CR6[14, 13]
310: CR7[14, 13]
311: CR1[14, 12]
312: CR2[14, 12]
313: CR3[14, 12]
314: CR4[14, 12]
315: CR5[14, 12]
316: CR6[14, 12]
317: CR1[14, 11]
318: CR2[14, 11]
319: CR3[14, 11]
320: CR4[14, 11]
321: CR5[14, 11]
322: CR1[14, 10]
323: CR2[14, 10]
324: CR3[14, 10]
325: CR4[14, 10]
326: CR1[14, 9]
327: CR2[14, 9]
328: CR3[14, 9]
329: CR1[14, 8]
330: CR2[14, 8]
331: CR1[14, 7]
332: CCR1'[0, 2, 9]
333: CCR2'[0, 2, 10]
334: CCR3'[0, 2, 11]
335: CCR4'[0, 2, 12]
336: CCR5'[0, 2, 13]
337: H[7]
338: CR2'[7, 8]
339: H[8]
340: CR3'[7, 9]
341: CR2'[8, 9]
342: H[9]
343: CR4'[7, 10]
344: CR3'[8, 10]
345: CR2'[9, 10]
346: H[10]
347: CR5'[7, 11]
348: CR4'[8, 11]
349: CR3'[9, 11]
350: CR2'[10, 11]
351: H[11]
352: CR6'[7, 12]
353: CR5'[8, 12]
354: CR4'[9, 12]
355: CR3'[10, 12]
356: CR2'[11, 12]
357: H[12]
358: CR7'[7, 13]
359: CR6'[8, 13]
360: CR5'[9, 13]
361: CR4'[10, 13]
362: CR3'[11, 13]
363: CR2'[12, 13]
364: H[13]
365: X[13]
366: CNOT[13, 14]
367: X[13]
368: H[13]
369: CR2[12, 13]
370: CR3[11, 13]
371: CR4[10, 13]
372: CR5[9, 13]
373: CR6[8, 13]
374: CR7[7, 13]
375: H[12]
376: CR2[11, 12]
377: CR3[10, 12]
378: CR4[9, 12]
379: CR5[8, 12]
380: CR6[7, 12]
381: H[11]
382: CR2[10, 11]
383: CR3[9, 11]
384: CR4[8, 11]
385: CR5[7, 11]
386: H[10]
387: CR2[9, 10]
388: CR3[8, 10]
389: CR4[7, 10]
390: H[9]
391: CR2[8, 9]
392: CR3[7, 9]
393: H[8]
394: CR2[7, 8]
395: H[7]
396: CCR5[0, 2, 13]
397: CCR4[0, 2, 12]
398: CCR3[0, 2, 11]
399: CCR2[0, 2, 10]
400: CCR1[0, 2, 9]
401: CCR4[0, 3, 13]
402: CCR3[0, 3, 12]
403: CCR2[0, 3, 11]
404: CCR1[0, 3, 10]
405: R1'[7]
406: R2'[8]
407: R1'[8]
408: R3'[9]
409: R2'[9]
410: R1'[9]
411: R4'[10]
412: R3'[10]
413: R2'[10]
414: R1'[10]
415: R5'[11]
416: R4'[11]
417: R3'[11]
418: R2'[11]
419: R1'[11]
420: R6'[12]
421: R5'[12]
422: R4'[12]
423: R3'[12]
424: R2'[12]
425: R1'[12]
426: R7'[13]
427: R6'[13]
428: R5'[13]
429: R4'[13]
430: R3'[13]
431: R2'[13]
432: H[7]
433: CR2'[7, 8]
434: H[8]
435: CR3'[7, 9]
436: CR2'[8, 9]
437: H[9]
438: CR4'[7, 10]
439: CR3'[8, 10]
440: CR2'[9, 10]
441: H[10]
442: CR5'[7, 11]
443: CR4'[8, 11]
444: CR3'[9, 11]
445: CR2'[10, 11]
446: H[11]
447: CR6'[7, 12]
448: CR5'[8, 12]
449: CR4'[9, 12]
450: CR3'[10, 12]
451: CR2'[11, 12]
452: H[12]
453: CR7'[7, 13]
454: CR6'[8, 13]
455: CR5'[9, 13]
456: CR4'[10, 13]
457: CR3'[11, 13]
458: CR2'[12, 13]
459: H[13]
460: CNOT[13, 14]
461: H[13]
462: CR2[12, 13]
463: CR3[11, 13]
464: CR4[10, 13]
465: CR5[9, 13]
466: CR6[8, 13]
467: CR7[7, 13]
468: H[12]
469: CR2[11, 12]
470: CR3[10, 12]
471: CR4[9, 12]
472: CR5[8, 12]
473: CR6[7, 12]
474: H[11]
475: CR2[10, 11]
476: CR3[9, 11]
477: CR4[8, 11]
478: CR5[7, 11]
479: H[10]
480: CR2[9, 10]
481: CR3[8, 10]
482: CR4[7, 10]
483: H[9]
484: CR2[8, 9]
485: CR3[7, 9]
486: H[8]
487: CR2[7, 8]
488: H[7]
489: CR2[14, 13]
490: CR3[14, 13]
491: CR4[14, 13]
492: CR5[14, 13]
493: CR6[14, 13]
494: CR7[14, 13]
495: CR1[14, 12]
496: CR2[14, 12]
497: CR3[14, 12]
498: CR4[14, 12]
499: CR5[14, 12]
500: CR6[14, 12]
501: CR1[14, 11]
502: CR2[14, 11]
503: CR3[14, 11]
504: CR4[14, 11]
505: CR5[14, 11]
506: CR1[14, 10]
507: CR2[14, 10]
508: CR3[14, 10]
509: CR4[14, 10]
510: CR1[14, 9]
511: CR2[14, 9]
512: CR3[14, 9]
513: CR1[14, 8]
514: CR2[14, 8]
515: CR1[14, 7]
516: CCR1'[0, 3, 10]
517: CCR2'[0, 3, 11]
518: CCR3'[0, 3, 12]
519: CCR4'[0, 3, 13]
520: H[7]
521: CR2'[7, 8]
522: H[8]
523: CR3'[7, 9]
524: CR2'[8, 9]
525: H[9]
526: CR4'[7, 10]
527: CR3'[8, 10]
528: CR2'[9, 10]
529: H[10]
530: CR5'[7, 11]
531: CR4'[8, 11]
532: CR3'[9, 11]
533: CR2'[10, 11]
534: H[11]
535: CR6'[7, 12]
536: CR5'[8, 12]
537: CR4'[9, 12]
538: CR3'[10, 12]
539: CR2'[11, 12]
540: H[12]
541: CR7'[7, 13]
542: CR6'[8, 13]
543: CR5'[9, 13]
544: CR4'[10, 13]
545: CR3'[11, 13]
546: CR2'[12, 13]
547: H[13]
548: X[13]
549: CNOT[13, 14]
550: X[13]
551: H[13]
552: CR2[12, 13]
553: CR3[11, 13]
554: CR4[10, 13]
555: CR5[9, 13]
556: CR6[8, 13]
557: CR7[7, 13]
558: H[12]
559: CR2[11, 12]
560: CR3[10, 12]
561: CR4[9, 12]
562: CR5[8, 12]
563: CR6[7, 12]
564: H[11]
565: CR2[10, 11]
566: CR3[9, 11]
567: CR4[8, 11]
568: CR5[7, 11]
569: H[10]
570: CR2[9, 10]
571: CR3[8, 10]
572: CR4[7, 10]
573: H[9]
574: CR2[8, 9]
575: CR3[7, 9]
576: H[8]
577: CR2[7, 8]
578: H[7]
579: CCR4[0, 3, 13]
580: CCR3[0, 3, 12]
581: CCR2[0, 3, 11]
582: CCR1[0, 3, 10]
583: CCR3[0, 4, 13]
584: CCR2[0, 4, 12]
585: CCR1[0, 4, 11]
586: R1'[7]
587: R2'[8]
588: R1'[8]
589: R3'[9]
590: R2'[9]
591: R1'[9]
592: R4'[10]
593: R3'[10]
594: R2'[10]
595: R1'[10]
596: R5'[11]
597: R4'[11]
598: R3'[11]
599: R2'[11]
600: R1'[11]
601: R6'[12]
602: R5'[12]
603: R4'[12]
604: R3'[12]
605: R2'[12]
606: R1'[12]
607: R7'[13]
608: R6'[13]
609: R5'[13]
610: R4'[13]
611: R3'[13]
612: R2'[13]
613: H[7]
614: CR2'[7, 8]
615: H[8]
616: CR3'[7, 9]
617: CR2'[8, 9]
618: H[9]
619: CR4'[7, 10]
620: CR3'[8, 10]
621: CR2'[9, 10]
622: H[10]
623: CR5'[7, 11]
624: CR4'[8, 11]
625: CR3'[9, 11]
626: CR2'[10, 11]
627: H[11]
628: CR6'[7, 12]
629: CR5'[8, 12]
630: CR4'[9, 12]
631: CR3'[10, 12]
632: CR2'[11, 12]
633: H[12]
634: CR7'[7, 13]
635: CR6'[8, 13]
636: CR5'[9, 13]
637: CR4'[10, 13]
638: CR3'[11, 13]
639: CR2'[12, 13]
640: H[13]
641: CNOT[13, 14]
642: H[13]
643: CR2[12, 13]
644: CR3[11, 13]
645: CR4[10, 13]
646: CR5[9, 13]
647: CR6[8, 13]
648: CR7[7, 13]
649: H[12]
650: CR2[11, 12]
651: CR3[10, 12]
652: CR4[9, 12]
653: CR5[8, 12]
654: CR6[7, 12]
655: H[11]
656: CR2[10, 11]
657: CR3[9, 11]
658: CR4[8, 11]
659: CR5[7, 11]
660: H[10]
661: CR2[9, 10]
662: CR3[8, 10]
663: CR4[7, 10]
664: H[9]
665: CR2[8, 9]
666: CR3[7, 9]
667: H[8]
668: CR2[7, 8]
669: H[7]
670: CR2[14, 13]
671: CR3[14, 13]
672: CR4[14, 13]
673: CR5[14, 13]
674: CR6[14, 13]
675: CR7[14, 13]
676: CR1[14, 12]
677: CR2[14, 12]
678: CR3[14, 12]
679: CR4[14, 12]
680: CR5[14, 12]
681: CR6[14, 12]
682: CR1[14, 11]
683: CR2[14, 11]
684: CR3[14, 11]
685: CR4[14, 11]
686: CR5[14, 11]
687: CR1[14, 10]
688: CR2[14, 10]
689: CR3[14, 10]
690: CR4[14, 10]
691: CR1[14, 9]
692: CR2[14, 9]
693: CR3[14, 9]
694: CR1[14, 8]
695: CR2[14, 8]
696: CR1[14, 7]
697: CCR1'[0, 4, 11]
698: CCR2'[0, 4, 12]
699: CCR3'[0, 4, 13]
700: H[7]
701: CR2'[7, 8]
702: H[8]
703: CR3'[7, 9]
704: CR2'[8, 9]
705: H[9]
706: CR4'[7, 10]
707: CR3'[8, 10]
708: CR2'[9, 10]
709: H[10]
710: CR5'[7, 11]
711: CR4'[8, 11]
712: CR3'[9, 11]
713: CR2'[10, 11]
714: H[11]
715: CR6'[7, 12]
716: CR5'[8, 12]
717: CR4'[9, 12]
718: CR3'[10, 12]
719: CR2'[11, 12]
720: H[12]
721: CR7'[7, 13]
722: CR6'[8, 13]
723: CR5'[9, 13]
724: CR4'[10, 13]
725: CR3'[11, 13]
726: CR2'[12, 13]
727: H[13]
728: X[13]
729: CNOT[13, 14]
730: X[13]
731: H[13]
732: CR2[12, 13]
733: CR3[11, 13]
734: CR4[10, 13]
735: CR5[9, 13]
736: CR6[8, 13]
737: CR7[7, 13]
738: H[12]
739: CR2[11, 12]
740: CR3[10, 12]
741: CR4[9, 12]
742: CR5[8, 12]
743: CR6[7, 12]
744: H[11]
745: CR2[10, 11]
746: CR3[9, 11]
747: CR4[8, 11]
748: CR5[7, 11]
749: H[10]
750: CR2[9, 10]
751: CR3[8, 10]
752: CR4[7, 10]
753: H[9]
754: CR2[8, 9]
755: CR3[7, 9]
756: H[8]
757: CR2[7, 8]
758: H[7]
759: CCR3[0, 4, 13]
760: CCR2[0, 4, 12]
761: CCR1[0, 4, 11]
762: CCR2[0, 5, 13]
763: CCR1[0, 5, 12]
764: R1'[7]
765: R2'[8]
766: R1'[8]
767: R3'[9]
768: R2'[9]
769: R1'[9]
770: R4'[10]
771: R3'[10]
772: R2'[10]
773: R1'[10]
774: R5'[11]
775: R4'[11]
776: R3'[11]
777: R2'[11]
778: R1'[11]
779: R6'[12]
780: R5'[12]
781: R4'[12]
782: R3'[12]
783: R2'[12]
784: R1'[12]
785: R7'[13]
786: R6'[13]
787: R5'[13]
788: R4'[13]
789: R3'[13]
790: R2'[13]
791: H[7]
792: CR2'[7, 8]
793: H[8]
794: CR3'[7, 9]
795: CR2'[8, 9]
796: H[9]
797: CR4'[7, 10]
798: CR3'[8, 10]
799: CR2'[9, 10]
800: H[10]
801: CR5'[7, 11]
802: CR4'[8, 11]
803: CR3'[9, 11]
804: CR2'[10, 11]
805: H[11]
806: CR6'[7, 12]
807: CR5'[8, 12]
808: CR4'[9, 12]
809: CR3'[10, 12]
810: CR2'[11, 12]
811: H[12]
812: CR7'[7, 13]
813: CR6'[8, 13]
814: CR5'[9, 13]
815: CR4'[10, 13]
816: CR3'[11, 13]
817: CR2'[12, 13]
818: H[13]
819: CNOT[13, 14]
820: H[13]
821: CR2[12, 13]
822: CR3[11, 13]
823: CR4[10, 13]
824: CR5[9, 13]
825: CR6[8, 13]
826: CR7[7, 13]
827: H[12]
828: CR2[11, 12]
829: CR3[10, 12]
830: CR4[9, 12]
831: CR5[8, 12]
832: CR6[7, 12]
833: H[11]
834: CR2[10, 11]
835: CR3[9, 11]
836: CR4[8, 11]
837: CR5[7, 11]
838: H[10]
839: CR2[9, 10]
840: CR3[8, 10]
841: CR4[7, 10]
842: H[9]
843: CR2[8, 9]
844: CR3[7, 9]
845: H[8]
846: CR2[7, 8]
847: H[7]
848: CR2[14, 13]
849: CR3[14, 13]
850: CR4[14, 13]
851: CR5[14, 13]
852: CR6[14, 13]
853: CR7[14, 13]
854: CR1[14, 12]
855: CR2[14, 12]
856: CR3[14, 12]
857: CR4[14, 12]
858: CR5[14, 12]
859: CR6[14, 12]
860: CR1[14, 11]
861: CR2[14, 11]
862: CR3[14, 11]
863: CR4[14, 11]
864: CR5[14, 11]
865: CR1[14, 10]
866: CR2[14, 10]
867: CR3[14, 10]
868: CR4[14, 10]
869: CR1[14, 9]
870: CR2[14, 9]
871: CR3[14, 9]
872: CR1[14, 8]
873: CR2[14, 8]
874: CR1[14, 7]
875: CCR1'[0, 5, 12]
876: CCR2'[0, 5, 13]
877: H[7]
878: CR2'[7, 8]
879: H[8]
880: CR3'[7, 9]
881: CR2'[8, 9]
882: H[9]
883: CR4'[7, 10]
884: CR3'[8, 10]
885: CR2'[9, 10]
886: H[10]
887: CR5'[7, 11]
888: CR4'[8, 11]
889: CR3'[9, 11]
890: CR2'[10, 11]
891: H[11]
892: CR6'[7, 12]
893: CR5'[8, 12]
894: CR4'[9, 12]
895: CR3'[10, 12]
896: CR2'[11, 12]
897: H[12]
898: CR7'[7, 13]
899: CR6'[8, 13]
900: CR5'[9, 13]
901: CR4'[10, 13]
902: CR3'[11, 13]
903: CR2'[12, 13]
904: H[13]
905: X[13]
906: CNOT[13, 14]
907: X[13]
908: H[13]
909: CR2[12, 13]
910: CR3[11, 13]
911: CR4[10, 13]
912: CR5[9, 13]
913: CR6[8, 13]
914: CR7[7, 13]
915: H[12]
916: CR2[11, 12]
917: CR3[10, 12]
918: CR4[9, 12]
919: CR5[8, 12]
920: CR6[7, 12]
921: H[11]
922: CR2[10, 11]
923: CR3[9, 11]
924: CR4[8, 11]
925: CR5[7, 11]
926: H[10]
927: CR2[9, 10]
928: CR3[8, 10]
929: CR4[7, 10]
930: H[9]
931: CR2[8, 9]
932: CR3[7, 9]
933: H[8]
934: CR2[7, 8]
935: H[7]
936: CCR2[0, 5, 13]
937: CCR1[0, 5, 12]
938: CCR7[0, 6, 13]
939: CCR6[0, 6, 12]
940: CCR5[0, 6, 11]
941: CCR4[0, 6, 10]
942: CCR3[0, 6, 9]
943: CCR2[0, 6, 8]
944: CCR1[0, 6, 7]
945: R1'[7]
946: R2'[8]
947: R1'[8]
948: R3'[9]
949: R2'[9]
950: R1'[9]
951: R4'[10]
952: R3'[10]
953: R2'[10]
954: R1'[10]
955: R5'[11]
956: R4'[11]
957: R3'[11]
958: R2'[11]
959: R1'[11]
960: R6'[12]
961: R5'[12]
962: R4'[12]
963: R3'[12]
964: R2'[12]
965: R1'[12]
966: R7'[13]
967: R6'[13]
968: R5'[13]
969: R4'[13]
970: R3'[13]
971: R2'[13]
972: H[7]
973: CR2'[7, 8]
974: H[8]
975: CR3'[7, 9]
976: CR2'[8, 9]
977: H[9]
978: CR4'[7, 10]
979: CR3'[8, 10]
980: CR2'[9, 10]
981: H[10]
982: CR5'[7, 11]
983: CR4'[8, 11]
984: CR3'[9, 11]
985: CR2'[10, 11]
986: H[11]
987: CR6'[7, 12]
988: CR5'[8, 12]
989: CR4'[9, 12]
990: CR3'[10, 12]
991: CR2'[11, 12]
992: H[12]
993: CR7'[7, 13]
994: CR6'[8, 13]
995: CR5'[9, 13]
996: CR4'[10, 13]
997: CR3'[11, 13]
998: CR2'[12, 13]
999: H[13]
1000: CNOT[13, 14]
1001: H[13]
1002: CR2[12, 13]
1003: CR3[11, 13]
1004: CR4[10, 13]
1005: CR5[9, 13]
1006: CR6[8, 13]
1007: CR7[7, 13]
1008: H[12]
1009: CR2[11, 12]
1010: CR3[10, 12]
1011: CR4[9, 12]
1012: CR5[8, 12]
1013: CR6[7, 12]
1014: H[11]
1015: CR2[10, 11]
1016: CR3[9, 11]
1017: CR4[8, 11]
1018: CR5[7, 11]
1019: H[10]
1020: CR2[9, 10]
1021: CR3[8, 10]
1022: CR4[7, 10]
1023: H[9]
1024: CR2[8, 9]
1025: CR3[7, 9]
1026: H[8]
1027: CR2[7, 8]
1028: H[7]
1029: CR2[14, 13]
1030: CR3[14, 13]
1031: CR4[14, 13]
1032: CR5[14, 13]
1033: CR6[14, 13]
1034: CR7[14, 13]
1035: CR1[14, 12]
1036: CR2[14, 12]
1037: CR3[14, 12]
1038: CR4[14, 12]
1039: CR5[14, 12]
1040: CR6[14, 12]
1041: CR1[14, 11]
1042: CR2[14, 11]
1043: CR3[14, 11]
1044: CR4[14, 11]
1045: CR5[14, 11]
1046: CR1[14, 10]
1047: CR2[14, 10]
1048: CR3[14, 10]
1049: CR4[14, 10]
1050: CR1[14, 9]
1051: CR2[14, 9]
1052: CR3[14, 9]
1053: CR1[14, 8]
1054: CR2[14, 8]
1055: CR1[14, 7]
1056: CCR1'[0, 6, 7]
1057: CCR2'[0, 6, 8]
1058: CCR3'[0, 6, 9]
1059: CCR4'[0, 6, 10]
1060: CCR5'[0, 6, 11]
1061: CCR6'[0, 6, 12]
1062: CCR7'[0, 6, 13]
1063: H[7]
1064: CR2'[7, 8]
1065: H[8]
1066: CR3'[7, 9]
1067: CR2'[8, 9]
1068: H[9]
1069: CR4'[7, 10]
1070: CR3'[8, 10]
1071: CR2'[9, 10]
1072: H[10]
1073: CR5'[7, 11]
1074: CR4'[8, 11]
1075: CR3'[9, 11]
1076: CR2'[10, 11]
1077: H[11]
1078: CR6'[7, 12]
1079: CR5'[8, 12]
1080: CR4'[9, 12]
1081: CR3'[10, 12]
1082: CR2'[11, 12]
1083: H[12]
1084: CR7'[7, 13]
1085: CR6'[8, 13]
1086: CR5'[9, 13]
1087: CR4'[10, 13]
1088: CR3'[11, 13]
1089: CR2'[12, 13]
1090: H[13]
1091: X[13]
1092: CNOT[13, 14]
1093: X[13]
1094: H[13]
1095: CR2[12, 13]
1096: CR3[11, 13]
1097: CR4[10, 13]
1098: CR5[9, 13]
1099: CR6[8, 13]
1100: CR7[7, 13]
1101: H[12]
1102: CR2[11, 12]
1103: CR3[10, 12]
1104: CR4[9, 12]
1105: CR5[8, 12]
1106: CR6[7, 12]
1107: H[11]
1108: CR2[10, 11]
1109: CR3[9, 11]
1110: CR4[8, 11]
1111: CR5[7, 11]
1112: H[10]
1113: CR2[9, 10]
1114: CR3[8, 10]
1115: CR4[7, 10]
1116: H[9]
1117: CR2[8, 9]
1118: CR3[7, 9]
1119: H[8]
1120: CR2[7, 8]
1121: H[7]
1122: CCR7[0, 6, 13]
1123: CCR6[0, 6, 12]
1124: CCR5[0, 6, 11]
1125: CCR4[0, 6, 10]
1126: CCR3[0, 6, 9]
1127: CCR2[0, 6, 8]
1128: CCR1[0, 6, 7]
1129: H[7]
1130: CR2'[7, 8]
1131: H[8]
1132: CR3'[7, 9]
1133: CR2'[8, 9]
1134: H[9]
1135: CR4'[7, 10]
1136: CR3'[8, 10]
1137: CR2'[9, 10]
1138: H[10]
1139: CR5'[7, 11]
1140: CR4'[8, 11]
1141: CR3'[9, 11]
1142: CR2'[10, 11]
1143: H[11]
1144: CR6'[7, 12]
1145: CR5'[8, 12]
1146: CR4'[9, 12]
1147: CR3'[10, 12]
1148: CR2'[11, 12]
1149: H[12]
1150: CR7'[7, 13]
1151: CR6'[8, 13]
1152: CR5'[9, 13]
1153: CR4'[10, 13]
1154: CR3'[11, 13]
1155: CR2'[12, 13]
1156: H[13]
1157: CSWAP[0, 1, 7]
1158: CSWAP[0, 2, 8]
1159: CSWAP[0, 3, 9]
1160: CSWAP[0, 4, 10]
1161: CSWAP[0, 5, 11]
1162: CSWAP[0, 6, 12]
1163: H[13]
1164: CR2[12, 13]
1165: CR3[11, 13]
1166: CR4[10, 13]
1167: CR5[9, 13]
1168: CR6[8, 13]
1169: CR7[7, 13]
1170: H[12]
1171: CR2[11, 12]
1172: CR3[10, 12]
1173: CR4[9, 12]
1174: CR5[8, 12]
1175: CR6[7, 12]
1176: H[11]
1177: CR2[10, 11]
1178: CR3[9, 11]
1179: CR4[8, 11]
1180: CR5[7, 11]
1181: H[10]
1182: CR2[9, 10]
1183: CR3[8, 10]
1184: CR4[7, 10]
1185: H[9]
1186: CR2[8, 9]
1187: CR3[7, 9]
1188: H[8]
1189: CR2[7, 8]
1190: H[7]
1191: CCR1'[0, 6, 11]
1192: CCR2'[0, 6, 12]
1193: CCR3'[0, 6, 13]
1194: H[7]
1195: CR2'[7, 8]
1196: H[8]
1197: CR3'[7, 9]
1198: CR2'[8, 9]
1199: H[9]
1200: CR4'[7, 10]
1201: CR3'[8, 10]
1202: CR2'[9, 10]
1203: H[10]
1204: CR5'[7, 11]
1205: CR4'[8, 11]
1206: CR3'[9, 11]
1207: CR2'[10, 11]
1208: H[11]
1209: CR6'[7, 12]
1210: CR5'[8, 12]
1211: CR4'[9, 12]
1212: CR3'[10, 12]
1213: CR2'[11, 12]
1214: H[12]
1215: CR7'[7, 13]
1216: CR6'[8, 13]
1217: CR5'[9, 13]
1218: CR4'[10, 13]
1219: CR3'[11, 13]
1220: CR2'[12, 13]
1221: H[13]
1222: X[13]
1223: CNOT[13, 14]
1224: X[13]
1225: H[13]
1226: CR2[12, 13]
1227: CR3[11, 13]
1228: CR4[10, 13]
1229: CR5[9, 13]
1230: CR6[8, 13]
1231: CR7[7, 13]
1232: H[12]
1233: CR2[11, 12]
1234: CR3[10, 12]
1235: CR4[9, 12]
1236: CR5[8, 12]
1237: CR6[7, 12]
1238: H[11]
1239: CR2[10, 11]
1240: CR3[9, 11]
1241: CR4[8, 11]
1242: CR5[7, 11]
1243: H[10]
1244: CR2[9, 10]
1245: CR3[8, 10]
1246: CR4[7, 10]
1247: H[9]
1248: CR2[8, 9]
1249: CR3[7, 9]
1250: H[8]
1251: CR2[7, 8]
1252: H[7]
1253: CCR3[0, 6, 13]
1254: CCR2[0, 6, 12]
1255: CCR1[0, 6, 11]
1256: CR1'[14, 7]
1257: CR2'[14, 8]
1258: CR1'[14, 8]
1259: CR3'[14, 9]
1260: CR2'[14, 9]
1261: CR1'[14, 9]
1262: CR4'[14, 10]
1263: CR3'[14, 10]
1264: CR2'[14, 10]
1265: CR1'[14, 10]
1266: CR5'[14, 11]
1267: CR4'[14, 11]
1268: CR3'[14, 11]
1269: CR2'[14, 11]
1270: CR1'[14, 11]
1271: CR6'[14, 12]
1272: CR5'[14, 12]
1273: CR4'[14, 12]
1274: CR3'[14, 12]
1275: CR2'[14, 12]
1276: CR1'[14, 12]
1277: CR7'[14, 13]
1278: CR6'[14, 13]
1279: CR5'[14, 13]
1280: CR4'[14, 13]
1281: CR3'[14, 13]
1282: CR2'[14, 13]
1283: H[7]
1284: CR2'[7, 8]
1285: H[8]
1286: CR3'[7, 9]
1287: CR2'[8, 9]
1288: H[9]
1289: CR4'[7, 10]
1290: CR3'[8, 10]
1291: CR2'[9, 10]
1292: H[10]
1293: CR5'[7, 11]
1294: CR4'[8, 11]
1295: CR3'[9, 11]
1296: CR2'[10, 11]
1297: H[11]
1298: CR6'[7, 12]
1299: CR5'[8, 12]
1300: CR4'[9, 12]
1301: CR3'[10, 12]
1302: CR2'[11, 12]
1303: H[12]
1304: CR7'[7, 13]
1305: CR6'[8, 13]
1306: CR5'[9, 13]
1307: CR4'[10, 13]
1308: CR3'[11, 13]
1309: CR2'[12, 13]
1310: H[13]
1311: CNOT[13, 14]
1312: H[13]
1313: CR2[12, 13]
1314: CR3[11, 13]
1315: CR4[10, 13]
1316: CR5[9, 13]
1317: CR6[8, 13]
1318: CR7[7, 13]
1319: H[12]
1320: CR2[11, 12]
1321: CR3[10, 12]
1322: CR4[9, 12]
1323: CR5[8, 12]
1324: CR6[7, 12]
1325: H[11]
1326: CR2[10, 11]
1327: CR3[9, 11]
1328: CR4[8, 11]
1329: CR5[7, 11]
1330: H[10]
1331: CR2[9, 10]
1332: CR3[8, 10]
1333: CR4[7, 10]
1334: H[9]
1335: CR2[8, 9]
1336: CR3[7, 9]
1337: H[8]
1338: CR2[7, 8]
1339: H[7]
1340: R2[13]
1341: R3[13]
1342: R4[13]
1343: R5[13]
1344: R6[13]
1345: R7[13]
1346: R1[12]
1347: R2[12]
1348: R3[12]
1349: R4[12]
1350: R5[12]
1351: R6[12]
1352: R1[11]
1353: R2[11]
1354: R3[11]
1355: R4[11]
1356: R5[11]
1357: R1[10]
1358: R2[10]
1359: R3[10]
1360: R4[10]
1361: R1[9]
1362: R2[9]
1363: R3[9]
1364: R1[8]
1365: R2[8]
1366: R1[7]
1367: CCR1'[0, 6, 11]
1368: CCR2'[0, 6, 12]
1369: CCR3'[0, 6, 13]
1370: CCR1'[0, 5, 10]
1371: CCR2'[0, 5, 11]
1372: CCR3'[0, 5, 12]
1373: CCR4'[0, 5, 13]
1374: H[7]
1375: CR2'[7, 8]
1376: H[8]
1377: CR3'[7, 9]
1378: CR2'[8, 9]
1379: H[9]
1380: CR4'[7, 10]
1381: CR3'[8, 10]
1382: CR2'[9, 10]
1383: H[10]
1384: CR5'[7, 11]
1385: CR4'[8, 11]
1386: CR3'[9, 11]
1387: CR2'[10, 11]
1388: H[11]
1389: CR6'[7, 12]
1390: CR5'[8, 12]
1391: CR4'[9, 12]
1392: CR3'[10, 12]
1393: CR2'[11, 12]
1394: H[12]
1395: CR7'[7, 13]
1396: CR6'[8, 13]
1397: CR5'[9, 13]
1398: CR4'[10, 13]
1399: CR3'[11, 13]
1400: CR2'[12, 13]
1401: H[13]
1402: X[13]
1403: CNOT[13, 14]
1404: X[13]
1405: H[13]
1406: CR2[12, 13]
1407: CR3[11, 13]
1408: CR4[10, 13]
1409: CR5[9, 13]
1410: CR6[8, 13]
1411: CR7[7, 13]
1412: H[12]
1413: CR2[11, 12]
1414: CR3[10, 12]
1415: CR4[9, 12]
1416: CR5[8, 12]
1417: CR6[7, 12]
1418: H[11]
1419: CR2[10, 11]
1420: CR3[9, 11]
1421: CR4[8, 11]
1422: CR5[7, 11]
1423: H[10]
1424: CR2[9, 10]
1425: CR3[8, 10]
1426: CR4[7, 10]
1427: H[9]
1428: CR2[8, 9]
1429: CR3[7, 9]
1430: H[8]
1431: CR2[7, 8]
1432: H[7]
1433: CCR4[0, 5, 13]
1434: CCR3[0, 5, 12]
1435: CCR2[0, 5, 11]
1436: CCR1[0, 5, 10]
1437: CR1'[14, 7]
1438: CR2'[14, 8]
1439: CR1'[14, 8]
1440: CR3'[14, 9]
1441: CR2'[14, 9]
1442: CR1'[14, 9]
1443: CR4'[14, 10]
1444: CR3'[14, 10]
1445: CR2'[14, 10]
1446: CR1'[14, 10]
1447: CR5'[14, 11]
1448: CR4'[14, 11]
1449: CR3'[14, 11]
1450: CR2'[14, 11]
1451: CR1'[14, 11]
1452: CR6'[14, 12]
1453: CR5'[14, 12]
1454: CR4'[14, 12]
1455: CR3'[14, 12]
1456: CR2'[14, 12]
1457: CR1'[14, 12]
1458: CR7'[14, 13]
1459: CR6'[14, 13]
1460: CR5'[14, 13]
1461: CR4'[14, 13]
1462: CR3'[14, 13]
1463: CR2'[14, 13]
1464: H[7]
1465: CR2'[7, 8]
1466: H[8]
1467: CR3'[7, 9]
1468: CR2'[8, 9]
1469: H[9]
1470: CR4'[7, 10]
1471: CR3'[8, 10]
1472: CR2'[9, 10]
1473: H[10]
1474: CR5'[7, 11]
1475: CR4'[8, 11]
1476: CR3'[9, 11]
1477: CR2'[10, 11]
1478: H[11]
1479: CR6'[7, 12]
1480: CR5'[8, 12]
1481: CR4'[9, 12]
1482: CR3'[10, 12]
1483: CR2'[11, 12]
1484: H[12]
1485: CR7'[7, 13]
1486: CR6'[8, 13]
1487: CR5'[9, 13]
1488: CR4'[10, 13]
1489: CR3'[11, 13]
1490: CR2'[12, 13]
1491: H[13]
1492: CNOT[13, 14]
1493: H[13]
1494: CR2[12, 13]
1495: CR3[11, 13]
1496: CR4[10, 13]
1497: CR5[9, 13]
1498: CR6[8, 13]
1499: CR7[7, 13]
1500: H[12]
1501: CR2[11, 12]
1502: CR3[10, 12]
1503: CR4[9, 12]
1504: CR5[8, 12]
1505: CR6[7, 12]
1506: H[11]
1507: CR2[10, 11]
1508: CR3[9, 11]
1509: CR4[8, 11]
1510: CR5[7, 11]
1511: H[10]
1512: CR2[9, 10]
1513: CR3[8, 10]
1514: CR4[7, 10]
1515: H[9]
1516: CR2[8, 9]
1517: CR3[7, 9]
1518: H[8]
1519: CR2[7, 8]
1520: H[7]
1521: R2[13]
1522: R3[13]
1523: R4[13]
1524: R5[13]
1525: R6[13]
1526: R7[13]
1527: R1[12]
1528: R2[12]
1529: R3[12]
1530: R4[12]
1531: R5[12]
1532: R6[12]
1533: R1[11]
1534: R2[11]
1535: R3[11]
1536: R4[11]
1537: R5[11]
1538: R1[10]
1539: R2[10]
1540: R3[10]
1541: R4[10]
1542: R1[9]
1543: R2[9]
1544: R3[9]
1545: R1[8]
1546: R2[8]
1547: R1[7]
1548: CCR1'[0, 5, 10]
1549: CCR2'[0, 5, 11]
1550: CCR3'[0, 5, 12]
1551: CCR4'[0, 5, 13]
1552: CCR1'[0, 4, 9]
1553: CCR2'[0, 4, 10]
1554: CCR3'[0, 4, 11]
1555: CCR4'[0, 4, 12]
1556: CCR5'[0, 4, 13]
1557: H[7]
1558: CR2'[7, 8]
1559: H[8]
1560: CR3'[7, 9]
1561: CR2'[8, 9]
1562: H[9]
1563: CR4'[7, 10]
1564: CR3'[8, 10]
1565: CR2'[9, 10]
1566: H[10]
1567: CR5'[7, 11]
1568: CR4'[8, 11]
1569: CR3'[9, 11]
1570: CR2'[10, 11]
1571: H[11]
1572: CR6'[7, 12]
1573: CR5'[8, 12]
1574: CR4'[9, 12]
1575: CR3'[10, 12]
1576: CR2'[11, 12]
1577: H[12]
1578: CR7'[7, 13]
1579: CR6'[8, 13]
1580: CR5'[9, 13]
1581: CR4'[10, 13]
1582: CR3'[11, 13]
1583: CR2'[12, 13]
1584: H[13]
1585: X[13]
1586: CNOT[13, 14]
1587: X[13]
1588: H[13]
1589: CR2[12, 13]
1590: CR3[11, 13]
1591: CR4[10, 13]
1592: CR5[9, 13]
1593: CR6[8, 13]
1594: CR7[7, 13]
1595: H[12]
1596: CR2[11, 12]
1597: CR3[10, 12]
1598: CR4[9, 12]
1599: CR5[8, 12]
1600: CR6[7, 12]
1601: H[11]
1602: CR2[10, 11]
1603: CR3[9, 11]
1604: CR4[8, 11]
1605: CR5[7, 11]
1606: H[10]
1607: CR2[9, 10]
1608: CR3[8, 10]
1609: CR4[7, 10]
1610: H[9]
1611: CR2[8, 9]
1612: CR3[7, 9]
1613: H[8]
1614: CR2[7, 8]
1615: H[7]
1616: CCR5[0, 4, 13]
1617: CCR4[0, 4, 12]
1618: CCR3[0, 4, 11]
1619: CCR2[0, 4, 10]
1620: CCR1[0, 4, 9]
1621: CR1'[14, 7]
1622: CR2'[14, 8]
1623: CR1'[14, 8]
1624: CR3'[14, 9]
1625: CR2'[14, 9]
1626: CR1'[14, 9]
1627: CR4'[14, 10]
1628: CR3'[14, 10]
1629: CR2'[14, 10]
1630: CR1'[14, 10]
1631: CR5'[14, 11]
1632: CR4'[14, 11]
1633: CR3'[14, 11]
1634: CR2'[14, 11]
1635: CR1'[14, 11]
1636: CR6'[14, 12]
1637: CR5'[14, 12]
1638: CR4'[14, 12]
1639: CR3'[14, 12]
1640: CR2'[14, 12]
1641: CR1'[14, 12]
1642: CR7'[14, 13]
1643: CR6'[14, 13]
1644: CR5'[14, 13]
1645: CR4'[14, 13]
1646: CR3'[14, 13]
1647: CR2'[14, 13]
1648: H[7]
1649: CR2'[7, 8]
1650: H[8]
1651: CR3'[7, 9]
1652: CR2'[8, 9]
1653: H[9]
1654: CR4'[7, 10]
1655: CR3'[8, 10]
1656: CR2'[9, 10]
1657: H[10]
1658: CR5'[7, 11]
1659: CR4'[8, 11]
1660: CR3'[9, 11]
1661: CR2'[10, 11]
1662: H[11]
1663: CR6'[7, 12]
1664: CR5'[8, 12]
1665: CR4'[9, 12]
1666: CR3'[10, 12]
1667: CR2'[11, 12]
1668: H[12]
1669: CR7'[7, 13]
1670: CR6'[8, 13]
1671: CR5'[9, 13]
1672: CR4'[10, 13]
1673: CR3'[11, 13]
1674: CR2'[12, 13]
1675: H[13]
1676: CNOT[13, 14]
1677: H[13]
1678: CR2[12, 13]
1679: CR3[11, 13]
1680: CR4[10, 13]
1681: CR5[9, 13]
1682: CR6[8, 13]
1683: CR7[7, 13]
1684: H[12]
1685: CR2[11, 12]
1686: CR3[10, 12]
1687: CR4[9, 12]
1688: CR5[8, 12]
1689: CR6[7, 12]
1690: H[11]
1691: CR2[10, 11]
1692: CR3[9, 11]
1693: CR4[8, 11]
1694: CR5[7, 11]
1695: H[10]
1696: CR2[9, 10]
1697: CR3[8, 10]
1698: CR4[7, 10]
1699: H[9]
1700: CR2[8, 9]
1701: CR3[7, 9]
1702: H[8]
1703: CR2[7, 8]
1704: H[7]
1705: R2[13]
1706: R3[13]
1707: R4[13]
1708: R5[13]
1709: R6[13]
1710: R7[13]
1711: R1[12]
1712: R2[12]
1713: R3[12]
1714: R4[12]
1715: R5[12]
1716: R6[12]
1717: R1[11]
1718: R2[11]
1719: R3[11]
1720: R4[11]
1721: R5[11]
1722: R1[10]
1723: R2[10]
1724: R3[10]
1725: R4[10]
1726: R1[9]
1727: R2[9]
1728: R3[9]
1729: R1[8]
1730: R2[8]
1731: R1[7]
1732: CCR1'[0, 4, 9]
1733: CCR2'[0, 4, 10]
1734: CCR3'[0, 4, 11]
1735: CCR4'[0, 4, 12]
1736: CCR5'[0, 4, 13]
1737: CCR1'[0, 3, 8]
1738: CCR2'[0, 3, 9]
1739: CCR3'[0, 3, 10]
1740: CCR4'[0, 3, 11]
1741: CCR5'[0, 3, 12]
1742: CCR6'[0, 3, 13]
1743: H[7]
1744: CR2'[7, 8]
1745: H[8]
1746: CR3'[7, 9]
1747: CR2'[8, 9]
1748: H[9]
1749: CR4'[7, 10]
1750: CR3'[8, 10]
1751: CR2'[9, 10]
1752: H[10]
1753: CR5'[7, 11]
1754: CR4'[8, 11]
1755: CR3'[9, 11]
1756: CR2'[10, 11]
1757: H[11]
1758: CR6'[7, 12]
1759: CR5'[8, 12]
1760: CR4'[9, 12]
1761: CR3'[10, 12]
1762: CR2'[11, 12]
1763: H[12]
1764: CR7'[7, 13]
1765: CR6'[8, 13]
1766: CR5'[9, 13]
1767: CR4'[10, 13]
1768: CR3'[11, 13]
1769: CR2'[12, 13]
1770: H[13]
1771: X[13]
1772: CNOT[13, 14]
1773: X[13]
1774: H[13]
1775: CR2[12, 13]
1776: CR3[11, 13]
1777: CR4[10, 13]
1778: CR5[9, 13]
1779: CR6[8, 13]
1780: CR7[7, 13]
1781: H[12]
1782: CR2[11, 12]
1783: CR3[10, 12]
1784: CR4[9, 12]
1785: CR5[8, 12]
1786: CR6[7, 12]
1787: H[11]
1788: CR2[10, 11]
1789: CR3[9, 11]
1790: CR4[8, 11]
1791: CR5[7, 11]
1792: H[10]
1793: CR2[9, 10]
1794: CR3[8, 10]
1795: CR4[7, 10]
1796: H[9]
1797: CR2[8, 9]
1798: CR3[7, 9]
1799: H[8]
1800: CR2[7, 8]
1801: H[7]
1802: CCR6[0, 3, 13]
1803: CCR5[0, 3, 12]
1804: CCR4[0, 3, 11]
1805: CCR3[0, 3, 10]
1806: CCR2[0, 3, 9]
1807: CCR1[0, 3, 8]
1808: CR1'[14, 7]
1809: CR2'[14, 8]
1810: CR1'[14, 8]
1811: CR3'[14, 9]
1812: CR2'[14, 9]
1813: CR1'[14, 9]
1814: CR4'[14, 10]
1815: CR3'[14, 10]
1816: CR2'[14, 10]
1817: CR1'[14, 10]
1818: CR5'[14, 11]
1819: CR4'[14, 11]
1820: CR3'[14, 11]
1821: CR2'[14, 11]
1822: CR1'[14, 11]
1823: CR6'[14, 12]
1824: CR5'[14, 12]
1825: CR4'[14, 12]
1826: CR3'[14, 12]
1827: CR2'[14, 12]
1828: CR1'[14, 12]
1829: CR7'[14, 13]
1830: CR6'[14, 13]
1831: CR5'[14, 13]
1832: CR4'[14, 13]
1833: CR3'[14, 13]
1834: CR2'[14, 13]
1835: H[7]
1836: CR2'[7, 8]
1837: H[8]
1838: CR3'[7, 9]
1839: CR2'[8, 9]
1840: H[9]
1841: CR4'[7, 10]
1842: CR3'[8, 10]
1843: CR2'[9, 10]
1844: H[10]
1845: CR5'[7, 11]
1846: CR4'[8, 11]
1847: CR3'[9, 11]
1848: CR2'[10, 11]
1849: H[11]
1850: CR6'[7, 12]
1851: CR5'[8, 12]
1852: CR4'[9, 12]
1853: CR3'[10, 12]
1854: CR2'[11, 12]
1855: H[12]
1856: CR7'[7, 13]
1857: CR6'[8, 13]
1858: CR5'[9, 13]
1859: CR4'[10, 13]
1860: CR3'[11, 13]
1861: CR2'[12, 13]
1862: H[13]
1863: CNOT[13, 14]
1864: H[13]
1865: CR2[12, 13]
1866: CR3[11, 13]
1867: CR4[10, 13]
1868: CR5[9, 13]
1869: CR6[8, 13]
1870: CR7[7, 13]
1871: H[12]
1872: CR2[11, 12]
1873: CR3[10, 12]
1874: CR4[9, 12]
1875: CR5[8, 12]
1876: CR6[7, 12]
1877: H[11]
1878: CR2[10, 11]
1879: CR3[9, 11]
1880: CR4[8, 11]
1881: CR5[7, 11]
1882: H[10]
1883: CR2[9, 10]
1884: CR3[8, 10]
1885: CR4[7, 10]
1886: H[9]
1887: CR2[8, 9]
1888: CR3[7, 9]
1889: H[8]
1890: CR2[7, 8]
1891: H[7]
1892: R2[13]
1893: R3[13]
1894: R4[13]
1895: R5[13]
1896: R6[13]
1897: R7[13]
1898: R1[12]
1899: R2[12]
1900: R3[12]
1901: R4[12]
1902: R5[12]
1903: R6[12]
1904: R1[11]
1905: R2[11]
1906: R3[11]
1907: R4[11]
1908: R5[11]
1909: R1[10]
1910: R2[10]
1911: R3[10]
1912: R4[10]
1913: R1[9]
1914: R2[9]
1915: R3[9]
1916: R1[8]
1917: R2[8]
1918: R1[7]
1919: CCR1'[0, 3, 8]
1920: CCR2'[0, 3, 9]
1921: CCR3'[0, 3, 10]
1922: CCR4'[0, 3, 11]
1923: CCR5'[0, 3, 12]
1924: CCR6'[0, 3, 13]
1925: CCR1'[0, 2, 7]
1926: CCR2'[0, 2, 8]
1927: CCR3'[0, 2, 9]
1928: CCR4'[0, 2, 10]
1929: CCR5'[0, 2, 11]
1930: CCR6'[0, 2, 12]
1931: CCR7'[0, 2, 13]
1932: H[7]
1933: CR2'[7, 8]
1934: H[8]
1935: CR3'[7, 9]
1936: CR2'[8, 9]
1937: H[9]
1938: CR4'[7, 10]
1939: CR3'[8, 10]
1940: CR2'[9, 10]
1941: H[10]
1942: CR5'[7, 11]
1943: CR4'[8, 11]
1944: CR3'[9, 11]
1945: CR2'[10, 11]
1946: H[11]
1947: CR6'[7, 12]
1948: CR5'[8, 12]
1949: CR4'[9, 12]
1950: CR3'[10, 12]
1951: CR2'[11, 12]
1952: H[12]
1953: CR7'[7, 13]
1954: CR6'[8, 13]
1955: CR5'[9, 13]
1956: CR4'[10, 13]
1957: CR3'[11, 13]
1958: CR2'[12, 13]
1959: H[13]
1960: X[13]
1961: CNOT[13, 14]
1962: X[13]
1963: H[13]
1964: CR2[12, 13]
1965: CR3[11, 13]
1966: CR4[10, 13]
1967: CR5[9, 13]
1968: CR6[8, 13]
1969: CR7[7, 13]
1970: H[12]
1971: CR2[11, 12]
1972: CR3[10, 12]
1973: CR4[9, 12]
1974: CR5[8, 12]
1975: CR6[7, 12]
1976: H[11]
1977: CR2[10, 11]
1978: CR3[9, 11]
1979: CR4[8, 11]
1980: CR5[7, 11]
1981: H[10]
1982: CR2[9, 10]
1983: CR3[8, 10]
1984: CR4[7, 10]
1985: H[9]
1986: CR2[8, 9]
1987: CR3[7, 9]
1988: H[8]
1989: CR2[7, 8]
1990: H[7]
1991: CCR7[0, 2, 13]
1992: CCR6[0, 2, 12]
1993: CCR5[0, 2, 11]
1994: CCR4[0, 2, 10]
1995: CCR3[0, 2, 9]
1996: CCR2[0, 2, 8]
1997: CCR1[0, 2, 7]
1998: CR1'[14, 7]
1999: CR2'[14, 8]
2000: CR1'[14, 8]
2001: CR3'[14, 9]
2002: CR2'[14, 9]
2003: CR1'[14, 9]
2004: CR4'[14, 10]
2005: CR3'[14, 10]
2006: CR2'[14, 10]
2007: CR1'[14, 10]
2008: CR5'[14, 11]
2009: CR4'[14, 11]
2010: CR3'[14, 11]
2011: CR2'[14, 11]
2012: CR1'[14, 11]
2013: CR6'[14, 12]
2014: CR5'[14, 12]
2015: CR4'[14, 12]
2016: CR3'[14, 12]
2017: CR2'[14, 12]
2018: CR1'[14, 12]
2019: CR7'[14, 13]
2020: CR6'[14, 13]
2021: CR5'[14, 13]
2022: CR4'[14, 13]
2023: CR3'[14, 13]
2024: CR2'[14, 13]
2025: H[7]
2026: CR2'[7, 8]
2027: H[8]
2028: CR3'[7, 9]
2029: CR2'[8, 9]
2030: H[9]
2031: CR4'[7, 10]
2032: CR3'[8, 10]
2033: CR2'[9, 10]
2034: H[10]
2035: CR5'[7, 11]
2036: CR4'[8, 11]
2037: CR3'[9, 11]
2038: CR2'[10, 11]
2039: H[11]
2040: CR6'[7, 12]
2041: CR5'[8, 12]
2042: CR4'[9, 12]
2043: CR3'[10, 12]
2044: CR2'[11, 12]
2045: H[12]
2046: CR7'[7, 13]
2047: CR6'[8, 13]
2048: CR5'[9, 13]
2049: CR4'[10, 13]
2050: CR3'[11, 13]
2051: CR2'[12, 13]
2052: H[13]
2053: CNOT[13, 14]
2054: H[13]
2055: CR2[12, 13]
2056: CR3[11, 13]
2057: CR4[10, 13]
2058: CR5[9, 13]
2059: CR6[8, 13]
2060: CR7[7, 13]
2061: H[12]
2062: CR2[11, 12]
2063: CR3[10, 12]
2064: CR4[9, 12]
2065: CR5[8, 12]
2066: CR6[7, 12]
2067: H[11]
2068: CR2[10, 11]
2069: CR3[9, 11]
2070: CR4[8, 11]
2071: CR5[7, 11]
2072: H[10]
2073: CR2[9, 10]
2074: CR3[8, 10]
2075: CR4[7, 10]
2076: H[9]
2077: CR2[8, 9]
2078: CR3[7, 9]
2079: H[8]
2080: CR2[7, 8]
2081: H[7]
2082: R2[13]
2083: R3[13]
2084: R4[13]
2085: R5[13]
2086: R6[13]
2087: R7[13]
2088: R1[12]
2089: R2[12]
2090: R3[12]
2091: R4[12]
2092: R5[12]
2093: R6[12]
2094: R1[11]
2095: R2[11]
2096: R3[11]
2097: R4[11]
2098: R5[11]
2099: R1[10]
2100: R2[10]
2101: R3[10]
2102: R4[10]
2103: R1[9]
2104: R2[9]
2105: R3[9]
2106: R1[8]
2107: R2[8]
2108: R1[7]
2109: CCR1'[0, 2, 7]
2110: CCR2'[0, 2, 8]
2111: CCR3'[0, 2, 9]
2112: CCR4'[0, 2, 10]
2113: CCR5'[0, 2, 11]
2114: CCR6'[0, 2, 12]
2115: CCR7'[0, 2, 13]
2116: CCR1'[0, 1, 12]
2117: CCR2'[0, 1, 13]
2118: H[7]
2119: CR2'[7, 8]
2120: H[8]
2121: CR3'[7, 9]
2122: CR2'[8, 9]
2123: H[9]
2124: CR4'[7, 10]
2125: CR3'[8, 10]
2126: CR2'[9, 10]
2127: H[10]
2128: CR5'[7, 11]
2129: CR4'[8, 11]
2130: CR3'[9, 11]
2131: CR2'[10, 11]
2132: H[11]
2133: CR6'[7, 12]
2134: CR5'[8, 12]
2135: CR4'[9, 12]
2136: CR3'[10, 12]
2137: CR2'[11, 12]
2138: H[12]
2139: CR7'[7, 13]
2140: CR6'[8, 13]
2141: CR5'[9, 13]
2142: CR4'[10, 13]
2143: CR3'[11, 13]
2144: CR2'[12, 13]
2145: H[13]
2146: X[13]
2147: CNOT[13, 14]
2148: X[13]
2149: H[13]
2150: CR2[12, 13]
2151: CR3[11, 13]
2152: CR4[10, 13]
2153: CR5[9, 13]
2154: CR6[8, 13]
2155: CR7[7, 13]
2156: H[12]
2157: CR2[11, 12]
2158: CR3[10, 12]
2159: CR4[9, 12]
2160: CR5[8, 12]
2161: CR6[7, 12]
2162: H[11]
2163: CR2[10, 11]
2164: CR3[9, 11]
2165: CR4[8, 11]
2166: CR5[7, 11]
2167: H[10]
2168: CR2[9, 10]
2169: CR3[8, 10]
2170: CR4[7, 10]
2171: H[9]
2172: CR2[8, 9]
2173: CR3[7, 9]
2174: H[8]
2175: CR2[7, 8]
2176: H[7]
2177: CCR2[0, 1, 13]
2178: CCR1[0, 1, 12]
2179: CR1'[14, 7]
2180: CR2'[14, 8]
2181: CR1'[14, 8]
2182: CR3'[14, 9]
2183: CR2'[14, 9]
2184: CR1'[14, 9]
2185: CR4'[14, 10]
2186: CR3'[14, 10]
2187: CR2'[14, 10]
2188: CR1'[14, 10]
2189: CR5'[14, 11]
2190: CR4'[14, 11]
2191: CR3'[14, 11]
2192: CR2'[14, 11]
2193: CR1'[14, 11]
2194: CR6'[14, 12]
2195: CR5'[14, 12]
2196: CR4'[14, 12]
2197: CR3'[14, 12]
2198: CR2'[14, 12]
2199: CR1'[14, 12]
2200: CR7'[14, 13]
2201: CR6'[14, 13]
2202: CR5'[14, 13]
2203: CR4'[14, 13]
2204: CR3'[14, 13]
2205: CR2'[14, 13]
2206: H[7]
2207: CR2'[7, 8]
2208: H[8]
2209: CR3'[7, 9]
2210: CR2'[8, 9]
2211: H[9]
2212: CR4'[7, 10]
2213: CR3'[8, 10]
2214: CR2'[9, 10]
2215: H[10]
2216: CR5'[7, 11]
2217: CR4'[8, 11]
2218: CR3'[9, 11]
2219: CR2'[10, 11]
2220: H[11]
2221: CR6'[7, 12]
2222: CR5'[8, 12]
2223: CR4'[9, 12]
2224: CR3'[10, 12]
2225: CR2'[11, 12]
2226: H[12]
2227: CR7'[7, 13]
2228: CR6'[8, 13]
2229: CR5'[9, 13]
2230: CR4'[10, 13]
2231: CR3'[11, 13]
2232: CR2'[12, 13]
2233: H[13]
2234: CNOT[13, 14]
2235: H[13]
2236: CR2[12, 13]
2237: CR3[11, 13]
2238: CR4[10, 13]
2239: CR5[9, 13]
2240: CR6[8, 13]
2241: CR7[7, 13]
2242: H[12]
2243: CR2[11, 12]
2244: CR3[10, 12]
2245: CR4[9, 12]
2246: CR5[8, 12]
2247: CR6[7, 12]
2248: H[11]
2249: CR2[10, 11]
2250: CR3[9, 11]
2251: CR4[8, 11]
2252: CR5[7, 11]
2253: H[10]
2254: CR2[9, 10]
2255: CR3[8, 10]
2256: CR4[7, 10]
2257: H[9]
2258: CR2[8, 9]
2259: CR3[7, 9]
2260: H[8]
2261: CR2[7, 8]
2262: H[7]
2263: R2[13]
2264: R3[13]
2265: R4[13]
2266: R5[13]
2267: R6[13]
2268: R7[13]
2269: R1[12]
2270: R2[12]
2271: R3[12]
2272: R4[12]
2273: R5[12]
2274: R6[12]
2275: R1[11]
2276: R2[11]
2277: R3[11]
2278: R4[11]
2279: R5[11]
2280: R1[10]
2281: R2[10]
2282: R3[10]
2283: R4[10]
2284: R1[9]
2285: R2[9]
2286: R3[9]
2287: R1[8]
2288: R2[8]
2289: R1[7]
2290: CCR1'[0, 1, 12]
2291: CCR2'[0, 1, 13]
2292: H[7]
2293: CR2'[7, 8]
2294: H[8]
2295: CR3'[7, 9]
2296: CR2'[8, 9]
2297: H[9]
2298: CR4'[7, 10]
2299: CR3'[8, 10]
2300: CR2'[9, 10]
2301: H[10]
2302: CR5'[7, 11]
2303: CR4'[8, 11]
2304: CR3'[9, 11]
2305: CR2'[10, 11]
2306: H[11]
2307: CR6'[7, 12]
2308: CR5'[8, 12]
2309: CR4'[9, 12]
2310: CR3'[10, 12]
2311: CR2'[11, 12]
2312: H[12]
2313: CR7'[7, 13]
2314: CR6'[8, 13]
2315: CR5'[9, 13]
2316: CR4'[10, 13]
2317: CR3'[11, 13]
2318: CR2'[12, 13]
2319: H[13]
=== Clusters: 231 ./shorS0_6_6.log
==== cluster[ 0]: depth= 5 width=5
 0: H[13]
 1: CR2[12, 13]
 2: CR3[11, 13]
 3: CR4[10, 13]
 4: CR5[9, 13]
==== cluster[ 1]: depth= 5 width=6
 5: CR6[8, 13]
 6: CR7[7, 13]
 7: H[12]
 8: CR2[11, 12]
 9: CR3[10, 12]
==== cluster[ 2]: depth=18 width=6
10: CR4[9, 12]
11: CR5[8, 12]
12: CR6[7, 12]
13: H[11]
14: CR2[10, 11]
15: CR3[9, 11]
16: CR4[8, 11]
17: CR5[7, 11]
18: H[10]
19: CR2[9, 10]
20: CR3[8, 10]
21: CR4[7, 10]
22: H[9]
23: CR2[8, 9]
24: CR3[7, 9]
25: H[8]
26: CR2[7, 8]
27: H[7]
==== cluster[ 3]: depth= 4 width=6
28: CCR6[0, 1, 13]
29: CCR5[0, 1, 12]
30: CCR4[0, 1, 11]
31: CCR3[0, 1, 10]
==== cluster[ 4]: depth=12 width=6
32: CCR2[0, 1, 9]
33: CCR1[0, 1, 8]
34: R1'[7]
35: R2'[8]
36: R1'[8]
37: R3'[9]
38: R2'[9]
39: R1'[9]
40: R4'[10]
41: R3'[10]
42: R2'[10]
43: R1'[10]
==== cluster[ 5]: depth=11 width=2
44: R5'[11]
45: R4'[11]
46: R3'[11]
47: R2'[11]
48: R1'[11]
49: R6'[12]
50: R5'[12]
51: R4'[12]
52: R3'[12]
53: R2'[12]
54: R1'[12]
==== cluster[ 6]: depth=21 width=6
55: R7'[13]
56: R6'[13]
57: R5'[13]
58: R4'[13]
59: R3'[13]
60: R2'[13]
61: H[7]
62: CR2'[7, 8]
63: H[8]
64: CR3'[7, 9]
65: CR2'[8, 9]
66: H[9]
67: CR4'[7, 10]
68: CR3'[8, 10]
69: CR2'[9, 10]
70: H[10]
71: CR5'[7, 11]
72: CR4'[8, 11]
73: CR3'[9, 11]
74: CR2'[10, 11]
75: H[11]
==== cluster[ 7]: depth= 6 width=6
76: CR6'[7, 12]
77: CR5'[8, 12]
78: CR4'[9, 12]
79: CR3'[10, 12]
80: CR2'[11, 12]
81: H[12]
==== cluster[ 8]: depth= 4 width=5
82: CR7'[7, 13]
83: CR6'[8, 13]
84: CR5'[9, 13]
85: CR4'[10, 13]
==== cluster[ 9]: depth= 8 width=5
86: CR3'[11, 13]
87: CR2'[12, 13]
88: H[13]
89: CNOT[13, 14]
90: H[13]
91: CR2[12, 13]
92: CR3[11, 13]
93: CR4[10, 13]
==== cluster[10]: depth= 3 width=4
94: CR5[9, 13]
95: CR6[8, 13]
96: CR7[7, 13]
==== cluster[11]: depth=21 width=6
97: H[12]
98: CR2[11, 12]
99: CR3[10, 12]
100: CR4[9, 12]
101: CR5[8, 12]
102: CR6[7, 12]
103: H[11]
104: CR2[10, 11]
105: CR3[9, 11]
106: CR4[8, 11]
107: CR5[7, 11]
108: H[10]
109: CR2[9, 10]
110: CR3[8, 10]
111: CR4[7, 10]
112: H[9]
113: CR2[8, 9]
114: CR3[7, 9]
115: H[8]
116: CR2[7, 8]
117: H[7]
==== cluster[12]: depth=21 width=5
118: CR2[14, 13]
119: CR3[14, 13]
120: CR4[14, 13]
121: CR5[14, 13]
122: CR6[14, 13]
123: CR7[14, 13]
124: CR1[14, 12]
125: CR2[14, 12]
126: CR3[14, 12]
127: CR4[14, 12]
128: CR5[14, 12]
129: CR6[14, 12]
130: CR1[14, 11]
131: CR2[14, 11]
132: CR3[14, 11]
133: CR4[14, 11]
134: CR5[14, 11]
135: CR1[14, 10]
136: CR2[14, 10]
137: CR3[14, 10]
138: CR4[14, 10]
==== cluster[13]: depth= 8 width=6
139: CR1[14, 9]
140: CR2[14, 9]
141: CR3[14, 9]
142: CR1[14, 8]
143: CR2[14, 8]
144: CR1[14, 7]
145: CCR1'[0, 1, 8]
146: CCR2'[0, 1, 9]
==== cluster[14]: depth= 4 width=6
147: CCR3'[0, 1, 10]
148: CCR4'[0, 1, 11]
149: CCR5'[0, 1, 12]
150: CCR6'[0, 1, 13]
==== cluster[15]: depth=21 width=6
151: H[7]
152: CR2'[7, 8]
153: H[8]
154: CR3'[7, 9]
155: CR2'[8, 9]
156: H[9]
157: CR4'[7, 10]
158: CR3'[8, 10]
159: CR2'[9, 10]
160: H[10]
161: CR5'[7, 11]
162: CR4'[8, 11]
163: CR3'[9, 11]
164: CR2'[10, 11]
165: H[11]
166: CR6'[7, 12]
167: CR5'[8, 12]
168: CR4'[9, 12]
169: CR3'[10, 12]
170: CR2'[11, 12]
171: H[12]
==== cluster[16]: depth= 4 width=5
172: CR7'[7, 13]
173: CR6'[8, 13]
174: CR5'[9, 13]
175: CR4'[10, 13]
==== cluster[17]: depth=10 width=5
176: CR3'[11, 13]
177: CR2'[12, 13]
178: H[13]
179: X[13]
180: CNOT[13, 14]
181: X[13]
182: H[13]
183: CR2[12, 13]
184: CR3[11, 13]
185: CR4[10, 13]
==== cluster[18]: depth= 3 width=4
186: CR5[9, 13]
187: CR6[8, 13]
188: CR7[7, 13]
==== cluster[19]: depth=21 width=6
189: H[12]
190: CR2[11, 12]
191: CR3[10, 12]
192: CR4[9, 12]
193: CR5[8, 12]
194: CR6[7, 12]
195: H[11]
196: CR2[10, 11]
197: CR3[9, 11]
198: CR4[8, 11]
199: CR5[7, 11]
200: H[10]
201: CR2[9, 10]
202: CR3[8, 10]
203: CR4[7, 10]
204: H[9]
205: CR2[8, 9]
206: CR3[7, 9]
207: H[8]
208: CR2[7, 8]
209: H[7]
==== cluster[20]: depth= 4 width=6
210: CCR6[0, 1, 13]
211: CCR5[0, 1, 12]
212: CCR4[0, 1, 11]
213: CCR3[0, 1, 10]
==== cluster[21]: depth= 2 width=4
214: CCR2[0, 1, 9]
215: CCR1[0, 1, 8]
==== cluster[22]: depth= 2 width=4
216: CCR5[0, 2, 13]
217: CCR4[0, 2, 12]
==== cluster[23]: depth= 3 width=5
218: CCR3[0, 2, 11]
219: CCR2[0, 2, 10]
220: CCR1[0, 2, 9]
==== cluster[24]: depth=21 width=6
221: R1'[7]
222: R2'[8]
223: R1'[8]
224: R3'[9]
225: R2'[9]
226: R1'[9]
227: R4'[10]
228: R3'[10]
229: R2'[10]
230: R1'[10]
231: R5'[11]
232: R4'[11]
233: R3'[11]
234: R2'[11]
235: R1'[11]
236: R6'[12]
237: R5'[12]
238: R4'[12]
239: R3'[12]
240: R2'[12]
241: R1'[12]
==== cluster[25]: depth=21 width=6
242: R7'[13]
243: R6'[13]
244: R5'[13]
245: R4'[13]
246: R3'[13]
247: R2'[13]
248: H[7]
249: CR2'[7, 8]
250: H[8]
251: CR3'[7, 9]
252: CR2'[8, 9]
253: H[9]
254: CR4'[7, 10]
255: CR3'[8, 10]
256: CR2'[9, 10]
257: H[10]
258: CR5'[7, 11]
259: CR4'[8, 11]
260: CR3'[9, 11]
261: CR2'[10, 11]
262: H[11]
==== cluster[26]: depth= 6 width=6
263: CR6'[7, 12]
264: CR5'[8, 12]
265: CR4'[9, 12]
266: CR3'[10, 12]
267: CR2'[11, 12]
268: H[12]
==== cluster[27]: depth= 4 width=5
269: CR7'[7, 13]
270: CR6'[8, 13]
271: CR5'[9, 13]
272: CR4'[10, 13]
==== cluster[28]: depth= 8 width=5
273: CR3'[11, 13]
274: CR2'[12, 13]
275: H[13]
276: CNOT[13, 14]
277: H[13]
278: CR2[12, 13]
279: CR3[11, 13]
280: CR4[10, 13]
==== cluster[29]: depth= 3 width=4
281: CR5[9, 13]
282: CR6[8, 13]
283: CR7[7, 13]
==== cluster[30]: depth=21 width=6
284: H[12]
285: CR2[11, 12]
286: CR3[10, 12]
287: CR4[9, 12]
288: CR5[8, 12]
289: CR6[7, 12]
290: H[11]
291: CR2[10, 11]
292: CR3[9, 11]
293: CR4[8, 11]
294: CR5[7, 11]
295: H[10]
296: CR2[9, 10]
297: CR3[8, 10]
298: CR4[7, 10]
299: H[9]
300: CR2[8, 9]
301: CR3[7, 9]
302: H[8]
303: CR2[7, 8]
304: H[7]
==== cluster[31]: depth=21 width=5
305: CR2[14, 13]
306: CR3[14, 13]
307: CR4[14, 13]
308: CR5[14, 13]
309: CR6[14, 13]
310: CR7[14, 13]
311: CR1[14, 12]
312: CR2[14, 12]
313: CR3[14, 12]
314: CR4[14, 12]
315: CR5[14, 12]
316: CR6[14, 12]
317: CR1[14, 11]
318: CR2[14, 11]
319: CR3[14, 11]
320: CR4[14, 11]
321: CR5[14, 11]
322: CR1[14, 10]
323: CR2[14, 10]
324: CR3[14, 10]
325: CR4[14, 10]
==== cluster[32]: depth= 6 width=4
326: CR1[14, 9]
327: CR2[14, 9]
328: CR3[14, 9]
329: CR1[14, 8]
330: CR2[14, 8]
331: CR1[14, 7]
==== cluster[33]: depth= 2 width=4
332: CCR1'[0, 2, 9]
333: CCR2'[0, 2, 10]
==== cluster[34]: depth= 3 width=5
334: CCR3'[0, 2, 11]
335: CCR4'[0, 2, 12]
336: CCR5'[0, 2, 13]
==== cluster[35]: depth=21 width=6
337: H[7]
338: CR2'[7, 8]
339: H[8]
340: CR3'[7, 9]
341: CR2'[8, 9]
342: H[9]
343: CR4'[7, 10]
344: CR3'[8, 10]
345: CR2'[9, 10]
346: H[10]
347: CR5'[7, 11]
348: CR4'[8, 11]
349: CR3'[9, 11]
350: CR2'[10, 11]
351: H[11]
352: CR6'[7, 12]
353: CR5'[8, 12]
354: CR4'[9, 12]
355: CR3'[10, 12]
356: CR2'[11, 12]
357: H[12]
==== cluster[36]: depth= 4 width=5
358: CR7'[7, 13]
359: CR6'[8, 13]
360: CR5'[9, 13]
361: CR4'[10, 13]
==== cluster[37]: depth=10 width=5
362: CR3'[11, 13]
363: CR2'[12, 13]
364: H[13]
365: X[13]
366: CNOT[13, 14]
367: X[13]
368: H[13]
369: CR2[12, 13]
370: CR3[11, 13]
371: CR4[10, 13]
==== cluster[38]: depth= 3 width=4
372: CR5[9, 13]
373: CR6[8, 13]
374: CR7[7, 13]
==== cluster[39]: depth=21 width=6
375: H[12]
376: CR2[11, 12]
377: CR3[10, 12]
378: CR4[9, 12]
379: CR5[8, 12]
380: CR6[7, 12]
381: H[11]
382: CR2[10, 11]
383: CR3[9, 11]
384: CR4[8, 11]
385: CR5[7, 11]
386: H[10]
387: CR2[9, 10]
388: CR3[8, 10]
389: CR4[7, 10]
390: H[9]
391: CR2[8, 9]
392: CR3[7, 9]
393: H[8]
394: CR2[7, 8]
395: H[7]
==== cluster[40]: depth= 2 width=4
396: CCR5[0, 2, 13]
397: CCR4[0, 2, 12]
==== cluster[41]: depth= 3 width=5
398: CCR3[0, 2, 11]
399: CCR2[0, 2, 10]
400: CCR1[0, 2, 9]
==== cluster[42]: depth= 4 width=6
401: CCR4[0, 3, 13]
402: CCR3[0, 3, 12]
403: CCR2[0, 3, 11]
404: CCR1[0, 3, 10]
==== cluster[43]: depth=21 width=6
405: R1'[7]
406: R2'[8]
407: R1'[8]
408: R3'[9]
409: R2'[9]
410: R1'[9]
411: R4'[10]
412: R3'[10]
413: R2'[10]
414: R1'[10]
415: R5'[11]
416: R4'[11]
417: R3'[11]
418: R2'[11]
419: R1'[11]
420: R6'[12]
421: R5'[12]
422: R4'[12]
423: R3'[12]
424: R2'[12]
425: R1'[12]
==== cluster[44]: depth=21 width=6
426: R7'[13]
427: R6'[13]
428: R5'[13]
429: R4'[13]
430: R3'[13]
431: R2'[13]
432: H[7]
433: CR2'[7, 8]
434: H[8]
435: CR3'[7, 9]
436: CR2'[8, 9]
437: H[9]
438: CR4'[7, 10]
439: CR3'[8, 10]
440: CR2'[9, 10]
441: H[10]
442: CR5'[7, 11]
443: CR4'[8, 11]
444: CR3'[9, 11]
445: CR2'[10, 11]
446: H[11]
==== cluster[45]: depth= 6 width=6
447: CR6'[7, 12]
448: CR5'[8, 12]
449: CR4'[9, 12]
450: CR3'[10, 12]
451: CR2'[11, 12]
452: H[12]
==== cluster[46]: depth= 4 width=5
453: CR7'[7, 13]
454: CR6'[8, 13]
455: CR5'[9, 13]
456: CR4'[10, 13]
==== cluster[47]: depth= 8 width=5
457: CR3'[11, 13]
458: CR2'[12, 13]
459: H[13]
460: CNOT[13, 14]
461: H[13]
462: CR2[12, 13]
463: CR3[11, 13]
464: CR4[10, 13]
==== cluster[48]: depth= 3 width=4
465: CR5[9, 13]
466: CR6[8, 13]
467: CR7[7, 13]
==== cluster[49]: depth=21 width=6
468: H[12]
469: CR2[11, 12]
470: CR3[10, 12]
471: CR4[9, 12]
472: CR5[8, 12]
473: CR6[7, 12]
474: H[11]
475: CR2[10, 11]
476: CR3[9, 11]
477: CR4[8, 11]
478: CR5[7, 11]
479: H[10]
480: CR2[9, 10]
481: CR3[8, 10]
482: CR4[7, 10]
483: H[9]
484: CR2[8, 9]
485: CR3[7, 9]
486: H[8]
487: CR2[7, 8]
488: H[7]
==== cluster[50]: depth=21 width=5
489: CR2[14, 13]
490: CR3[14, 13]
491: CR4[14, 13]
492: CR5[14, 13]
493: CR6[14, 13]
494: CR7[14, 13]
495: CR1[14, 12]
496: CR2[14, 12]
497: CR3[14, 12]
498: CR4[14, 12]
499: CR5[14, 12]
500: CR6[14, 12]
501: CR1[14, 11]
502: CR2[14, 11]
503: CR3[14, 11]
504: CR4[14, 11]
505: CR5[14, 11]
506: CR1[14, 10]
507: CR2[14, 10]
508: CR3[14, 10]
509: CR4[14, 10]
==== cluster[51]: depth= 6 width=4
510: CR1[14, 9]
511: CR2[14, 9]
512: CR3[14, 9]
513: CR1[14, 8]
514: CR2[14, 8]
515: CR1[14, 7]
==== cluster[52]: depth= 4 width=6
516: CCR1'[0, 3, 10]
517: CCR2'[0, 3, 11]
518: CCR3'[0, 3, 12]
519: CCR4'[0, 3, 13]
==== cluster[53]: depth=21 width=6
520: H[7]
521: CR2'[7, 8]
522: H[8]
523: CR3'[7, 9]
524: CR2'[8, 9]
525: H[9]
526: CR4'[7, 10]
527: CR3'[8, 10]
528: CR2'[9, 10]
529: H[10]
530: CR5'[7, 11]
531: CR4'[8, 11]
532: CR3'[9, 11]
533: CR2'[10, 11]
534: H[11]
535: CR6'[7, 12]
536: CR5'[8, 12]
537: CR4'[9, 12]
538: CR3'[10, 12]
539: CR2'[11, 12]
540: H[12]
==== cluster[54]: depth= 4 width=5
541: CR7'[7, 13]
542: CR6'[8, 13]
543: CR5'[9, 13]
544: CR4'[10, 13]
==== cluster[55]: depth=10 width=5
545: CR3'[11, 13]
546: CR2'[12, 13]
547: H[13]
548: X[13]
549: CNOT[13, 14]
550: X[13]
551: H[13]
552: CR2[12, 13]
553: CR3[11, 13]
554: CR4[10, 13]
==== cluster[56]: depth= 3 width=4
555: CR5[9, 13]
556: CR6[8, 13]
557: CR7[7, 13]
==== cluster[57]: depth=21 width=6
558: H[12]
559: CR2[11, 12]
560: CR3[10, 12]
561: CR4[9, 12]
562: CR5[8, 12]
563: CR6[7, 12]
564: H[11]
565: CR2[10, 11]
566: CR3[9, 11]
567: CR4[8, 11]
568: CR5[7, 11]
569: H[10]
570: CR2[9, 10]
571: CR3[8, 10]
572: CR4[7, 10]
573: H[9]
574: CR2[8, 9]
575: CR3[7, 9]
576: H[8]
577: CR2[7, 8]
578: H[7]
==== cluster[58]: depth= 4 width=6
579: CCR4[0, 3, 13]
580: CCR3[0, 3, 12]
581: CCR2[0, 3, 11]
582: CCR1[0, 3, 10]
==== cluster[59]: depth= 3 width=5
583: CCR3[0, 4, 13]
584: CCR2[0, 4, 12]
585: CCR1[0, 4, 11]
==== cluster[60]: depth=21 width=6
586: R1'[7]
587: R2'[8]
588: R1'[8]
589: R3'[9]
590: R2'[9]
591: R1'[9]
592: R4'[10]
593: R3'[10]
594: R2'[10]
595: R1'[10]
596: R5'[11]
597: R4'[11]
598: R3'[11]
599: R2'[11]
600: R1'[11]
601: R6'[12]
602: R5'[12]
603: R4'[12]
604: R3'[12]
605: R2'[12]
606: R1'[12]
==== cluster[61]: depth=21 width=6
607: R7'[13]
608: R6'[13]
609: R5'[13]
610: R4'[13]
611: R3'[13]
612: R2'[13]
613: H[7]
614: CR2'[7, 8]
615: H[8]
616: CR3'[7, 9]
617: CR2'[8, 9]
618: H[9]
619: CR4'[7, 10]
620: CR3'[8, 10]
621: CR2'[9, 10]
622: H[10]
623: CR5'[7, 11]
624: CR4'[8, 11]
625: CR3'[9, 11]
626: CR2'[10, 11]
627: H[11]
==== cluster[62]: depth= 6 width=6
628: CR6'[7, 12]
629: CR5'[8, 12]
630: CR4'[9, 12]
631: CR3'[10, 12]
632: CR2'[11, 12]
633: H[12]
==== cluster[63]: depth= 4 width=5
634: CR7'[7, 13]
635: CR6'[8, 13]
636: CR5'[9, 13]
637: CR4'[10, 13]
==== cluster[64]: depth= 8 width=5
638: CR3'[11, 13]
639: CR2'[12, 13]
640: H[13]
641: CNOT[13, 14]
642: H[13]
643: CR2[12, 13]
644: CR3[11, 13]
645: CR4[10, 13]
==== cluster[65]: depth= 3 width=4
646: CR5[9, 13]
647: CR6[8, 13]
648: CR7[7, 13]
==== cluster[66]: depth=21 width=6
649: H[12]
650: CR2[11, 12]
651: CR3[10, 12]
652: CR4[9, 12]
653: CR5[8, 12]
654: CR6[7, 12]
655: H[11]
656: CR2[10, 11]
657: CR3[9, 11]
658: CR4[8, 11]
659: CR5[7, 11]
660: H[10]
661: CR2[9, 10]
662: CR3[8, 10]
663: CR4[7, 10]
664: H[9]
665: CR2[8, 9]
666: CR3[7, 9]
667: H[8]
668: CR2[7, 8]
669: H[7]
==== cluster[67]: depth=21 width=5
670: CR2[14, 13]
671: CR3[14, 13]
672: CR4[14, 13]
673: CR5[14, 13]
674: CR6[14, 13]
675: CR7[14, 13]
676: CR1[14, 12]
677: CR2[14, 12]
678: CR3[14, 12]
679: CR4[14, 12]
680: CR5[14, 12]
681: CR6[14, 12]
682: CR1[14, 11]
683: CR2[14, 11]
684: CR3[14, 11]
685: CR4[14, 11]
686: CR5[14, 11]
687: CR1[14, 10]
688: CR2[14, 10]
689: CR3[14, 10]
690: CR4[14, 10]
==== cluster[68]: depth= 6 width=4
691: CR1[14, 9]
692: CR2[14, 9]
693: CR3[14, 9]
694: CR1[14, 8]
695: CR2[14, 8]
696: CR1[14, 7]
==== cluster[69]: depth= 3 width=5
697: CCR1'[0, 4, 11]
698: CCR2'[0, 4, 12]
699: CCR3'[0, 4, 13]
==== cluster[70]: depth=21 width=6
700: H[7]
701: CR2'[7, 8]
702: H[8]
703: CR3'[7, 9]
704: CR2'[8, 9]
705: H[9]
706: CR4'[7, 10]
707: CR3'[8, 10]
708: CR2'[9, 10]
709: H[10]
710: CR5'[7, 11]
711: CR4'[8, 11]
712: CR3'[9, 11]
713: CR2'[10, 11]
714: H[11]
715: CR6'[7, 12]
716: CR5'[8, 12]
717: CR4'[9, 12]
718: CR3'[10, 12]
719: CR2'[11, 12]
720: H[12]
==== cluster[71]: depth= 4 width=5
721: CR7'[7, 13]
722: CR6'[8, 13]
723: CR5'[9, 13]
724: CR4'[10, 13]
==== cluster[72]: depth=10 width=5
725: CR3'[11, 13]
726: CR2'[12, 13]
727: H[13]
728: X[13]
729: CNOT[13, 14]
730: X[13]
731: H[13]
732: CR2[12, 13]
733: CR3[11, 13]
734: CR4[10, 13]
==== cluster[73]: depth= 3 width=4
735: CR5[9, 13]
736: CR6[8, 13]
737: CR7[7, 13]
==== cluster[74]: depth=21 width=6
738: H[12]
739: CR2[11, 12]
740: CR3[10, 12]
741: CR4[9, 12]
742: CR5[8, 12]
743: CR6[7, 12]
744: H[11]
745: CR2[10, 11]
746: CR3[9, 11]
747: CR4[8, 11]
748: CR5[7, 11]
749: H[10]
750: CR2[9, 10]
751: CR3[8, 10]
752: CR4[7, 10]
753: H[9]
754: CR2[8, 9]
755: CR3[7, 9]
756: H[8]
757: CR2[7, 8]
758: H[7]
==== cluster[75]: depth= 5 width=6
759: CCR3[0, 4, 13]
760: CCR2[0, 4, 12]
761: CCR1[0, 4, 11]
762: CCR2[0, 5, 13]
763: CCR1[0, 5, 12]
==== cluster[76]: depth=21 width=6
764: R1'[7]
765: R2'[8]
766: R1'[8]
767: R3'[9]
768: R2'[9]
769: R1'[9]
770: R4'[10]
771: R3'[10]
772: R2'[10]
773: R1'[10]
774: R5'[11]
775: R4'[11]
776: R3'[11]
777: R2'[11]
778: R1'[11]
779: R6'[12]
780: R5'[12]
781: R4'[12]
782: R3'[12]
783: R2'[12]
784: R1'[12]
==== cluster[77]: depth=21 width=6
785: R7'[13]
786: R6'[13]
787: R5'[13]
788: R4'[13]
789: R3'[13]
790: R2'[13]
791: H[7]
792: CR2'[7, 8]
793: H[8]
794: CR3'[7, 9]
795: CR2'[8, 9]
796: H[9]
797: CR4'[7, 10]
798: CR3'[8, 10]
799: CR2'[9, 10]
800: H[10]
801: CR5'[7, 11]
802: CR4'[8, 11]
803: CR3'[9, 11]
804: CR2'[10, 11]
805: H[11]
==== cluster[78]: depth= 6 width=6
806: CR6'[7, 12]
807: CR5'[8, 12]
808: CR4'[9, 12]
809: CR3'[10, 12]
810: CR2'[11, 12]
811: H[12]
==== cluster[79]: depth= 4 width=5
812: CR7'[7, 13]
813: CR6'[8, 13]
814: CR5'[9, 13]
815: CR4'[10, 13]
==== cluster[80]: depth= 8 width=5
816: CR3'[11, 13]
817: CR2'[12, 13]
818: H[13]
819: CNOT[13, 14]
820: H[13]
821: CR2[12, 13]
822: CR3[11, 13]
823: CR4[10, 13]
==== cluster[81]: depth= 3 width=4
824: CR5[9, 13]
825: CR6[8, 13]
826: CR7[7, 13]
==== cluster[82]: depth=21 width=6
827: H[12]
828: CR2[11, 12]
829: CR3[10, 12]
830: CR4[9, 12]
831: CR5[8, 12]
832: CR6[7, 12]
833: H[11]
834: CR2[10, 11]
835: CR3[9, 11]
836: CR4[8, 11]
837: CR5[7, 11]
838: H[10]
839: CR2[9, 10]
840: CR3[8, 10]
841: CR4[7, 10]
842: H[9]
843: CR2[8, 9]
844: CR3[7, 9]
845: H[8]
846: CR2[7, 8]
847: H[7]
==== cluster[83]: depth=21 width=5
848: CR2[14, 13]
849: CR3[14, 13]
850: CR4[14, 13]
851: CR5[14, 13]
852: CR6[14, 13]
853: CR7[14, 13]
854: CR1[14, 12]
855: CR2[14, 12]
856: CR3[14, 12]
857: CR4[14, 12]
858: CR5[14, 12]
859: CR6[14, 12]
860: CR1[14, 11]
861: CR2[14, 11]
862: CR3[14, 11]
863: CR4[14, 11]
864: CR5[14, 11]
865: CR1[14, 10]
866: CR2[14, 10]
867: CR3[14, 10]
868: CR4[14, 10]
==== cluster[84]: depth= 6 width=4
869: CR1[14, 9]
870: CR2[14, 9]
871: CR3[14, 9]
872: CR1[14, 8]
873: CR2[14, 8]
874: CR1[14, 7]
==== cluster[85]: depth= 2 width=4
875: CCR1'[0, 5, 12]
876: CCR2'[0, 5, 13]
==== cluster[86]: depth=21 width=6
877: H[7]
878: CR2'[7, 8]
879: H[8]
880: CR3'[7, 9]
881: CR2'[8, 9]
882: H[9]
883: CR4'[7, 10]
884: CR3'[8, 10]
885: CR2'[9, 10]
886: H[10]
887: CR5'[7, 11]
888: CR4'[8, 11]
889: CR3'[9, 11]
890: CR2'[10, 11]
891: H[11]
892: CR6'[7, 12]
893: CR5'[8, 12]
894: CR4'[9, 12]
895: CR3'[10, 12]
896: CR2'[11, 12]
897: H[12]
==== cluster[87]: depth= 4 width=5
898: CR7'[7, 13]
899: CR6'[8, 13]
900: CR5'[9, 13]
901: CR4'[10, 13]
==== cluster[88]: depth=10 width=5
902: CR3'[11, 13]
903: CR2'[12, 13]
904: H[13]
905: X[13]
906: CNOT[13, 14]
907: X[13]
908: H[13]
909: CR2[12, 13]
910: CR3[11, 13]
911: CR4[10, 13]
==== cluster[89]: depth= 3 width=4
912: CR5[9, 13]
913: CR6[8, 13]
914: CR7[7, 13]
==== cluster[90]: depth=21 width=6
915: H[12]
916: CR2[11, 12]
917: CR3[10, 12]
918: CR4[9, 12]
919: CR5[8, 12]
920: CR6[7, 12]
921: H[11]
922: CR2[10, 11]
923: CR3[9, 11]
924: CR4[8, 11]
925: CR5[7, 11]
926: H[10]
927: CR2[9, 10]
928: CR3[8, 10]
929: CR4[7, 10]
930: H[9]
931: CR2[8, 9]
932: CR3[7, 9]
933: H[8]
934: CR2[7, 8]
935: H[7]
==== cluster[91]: depth= 4 width=5
936: CCR2[0, 5, 13]
937: CCR1[0, 5, 12]
938: CCR7[0, 6, 13]
939: CCR6[0, 6, 12]
==== cluster[92]: depth= 2 width=4
940: CCR5[0, 6, 11]
941: CCR4[0, 6, 10]
==== cluster[93]: depth= 6 width=5
942: CCR3[0, 6, 9]
943: CCR2[0, 6, 8]
944: CCR1[0, 6, 7]
945: R1'[7]
946: R2'[8]
947: R1'[8]
==== cluster[94]: depth=18 width=4
948: R3'[9]
949: R2'[9]
950: R1'[9]
951: R4'[10]
952: R3'[10]
953: R2'[10]
954: R1'[10]
955: R5'[11]
956: R4'[11]
957: R3'[11]
958: R2'[11]
959: R1'[11]
960: R6'[12]
961: R5'[12]
962: R4'[12]
963: R3'[12]
964: R2'[12]
965: R1'[12]
==== cluster[95]: depth=21 width=6
966: R7'[13]
967: R6'[13]
968: R5'[13]
969: R4'[13]
970: R3'[13]
971: R2'[13]
972: H[7]
973: CR2'[7, 8]
974: H[8]
975: CR3'[7, 9]
976: CR2'[8, 9]
977: H[9]
978: CR4'[7, 10]
979: CR3'[8, 10]
980: CR2'[9, 10]
981: H[10]
982: CR5'[7, 11]
983: CR4'[8, 11]
984: CR3'[9, 11]
985: CR2'[10, 11]
986: H[11]
==== cluster[96]: depth= 6 width=6
987: CR6'[7, 12]
988: CR5'[8, 12]
989: CR4'[9, 12]
990: CR3'[10, 12]
991: CR2'[11, 12]
992: H[12]
==== cluster[97]: depth= 4 width=5
993: CR7'[7, 13]
994: CR6'[8, 13]
995: CR5'[9, 13]
996: CR4'[10, 13]
==== cluster[98]: depth= 8 width=5
997: CR3'[11, 13]
998: CR2'[12, 13]
999: H[13]
1000: CNOT[13, 14]
1001: H[13]
1002: CR2[12, 13]
1003: CR3[11, 13]
1004: CR4[10, 13]
==== cluster[99]: depth= 3 width=4
1005: CR5[9, 13]
1006: CR6[8, 13]
1007: CR7[7, 13]
==== cluster[100]: depth=21 width=6
1008: H[12]
1009: CR2[11, 12]
1010: CR3[10, 12]
1011: CR4[9, 12]
1012: CR5[8, 12]
1013: CR6[7, 12]
1014: H[11]
1015: CR2[10, 11]
1016: CR3[9, 11]
1017: CR4[8, 11]
1018: CR5[7, 11]
1019: H[10]
1020: CR2[9, 10]
1021: CR3[8, 10]
1022: CR4[7, 10]
1023: H[9]
1024: CR2[8, 9]
1025: CR3[7, 9]
1026: H[8]
1027: CR2[7, 8]
1028: H[7]
==== cluster[101]: depth=21 width=5
1029: CR2[14, 13]
1030: CR3[14, 13]
1031: CR4[14, 13]
1032: CR5[14, 13]
1033: CR6[14, 13]
1034: CR7[14, 13]
1035: CR1[14, 12]
1036: CR2[14, 12]
1037: CR3[14, 12]
1038: CR4[14, 12]
1039: CR5[14, 12]
1040: CR6[14, 12]
1041: CR1[14, 11]
1042: CR2[14, 11]
1043: CR3[14, 11]
1044: CR4[14, 11]
1045: CR5[14, 11]
1046: CR1[14, 10]
1047: CR2[14, 10]
1048: CR3[14, 10]
1049: CR4[14, 10]
==== cluster[102]: depth= 8 width=6
1050: CR1[14, 9]
1051: CR2[14, 9]
1052: CR3[14, 9]
1053: CR1[14, 8]
1054: CR2[14, 8]
1055: CR1[14, 7]
1056: CCR1'[0, 6, 7]
1057: CCR2'[0, 6, 8]
==== cluster[103]: depth= 2 width=4
1058: CCR3'[0, 6, 9]
1059: CCR4'[0, 6, 10]
==== cluster[104]: depth= 3 width=5
1060: CCR5'[0, 6, 11]
1061: CCR6'[0, 6, 12]
1062: CCR7'[0, 6, 13]
==== cluster[105]: depth=21 width=6
1063: H[7]
1064: CR2'[7, 8]
1065: H[8]
1066: CR3'[7, 9]
1067: CR2'[8, 9]
1068: H[9]
1069: CR4'[7, 10]
1070: CR3'[8, 10]
1071: CR2'[9, 10]
1072: H[10]
1073: CR5'[7, 11]
1074: CR4'[8, 11]
1075: CR3'[9, 11]
1076: CR2'[10, 11]
1077: H[11]
1078: CR6'[7, 12]
1079: CR5'[8, 12]
1080: CR4'[9, 12]
1081: CR3'[10, 12]
1082: CR2'[11, 12]
1083: H[12]
==== cluster[106]: depth= 4 width=5
1084: CR7'[7, 13]
1085: CR6'[8, 13]
1086: CR5'[9, 13]
1087: CR4'[10, 13]
==== cluster[107]: depth=10 width=5
1088: CR3'[11, 13]
1089: CR2'[12, 13]
1090: H[13]
1091: X[13]
1092: CNOT[13, 14]
1093: X[13]
1094: H[13]
1095: CR2[12, 13]
1096: CR3[11, 13]
1097: CR4[10, 13]
==== cluster[108]: depth= 3 width=4
1098: CR5[9, 13]
1099: CR6[8, 13]
1100: CR7[7, 13]
==== cluster[109]: depth=21 width=6
1101: H[12]
1102: CR2[11, 12]
1103: CR3[10, 12]
1104: CR4[9, 12]
1105: CR5[8, 12]
1106: CR6[7, 12]
1107: H[11]
1108: CR2[10, 11]
1109: CR3[9, 11]
1110: CR4[8, 11]
1111: CR5[7, 11]
1112: H[10]
1113: CR2[9, 10]
1114: CR3[8, 10]
1115: CR4[7, 10]
1116: H[9]
1117: CR2[8, 9]
1118: CR3[7, 9]
1119: H[8]
1120: CR2[7, 8]
1121: H[7]
==== cluster[110]: depth= 4 width=6
1122: CCR7[0, 6, 13]
1123: CCR6[0, 6, 12]
1124: CCR5[0, 6, 11]
1125: CCR4[0, 6, 10]
==== cluster[111]: depth= 3 width=5
1126: CCR3[0, 6, 9]
1127: CCR2[0, 6, 8]
1128: CCR1[0, 6, 7]
==== cluster[112]: depth=21 width=6
1129: H[7]
1130: CR2'[7, 8]
1131: H[8]
1132: CR3'[7, 9]
1133: CR2'[8, 9]
1134: H[9]
1135: CR4'[7, 10]
1136: CR3'[8, 10]
1137: CR2'[9, 10]
1138: H[10]
1139: CR5'[7, 11]
1140: CR4'[8, 11]
1141: CR3'[9, 11]
1142: CR2'[10, 11]
1143: H[11]
1144: CR6'[7, 12]
1145: CR5'[8, 12]
1146: CR4'[9, 12]
1147: CR3'[10, 12]
1148: CR2'[11, 12]
1149: H[12]
==== cluster[113]: depth= 4 width=5
1150: CR7'[7, 13]
1151: CR6'[8, 13]
1152: CR5'[9, 13]
1153: CR4'[10, 13]
==== cluster[114]: depth= 3 width=3
1154: CR3'[11, 13]
1155: CR2'[12, 13]
1156: H[13]
==== cluster[115]: depth= 2 width=5
1157: CSWAP[0, 1, 7]
1158: CSWAP[0, 2, 8]
==== cluster[116]: depth= 2 width=5
1159: CSWAP[0, 3, 9]
1160: CSWAP[0, 4, 10]
==== cluster[117]: depth= 2 width=5
1161: CSWAP[0, 5, 11]
1162: CSWAP[0, 6, 12]
==== cluster[118]: depth= 5 width=5
1163: H[13]
1164: CR2[12, 13]
1165: CR3[11, 13]
1166: CR4[10, 13]
1167: CR5[9, 13]
==== cluster[119]: depth= 5 width=6
1168: CR6[8, 13]
1169: CR7[7, 13]
1170: H[12]
1171: CR2[11, 12]
1172: CR3[10, 12]
==== cluster[120]: depth=18 width=6
1173: CR4[9, 12]
1174: CR5[8, 12]
1175: CR6[7, 12]
1176: H[11]
1177: CR2[10, 11]
1178: CR3[9, 11]
1179: CR4[8, 11]
1180: CR5[7, 11]
1181: H[10]
1182: CR2[9, 10]
1183: CR3[8, 10]
1184: CR4[7, 10]
1185: H[9]
1186: CR2[8, 9]
1187: CR3[7, 9]
1188: H[8]
1189: CR2[7, 8]
1190: H[7]
==== cluster[121]: depth= 3 width=5
1191: CCR1'[0, 6, 11]
1192: CCR2'[0, 6, 12]
1193: CCR3'[0, 6, 13]
==== cluster[122]: depth=21 width=6
1194: H[7]
1195: CR2'[7, 8]
1196: H[8]
1197: CR3'[7, 9]
1198: CR2'[8, 9]
1199: H[9]
1200: CR4'[7, 10]
1201: CR3'[8, 10]
1202: CR2'[9, 10]
1203: H[10]
1204: CR5'[7, 11]
1205: CR4'[8, 11]
1206: CR3'[9, 11]
1207: CR2'[10, 11]
1208: H[11]
1209: CR6'[7, 12]
1210: CR5'[8, 12]
1211: CR4'[9, 12]
1212: CR3'[10, 12]
1213: CR2'[11, 12]
1214: H[12]
==== cluster[123]: depth= 4 width=5
1215: CR7'[7, 13]
1216: CR6'[8, 13]
1217: CR5'[9, 13]
1218: CR4'[10, 13]
==== cluster[124]: depth=10 width=5
1219: CR3'[11, 13]
1220: CR2'[12, 13]
1221: H[13]
1222: X[13]
1223: CNOT[13, 14]
1224: X[13]
1225: H[13]
1226: CR2[12, 13]
1227: CR3[11, 13]
1228: CR4[10, 13]
==== cluster[125]: depth= 3 width=4
1229: CR5[9, 13]
1230: CR6[8, 13]
1231: CR7[7, 13]
==== cluster[126]: depth=21 width=6
1232: H[12]
1233: CR2[11, 12]
1234: CR3[10, 12]
1235: CR4[9, 12]
1236: CR5[8, 12]
1237: CR6[7, 12]
1238: H[11]
1239: CR2[10, 11]
1240: CR3[9, 11]
1241: CR4[8, 11]
1242: CR5[7, 11]
1243: H[10]
1244: CR2[9, 10]
1245: CR3[8, 10]
1246: CR4[7, 10]
1247: H[9]
1248: CR2[8, 9]
1249: CR3[7, 9]
1250: H[8]
1251: CR2[7, 8]
1252: H[7]
==== cluster[127]: depth= 3 width=5
1253: CCR3[0, 6, 13]
1254: CCR2[0, 6, 12]
1255: CCR1[0, 6, 11]
==== cluster[128]: depth=10 width=5
1256: CR1'[14, 7]
1257: CR2'[14, 8]
1258: CR1'[14, 8]
1259: CR3'[14, 9]
1260: CR2'[14, 9]
1261: CR1'[14, 9]
1262: CR4'[14, 10]
1263: CR3'[14, 10]
1264: CR2'[14, 10]
1265: CR1'[14, 10]
==== cluster[129]: depth=17 width=4
1266: CR5'[14, 11]
1267: CR4'[14, 11]
1268: CR3'[14, 11]
1269: CR2'[14, 11]
1270: CR1'[14, 11]
1271: CR6'[14, 12]
1272: CR5'[14, 12]
1273: CR4'[14, 12]
1274: CR3'[14, 12]
1275: CR2'[14, 12]
1276: CR1'[14, 12]
1277: CR7'[14, 13]
1278: CR6'[14, 13]
1279: CR5'[14, 13]
1280: CR4'[14, 13]
1281: CR3'[14, 13]
1282: CR2'[14, 13]
==== cluster[130]: depth=21 width=6
1283: H[7]
1284: CR2'[7, 8]
1285: H[8]
1286: CR3'[7, 9]
1287: CR2'[8, 9]
1288: H[9]
1289: CR4'[7, 10]
1290: CR3'[8, 10]
1291: CR2'[9, 10]
1292: H[10]
1293: CR5'[7, 11]
1294: CR4'[8, 11]
1295: CR3'[9, 11]
1296: CR2'[10, 11]
1297: H[11]
1298: CR6'[7, 12]
1299: CR5'[8, 12]
1300: CR4'[9, 12]
1301: CR3'[10, 12]
1302: CR2'[11, 12]
1303: H[12]
==== cluster[131]: depth= 4 width=5
1304: CR7'[7, 13]
1305: CR6'[8, 13]
1306: CR5'[9, 13]
1307: CR4'[10, 13]
==== cluster[132]: depth= 8 width=5
1308: CR3'[11, 13]
1309: CR2'[12, 13]
1310: H[13]
1311: CNOT[13, 14]
1312: H[13]
1313: CR2[12, 13]
1314: CR3[11, 13]
1315: CR4[10, 13]
==== cluster[133]: depth= 3 width=4
1316: CR5[9, 13]
1317: CR6[8, 13]
1318: CR7[7, 13]
==== cluster[134]: depth=21 width=6
1319: H[12]
1320: CR2[11, 12]
1321: CR3[10, 12]
1322: CR4[9, 12]
1323: CR5[8, 12]
1324: CR6[7, 12]
1325: H[11]
1326: CR2[10, 11]
1327: CR3[9, 11]
1328: CR4[8, 11]
1329: CR5[7, 11]
1330: H[10]
1331: CR2[9, 10]
1332: CR3[8, 10]
1333: CR4[7, 10]
1334: H[9]
1335: CR2[8, 9]
1336: CR3[7, 9]
1337: H[8]
1338: CR2[7, 8]
1339: H[7]
==== cluster[135]: depth=21 width=4
1340: R2[13]
1341: R3[13]
1342: R4[13]
1343: R5[13]
1344: R6[13]
1345: R7[13]
1346: R1[12]
1347: R2[12]
1348: R3[12]
1349: R4[12]
1350: R5[12]
1351: R6[12]
1352: R1[11]
1353: R2[11]
1354: R3[11]
1355: R4[11]
1356: R5[11]
1357: R1[10]
1358: R2[10]
1359: R3[10]
1360: R4[10]
==== cluster[136]: depth= 6 width=3
1361: R1[9]
1362: R2[9]
1363: R3[9]
1364: R1[8]
1365: R2[8]
1366: R1[7]
==== cluster[137]: depth= 3 width=5
1367: CCR1'[0, 6, 11]
1368: CCR2'[0, 6, 12]
1369: CCR3'[0, 6, 13]
==== cluster[138]: depth= 4 width=6
1370: CCR1'[0, 5, 10]
1371: CCR2'[0, 5, 11]
1372: CCR3'[0, 5, 12]
1373: CCR4'[0, 5, 13]
==== cluster[139]: depth=21 width=6
1374: H[7]
1375: CR2'[7, 8]
1376: H[8]
1377: CR3'[7, 9]
1378: CR2'[8, 9]
1379: H[9]
1380: CR4'[7, 10]
1381: CR3'[8, 10]
1382: CR2'[9, 10]
1383: H[10]
1384: CR5'[7, 11]
1385: CR4'[8, 11]
1386: CR3'[9, 11]
1387: CR2'[10, 11]
1388: H[11]
1389: CR6'[7, 12]
1390: CR5'[8, 12]
1391: CR4'[9, 12]
1392: CR3'[10, 12]
1393: CR2'[11, 12]
1394: H[12]
==== cluster[140]: depth= 4 width=5
1395: CR7'[7, 13]
1396: CR6'[8, 13]
1397: CR5'[9, 13]
1398: CR4'[10, 13]
==== cluster[141]: depth=10 width=5
1399: CR3'[11, 13]
1400: CR2'[12, 13]
1401: H[13]
1402: X[13]
1403: CNOT[13, 14]
1404: X[13]
1405: H[13]
1406: CR2[12, 13]
1407: CR3[11, 13]
1408: CR4[10, 13]
==== cluster[142]: depth= 3 width=4
1409: CR5[9, 13]
1410: CR6[8, 13]
1411: CR7[7, 13]
==== cluster[143]: depth=21 width=6
1412: H[12]
1413: CR2[11, 12]
1414: CR3[10, 12]
1415: CR4[9, 12]
1416: CR5[8, 12]
1417: CR6[7, 12]
1418: H[11]
1419: CR2[10, 11]
1420: CR3[9, 11]
1421: CR4[8, 11]
1422: CR5[7, 11]
1423: H[10]
1424: CR2[9, 10]
1425: CR3[8, 10]
1426: CR4[7, 10]
1427: H[9]
1428: CR2[8, 9]
1429: CR3[7, 9]
1430: H[8]
1431: CR2[7, 8]
1432: H[7]
==== cluster[144]: depth= 4 width=6
1433: CCR4[0, 5, 13]
1434: CCR3[0, 5, 12]
1435: CCR2[0, 5, 11]
1436: CCR1[0, 5, 10]
==== cluster[145]: depth=10 width=5
1437: CR1'[14, 7]
1438: CR2'[14, 8]
1439: CR1'[14, 8]
1440: CR3'[14, 9]
1441: CR2'[14, 9]
1442: CR1'[14, 9]
1443: CR4'[14, 10]
1444: CR3'[14, 10]
1445: CR2'[14, 10]
1446: CR1'[14, 10]
==== cluster[146]: depth=17 width=4
1447: CR5'[14, 11]
1448: CR4'[14, 11]
1449: CR3'[14, 11]
1450: CR2'[14, 11]
1451: CR1'[14, 11]
1452: CR6'[14, 12]
1453: CR5'[14, 12]
1454: CR4'[14, 12]
1455: CR3'[14, 12]
1456: CR2'[14, 12]
1457: CR1'[14, 12]
1458: CR7'[14, 13]
1459: CR6'[14, 13]
1460: CR5'[14, 13]
1461: CR4'[14, 13]
1462: CR3'[14, 13]
1463: CR2'[14, 13]
==== cluster[147]: depth=21 width=6
1464: H[7]
1465: CR2'[7, 8]
1466: H[8]
1467: CR3'[7, 9]
1468: CR2'[8, 9]
1469: H[9]
1470: CR4'[7, 10]
1471: CR3'[8, 10]
1472: CR2'[9, 10]
1473: H[10]
1474: CR5'[7, 11]
1475: CR4'[8, 11]
1476: CR3'[9, 11]
1477: CR2'[10, 11]
1478: H[11]
1479: CR6'[7, 12]
1480: CR5'[8, 12]
1481: CR4'[9, 12]
1482: CR3'[10, 12]
1483: CR2'[11, 12]
1484: H[12]
==== cluster[148]: depth= 4 width=5
1485: CR7'[7, 13]
1486: CR6'[8, 13]
1487: CR5'[9, 13]
1488: CR4'[10, 13]
==== cluster[149]: depth= 8 width=5
1489: CR3'[11, 13]
1490: CR2'[12, 13]
1491: H[13]
1492: CNOT[13, 14]
1493: H[13]
1494: CR2[12, 13]
1495: CR3[11, 13]
1496: CR4[10, 13]
==== cluster[150]: depth= 3 width=4
1497: CR5[9, 13]
1498: CR6[8, 13]
1499: CR7[7, 13]
==== cluster[151]: depth=21 width=6
1500: H[12]
1501: CR2[11, 12]
1502: CR3[10, 12]
1503: CR4[9, 12]
1504: CR5[8, 12]
1505: CR6[7, 12]
1506: H[11]
1507: CR2[10, 11]
1508: CR3[9, 11]
1509: CR4[8, 11]
1510: CR5[7, 11]
1511: H[10]
1512: CR2[9, 10]
1513: CR3[8, 10]
1514: CR4[7, 10]
1515: H[9]
1516: CR2[8, 9]
1517: CR3[7, 9]
1518: H[8]
1519: CR2[7, 8]
1520: H[7]
==== cluster[152]: depth=21 width=4
1521: R2[13]
1522: R3[13]
1523: R4[13]
1524: R5[13]
1525: R6[13]
1526: R7[13]
1527: R1[12]
1528: R2[12]
1529: R3[12]
1530: R4[12]
1531: R5[12]
1532: R6[12]
1533: R1[11]
1534: R2[11]
1535: R3[11]
1536: R4[11]
1537: R5[11]
1538: R1[10]
1539: R2[10]
1540: R3[10]
1541: R4[10]
==== cluster[153]: depth= 6 width=3
1542: R1[9]
1543: R2[9]
1544: R3[9]
1545: R1[8]
1546: R2[8]
1547: R1[7]
==== cluster[154]: depth= 4 width=6
1548: CCR1'[0, 5, 10]
1549: CCR2'[0, 5, 11]
1550: CCR3'[0, 5, 12]
1551: CCR4'[0, 5, 13]
==== cluster[155]: depth= 2 width=4
1552: CCR1'[0, 4, 9]
1553: CCR2'[0, 4, 10]
==== cluster[156]: depth= 3 width=5
1554: CCR3'[0, 4, 11]
1555: CCR4'[0, 4, 12]
1556: CCR5'[0, 4, 13]
==== cluster[157]: depth=21 width=6
1557: H[7]
1558: CR2'[7, 8]
1559: H[8]
1560: CR3'[7, 9]
1561: CR2'[8, 9]
1562: H[9]
1563: CR4'[7, 10]
1564: CR3'[8, 10]
1565: CR2'[9, 10]
1566: H[10]
1567: CR5'[7, 11]
1568: CR4'[8, 11]
1569: CR3'[9, 11]
1570: CR2'[10, 11]
1571: H[11]
1572: CR6'[7, 12]
1573: CR5'[8, 12]
1574: CR4'[9, 12]
1575: CR3'[10, 12]
1576: CR2'[11, 12]
1577: H[12]
==== cluster[158]: depth= 4 width=5
1578: CR7'[7, 13]
1579: CR6'[8, 13]
1580: CR5'[9, 13]
1581: CR4'[10, 13]
==== cluster[159]: depth=10 width=5
1582: CR3'[11, 13]
1583: CR2'[12, 13]
1584: H[13]
1585: X[13]
1586: CNOT[13, 14]
1587: X[13]
1588: H[13]
1589: CR2[12, 13]
1590: CR3[11, 13]
1591: CR4[10, 13]
==== cluster[160]: depth= 3 width=4
1592: CR5[9, 13]
1593: CR6[8, 13]
1594: CR7[7, 13]
==== cluster[161]: depth=21 width=6
1595: H[12]
1596: CR2[11, 12]
1597: CR3[10, 12]
1598: CR4[9, 12]
1599: CR5[8, 12]
1600: CR6[7, 12]
1601: H[11]
1602: CR2[10, 11]
1603: CR3[9, 11]
1604: CR4[8, 11]
1605: CR5[7, 11]
1606: H[10]
1607: CR2[9, 10]
1608: CR3[8, 10]
1609: CR4[7, 10]
1610: H[9]
1611: CR2[8, 9]
1612: CR3[7, 9]
1613: H[8]
1614: CR2[7, 8]
1615: H[7]
==== cluster[162]: depth= 2 width=4
1616: CCR5[0, 4, 13]
1617: CCR4[0, 4, 12]
==== cluster[163]: depth= 3 width=5
1618: CCR3[0, 4, 11]
1619: CCR2[0, 4, 10]
1620: CCR1[0, 4, 9]
==== cluster[164]: depth=10 width=5
1621: CR1'[14, 7]
1622: CR2'[14, 8]
1623: CR1'[14, 8]
1624: CR3'[14, 9]
1625: CR2'[14, 9]
1626: CR1'[14, 9]
1627: CR4'[14, 10]
1628: CR3'[14, 10]
1629: CR2'[14, 10]
1630: CR1'[14, 10]
==== cluster[165]: depth=17 width=4
1631: CR5'[14, 11]
1632: CR4'[14, 11]
1633: CR3'[14, 11]
1634: CR2'[14, 11]
1635: CR1'[14, 11]
1636: CR6'[14, 12]
1637: CR5'[14, 12]
1638: CR4'[14, 12]
1639: CR3'[14, 12]
1640: CR2'[14, 12]
1641: CR1'[14, 12]
1642: CR7'[14, 13]
1643: CR6'[14, 13]
1644: CR5'[14, 13]
1645: CR4'[14, 13]
1646: CR3'[14, 13]
1647: CR2'[14, 13]
==== cluster[166]: depth=21 width=6
1648: H[7]
1649: CR2'[7, 8]
1650: H[8]
1651: CR3'[7, 9]
1652: CR2'[8, 9]
1653: H[9]
1654: CR4'[7, 10]
1655: CR3'[8, 10]
1656: CR2'[9, 10]
1657: H[10]
1658: CR5'[7, 11]
1659: CR4'[8, 11]
1660: CR3'[9, 11]
1661: CR2'[10, 11]
1662: H[11]
1663: CR6'[7, 12]
1664: CR5'[8, 12]
1665: CR4'[9, 12]
1666: CR3'[10, 12]
1667: CR2'[11, 12]
1668: H[12]
==== cluster[167]: depth= 4 width=5
1669: CR7'[7, 13]
1670: CR6'[8, 13]
1671: CR5'[9, 13]
1672: CR4'[10, 13]
==== cluster[168]: depth= 8 width=5
1673: CR3'[11, 13]
1674: CR2'[12, 13]
1675: H[13]
1676: CNOT[13, 14]
1677: H[13]
1678: CR2[12, 13]
1679: CR3[11, 13]
1680: CR4[10, 13]
==== cluster[169]: depth= 3 width=4
1681: CR5[9, 13]
1682: CR6[8, 13]
1683: CR7[7, 13]
==== cluster[170]: depth=21 width=6
1684: H[12]
1685: CR2[11, 12]
1686: CR3[10, 12]
1687: CR4[9, 12]
1688: CR5[8, 12]
1689: CR6[7, 12]
1690: H[11]
1691: CR2[10, 11]
1692: CR3[9, 11]
1693: CR4[8, 11]
1694: CR5[7, 11]
1695: H[10]
1696: CR2[9, 10]
1697: CR3[8, 10]
1698: CR4[7, 10]
1699: H[9]
1700: CR2[8, 9]
1701: CR3[7, 9]
1702: H[8]
1703: CR2[7, 8]
1704: H[7]
==== cluster[171]: depth=21 width=4
1705: R2[13]
1706: R3[13]
1707: R4[13]
1708: R5[13]
1709: R6[13]
1710: R7[13]
1711: R1[12]
1712: R2[12]
1713: R3[12]
1714: R4[12]
1715: R5[12]
1716: R6[12]
1717: R1[11]
1718: R2[11]
1719: R3[11]
1720: R4[11]
1721: R5[11]
1722: R1[10]
1723: R2[10]
1724: R3[10]
1725: R4[10]
==== cluster[172]: depth= 8 width=6
1726: R1[9]
1727: R2[9]
1728: R3[9]
1729: R1[8]
1730: R2[8]
1731: R1[7]
1732: CCR1'[0, 4, 9]
1733: CCR2'[0, 4, 10]
==== cluster[173]: depth= 3 width=5
1734: CCR3'[0, 4, 11]
1735: CCR4'[0, 4, 12]
1736: CCR5'[0, 4, 13]
==== cluster[174]: depth= 4 width=6
1737: CCR1'[0, 3, 8]
1738: CCR2'[0, 3, 9]
1739: CCR3'[0, 3, 10]
1740: CCR4'[0, 3, 11]
==== cluster[175]: depth= 2 width=4
1741: CCR5'[0, 3, 12]
1742: CCR6'[0, 3, 13]
==== cluster[176]: depth=21 width=6
1743: H[7]
1744: CR2'[7, 8]
1745: H[8]
1746: CR3'[7, 9]
1747: CR2'[8, 9]
1748: H[9]
1749: CR4'[7, 10]
1750: CR3'[8, 10]
1751: CR2'[9, 10]
1752: H[10]
1753: CR5'[7, 11]
1754: CR4'[8, 11]
1755: CR3'[9, 11]
1756: CR2'[10, 11]
1757: H[11]
1758: CR6'[7, 12]
1759: CR5'[8, 12]
1760: CR4'[9, 12]
1761: CR3'[10, 12]
1762: CR2'[11, 12]
1763: H[12]
==== cluster[177]: depth= 4 width=5
1764: CR7'[7, 13]
1765: CR6'[8, 13]
1766: CR5'[9, 13]
1767: CR4'[10, 13]
==== cluster[178]: depth=10 width=5
1768: CR3'[11, 13]
1769: CR2'[12, 13]
1770: H[13]
1771: X[13]
1772: CNOT[13, 14]
1773: X[13]
1774: H[13]
1775: CR2[12, 13]
1776: CR3[11, 13]
1777: CR4[10, 13]
==== cluster[179]: depth= 3 width=4
1778: CR5[9, 13]
1779: CR6[8, 13]
1780: CR7[7, 13]
==== cluster[180]: depth=21 width=6
1781: H[12]
1782: CR2[11, 12]
1783: CR3[10, 12]
1784: CR4[9, 12]
1785: CR5[8, 12]
1786: CR6[7, 12]
1787: H[11]
1788: CR2[10, 11]
1789: CR3[9, 11]
1790: CR4[8, 11]
1791: CR5[7, 11]
1792: H[10]
1793: CR2[9, 10]
1794: CR3[8, 10]
1795: CR4[7, 10]
1796: H[9]
1797: CR2[8, 9]
1798: CR3[7, 9]
1799: H[8]
1800: CR2[7, 8]
1801: H[7]
==== cluster[181]: depth= 4 width=6
1802: CCR6[0, 3, 13]
1803: CCR5[0, 3, 12]
1804: CCR4[0, 3, 11]
1805: CCR3[0, 3, 10]
==== cluster[182]: depth= 2 width=4
1806: CCR2[0, 3, 9]
1807: CCR1[0, 3, 8]
==== cluster[183]: depth=10 width=5
1808: CR1'[14, 7]
1809: CR2'[14, 8]
1810: CR1'[14, 8]
1811: CR3'[14, 9]
1812: CR2'[14, 9]
1813: CR1'[14, 9]
1814: CR4'[14, 10]
1815: CR3'[14, 10]
1816: CR2'[14, 10]
1817: CR1'[14, 10]
==== cluster[184]: depth=17 width=4
1818: CR5'[14, 11]
1819: CR4'[14, 11]
1820: CR3'[14, 11]
1821: CR2'[14, 11]
1822: CR1'[14, 11]
1823: CR6'[14, 12]
1824: CR5'[14, 12]
1825: CR4'[14, 12]
1826: CR3'[14, 12]
1827: CR2'[14, 12]
1828: CR1'[14, 12]
1829: CR7'[14, 13]
1830: CR6'[14, 13]
1831: CR5'[14, 13]
1832: CR4'[14, 13]
1833: CR3'[14, 13]
1834: CR2'[14, 13]
==== cluster[185]: depth=21 width=6
1835: H[7]
1836: CR2'[7, 8]
1837: H[8]
1838: CR3'[7, 9]
1839: CR2'[8, 9]
1840: H[9]
1841: CR4'[7, 10]
1842: CR3'[8, 10]
1843: CR2'[9, 10]
1844: H[10]
1845: CR5'[7, 11]
1846: CR4'[8, 11]
1847: CR3'[9, 11]
1848: CR2'[10, 11]
1849: H[11]
1850: CR6'[7, 12]
1851: CR5'[8, 12]
1852: CR4'[9, 12]
1853: CR3'[10, 12]
1854: CR2'[11, 12]
1855: H[12]
==== cluster[186]: depth= 4 width=5
1856: CR7'[7, 13]
1857: CR6'[8, 13]
1858: CR5'[9, 13]
1859: CR4'[10, 13]
==== cluster[187]: depth= 8 width=5
1860: CR3'[11, 13]
1861: CR2'[12, 13]
1862: H[13]
1863: CNOT[13, 14]
1864: H[13]
1865: CR2[12, 13]
1866: CR3[11, 13]
1867: CR4[10, 13]
==== cluster[188]: depth= 3 width=4
1868: CR5[9, 13]
1869: CR6[8, 13]
1870: CR7[7, 13]
==== cluster[189]: depth=21 width=6
1871: H[12]
1872: CR2[11, 12]
1873: CR3[10, 12]
1874: CR4[9, 12]
1875: CR5[8, 12]
1876: CR6[7, 12]
1877: H[11]
1878: CR2[10, 11]
1879: CR3[9, 11]
1880: CR4[8, 11]
1881: CR5[7, 11]
1882: H[10]
1883: CR2[9, 10]
1884: CR3[8, 10]
1885: CR4[7, 10]
1886: H[9]
1887: CR2[8, 9]
1888: CR3[7, 9]
1889: H[8]
1890: CR2[7, 8]
1891: H[7]
==== cluster[190]: depth=21 width=4
1892: R2[13]
1893: R3[13]
1894: R4[13]
1895: R5[13]
1896: R6[13]
1897: R7[13]
1898: R1[12]
1899: R2[12]
1900: R3[12]
1901: R4[12]
1902: R5[12]
1903: R6[12]
1904: R1[11]
1905: R2[11]
1906: R3[11]
1907: R4[11]
1908: R5[11]
1909: R1[10]
1910: R2[10]
1911: R3[10]
1912: R4[10]
==== cluster[191]: depth= 8 width=5
1913: R1[9]
1914: R2[9]
1915: R3[9]
1916: R1[8]
1917: R2[8]
1918: R1[7]
1919: CCR1'[0, 3, 8]
1920: CCR2'[0, 3, 9]
==== cluster[192]: depth= 4 width=6
1921: CCR3'[0, 3, 10]
1922: CCR4'[0, 3, 11]
1923: CCR5'[0, 3, 12]
1924: CCR6'[0, 3, 13]
==== cluster[193]: depth= 4 width=6
1925: CCR1'[0, 2, 7]
1926: CCR2'[0, 2, 8]
1927: CCR3'[0, 2, 9]
1928: CCR4'[0, 2, 10]
==== cluster[194]: depth= 3 width=5
1929: CCR5'[0, 2, 11]
1930: CCR6'[0, 2, 12]
1931: CCR7'[0, 2, 13]
==== cluster[195]: depth=21 width=6
1932: H[7]
1933: CR2'[7, 8]
1934: H[8]
1935: CR3'[7, 9]
1936: CR2'[8, 9]
1937: H[9]
1938: CR4'[7, 10]
1939: CR3'[8, 10]
1940: CR2'[9, 10]
1941: H[10]
1942: CR5'[7, 11]
1943: CR4'[8, 11]
1944: CR3'[9, 11]
1945: CR2'[10, 11]
1946: H[11]
1947: CR6'[7, 12]
1948: CR5'[8, 12]
1949: CR4'[9, 12]
1950: CR3'[10, 12]
1951: CR2'[11, 12]
1952: H[12]
==== cluster[196]: depth= 4 width=5
1953: CR7'[7, 13]
1954: CR6'[8, 13]
1955: CR5'[9, 13]
1956: CR4'[10, 13]
==== cluster[197]: depth=10 width=5
1957: CR3'[11, 13]
1958: CR2'[12, 13]
1959: H[13]
1960: X[13]
1961: CNOT[13, 14]
1962: X[13]
1963: H[13]
1964: CR2[12, 13]
1965: CR3[11, 13]
1966: CR4[10, 13]
==== cluster[198]: depth= 3 width=4
1967: CR5[9, 13]
1968: CR6[8, 13]
1969: CR7[7, 13]
==== cluster[199]: depth=21 width=6
1970: H[12]
1971: CR2[11, 12]
1972: CR3[10, 12]
1973: CR4[9, 12]
1974: CR5[8, 12]
1975: CR6[7, 12]
1976: H[11]
1977: CR2[10, 11]
1978: CR3[9, 11]
1979: CR4[8, 11]
1980: CR5[7, 11]
1981: H[10]
1982: CR2[9, 10]
1983: CR3[8, 10]
1984: CR4[7, 10]
1985: H[9]
1986: CR2[8, 9]
1987: CR3[7, 9]
1988: H[8]
1989: CR2[7, 8]
1990: H[7]
==== cluster[200]: depth= 4 width=6
1991: CCR7[0, 2, 13]
1992: CCR6[0, 2, 12]
1993: CCR5[0, 2, 11]
1994: CCR4[0, 2, 10]
==== cluster[201]: depth= 3 width=5
1995: CCR3[0, 2, 9]
1996: CCR2[0, 2, 8]
1997: CCR1[0, 2, 7]
==== cluster[202]: depth=10 width=5
1998: CR1'[14, 7]
1999: CR2'[14, 8]
2000: CR1'[14, 8]
2001: CR3'[14, 9]
2002: CR2'[14, 9]
2003: CR1'[14, 9]
2004: CR4'[14, 10]
2005: CR3'[14, 10]
2006: CR2'[14, 10]
2007: CR1'[14, 10]
==== cluster[203]: depth=17 width=4
2008: CR5'[14, 11]
2009: CR4'[14, 11]
2010: CR3'[14, 11]
2011: CR2'[14, 11]
2012: CR1'[14, 11]
2013: CR6'[14, 12]
2014: CR5'[14, 12]
2015: CR4'[14, 12]
2016: CR3'[14, 12]
2017: CR2'[14, 12]
2018: CR1'[14, 12]
2019: CR7'[14, 13]
2020: CR6'[14, 13]
2021: CR5'[14, 13]
2022: CR4'[14, 13]
2023: CR3'[14, 13]
2024: CR2'[14, 13]
==== cluster[204]: depth=21 width=6
2025: H[7]
2026: CR2'[7, 8]
2027: H[8]
2028: CR3'[7, 9]
2029: CR2'[8, 9]
2030: H[9]
2031: CR4'[7, 10]
2032: CR3'[8, 10]
2033: CR2'[9, 10]
2034: H[10]
2035: CR5'[7, 11]
2036: CR4'[8, 11]
2037: CR3'[9, 11]
2038: CR2'[10, 11]
2039: H[11]
2040: CR6'[7, 12]
2041: CR5'[8, 12]
2042: CR4'[9, 12]
2043: CR3'[10, 12]
2044: CR2'[11, 12]
2045: H[12]
==== cluster[205]: depth= 4 width=5
2046: CR7'[7, 13]
2047: CR6'[8, 13]
2048: CR5'[9, 13]
2049: CR4'[10, 13]
==== cluster[206]: depth= 8 width=5
2050: CR3'[11, 13]
2051: CR2'[12, 13]
2052: H[13]
2053: CNOT[13, 14]
2054: H[13]
2055: CR2[12, 13]
2056: CR3[11, 13]
2057: CR4[10, 13]
==== cluster[207]: depth= 3 width=4
2058: CR5[9, 13]
2059: CR6[8, 13]
2060: CR7[7, 13]
==== cluster[208]: depth=21 width=6
2061: H[12]
2062: CR2[11, 12]
2063: CR3[10, 12]
2064: CR4[9, 12]
2065: CR5[8, 12]
2066: CR6[7, 12]
2067: H[11]
2068: CR2[10, 11]
2069: CR3[9, 11]
2070: CR4[8, 11]
2071: CR5[7, 11]
2072: H[10]
2073: CR2[9, 10]
2074: CR3[8, 10]
2075: CR4[7, 10]
2076: H[9]
2077: CR2[8, 9]
2078: CR3[7, 9]
2079: H[8]
2080: CR2[7, 8]
2081: H[7]
==== cluster[209]: depth=21 width=4
2082: R2[13]
2083: R3[13]
2084: R4[13]
2085: R5[13]
2086: R6[13]
2087: R7[13]
2088: R1[12]
2089: R2[12]
2090: R3[12]
2091: R4[12]
2092: R5[12]
2093: R6[12]
2094: R1[11]
2095: R2[11]
2096: R3[11]
2097: R4[11]
2098: R5[11]
2099: R1[10]
2100: R2[10]
2101: R3[10]
2102: R4[10]
==== cluster[210]: depth=10 width=6
2103: R1[9]
2104: R2[9]
2105: R3[9]
2106: R1[8]
2107: R2[8]
2108: R1[7]
2109: CCR1'[0, 2, 7]
2110: CCR2'[0, 2, 8]
2111: CCR3'[0, 2, 9]
2112: CCR4'[0, 2, 10]
==== cluster[211]: depth= 5 width=6
2113: CCR5'[0, 2, 11]
2114: CCR6'[0, 2, 12]
2115: CCR7'[0, 2, 13]
2116: CCR1'[0, 1, 12]
2117: CCR2'[0, 1, 13]
==== cluster[212]: depth=21 width=6
2118: H[7]
2119: CR2'[7, 8]
2120: H[8]
2121: CR3'[7, 9]
2122: CR2'[8, 9]
2123: H[9]
2124: CR4'[7, 10]
2125: CR3'[8, 10]
2126: CR2'[9, 10]
2127: H[10]
2128: CR5'[7, 11]
2129: CR4'[8, 11]
2130: CR3'[9, 11]
2131: CR2'[10, 11]
2132: H[11]
2133: CR6'[7, 12]
2134: CR5'[8, 12]
2135: CR4'[9, 12]
2136: CR3'[10, 12]
2137: CR2'[11, 12]
2138: H[12]
==== cluster[213]: depth= 4 width=5
2139: CR7'[7, 13]
2140: CR6'[8, 13]
2141: CR5'[9, 13]
2142: CR4'[10, 13]
==== cluster[214]: depth=10 width=5
2143: CR3'[11, 13]
2144: CR2'[12, 13]
2145: H[13]
2146: X[13]
2147: CNOT[13, 14]
2148: X[13]
2149: H[13]
2150: CR2[12, 13]
2151: CR3[11, 13]
2152: CR4[10, 13]
==== cluster[215]: depth= 3 width=4
2153: CR5[9, 13]
2154: CR6[8, 13]
2155: CR7[7, 13]
==== cluster[216]: depth=21 width=6
2156: H[12]
2157: CR2[11, 12]
2158: CR3[10, 12]
2159: CR4[9, 12]
2160: CR5[8, 12]
2161: CR6[7, 12]
2162: H[11]
2163: CR2[10, 11]
2164: CR3[9, 11]
2165: CR4[8, 11]
2166: CR5[7, 11]
2167: H[10]
2168: CR2[9, 10]
2169: CR3[8, 10]
2170: CR4[7, 10]
2171: H[9]
2172: CR2[8, 9]
2173: CR3[7, 9]
2174: H[8]
2175: CR2[7, 8]
2176: H[7]
==== cluster[217]: depth= 2 width=4
2177: CCR2[0, 1, 13]
2178: CCR1[0, 1, 12]
==== cluster[218]: depth=10 width=5
2179: CR1'[14, 7]
2180: CR2'[14, 8]
2181: CR1'[14, 8]
2182: CR3'[14, 9]
2183: CR2'[14, 9]
2184: CR1'[14, 9]
2185: CR4'[14, 10]
2186: CR3'[14, 10]
2187: CR2'[14, 10]
2188: CR1'[14, 10]
==== cluster[219]: depth=17 width=4
2189: CR5'[14, 11]
2190: CR4'[14, 11]
2191: CR3'[14, 11]
2192: CR2'[14, 11]
2193: CR1'[14, 11]
2194: CR6'[14, 12]
2195: CR5'[14, 12]
2196: CR4'[14, 12]
2197: CR3'[14, 12]
2198: CR2'[14, 12]
2199: CR1'[14, 12]
2200: CR7'[14, 13]
2201: CR6'[14, 13]
2202: CR5'[14, 13]
2203: CR4'[14, 13]
2204: CR3'[14, 13]
2205: CR2'[14, 13]
==== cluster[220]: depth=21 width=6
2206: H[7]
2207: CR2'[7, 8]
2208: H[8]
2209: CR3'[7, 9]
2210: CR2'[8, 9]
2211: H[9]
2212: CR4'[7, 10]
2213: CR3'[8, 10]
2214: CR2'[9, 10]
2215: H[10]
2216: CR5'[7, 11]
2217: CR4'[8, 11]
2218: CR3'[9, 11]
2219: CR2'[10, 11]
2220: H[11]
2221: CR6'[7, 12]
2222: CR5'[8, 12]
2223: CR4'[9, 12]
2224: CR3'[10, 12]
2225: CR2'[11, 12]
2226: H[12]
==== cluster[221]: depth= 4 width=5
2227: CR7'[7, 13]
2228: CR6'[8, 13]
2229: CR5'[9, 13]
2230: CR4'[10, 13]
==== cluster[222]: depth= 8 width=5
2231: CR3'[11, 13]
2232: CR2'[12, 13]
2233: H[13]
2234: CNOT[13, 14]
2235: H[13]
2236: CR2[12, 13]
2237: CR3[11, 13]
2238: CR4[10, 13]
==== cluster[223]: depth= 3 width=4
2239: CR5[9, 13]
2240: CR6[8, 13]
2241: CR7[7, 13]
==== cluster[224]: depth=21 width=6
2242: H[12]
2243: CR2[11, 12]
2244: CR3[10, 12]
2245: CR4[9, 12]
2246: CR5[8, 12]
2247: CR6[7, 12]
2248: H[11]
2249: CR2[10, 11]
2250: CR3[9, 11]
2251: CR4[8, 11]
2252: CR5[7, 11]
2253: H[10]
2254: CR2[9, 10]
2255: CR3[8, 10]
2256: CR4[7, 10]
2257: H[9]
2258: CR2[8, 9]
2259: CR3[7, 9]
2260: H[8]
2261: CR2[7, 8]
2262: H[7]
==== cluster[225]: depth=21 width=4
2263: R2[13]
2264: R3[13]
2265: R4[13]
2266: R5[13]
2267: R6[13]
2268: R7[13]
2269: R1[12]
2270: R2[12]
2271: R3[12]
2272: R4[12]
2273: R5[12]
2274: R6[12]
2275: R1[11]
2276: R2[11]
2277: R3[11]
2278: R4[11]
2279: R5[11]
2280: R1[10]
2281: R2[10]
2282: R3[10]
2283: R4[10]
==== cluster[226]: depth= 6 width=3
2284: R1[9]
2285: R2[9]
2286: R3[9]
2287: R1[8]
2288: R2[8]
2289: R1[7]
==== cluster[227]: depth= 2 width=4
2290: CCR1'[0, 1, 12]
2291: CCR2'[0, 1, 13]
==== cluster[228]: depth=21 width=6
2292: H[7]
2293: CR2'[7, 8]
2294: H[8]
2295: CR3'[7, 9]
2296: CR2'[8, 9]
2297: H[9]
2298: CR4'[7, 10]
2299: CR3'[8, 10]
2300: CR2'[9, 10]
2301: H[10]
2302: CR5'[7, 11]
2303: CR4'[8, 11]
2304: CR3'[9, 11]
2305: CR2'[10, 11]
2306: H[11]
2307: CR6'[7, 12]
2308: CR5'[8, 12]
2309: CR4'[9, 12]
2310: CR3'[10, 12]
2311: CR2'[11, 12]
2312: H[12]
==== cluster[229]: depth= 4 width=5
2313: CR7'[7, 13]
2314: CR6'[8, 13]
2315: CR5'[9, 13]
2316: CR4'[10, 13]
==== cluster[230]: depth= 3 width=3
2317: CR3'[11, 13]
2318: CR2'[12, 13]
2319: H[13]
