=== Original: 323 ./suprem_56.txt
 0: H[0]
 1: H[1]
 2: H[2]
 3: H[3]
 4: H[4]
 5: H[5]
 6: H[6]
 7: H[7]
 8: H[8]
 9: H[9]
10: H[10]
11: H[11]
12: H[12]
13: H[13]
14: H[14]
15: H[15]
16: H[16]
17: H[17]
18: H[18]
19: H[19]
20: H[20]
21: H[21]
22: H[22]
23: H[23]
24: H[24]
25: H[25]
26: H[26]
27: H[27]
28: H[28]
29: H[29]
30: CZ[2, 3]
31: CZ[14, 15]
32: CZ[26, 27]
33: CZ[6, 7]
34: CZ[10, 11]
35: CZ[18, 19]
36: CZ[22, 23]
37: H[0]
38: H[1]
39: H[2]
40: H[3]
41: H[4]
42: H[5]
43: H[6]
44: H[7]
45: H[8]
46: H[9]
47: H[10]
48: H[11]
49: H[12]
50: H[13]
51: H[14]
52: H[15]
53: H[16]
54: H[17]
55: H[18]
56: H[19]
57: H[20]
58: H[21]
59: H[22]
60: H[23]
61: H[24]
62: H[25]
63: H[26]
64: H[27]
65: H[28]
66: H[29]
67: CZ[0, 1]
68: CZ[4, 5]
69: CZ[12, 13]
70: CZ[16, 17]
71: CZ[24, 25]
72: CZ[28, 29]
73: CZ[8, 9]
74: CZ[20, 21]
75: H[0]
76: H[1]
77: H[2]
78: H[3]
79: H[4]
80: H[5]
81: H[6]
82: H[7]
83: H[8]
84: H[9]
85: H[10]
86: H[11]
87: H[12]
88: H[13]
89: H[14]
90: H[15]
91: H[16]
92: H[17]
93: H[18]
94: H[19]
95: H[20]
96: H[21]
97: H[22]
98: H[23]
99: H[24]
100: H[25]
101: H[26]
102: H[27]
103: H[28]
104: H[29]
105: CZ[18, 24]
106: CZ[20, 26]
107: CZ[22, 28]
108: CZ[7, 13]
109: CZ[9, 15]
110: CZ[11, 17]
111: H[0]
112: H[1]
113: H[2]
114: H[3]
115: H[4]
116: H[5]
117: H[6]
118: H[7]
119: H[8]
120: H[9]
121: H[10]
122: H[11]
123: H[12]
124: H[13]
125: H[14]
126: H[15]
127: H[16]
128: H[17]
129: H[18]
130: H[19]
131: H[20]
132: H[21]
133: H[22]
134: H[23]
135: H[24]
136: H[25]
137: H[26]
138: H[27]
139: H[28]
140: H[29]
141: CZ[6, 12]
142: CZ[8, 14]
143: CZ[10, 16]
144: CZ[19, 25]
145: CZ[21, 27]
146: CZ[23, 29]
147: H[0]
148: H[1]
149: H[2]
150: H[3]
151: H[4]
152: H[5]
153: H[6]
154: H[7]
155: H[8]
156: H[9]
157: H[10]
158: H[11]
159: H[12]
160: H[13]
161: H[14]
162: H[15]
163: H[16]
164: H[17]
165: H[18]
166: H[19]
167: H[20]
168: H[21]
169: H[22]
170: H[23]
171: H[24]
172: H[25]
173: H[26]
174: H[27]
175: H[28]
176: H[29]
177: CZ[3, 4]
178: CZ[15, 16]
179: CZ[27, 28]
180: CZ[7, 8]
181: CZ[11, 12]
182: CZ[19, 20]
183: CZ[23, 24]
184: H[0]
185: H[1]
186: H[2]
187: H[3]
188: H[4]
189: H[5]
190: H[6]
191: H[7]
192: H[8]
193: H[9]
194: H[10]
195: H[11]
196: H[12]
197: H[13]
198: H[14]
199: H[15]
200: H[16]
201: H[17]
202: H[18]
203: H[19]
204: H[20]
205: H[21]
206: H[22]
207: H[23]
208: H[24]
209: H[25]
210: H[26]
211: H[27]
212: H[28]
213: H[29]
214: CZ[1, 2]
215: CZ[5, 6]
216: CZ[13, 14]
217: CZ[17, 18]
218: CZ[25, 26]
219: CZ[9, 10]
220: CZ[21, 22]
221: H[0]
222: H[1]
223: H[2]
224: H[3]
225: H[4]
226: H[5]
227: H[6]
228: H[7]
229: H[8]
230: H[9]
231: H[10]
232: H[11]
233: H[12]
234: H[13]
235: H[14]
236: H[15]
237: H[16]
238: H[17]
239: H[18]
240: H[19]
241: H[20]
242: H[21]
243: H[22]
244: H[23]
245: H[24]
246: H[25]
247: H[26]
248: H[27]
249: H[28]
250: H[29]
251: CZ[0, 6]
252: CZ[2, 8]
253: CZ[4, 10]
254: CZ[13, 19]
255: CZ[15, 21]
256: CZ[17, 23]
257: H[0]
258: H[1]
259: H[2]
260: H[3]
261: H[4]
262: H[5]
263: H[6]
264: H[7]
265: H[8]
266: H[9]
267: H[10]
268: H[11]
269: H[12]
270: H[13]
271: H[14]
272: H[15]
273: H[16]
274: H[17]
275: H[18]
276: H[19]
277: H[20]
278: H[21]
279: H[22]
280: H[23]
281: H[24]
282: H[25]
283: H[26]
284: H[27]
285: H[28]
286: H[29]
287: CZ[12, 18]
288: CZ[14, 20]
289: CZ[16, 22]
290: CZ[1, 7]
291: CZ[3, 9]
292: CZ[5, 11]
293: H[0]
294: H[1]
295: H[2]
296: H[3]
297: H[4]
298: H[5]
299: H[6]
300: H[7]
301: H[8]
302: H[9]
303: H[10]
304: H[11]
305: H[12]
306: H[13]
307: H[14]
308: H[15]
309: H[16]
310: H[17]
311: H[18]
312: H[19]
313: H[20]
314: H[21]
315: H[22]
316: H[23]
317: H[24]
318: H[25]
319: H[26]
320: H[27]
321: H[28]
322: H[29]
=== Clusters: 17 ./supremS1_56_4.log
==== cluster[ 0]: depth=18 width=3
 0: H[0]
 1: H[0]
 2: H[1]
 3: H[1]
 4: CZ[0, 1]
 5: H[0]
 6: H[0]
 7: H[0]
 8: H[0]
 9: H[0]
10: H[1]
11: H[1]
12: H[1]
13: H[1]
14: CZ[1, 2]
15: H[1]
16: H[1]
17: H[2]
==== cluster[ 1]: depth=18 width=3
18: H[2]
19: H[3]
20: CZ[2, 3]
21: H[2]
22: H[2]
23: H[2]
24: H[2]
25: H[2]
26: H[3]
27: H[3]
28: H[3]
29: H[3]
30: CZ[3, 4]
31: H[3]
32: H[3]
33: H[3]
34: H[4]
35: H[4]
==== cluster[ 2]: depth=16 width=3
36: H[4]
37: H[4]
38: H[5]
39: H[5]
40: CZ[4, 5]
41: H[4]
42: H[4]
43: H[4]
44: H[5]
45: H[5]
46: H[5]
47: H[5]
48: CZ[5, 6]
49: H[5]
50: H[5]
51: H[6]
==== cluster[ 3]: depth=26 width=4
52: H[6]
53: H[7]
54: CZ[6, 7]
55: H[6]
56: H[6]
57: H[6]
58: H[7]
59: H[7]
60: CZ[7, 13]
61: H[7]
62: H[7]
63: H[13]
64: H[13]
65: H[13]
66: H[12]
67: H[12]
68: H[13]
69: H[13]
70: CZ[12, 13]
71: H[12]
72: H[12]
73: H[13]
74: CZ[6, 12]
75: H[6]
76: H[6]
77: H[12]
==== cluster[ 4]: depth=26 width=4
78: H[8]
79: H[8]
80: H[9]
81: H[9]
82: CZ[8, 9]
83: H[8]
84: H[8]
85: H[9]
86: CZ[9, 15]
87: H[9]
88: H[9]
89: H[9]
90: H[15]
91: H[15]
92: H[14]
93: H[15]
94: CZ[14, 15]
95: H[14]
96: H[14]
97: H[14]
98: H[15]
99: H[15]
100: CZ[8, 14]
101: H[8]
102: H[14]
103: H[14]
==== cluster[ 5]: depth=26 width=4
104: H[10]
105: H[11]
106: CZ[10, 11]
107: H[10]
108: H[10]
109: H[10]
110: H[11]
111: H[11]
112: CZ[11, 17]
113: H[11]
114: H[11]
115: H[17]
116: H[17]
117: H[17]
118: H[16]
119: H[16]
120: H[17]
121: H[17]
122: CZ[16, 17]
123: H[16]
124: H[16]
125: H[17]
126: CZ[10, 16]
127: H[10]
128: H[10]
129: H[16]
==== cluster[ 6]: depth=26 width=4
130: H[18]
131: H[19]
132: CZ[18, 19]
133: H[18]
134: H[18]
135: H[19]
136: H[19]
137: H[19]
138: CZ[18, 24]
139: H[18]
140: H[18]
141: H[18]
142: H[24]
143: H[24]
144: H[24]
145: H[24]
146: H[25]
147: H[25]
148: CZ[24, 25]
149: H[24]
150: H[25]
151: H[25]
152: CZ[19, 25]
153: H[19]
154: H[25]
155: H[25]
==== cluster[ 7]: depth=26 width=4
156: H[20]
157: H[20]
158: H[21]
159: H[21]
160: CZ[20, 21]
161: H[20]
162: H[21]
163: H[21]
164: CZ[20, 26]
165: H[20]
166: H[20]
167: H[26]
168: H[26]
169: H[26]
170: H[26]
171: H[27]
172: CZ[26, 27]
173: H[26]
174: H[26]
175: H[27]
176: H[27]
177: H[27]
178: CZ[21, 27]
179: H[21]
180: H[21]
181: H[27]
==== cluster[ 8]: depth=29 width=4
182: H[22]
183: H[23]
184: CZ[22, 23]
185: H[22]
186: H[22]
187: H[23]
188: H[23]
189: H[23]
190: CZ[22, 28]
191: H[22]
192: H[22]
193: H[22]
194: H[28]
195: H[28]
196: H[28]
197: H[28]
198: H[29]
199: H[29]
200: CZ[28, 29]
201: H[28]
202: H[29]
203: H[29]
204: CZ[23, 29]
205: H[23]
206: H[29]
207: H[29]
208: H[29]
209: H[29]
210: H[29]
==== cluster[ 9]: depth=18 width=4
211: CZ[15, 16]
212: H[15]
213: H[15]
214: H[16]
215: H[16]
216: H[16]
217: CZ[15, 21]
218: H[15]
219: H[15]
220: H[21]
221: H[21]
222: CZ[21, 22]
223: H[21]
224: H[22]
225: H[22]
226: CZ[16, 22]
227: H[16]
228: H[22]
==== cluster[10]: depth=13 width=4
229: CZ[27, 28]
230: H[27]
231: H[27]
232: H[27]
233: H[27]
234: H[28]
235: H[28]
236: H[28]
237: H[28]
238: CZ[17, 18]
239: H[17]
240: H[18]
241: H[18]
==== cluster[11]: depth=14 width=4
242: CZ[7, 8]
243: H[7]
244: H[7]
245: H[7]
246: H[8]
247: H[8]
248: CZ[2, 8]
249: H[2]
250: H[2]
251: H[8]
252: H[8]
253: CZ[1, 7]
254: H[1]
255: H[7]
==== cluster[12]: depth=13 width=4
256: CZ[11, 12]
257: H[11]
258: H[11]
259: H[11]
260: H[12]
261: H[12]
262: H[12]
263: CZ[12, 18]
264: H[12]
265: H[18]
266: CZ[5, 11]
267: H[5]
268: H[11]
==== cluster[13]: depth=18 width=4
269: CZ[19, 20]
270: H[19]
271: H[19]
272: H[20]
273: H[20]
274: H[20]
275: CZ[13, 19]
276: H[13]
277: H[13]
278: H[19]
279: H[19]
280: CZ[13, 14]
281: H[13]
282: H[14]
283: H[14]
284: CZ[14, 20]
285: H[14]
286: H[20]
==== cluster[14]: depth=12 width=3
287: CZ[23, 24]
288: H[23]
289: H[23]
290: H[24]
291: H[24]
292: H[24]
293: H[24]
294: CZ[17, 23]
295: H[17]
296: H[17]
297: H[23]
298: H[23]
==== cluster[15]: depth=12 width=4
299: CZ[25, 26]
300: H[25]
301: H[25]
302: H[25]
303: H[26]
304: H[26]
305: H[26]
306: CZ[0, 6]
307: H[0]
308: H[0]
309: H[6]
310: H[6]
==== cluster[16]: depth=12 width=4
311: CZ[9, 10]
312: H[9]
313: H[9]
314: H[10]
315: CZ[4, 10]
316: H[4]
317: H[4]
318: H[10]
319: H[10]
320: CZ[3, 9]
321: H[3]
322: H[9]
