=== Original:
 0: H[0]
 1: H[1]
 2: H[2]
 3: H[3]
 4: H[4]
 5: H[5]
 6: H[6]
 7: H[7]
 8: H[8]
 9: H[9]
10: H[10]
11: H[11]
12: H[12]
13: H[13]
14: H[14]
15: H[15]
16: H[16]
17: H[17]
18: H[18]
19: H[19]
20: H[20]
21: H[21]
22: H[22]
23: H[23]
24: H[24]
25: H[25]
26: H[26]
27: H[27]
28: H[28]
29: H[29]
30: CZ[2, 3]
31: CZ[14, 15]
32: CZ[26, 27]
33: CZ[6, 7]
34: CZ[10, 11]
35: CZ[18, 19]
36: CZ[22, 23]
37: H[0]
38: H[1]
39: H[2]
40: H[3]
41: H[4]
42: H[5]
43: H[6]
44: H[7]
45: H[8]
46: H[9]
47: H[10]
48: H[11]
49: H[12]
50: H[13]
51: H[14]
52: H[15]
53: H[16]
54: H[17]
55: H[18]
56: H[19]
57: H[20]
58: H[21]
59: H[22]
60: H[23]
61: H[24]
62: H[25]
63: H[26]
64: H[27]
65: H[28]
66: H[29]
67: CZ[0, 1]
68: CZ[4, 5]
69: CZ[12, 13]
70: CZ[16, 17]
71: CZ[24, 25]
72: CZ[28, 29]
73: CZ[8, 9]
74: CZ[20, 21]
75: H[0]
76: H[1]
77: H[2]
78: H[3]
79: H[4]
80: H[5]
81: H[6]
82: H[7]
83: H[8]
84: H[9]
85: H[10]
86: H[11]
87: H[12]
88: H[13]
89: H[14]
90: H[15]
91: H[16]
92: H[17]
93: H[18]
94: H[19]
95: H[20]
96: H[21]
97: H[22]
98: H[23]
99: H[24]
100: H[25]
101: H[26]
102: H[27]
103: H[28]
104: H[29]
105: CZ[18, 24]
106: CZ[20, 26]
107: CZ[22, 28]
108: CZ[7, 13]
109: CZ[9, 15]
110: CZ[11, 17]
111: H[0]
112: H[1]
113: H[2]
114: H[3]
115: H[4]
116: H[5]
117: H[6]
118: H[7]
119: H[8]
120: H[9]
121: H[10]
122: H[11]
123: H[12]
124: H[13]
125: H[14]
126: H[15]
127: H[16]
128: H[17]
129: H[18]
130: H[19]
131: H[20]
132: H[21]
133: H[22]
134: H[23]
135: H[24]
136: H[25]
137: H[26]
138: H[27]
139: H[28]
140: H[29]
141: CZ[6, 12]
142: CZ[8, 14]
143: CZ[10, 16]
144: CZ[19, 25]
145: CZ[21, 27]
146: CZ[23, 29]
147: H[0]
148: H[1]
149: H[2]
150: H[3]
151: H[4]
152: H[5]
153: H[6]
154: H[7]
155: H[8]
156: H[9]
157: H[10]
158: H[11]
159: H[12]
160: H[13]
161: H[14]
162: H[15]
163: H[16]
164: H[17]
165: H[18]
166: H[19]
167: H[20]
168: H[21]
169: H[22]
170: H[23]
171: H[24]
172: H[25]
173: H[26]
174: H[27]
175: H[28]
176: H[29]
177: CZ[3, 4]
178: CZ[15, 16]
179: CZ[27, 28]
180: CZ[7, 8]
181: CZ[11, 12]
182: CZ[19, 20]
183: CZ[23, 24]
184: H[0]
185: H[1]
186: H[2]
187: H[3]
188: H[4]
189: H[5]
190: H[6]
191: H[7]
192: H[8]
193: H[9]
194: H[10]
195: H[11]
196: H[12]
197: H[13]
198: H[14]
199: H[15]
200: H[16]
201: H[17]
202: H[18]
203: H[19]
204: H[20]
205: H[21]
206: H[22]
207: H[23]
208: H[24]
209: H[25]
210: H[26]
211: H[27]
212: H[28]
213: H[29]
214: CZ[1, 2]
215: CZ[5, 6]
216: CZ[13, 14]
217: CZ[17, 18]
218: CZ[25, 26]
219: CZ[9, 10]
220: CZ[21, 22]
221: H[0]
222: H[1]
223: H[2]
224: H[3]
225: H[4]
226: H[5]
227: H[6]
228: H[7]
229: H[8]
230: H[9]
231: H[10]
232: H[11]
233: H[12]
234: H[13]
235: H[14]
236: H[15]
237: H[16]
238: H[17]
239: H[18]
240: H[19]
241: H[20]
242: H[21]
243: H[22]
244: H[23]
245: H[24]
246: H[25]
247: H[26]
248: H[27]
249: H[28]
250: H[29]
251: CZ[0, 6]
252: CZ[2, 8]
253: CZ[4, 10]
254: CZ[13, 19]
255: CZ[15, 21]
256: CZ[17, 23]
257: H[0]
258: H[1]
259: H[2]
260: H[3]
261: H[4]
262: H[5]
263: H[6]
264: H[7]
265: H[8]
266: H[9]
267: H[10]
268: H[11]
269: H[12]
270: H[13]
271: H[14]
272: H[15]
273: H[16]
274: H[17]
275: H[18]
276: H[19]
277: H[20]
278: H[21]
279: H[22]
280: H[23]
281: H[24]
282: H[25]
283: H[26]
284: H[27]
285: H[28]
286: H[29]
287: CZ[12, 18]
288: CZ[14, 20]
289: CZ[16, 22]
290: CZ[1, 7]
291: CZ[3, 9]
292: CZ[5, 11]
293: H[0]
294: H[1]
295: H[2]
296: H[3]
297: H[4]
298: H[5]
299: H[6]
300: H[7]
301: H[8]
302: H[9]
303: H[10]
304: H[11]
305: H[12]
306: H[13]
307: H[14]
308: H[15]
309: H[16]
310: H[17]
311: H[18]
312: H[19]
313: H[20]
314: H[21]
315: H[22]
316: H[23]
317: H[24]
318: H[25]
319: H[26]
320: H[27]
321: H[28]
322: H[29]
=== Clusters (cost=  6.872):
==== cluster[ 0]: depth=26 width=4
 0: H[24]
 1: H[25]
 2: H[18]
 3: H[19]
 4: H[24]
 5: H[25]
 6: CZ[18, 19]
 7: H[19]
 8: CZ[24, 25]
 9: H[25]
10: H[18]
11: H[19]
12: H[24]
13: H[25]
14: H[18]
15: H[19]
16: CZ[18, 24]
17: CZ[19, 25]
18: H[18]
19: H[19]
20: H[24]
21: H[25]
22: H[18]
23: H[24]
24: H[25]
25: H[18]
==== cluster[ 1]: depth=33 width=5
26: H[20]
27: H[21]
28: H[26]
29: H[27]
30: H[20]
31: H[21]
32: CZ[26, 27]
33: H[27]
34: CZ[20, 21]
35: H[21]
36: H[26]
37: H[27]
38: H[20]
39: H[21]
40: H[26]
41: H[27]
42: CZ[20, 26]
43: CZ[21, 27]
44: H[26]
45: H[27]
46: H[20]
47: H[21]
48: H[26]
49: H[20]
50: H[21]
51: H[26]
52: CZ[25, 26]
53: H[26]
54: H[25]
55: H[26]
56: H[25]
57: H[26]
58: H[25]
==== cluster[ 2]: depth=38 width=5
59: H[22]
60: H[23]
61: H[28]
62: H[29]
63: CZ[22, 23]
64: H[23]
65: H[28]
66: H[29]
67: H[22]
68: H[23]
69: CZ[28, 29]
70: H[29]
71: H[22]
72: H[23]
73: H[28]
74: H[29]
75: CZ[22, 28]
76: CZ[23, 29]
77: H[28]
78: H[29]
79: H[22]
80: H[23]
81: H[28]
82: H[29]
83: H[22]
84: H[22]
85: CZ[27, 28]
86: H[28]
87: H[29]
88: H[27]
89: H[28]
90: H[29]
91: H[27]
92: H[28]
93: H[29]
94: H[27]
95: H[28]
96: H[27]
==== cluster[ 3]: depth=26 width=4
97: H[16]
98: H[17]
99: H[10]
100: H[11]
101: H[16]
102: H[17]
103: CZ[10, 11]
104: H[11]
105: CZ[16, 17]
106: H[17]
107: H[10]
108: H[11]
109: H[16]
110: CZ[11, 17]
111: H[10]
112: H[11]
113: H[16]
114: H[17]
115: H[10]
116: H[11]
117: CZ[10, 16]
118: H[17]
119: H[10]
120: H[16]
121: H[17]
122: H[10]
==== cluster[ 4]: depth=26 width=4
123: H[12]
124: H[13]
125: H[6]
126: H[7]
127: H[12]
128: H[13]
129: CZ[6, 7]
130: H[7]
131: CZ[12, 13]
132: H[13]
133: H[6]
134: H[7]
135: H[12]
136: CZ[7, 13]
137: H[6]
138: H[7]
139: H[12]
140: H[13]
141: H[6]
142: H[7]
143: CZ[6, 12]
144: H[13]
145: H[6]
146: H[12]
147: H[13]
148: H[6]
==== cluster[ 5]: depth=30 width=5
149: H[8]
150: H[9]
151: H[14]
152: H[15]
153: H[8]
154: H[9]
155: CZ[14, 15]
156: H[15]
157: CZ[8, 9]
158: H[9]
159: H[14]
160: H[15]
161: H[8]
162: CZ[9, 15]
163: H[14]
164: H[15]
165: H[8]
166: H[9]
167: H[14]
168: H[15]
169: CZ[8, 14]
170: H[9]
171: H[14]
172: H[8]
173: H[9]
174: H[14]
175: CZ[13, 14]
176: H[14]
177: H[13]
178: H[14]
==== cluster[ 6]: depth=18 width=4
179: CZ[15, 16]
180: CZ[21, 22]
181: H[22]
182: H[15]
183: H[16]
184: H[21]
185: H[22]
186: H[15]
187: H[16]
188: CZ[15, 21]
189: H[15]
190: H[16]
191: H[21]
192: CZ[16, 22]
193: H[15]
194: H[16]
195: H[21]
196: H[22]
==== cluster[ 7]: depth=35 width=5
197: H[0]
198: H[1]
199: H[4]
200: H[5]
201: H[0]
202: H[1]
203: H[4]
204: H[5]
205: CZ[0, 1]
206: H[1]
207: CZ[4, 5]
208: H[5]
209: H[0]
210: H[1]
211: H[4]
212: H[5]
213: H[0]
214: H[1]
215: H[4]
216: H[5]
217: H[0]
218: H[1]
219: H[4]
220: H[5]
221: CZ[5, 6]
222: H[0]
223: H[0]
224: H[5]
225: H[6]
226: CZ[0, 6]
227: H[5]
228: H[6]
229: H[0]
230: H[0]
231: H[6]
==== cluster[ 8]: depth=30 width=5
232: H[2]
233: H[3]
234: CZ[7, 8]
235: H[8]
236: CZ[2, 3]
237: H[3]
238: H[7]
239: H[8]
240: H[2]
241: H[3]
242: H[7]
243: H[2]
244: H[3]
245: H[7]
246: H[2]
247: H[3]
248: H[2]
249: H[2]
250: CZ[1, 2]
251: H[2]
252: CZ[2, 8]
253: H[1]
254: H[2]
255: H[8]
256: H[1]
257: H[2]
258: CZ[1, 7]
259: H[8]
260: H[1]
261: H[7]
==== cluster[ 9]: depth=18 width=4
262: CZ[9, 10]
263: H[10]
264: CZ[3, 4]
265: H[4]
266: H[9]
267: H[3]
268: H[4]
269: H[9]
270: CZ[4, 10]
271: H[3]
272: H[4]
273: H[10]
274: H[3]
275: H[4]
276: CZ[3, 9]
277: H[10]
278: H[3]
279: H[9]
==== cluster[10]: depth=16 width=4
280: CZ[23, 24]
281: CZ[17, 18]
282: H[18]
283: H[23]
284: H[24]
285: H[17]
286: H[18]
287: H[23]
288: H[24]
289: CZ[17, 23]
290: H[24]
291: H[17]
292: H[23]
293: H[24]
294: H[17]
295: H[23]
==== cluster[11]: depth=13 width=4
296: CZ[11, 12]
297: H[12]
298: H[11]
299: H[12]
300: H[11]
301: H[12]
302: CZ[12, 18]
303: H[11]
304: H[12]
305: CZ[5, 11]
306: H[18]
307: H[11]
308: H[5]
==== cluster[12]: depth=14 width=4
309: CZ[19, 20]
310: H[20]
311: H[19]
312: H[20]
313: H[19]
314: H[20]
315: CZ[13, 19]
316: CZ[14, 20]
317: H[19]
318: H[20]
319: H[13]
320: H[14]
321: H[19]
322: H[13]
