=== Original:
 0: H[0]
 1: H[1]
 2: H[2]
 3: H[3]
 4: H[4]
 5: H[5]
 6: H[6]
 7: H[7]
 8: H[8]
 9: H[9]
10: H[10]
11: H[11]
12: H[12]
13: H[13]
14: H[14]
15: H[15]
16: H[16]
17: H[17]
18: H[18]
19: H[19]
20: H[20]
21: H[21]
22: H[22]
23: H[23]
24: H[24]
25: CZ[2, 3]
26: CZ[12, 13]
27: CZ[22, 23]
28: CZ[5, 6]
29: CZ[9, 10]
30: CZ[15, 16]
31: CZ[19, 20]
32: H[0]
33: H[1]
34: H[2]
35: H[3]
36: H[4]
37: H[5]
38: H[6]
39: H[7]
40: H[8]
41: H[9]
42: H[10]
43: H[11]
44: H[12]
45: H[13]
46: H[14]
47: H[15]
48: H[16]
49: H[17]
50: H[18]
51: H[19]
52: H[20]
53: H[21]
54: H[22]
55: H[23]
56: H[24]
57: CZ[0, 1]
58: CZ[4, 5]
59: CZ[10, 11]
60: CZ[14, 15]
61: CZ[20, 21]
62: CZ[7, 8]
63: CZ[17, 18]
64: H[0]
65: H[1]
66: H[2]
67: H[3]
68: H[4]
69: H[5]
70: H[6]
71: H[7]
72: H[8]
73: H[9]
74: H[10]
75: H[11]
76: H[12]
77: H[13]
78: H[14]
79: H[15]
80: H[16]
81: H[17]
82: H[18]
83: H[19]
84: H[20]
85: H[21]
86: H[22]
87: H[23]
88: H[24]
89: CZ[15, 20]
90: CZ[17, 22]
91: CZ[19, 24]
92: CZ[6, 11]
93: CZ[8, 13]
94: H[0]
95: H[1]
96: H[2]
97: H[3]
98: H[4]
99: H[5]
100: H[6]
101: H[7]
102: H[8]
103: H[9]
104: H[10]
105: H[11]
106: H[12]
107: H[13]
108: H[14]
109: H[15]
110: H[16]
111: H[17]
112: H[18]
113: H[19]
114: H[20]
115: H[21]
116: H[22]
117: H[23]
118: H[24]
119: CZ[5, 10]
120: CZ[7, 12]
121: CZ[9, 14]
122: CZ[16, 21]
123: CZ[18, 23]
124: H[0]
125: H[1]
126: H[2]
127: H[3]
128: H[4]
129: H[5]
130: H[6]
131: H[7]
132: H[8]
133: H[9]
134: H[10]
135: H[11]
136: H[12]
137: H[13]
138: H[14]
139: H[15]
140: H[16]
141: H[17]
142: H[18]
143: H[19]
144: H[20]
145: H[21]
146: H[22]
147: H[23]
148: H[24]
149: CZ[3, 4]
150: CZ[13, 14]
151: CZ[23, 24]
152: CZ[6, 7]
153: CZ[16, 17]
154: H[0]
155: H[1]
156: H[2]
157: H[3]
158: H[4]
159: H[5]
160: H[6]
161: H[7]
162: H[8]
163: H[9]
164: H[10]
165: H[11]
166: H[12]
167: H[13]
168: H[14]
169: H[15]
170: H[16]
171: H[17]
172: H[18]
173: H[19]
174: H[20]
175: H[21]
176: H[22]
177: H[23]
178: H[24]
179: CZ[1, 2]
180: CZ[11, 12]
181: CZ[21, 22]
182: CZ[8, 9]
183: CZ[18, 19]
184: H[0]
185: H[1]
186: H[2]
187: H[3]
188: H[4]
189: H[5]
190: H[6]
191: H[7]
192: H[8]
193: H[9]
194: H[10]
195: H[11]
196: H[12]
197: H[13]
198: H[14]
199: H[15]
200: H[16]
201: H[17]
202: H[18]
203: H[19]
204: H[20]
205: H[21]
206: H[22]
207: H[23]
208: H[24]
209: CZ[0, 5]
210: CZ[2, 7]
211: CZ[4, 9]
212: CZ[11, 16]
213: CZ[13, 18]
214: H[0]
215: H[1]
216: H[2]
217: H[3]
218: H[4]
219: H[5]
220: H[6]
221: H[7]
222: H[8]
223: H[9]
224: H[10]
225: H[11]
226: H[12]
227: H[13]
228: H[14]
229: H[15]
230: H[16]
231: H[17]
232: H[18]
233: H[19]
234: H[20]
235: H[21]
236: H[22]
237: H[23]
238: H[24]
239: CZ[10, 15]
240: CZ[12, 17]
241: CZ[14, 19]
242: CZ[1, 6]
243: CZ[3, 8]
244: H[0]
245: H[1]
246: H[2]
247: H[3]
248: H[4]
249: H[5]
250: H[6]
251: H[7]
252: H[8]
253: H[9]
254: H[10]
255: H[11]
256: H[12]
257: H[13]
258: H[14]
259: H[15]
260: H[16]
261: H[17]
262: H[18]
263: H[19]
264: H[20]
265: H[21]
266: H[22]
267: H[23]
268: H[24]
=== Clusters (cost=  7.523):
==== cluster[ 0]: depth=26 width=4
 0: H[8]
 1: H[12]
 2: H[13]
 3: H[7]
 4: H[8]
 5: CZ[12, 13]
 6: H[13]
 7: H[7]
 8: CZ[7, 8]
 9: H[12]
10: H[13]
11: H[7]
12: H[8]
13: H[12]
14: CZ[8, 13]
15: H[7]
16: H[8]
17: H[12]
18: H[13]
19: CZ[7, 12]
20: H[8]
21: H[12]
22: H[13]
23: H[7]
24: H[8]
25: H[12]
==== cluster[ 1]: depth=26 width=4
26: H[17]
27: H[18]
28: H[22]
29: H[23]
30: H[17]
31: H[18]
32: CZ[22, 23]
33: H[23]
34: CZ[17, 18]
35: H[18]
36: H[22]
37: H[23]
38: H[17]
39: H[18]
40: H[22]
41: H[23]
42: CZ[17, 22]
43: CZ[18, 23]
44: H[22]
45: H[23]
46: H[17]
47: H[18]
48: H[22]
49: H[17]
50: H[18]
51: H[22]
==== cluster[ 2]: depth=30 width=4
52: H[0]
53: H[1]
54: H[2]
55: H[3]
56: H[0]
57: H[1]
58: CZ[2, 3]
59: H[3]
60: CZ[0, 1]
61: H[1]
62: H[2]
63: H[3]
64: H[0]
65: H[1]
66: H[2]
67: H[3]
68: H[0]
69: H[1]
70: H[2]
71: H[3]
72: H[0]
73: H[1]
74: H[2]
75: H[0]
76: H[2]
77: H[0]
78: CZ[1, 2]
79: H[2]
80: H[1]
81: H[1]
==== cluster[ 3]: depth=20 width=4
82: H[4]
83: H[5]
84: H[6]
85: H[4]
86: CZ[5, 6]
87: H[6]
88: H[5]
89: H[6]
90: CZ[4, 5]
91: H[5]
92: H[4]
93: H[5]
94: H[4]
95: H[4]
96: CZ[3, 4]
97: H[4]
98: H[3]
99: H[4]
100: H[3]
101: H[3]
==== cluster[ 4]: depth=24 width=4
102: H[24]
103: H[19]
104: H[20]
105: H[24]
106: CZ[19, 20]
107: H[20]
108: H[24]
109: H[19]
110: H[19]
111: CZ[19, 24]
112: H[19]
113: H[24]
114: H[19]
115: H[24]
116: H[19]
117: CZ[23, 24]
118: H[24]
119: H[24]
120: H[23]
121: H[24]
122: H[23]
123: H[24]
124: H[23]
125: H[23]
==== cluster[ 5]: depth=19 width=4
126: H[9]
127: H[10]
128: H[11]
129: CZ[9, 10]
130: H[10]
131: H[11]
132: H[9]
133: CZ[10, 11]
134: H[11]
135: CZ[6, 11]
136: H[9]
137: H[10]
138: H[11]
139: H[6]
140: H[9]
141: H[10]
142: H[11]
143: H[6]
144: H[11]
==== cluster[ 6]: depth=17 width=4
145: H[16]
146: H[14]
147: H[15]
148: CZ[15, 16]
149: H[14]
150: H[15]
151: H[16]
152: CZ[14, 15]
153: H[15]
154: H[16]
155: H[14]
156: H[16]
157: H[14]
158: CZ[9, 14]
159: H[14]
160: H[9]
161: H[9]
==== cluster[ 7]: depth=18 width=4
162: CZ[18, 19]
163: H[19]
164: CZ[13, 14]
165: H[14]
166: H[18]
167: H[19]
168: H[13]
169: H[14]
170: H[13]
171: H[14]
172: CZ[13, 18]
173: CZ[14, 19]
174: H[13]
175: H[14]
176: H[18]
177: H[19]
178: H[13]
179: H[18]
==== cluster[ 8]: depth=17 width=4
180: H[21]
181: H[21]
182: CZ[20, 21]
183: H[21]
184: H[20]
185: H[21]
186: CZ[16, 21]
187: H[16]
188: H[21]
189: H[21]
190: CZ[21, 22]
191: H[21]
192: H[22]
193: H[21]
194: H[22]
195: H[21]
196: H[22]
==== cluster[ 9]: depth=18 width=4
197: CZ[16, 17]
198: H[17]
199: CZ[11, 12]
200: H[12]
201: H[16]
202: H[17]
203: H[11]
204: H[12]
205: H[16]
206: H[17]
207: CZ[11, 16]
208: CZ[12, 17]
209: H[16]
210: H[17]
211: H[11]
212: H[12]
213: H[16]
214: H[11]
==== cluster[10]: depth= 9 width=3
215: CZ[8, 9]
216: H[9]
217: CZ[4, 9]
218: H[8]
219: H[9]
220: H[4]
221: H[8]
222: H[9]
223: H[4]
==== cluster[11]: depth=23 width=4
224: CZ[5, 10]
225: CZ[15, 20]
226: H[5]
227: H[15]
228: H[10]
229: H[20]
230: H[5]
231: H[15]
232: H[10]
233: H[20]
234: H[5]
235: H[15]
236: H[10]
237: H[20]
238: H[10]
239: H[20]
240: H[15]
241: H[20]
242: H[15]
243: CZ[10, 15]
244: H[20]
245: H[15]
246: H[10]
==== cluster[12]: depth= 9 width=4
247: CZ[3, 8]
248: H[3]
249: CZ[6, 7]
250: H[7]
251: H[8]
252: H[6]
253: H[7]
254: H[6]
255: H[6]
==== cluster[13]: depth=10 width=4
256: CZ[0, 5]
257: CZ[2, 7]
258: H[5]
259: H[7]
260: H[0]
261: H[2]
262: H[5]
263: H[7]
264: H[0]
265: H[2]
==== cluster[14]: depth= 3 width=2
266: CZ[1, 6]
267: H[6]
268: H[1]
