=== Original: 269 ./suprem_5.txt
 0: H[0]
 1: H[1]
 2: H[2]
 3: H[3]
 4: H[4]
 5: H[5]
 6: H[6]
 7: H[7]
 8: H[8]
 9: H[9]
10: H[10]
11: H[11]
12: H[12]
13: H[13]
14: H[14]
15: H[15]
16: H[16]
17: H[17]
18: H[18]
19: H[19]
20: H[20]
21: H[21]
22: H[22]
23: H[23]
24: H[24]
25: CZ[2, 3]
26: CZ[12, 13]
27: CZ[22, 23]
28: CZ[5, 6]
29: CZ[9, 10]
30: CZ[15, 16]
31: CZ[19, 20]
32: H[0]
33: H[1]
34: H[2]
35: H[3]
36: H[4]
37: H[5]
38: H[6]
39: H[7]
40: H[8]
41: H[9]
42: H[10]
43: H[11]
44: H[12]
45: H[13]
46: H[14]
47: H[15]
48: H[16]
49: H[17]
50: H[18]
51: H[19]
52: H[20]
53: H[21]
54: H[22]
55: H[23]
56: H[24]
57: CZ[0, 1]
58: CZ[4, 5]
59: CZ[10, 11]
60: CZ[14, 15]
61: CZ[20, 21]
62: CZ[7, 8]
63: CZ[17, 18]
64: H[0]
65: H[1]
66: H[2]
67: H[3]
68: H[4]
69: H[5]
70: H[6]
71: H[7]
72: H[8]
73: H[9]
74: H[10]
75: H[11]
76: H[12]
77: H[13]
78: H[14]
79: H[15]
80: H[16]
81: H[17]
82: H[18]
83: H[19]
84: H[20]
85: H[21]
86: H[22]
87: H[23]
88: H[24]
89: CZ[15, 20]
90: CZ[17, 22]
91: CZ[19, 24]
92: CZ[6, 11]
93: CZ[8, 13]
94: H[0]
95: H[1]
96: H[2]
97: H[3]
98: H[4]
99: H[5]
100: H[6]
101: H[7]
102: H[8]
103: H[9]
104: H[10]
105: H[11]
106: H[12]
107: H[13]
108: H[14]
109: H[15]
110: H[16]
111: H[17]
112: H[18]
113: H[19]
114: H[20]
115: H[21]
116: H[22]
117: H[23]
118: H[24]
119: CZ[5, 10]
120: CZ[7, 12]
121: CZ[9, 14]
122: CZ[16, 21]
123: CZ[18, 23]
124: H[0]
125: H[1]
126: H[2]
127: H[3]
128: H[4]
129: H[5]
130: H[6]
131: H[7]
132: H[8]
133: H[9]
134: H[10]
135: H[11]
136: H[12]
137: H[13]
138: H[14]
139: H[15]
140: H[16]
141: H[17]
142: H[18]
143: H[19]
144: H[20]
145: H[21]
146: H[22]
147: H[23]
148: H[24]
149: CZ[3, 4]
150: CZ[13, 14]
151: CZ[23, 24]
152: CZ[6, 7]
153: CZ[16, 17]
154: H[0]
155: H[1]
156: H[2]
157: H[3]
158: H[4]
159: H[5]
160: H[6]
161: H[7]
162: H[8]
163: H[9]
164: H[10]
165: H[11]
166: H[12]
167: H[13]
168: H[14]
169: H[15]
170: H[16]
171: H[17]
172: H[18]
173: H[19]
174: H[20]
175: H[21]
176: H[22]
177: H[23]
178: H[24]
179: CZ[1, 2]
180: CZ[11, 12]
181: CZ[21, 22]
182: CZ[8, 9]
183: CZ[18, 19]
184: H[0]
185: H[1]
186: H[2]
187: H[3]
188: H[4]
189: H[5]
190: H[6]
191: H[7]
192: H[8]
193: H[9]
194: H[10]
195: H[11]
196: H[12]
197: H[13]
198: H[14]
199: H[15]
200: H[16]
201: H[17]
202: H[18]
203: H[19]
204: H[20]
205: H[21]
206: H[22]
207: H[23]
208: H[24]
209: CZ[0, 5]
210: CZ[2, 7]
211: CZ[4, 9]
212: CZ[11, 16]
213: CZ[13, 18]
214: H[0]
215: H[1]
216: H[2]
217: H[3]
218: H[4]
219: H[5]
220: H[6]
221: H[7]
222: H[8]
223: H[9]
224: H[10]
225: H[11]
226: H[12]
227: H[13]
228: H[14]
229: H[15]
230: H[16]
231: H[17]
232: H[18]
233: H[19]
234: H[20]
235: H[21]
236: H[22]
237: H[23]
238: H[24]
239: CZ[10, 15]
240: CZ[12, 17]
241: CZ[14, 19]
242: CZ[1, 6]
243: CZ[3, 8]
244: H[0]
245: H[1]
246: H[2]
247: H[3]
248: H[4]
249: H[5]
250: H[6]
251: H[7]
252: H[8]
253: H[9]
254: H[10]
255: H[11]
256: H[12]
257: H[13]
258: H[14]
259: H[15]
260: H[16]
261: H[17]
262: H[18]
263: H[19]
264: H[20]
265: H[21]
266: H[22]
267: H[23]
268: H[24]
=== Clusters: 22 ./supremS1_5_4.log
==== cluster[ 0]: depth=18 width=3
 0: H[0]
 1: H[0]
 2: H[1]
 3: H[1]
 4: CZ[0, 1]
 5: H[0]
 6: H[0]
 7: H[0]
 8: H[0]
 9: H[0]
10: H[1]
11: H[1]
12: H[1]
13: H[1]
14: CZ[1, 2]
15: H[1]
16: H[1]
17: H[2]
==== cluster[ 1]: depth=18 width=3
18: H[2]
19: H[3]
20: CZ[2, 3]
21: H[2]
22: H[2]
23: H[2]
24: H[2]
25: H[2]
26: H[3]
27: H[3]
28: H[3]
29: H[3]
30: CZ[3, 4]
31: H[3]
32: H[3]
33: H[3]
34: H[4]
35: H[4]
==== cluster[ 2]: depth= 7 width=3
36: H[4]
37: H[4]
38: H[5]
39: H[24]
40: H[24]
41: H[24]
42: H[5]
==== cluster[ 3]: depth= 6 width=3
43: H[6]
44: H[7]
45: H[7]
46: CZ[5, 6]
47: H[6]
48: H[6]
==== cluster[ 4]: depth= 8 width=3
49: H[8]
50: H[8]
51: H[9]
52: CZ[9, 10]
53: H[9]
54: H[9]
55: H[9]
56: H[10]
==== cluster[ 5]: depth=13 width=3
57: H[10]
58: H[11]
59: H[11]
60: CZ[10, 11]
61: H[10]
62: H[10]
63: H[11]
64: CZ[6, 11]
65: H[6]
66: H[6]
67: H[11]
68: H[11]
69: H[11]
==== cluster[ 6]: depth=22 width=4
70: H[12]
71: H[13]
72: CZ[12, 13]
73: H[12]
74: H[12]
75: H[12]
76: H[13]
77: H[13]
78: CZ[8, 13]
79: H[8]
80: H[8]
81: H[8]
82: H[13]
83: H[13]
84: CZ[7, 8]
85: H[7]
86: H[7]
87: H[8]
88: CZ[7, 12]
89: H[7]
90: H[12]
91: H[12]
==== cluster[ 7]: depth= 8 width=3
92: H[14]
93: H[14]
94: H[15]
95: CZ[15, 16]
96: H[15]
97: H[16]
98: H[16]
99: H[16]
==== cluster[ 8]: depth= 7 width=3
100: H[16]
101: H[17]
102: H[17]
103: CZ[17, 18]
104: H[17]
105: H[18]
106: H[18]
==== cluster[ 9]: depth= 7 width=3
107: H[18]
108: H[18]
109: H[19]
110: CZ[19, 20]
111: H[19]
112: H[19]
113: H[20]
==== cluster[10]: depth=19 width=3
114: H[20]
115: H[21]
116: H[21]
117: CZ[20, 21]
118: H[20]
119: H[21]
120: H[21]
121: CZ[15, 20]
122: H[15]
123: H[15]
124: H[15]
125: H[15]
126: H[15]
127: H[20]
128: H[20]
129: H[20]
130: H[20]
131: H[20]
132: H[20]
==== cluster[11]: depth=14 width=3
133: H[22]
134: H[23]
135: CZ[22, 23]
136: H[22]
137: H[22]
138: H[23]
139: H[23]
140: H[23]
141: CZ[17, 22]
142: H[17]
143: H[17]
144: H[22]
145: H[22]
146: H[22]
==== cluster[12]: depth=14 width=3
147: CZ[4, 5]
148: H[4]
149: H[4]
150: H[4]
151: H[5]
152: H[5]
153: CZ[5, 10]
154: H[5]
155: H[5]
156: H[5]
157: H[10]
158: H[10]
159: H[10]
160: H[10]
==== cluster[13]: depth= 8 width=3
161: CZ[14, 15]
162: H[14]
163: H[14]
164: H[15]
165: CZ[9, 14]
166: H[9]
167: H[9]
168: H[14]
==== cluster[14]: depth=23 width=4
169: CZ[19, 24]
170: H[19]
171: H[19]
172: H[19]
173: H[24]
174: H[24]
175: CZ[23, 24]
176: H[23]
177: H[23]
178: H[23]
179: H[23]
180: H[24]
181: H[24]
182: H[24]
183: H[24]
184: CZ[18, 23]
185: H[18]
186: H[18]
187: H[23]
188: CZ[18, 19]
189: H[18]
190: H[19]
191: H[19]
==== cluster[15]: depth=10 width=3
192: CZ[16, 21]
193: H[16]
194: H[21]
195: H[21]
196: CZ[16, 17]
197: H[16]
198: H[16]
199: H[17]
200: H[17]
201: H[17]
==== cluster[16]: depth=14 width=4
202: CZ[13, 14]
203: H[13]
204: H[13]
205: H[14]
206: H[14]
207: H[14]
208: CZ[13, 18]
209: H[13]
210: H[13]
211: H[18]
212: H[18]
213: CZ[14, 19]
214: H[14]
215: H[19]
==== cluster[17]: depth=14 width=4
216: CZ[6, 7]
217: H[6]
218: H[6]
219: H[6]
220: H[7]
221: H[7]
222: CZ[2, 7]
223: H[2]
224: H[2]
225: H[7]
226: H[7]
227: CZ[1, 6]
228: H[1]
229: H[6]
==== cluster[18]: depth=12 width=4
230: CZ[11, 12]
231: H[11]
232: H[12]
233: H[12]
234: CZ[11, 16]
235: H[11]
236: H[11]
237: H[16]
238: H[16]
239: CZ[12, 17]
240: H[12]
241: H[17]
==== cluster[19]: depth=12 width=4
242: CZ[21, 22]
243: H[21]
244: H[21]
245: H[21]
246: H[22]
247: H[22]
248: H[22]
249: CZ[0, 5]
250: H[0]
251: H[0]
252: H[5]
253: H[5]
==== cluster[20]: depth=12 width=4
254: CZ[8, 9]
255: H[8]
256: H[8]
257: H[9]
258: CZ[4, 9]
259: H[4]
260: H[4]
261: H[9]
262: H[9]
263: CZ[3, 8]
264: H[3]
265: H[8]
==== cluster[21]: depth= 3 width=2
266: CZ[10, 15]
267: H[10]
268: H[15]
