=== Original:
 0: H[0]
 1: H[1]
 2: H[2]
 3: H[3]
 4: H[4]
 5: H[5]
 6: H[6]
 7: H[7]
 8: H[8]
 9: H[9]
10: H[10]
11: H[11]
12: H[12]
13: H[13]
14: H[14]
15: H[15]
16: CZ[2, 3]
17: CZ[10, 11]
18: CZ[4, 5]
19: CZ[12, 13]
20: H[0]
21: H[1]
22: H[2]
23: H[3]
24: H[4]
25: H[5]
26: H[6]
27: H[7]
28: H[8]
29: H[9]
30: H[10]
31: H[11]
32: H[12]
33: H[13]
34: H[14]
35: H[15]
36: CZ[0, 1]
37: CZ[8, 9]
38: CZ[6, 7]
39: CZ[14, 15]
40: H[0]
41: H[1]
42: H[2]
43: H[3]
44: H[4]
45: H[5]
46: H[6]
47: H[7]
48: H[8]
49: H[9]
50: H[10]
51: H[11]
52: H[12]
53: H[13]
54: H[14]
55: H[15]
56: CZ[5, 9]
57: CZ[7, 11]
58: H[0]
59: H[1]
60: H[2]
61: H[3]
62: H[4]
63: H[5]
64: H[6]
65: H[7]
66: H[8]
67: H[9]
68: H[10]
69: H[11]
70: H[12]
71: H[13]
72: H[14]
73: H[15]
74: CZ[4, 8]
75: CZ[6, 10]
76: H[0]
77: H[1]
78: H[2]
79: H[3]
80: H[4]
81: H[5]
82: H[6]
83: H[7]
84: H[8]
85: H[9]
86: H[10]
87: H[11]
88: H[12]
89: H[13]
90: H[14]
91: H[15]
92: CZ[3, 4]
93: CZ[11, 12]
94: CZ[5, 6]
95: CZ[13, 14]
96: H[0]
97: H[1]
98: H[2]
99: H[3]
100: H[4]
101: H[5]
102: H[6]
103: H[7]
104: H[8]
105: H[9]
106: H[10]
107: H[11]
108: H[12]
109: H[13]
110: H[14]
111: H[15]
112: CZ[1, 2]
113: CZ[9, 10]
114: CZ[7, 8]
115: H[0]
116: H[1]
117: H[2]
118: H[3]
119: H[4]
120: H[5]
121: H[6]
122: H[7]
123: H[8]
124: H[9]
125: H[10]
126: H[11]
127: H[12]
128: H[13]
129: H[14]
130: H[15]
131: CZ[0, 4]
132: CZ[2, 6]
133: CZ[9, 13]
134: CZ[11, 15]
135: H[0]
136: H[1]
137: H[2]
138: H[3]
139: H[4]
140: H[5]
141: H[6]
142: H[7]
143: H[8]
144: H[9]
145: H[10]
146: H[11]
147: H[12]
148: H[13]
149: H[14]
150: H[15]
151: CZ[8, 12]
152: CZ[10, 14]
153: CZ[1, 5]
154: CZ[3, 7]
155: H[0]
156: H[1]
157: H[2]
158: H[3]
159: H[4]
160: H[5]
161: H[6]
162: H[7]
163: H[8]
164: H[9]
165: H[10]
166: H[11]
167: H[12]
168: H[13]
169: H[14]
170: H[15]
=== Clusters (cost=  3.763):
==== cluster[ 0]: depth=26 width=4
 0: H[10]
 1: H[11]
 2: H[6]
 3: H[7]
 4: CZ[10, 11]
 5: H[11]
 6: H[6]
 7: H[7]
 8: H[10]
 9: H[11]
10: CZ[6, 7]
11: H[7]
12: H[10]
13: CZ[7, 11]
14: H[6]
15: H[7]
16: H[10]
17: H[11]
18: H[6]
19: H[7]
20: CZ[6, 10]
21: H[11]
22: H[6]
23: H[7]
24: H[10]
25: H[10]
==== cluster[ 1]: depth=41 width=5
26: H[12]
27: H[13]
28: H[14]
29: H[15]
30: CZ[12, 13]
31: H[13]
32: H[14]
33: H[15]
34: H[12]
35: H[13]
36: CZ[14, 15]
37: H[15]
38: H[12]
39: H[13]
40: H[14]
41: H[15]
42: H[12]
43: H[13]
44: H[14]
45: H[15]
46: H[12]
47: H[14]
48: H[15]
49: CZ[11, 12]
50: H[12]
51: CZ[13, 14]
52: H[14]
53: H[15]
54: H[11]
55: H[12]
56: H[13]
57: H[14]
58: H[11]
59: H[12]
60: H[13]
61: H[14]
62: CZ[11, 15]
63: H[11]
64: H[11]
65: H[15]
66: H[15]
==== cluster[ 2]: depth=32 width=5
67: H[4]
68: H[5]
69: H[8]
70: H[9]
71: CZ[4, 5]
72: H[5]
73: H[8]
74: H[9]
75: H[4]
76: H[5]
77: CZ[8, 9]
78: H[9]
79: H[4]
80: CZ[5, 9]
81: H[8]
82: H[9]
83: H[4]
84: H[5]
85: H[8]
86: H[9]
87: CZ[4, 8]
88: H[5]
89: CZ[5, 6]
90: H[8]
91: H[9]
92: H[4]
93: H[5]
94: H[6]
95: H[8]
96: H[5]
97: H[6]
98: H[5]
==== cluster[ 3]: depth=33 width=5
99: H[0]
100: H[1]
101: H[2]
102: H[3]
103: H[0]
104: H[1]
105: CZ[2, 3]
106: H[3]
107: CZ[0, 1]
108: H[1]
109: H[2]
110: H[3]
111: H[0]
112: H[1]
113: H[2]
114: H[3]
115: H[0]
116: H[1]
117: H[2]
118: H[3]
119: H[0]
120: H[1]
121: H[2]
122: H[0]
123: H[2]
124: H[0]
125: CZ[1, 2]
126: H[2]
127: H[1]
128: H[1]
129: CZ[1, 5]
130: H[1]
131: H[5]
==== cluster[ 4]: depth=19 width=5
132: CZ[3, 4]
133: H[4]
134: CZ[7, 8]
135: H[8]
136: H[3]
137: H[4]
138: H[7]
139: H[8]
140: CZ[0, 4]
141: H[3]
142: H[4]
143: H[7]
144: H[0]
145: H[3]
146: H[4]
147: CZ[3, 7]
148: H[0]
149: H[3]
150: H[7]
==== cluster[ 5]: depth=12 width=4
151: CZ[9, 10]
152: H[10]
153: H[9]
154: H[10]
155: CZ[9, 13]
156: CZ[10, 14]
157: H[9]
158: H[10]
159: H[13]
160: H[14]
161: H[9]
162: H[13]
==== cluster[ 6]: depth= 8 width=4
163: CZ[8, 12]
164: CZ[2, 6]
165: H[12]
166: H[6]
167: H[8]
168: H[2]
169: H[2]
170: H[6]
