=== Original:
 0: H[0]
 1: H[1]
 2: H[2]
 3: H[3]
 4: H[4]
 5: H[5]
 6: H[6]
 7: H[7]
 8: H[8]
 9: H[9]
10: H[10]
11: H[11]
12: H[12]
13: H[13]
14: H[14]
15: H[15]
16: CZ[2, 3]
17: CZ[10, 11]
18: CZ[4, 5]
19: CZ[12, 13]
20: H[0]
21: H[1]
22: H[2]
23: H[3]
24: H[4]
25: H[5]
26: H[6]
27: H[7]
28: H[8]
29: H[9]
30: H[10]
31: H[11]
32: H[12]
33: H[13]
34: H[14]
35: H[15]
36: CZ[0, 1]
37: CZ[8, 9]
38: CZ[6, 7]
39: CZ[14, 15]
40: H[0]
41: H[1]
42: H[2]
43: H[3]
44: H[4]
45: H[5]
46: H[6]
47: H[7]
48: H[8]
49: H[9]
50: H[10]
51: H[11]
52: H[12]
53: H[13]
54: H[14]
55: H[15]
56: CZ[5, 9]
57: CZ[7, 11]
58: H[0]
59: H[1]
60: H[2]
61: H[3]
62: H[4]
63: H[5]
64: H[6]
65: H[7]
66: H[8]
67: H[9]
68: H[10]
69: H[11]
70: H[12]
71: H[13]
72: H[14]
73: H[15]
74: CZ[4, 8]
75: CZ[6, 10]
76: H[0]
77: H[1]
78: H[2]
79: H[3]
80: H[4]
81: H[5]
82: H[6]
83: H[7]
84: H[8]
85: H[9]
86: H[10]
87: H[11]
88: H[12]
89: H[13]
90: H[14]
91: H[15]
92: CZ[3, 4]
93: CZ[11, 12]
94: CZ[5, 6]
95: CZ[13, 14]
96: H[0]
97: H[1]
98: H[2]
99: H[3]
100: H[4]
101: H[5]
102: H[6]
103: H[7]
104: H[8]
105: H[9]
106: H[10]
107: H[11]
108: H[12]
109: H[13]
110: H[14]
111: H[15]
112: CZ[1, 2]
113: CZ[9, 10]
114: CZ[7, 8]
115: H[0]
116: H[1]
117: H[2]
118: H[3]
119: H[4]
120: H[5]
121: H[6]
122: H[7]
123: H[8]
124: H[9]
125: H[10]
126: H[11]
127: H[12]
128: H[13]
129: H[14]
130: H[15]
131: CZ[0, 4]
132: CZ[2, 6]
133: CZ[9, 13]
134: CZ[11, 15]
135: H[0]
136: H[1]
137: H[2]
138: H[3]
139: H[4]
140: H[5]
141: H[6]
142: H[7]
143: H[8]
144: H[9]
145: H[10]
146: H[11]
147: H[12]
148: H[13]
149: H[14]
150: H[15]
151: CZ[8, 12]
152: CZ[10, 14]
153: CZ[1, 5]
154: CZ[3, 7]
155: H[0]
156: H[1]
157: H[2]
158: H[3]
159: H[4]
160: H[5]
161: H[6]
162: H[7]
163: H[8]
164: H[9]
165: H[10]
166: H[11]
167: H[12]
168: H[13]
169: H[14]
170: H[15]
=== Clusters (cost=  5.034):
==== cluster[ 0]: depth=26 width=4
 0: H[8]
 1: H[9]
 2: H[4]
 3: H[5]
 4: H[8]
 5: H[9]
 6: CZ[4, 5]
 7: H[5]
 8: CZ[8, 9]
 9: H[9]
10: H[4]
11: H[5]
12: H[8]
13: CZ[5, 9]
14: H[4]
15: H[5]
16: H[8]
17: H[9]
18: H[4]
19: H[5]
20: CZ[4, 8]
21: H[9]
22: H[4]
23: H[8]
24: H[9]
25: H[8]
==== cluster[ 1]: depth=26 width=4
26: H[10]
27: H[11]
28: H[6]
29: H[7]
30: CZ[10, 11]
31: H[11]
32: H[6]
33: H[7]
34: H[10]
35: H[11]
36: CZ[6, 7]
37: H[7]
38: H[10]
39: CZ[7, 11]
40: H[6]
41: H[7]
42: H[10]
43: H[11]
44: H[6]
45: H[7]
46: CZ[6, 10]
47: H[11]
48: H[6]
49: H[7]
50: H[10]
51: H[10]
==== cluster[ 2]: depth=30 width=4
52: H[0]
53: H[1]
54: H[2]
55: H[3]
56: H[0]
57: H[1]
58: CZ[2, 3]
59: H[3]
60: CZ[0, 1]
61: H[1]
62: H[2]
63: H[3]
64: H[0]
65: H[1]
66: H[2]
67: H[3]
68: H[0]
69: H[1]
70: H[2]
71: H[3]
72: H[0]
73: H[1]
74: H[2]
75: H[0]
76: H[2]
77: H[0]
78: CZ[1, 2]
79: H[2]
80: H[1]
81: H[1]
==== cluster[ 3]: depth=30 width=4
82: H[12]
83: H[13]
84: H[14]
85: H[15]
86: CZ[12, 13]
87: H[13]
88: H[14]
89: H[15]
90: H[12]
91: H[13]
92: CZ[14, 15]
93: H[15]
94: H[12]
95: H[13]
96: H[14]
97: H[15]
98: H[12]
99: H[13]
100: H[14]
101: H[15]
102: H[12]
103: H[14]
104: H[15]
105: CZ[13, 14]
106: H[14]
107: H[15]
108: H[13]
109: H[14]
110: H[13]
111: H[14]
==== cluster[ 4]: depth=14 width=4
112: CZ[7, 8]
113: CZ[3, 4]
114: H[4]
115: H[7]
116: H[8]
117: H[3]
118: H[4]
119: H[7]
120: H[8]
121: H[3]
122: H[3]
123: CZ[3, 7]
124: H[3]
125: H[7]
==== cluster[ 5]: depth=11 width=3
126: CZ[11, 12]
127: H[12]
128: H[11]
129: H[12]
130: H[11]
131: H[12]
132: CZ[11, 15]
133: H[11]
134: H[11]
135: H[15]
136: H[15]
==== cluster[ 6]: depth=11 width=3
137: CZ[5, 6]
138: H[6]
139: H[5]
140: H[6]
141: CZ[2, 6]
142: H[5]
143: H[6]
144: H[2]
145: H[5]
146: H[6]
147: H[2]
==== cluster[ 7]: depth= 7 width=3
148: CZ[9, 10]
149: H[10]
150: H[9]
151: H[10]
152: CZ[10, 14]
153: H[10]
154: H[14]
==== cluster[ 8]: depth= 8 width=4
155: CZ[0, 4]
156: CZ[8, 12]
157: H[4]
158: H[12]
159: H[0]
160: H[8]
161: H[4]
162: H[0]
==== cluster[ 9]: depth= 8 width=4
163: CZ[9, 13]
164: CZ[1, 5]
165: H[13]
166: H[1]
167: H[9]
168: H[5]
169: H[13]
170: H[9]
