=== Original: 171 ./suprem_4.txt
 0: H[0]
 1: H[1]
 2: H[2]
 3: H[3]
 4: H[4]
 5: H[5]
 6: H[6]
 7: H[7]
 8: H[8]
 9: H[9]
10: H[10]
11: H[11]
12: H[12]
13: H[13]
14: H[14]
15: H[15]
16: CZ[2, 3]
17: CZ[10, 11]
18: CZ[4, 5]
19: CZ[12, 13]
20: H[0]
21: H[1]
22: H[2]
23: H[3]
24: H[4]
25: H[5]
26: H[6]
27: H[7]
28: H[8]
29: H[9]
30: H[10]
31: H[11]
32: H[12]
33: H[13]
34: H[14]
35: H[15]
36: CZ[0, 1]
37: CZ[8, 9]
38: CZ[6, 7]
39: CZ[14, 15]
40: H[0]
41: H[1]
42: H[2]
43: H[3]
44: H[4]
45: H[5]
46: H[6]
47: H[7]
48: H[8]
49: H[9]
50: H[10]
51: H[11]
52: H[12]
53: H[13]
54: H[14]
55: H[15]
56: CZ[5, 9]
57: CZ[7, 11]
58: H[0]
59: H[1]
60: H[2]
61: H[3]
62: H[4]
63: H[5]
64: H[6]
65: H[7]
66: H[8]
67: H[9]
68: H[10]
69: H[11]
70: H[12]
71: H[13]
72: H[14]
73: H[15]
74: CZ[4, 8]
75: CZ[6, 10]
76: H[0]
77: H[1]
78: H[2]
79: H[3]
80: H[4]
81: H[5]
82: H[6]
83: H[7]
84: H[8]
85: H[9]
86: H[10]
87: H[11]
88: H[12]
89: H[13]
90: H[14]
91: H[15]
92: CZ[3, 4]
93: CZ[11, 12]
94: CZ[5, 6]
95: CZ[13, 14]
96: H[0]
97: H[1]
98: H[2]
99: H[3]
100: H[4]
101: H[5]
102: H[6]
103: H[7]
104: H[8]
105: H[9]
106: H[10]
107: H[11]
108: H[12]
109: H[13]
110: H[14]
111: H[15]
112: CZ[1, 2]
113: CZ[9, 10]
114: CZ[7, 8]
115: H[0]
116: H[1]
117: H[2]
118: H[3]
119: H[4]
120: H[5]
121: H[6]
122: H[7]
123: H[8]
124: H[9]
125: H[10]
126: H[11]
127: H[12]
128: H[13]
129: H[14]
130: H[15]
131: CZ[0, 4]
132: CZ[2, 6]
133: CZ[9, 13]
134: CZ[11, 15]
135: H[0]
136: H[1]
137: H[2]
138: H[3]
139: H[4]
140: H[5]
141: H[6]
142: H[7]
143: H[8]
144: H[9]
145: H[10]
146: H[11]
147: H[12]
148: H[13]
149: H[14]
150: H[15]
151: CZ[8, 12]
152: CZ[10, 14]
153: CZ[1, 5]
154: CZ[3, 7]
155: H[0]
156: H[1]
157: H[2]
158: H[3]
159: H[4]
160: H[5]
161: H[6]
162: H[7]
163: H[8]
164: H[9]
165: H[10]
166: H[11]
167: H[12]
168: H[13]
169: H[14]
170: H[15]
=== Clusters: 8 ./supremS1_4_6.log
==== cluster[ 0]: depth=36 width=5
 0: H[0]
 1: H[0]
 2: H[1]
 3: H[1]
 4: CZ[0, 1]
 5: H[0]
 6: H[0]
 7: H[0]
 8: H[0]
 9: H[0]
10: H[1]
11: H[1]
12: H[1]
13: H[1]
14: CZ[1, 2]
15: H[1]
16: H[1]
17: H[2]
18: H[2]
19: H[3]
20: CZ[2, 3]
21: H[2]
22: H[2]
23: H[2]
24: H[2]
25: H[2]
26: H[3]
27: H[3]
28: H[3]
29: H[3]
30: CZ[3, 4]
31: H[3]
32: H[3]
33: H[3]
34: H[4]
35: H[4]
==== cluster[ 1]: depth=26 width=4
36: H[4]
37: H[5]
38: CZ[4, 5]
39: H[4]
40: H[4]
41: H[4]
42: H[5]
43: H[5]
44: CZ[5, 9]
45: H[5]
46: H[5]
47: H[9]
48: H[9]
49: H[9]
50: H[8]
51: H[8]
52: H[9]
53: H[9]
54: CZ[8, 9]
55: H[8]
56: H[8]
57: H[9]
58: CZ[4, 8]
59: H[4]
60: H[8]
61: H[8]
==== cluster[ 2]: depth=26 width=4
62: H[6]
63: H[6]
64: H[7]
65: H[7]
66: CZ[6, 7]
67: H[6]
68: H[6]
69: H[7]
70: CZ[7, 11]
71: H[7]
72: H[7]
73: H[7]
74: H[11]
75: H[11]
76: H[10]
77: H[11]
78: CZ[10, 11]
79: H[10]
80: H[10]
81: H[10]
82: H[11]
83: H[11]
84: CZ[6, 10]
85: H[6]
86: H[10]
87: H[10]
==== cluster[ 3]: depth=36 width=5
88: H[12]
89: H[13]
90: CZ[12, 13]
91: H[12]
92: H[12]
93: H[12]
94: H[12]
95: H[13]
96: H[13]
97: H[13]
98: H[13]
99: CZ[11, 12]
100: H[11]
101: H[11]
102: H[12]
103: H[12]
104: H[12]
105: H[14]
106: H[14]
107: H[15]
108: H[15]
109: CZ[14, 15]
110: H[14]
111: H[14]
112: H[14]
113: H[15]
114: H[15]
115: H[15]
116: H[15]
117: H[15]
118: CZ[13, 14]
119: H[13]
120: H[13]
121: H[14]
122: H[14]
123: H[14]
==== cluster[ 4]: depth=14 width=4
124: CZ[5, 6]
125: H[5]
126: H[5]
127: H[5]
128: H[6]
129: H[6]
130: CZ[2, 6]
131: H[2]
132: H[2]
133: H[6]
134: H[6]
135: CZ[1, 5]
136: H[1]
137: H[5]
==== cluster[ 5]: depth=12 width=4
138: CZ[9, 10]
139: H[9]
140: H[10]
141: H[10]
142: CZ[9, 13]
143: H[9]
144: H[9]
145: H[13]
146: H[13]
147: CZ[10, 14]
148: H[10]
149: H[14]
==== cluster[ 6]: depth=11 width=4
150: CZ[7, 8]
151: H[7]
152: H[7]
153: H[8]
154: H[8]
155: CZ[8, 12]
156: H[8]
157: H[12]
158: CZ[3, 7]
159: H[3]
160: H[7]
==== cluster[ 7]: depth=10 width=4
161: CZ[0, 4]
162: H[0]
163: H[0]
164: H[4]
165: H[4]
166: CZ[11, 15]
167: H[11]
168: H[11]
169: H[15]
170: H[15]
