=== Original: 171 ./suprem_4.txt
 0: H[0]
 1: H[1]
 2: H[2]
 3: H[3]
 4: H[4]
 5: H[5]
 6: H[6]
 7: H[7]
 8: H[8]
 9: H[9]
10: H[10]
11: H[11]
12: H[12]
13: H[13]
14: H[14]
15: H[15]
16: CZ[2, 3]
17: CZ[10, 11]
18: CZ[4, 5]
19: CZ[12, 13]
20: H[0]
21: H[1]
22: H[2]
23: H[3]
24: H[4]
25: H[5]
26: H[6]
27: H[7]
28: H[8]
29: H[9]
30: H[10]
31: H[11]
32: H[12]
33: H[13]
34: H[14]
35: H[15]
36: CZ[0, 1]
37: CZ[8, 9]
38: CZ[6, 7]
39: CZ[14, 15]
40: H[0]
41: H[1]
42: H[2]
43: H[3]
44: H[4]
45: H[5]
46: H[6]
47: H[7]
48: H[8]
49: H[9]
50: H[10]
51: H[11]
52: H[12]
53: H[13]
54: H[14]
55: H[15]
56: CZ[5, 9]
57: CZ[7, 11]
58: H[0]
59: H[1]
60: H[2]
61: H[3]
62: H[4]
63: H[5]
64: H[6]
65: H[7]
66: H[8]
67: H[9]
68: H[10]
69: H[11]
70: H[12]
71: H[13]
72: H[14]
73: H[15]
74: CZ[4, 8]
75: CZ[6, 10]
76: H[0]
77: H[1]
78: H[2]
79: H[3]
80: H[4]
81: H[5]
82: H[6]
83: H[7]
84: H[8]
85: H[9]
86: H[10]
87: H[11]
88: H[12]
89: H[13]
90: H[14]
91: H[15]
92: CZ[3, 4]
93: CZ[11, 12]
94: CZ[5, 6]
95: CZ[13, 14]
96: H[0]
97: H[1]
98: H[2]
99: H[3]
100: H[4]
101: H[5]
102: H[6]
103: H[7]
104: H[8]
105: H[9]
106: H[10]
107: H[11]
108: H[12]
109: H[13]
110: H[14]
111: H[15]
112: CZ[1, 2]
113: CZ[9, 10]
114: CZ[7, 8]
115: H[0]
116: H[1]
117: H[2]
118: H[3]
119: H[4]
120: H[5]
121: H[6]
122: H[7]
123: H[8]
124: H[9]
125: H[10]
126: H[11]
127: H[12]
128: H[13]
129: H[14]
130: H[15]
131: CZ[0, 4]
132: CZ[2, 6]
133: CZ[9, 13]
134: CZ[11, 15]
135: H[0]
136: H[1]
137: H[2]
138: H[3]
139: H[4]
140: H[5]
141: H[6]
142: H[7]
143: H[8]
144: H[9]
145: H[10]
146: H[11]
147: H[12]
148: H[13]
149: H[14]
150: H[15]
151: CZ[8, 12]
152: CZ[10, 14]
153: CZ[1, 5]
154: CZ[3, 7]
155: H[0]
156: H[1]
157: H[2]
158: H[3]
159: H[4]
160: H[5]
161: H[6]
162: H[7]
163: H[8]
164: H[9]
165: H[10]
166: H[11]
167: H[12]
168: H[13]
169: H[14]
170: H[15]
=== Clusters: 49 ./supremS0_4_6.log
==== cluster[ 0]: depth= 4 width=4
 0: H[0]
 1: H[1]
 2: H[2]
 3: H[3]
==== cluster[ 1]: depth= 4 width=4
 4: H[4]
 5: H[5]
 6: H[6]
 7: H[7]
==== cluster[ 2]: depth= 4 width=4
 8: H[8]
 9: H[9]
10: H[10]
11: H[11]
==== cluster[ 3]: depth= 4 width=4
12: H[12]
13: H[13]
14: H[14]
15: H[15]
==== cluster[ 4]: depth= 2 width=4
16: CZ[2, 3]
17: CZ[10, 11]
==== cluster[ 5]: depth= 2 width=4
18: CZ[4, 5]
19: CZ[12, 13]
==== cluster[ 6]: depth= 4 width=4
20: H[0]
21: H[1]
22: H[2]
23: H[3]
==== cluster[ 7]: depth= 4 width=4
24: H[4]
25: H[5]
26: H[6]
27: H[7]
==== cluster[ 8]: depth= 4 width=4
28: H[8]
29: H[9]
30: H[10]
31: H[11]
==== cluster[ 9]: depth= 4 width=4
32: H[12]
33: H[13]
34: H[14]
35: H[15]
==== cluster[10]: depth= 2 width=4
36: CZ[0, 1]
37: CZ[8, 9]
==== cluster[11]: depth= 2 width=4
38: CZ[6, 7]
39: CZ[14, 15]
==== cluster[12]: depth= 4 width=4
40: H[0]
41: H[1]
42: H[2]
43: H[3]
==== cluster[13]: depth= 4 width=4
44: H[4]
45: H[5]
46: H[6]
47: H[7]
==== cluster[14]: depth= 4 width=4
48: H[8]
49: H[9]
50: H[10]
51: H[11]
==== cluster[15]: depth= 4 width=4
52: H[12]
53: H[13]
54: H[14]
55: H[15]
==== cluster[16]: depth= 2 width=4
56: CZ[5, 9]
57: CZ[7, 11]
==== cluster[17]: depth= 4 width=4
58: H[0]
59: H[1]
60: H[2]
61: H[3]
==== cluster[18]: depth= 4 width=4
62: H[4]
63: H[5]
64: H[6]
65: H[7]
==== cluster[19]: depth= 4 width=4
66: H[8]
67: H[9]
68: H[10]
69: H[11]
==== cluster[20]: depth= 4 width=4
70: H[12]
71: H[13]
72: H[14]
73: H[15]
==== cluster[21]: depth= 2 width=4
74: CZ[4, 8]
75: CZ[6, 10]
==== cluster[22]: depth= 4 width=4
76: H[0]
77: H[1]
78: H[2]
79: H[3]
==== cluster[23]: depth= 4 width=4
80: H[4]
81: H[5]
82: H[6]
83: H[7]
==== cluster[24]: depth= 4 width=4
84: H[8]
85: H[9]
86: H[10]
87: H[11]
==== cluster[25]: depth= 4 width=4
88: H[12]
89: H[13]
90: H[14]
91: H[15]
==== cluster[26]: depth= 2 width=4
92: CZ[3, 4]
93: CZ[11, 12]
==== cluster[27]: depth= 2 width=4
94: CZ[5, 6]
95: CZ[13, 14]
==== cluster[28]: depth= 4 width=4
96: H[0]
97: H[1]
98: H[2]
99: H[3]
==== cluster[29]: depth= 4 width=4
100: H[4]
101: H[5]
102: H[6]
103: H[7]
==== cluster[30]: depth= 4 width=4
104: H[8]
105: H[9]
106: H[10]
107: H[11]
==== cluster[31]: depth= 4 width=4
108: H[12]
109: H[13]
110: H[14]
111: H[15]
==== cluster[32]: depth= 2 width=4
112: CZ[1, 2]
113: CZ[9, 10]
==== cluster[33]: depth= 3 width=4
114: CZ[7, 8]
115: H[0]
116: H[1]
==== cluster[34]: depth= 4 width=4
117: H[2]
118: H[3]
119: H[4]
120: H[5]
==== cluster[35]: depth= 4 width=4
121: H[6]
122: H[7]
123: H[8]
124: H[9]
==== cluster[36]: depth= 4 width=4
125: H[10]
126: H[11]
127: H[12]
128: H[13]
==== cluster[37]: depth= 3 width=4
129: H[14]
130: H[15]
131: CZ[0, 4]
==== cluster[38]: depth= 2 width=4
132: CZ[2, 6]
133: CZ[9, 13]
==== cluster[39]: depth= 3 width=4
134: CZ[11, 15]
135: H[0]
136: H[1]
==== cluster[40]: depth= 4 width=4
137: H[2]
138: H[3]
139: H[4]
140: H[5]
==== cluster[41]: depth= 4 width=4
141: H[6]
142: H[7]
143: H[8]
144: H[9]
==== cluster[42]: depth= 4 width=4
145: H[10]
146: H[11]
147: H[12]
148: H[13]
==== cluster[43]: depth= 3 width=4
149: H[14]
150: H[15]
151: CZ[8, 12]
==== cluster[44]: depth= 2 width=4
152: CZ[10, 14]
153: CZ[1, 5]
==== cluster[45]: depth= 3 width=4
154: CZ[3, 7]
155: H[0]
156: H[1]
==== cluster[46]: depth= 4 width=4
157: H[2]
158: H[3]
159: H[4]
160: H[5]
==== cluster[47]: depth= 4 width=4
161: H[6]
162: H[7]
163: H[8]
164: H[9]
==== cluster[48]: depth= 6 width=6
165: H[10]
166: H[11]
167: H[12]
168: H[13]
169: H[14]
170: H[15]
