=== Original: 269 ./suprem_5.txt
 0: H[0]
 1: H[1]
 2: H[2]
 3: H[3]
 4: H[4]
 5: H[5]
 6: H[6]
 7: H[7]
 8: H[8]
 9: H[9]
10: H[10]
11: H[11]
12: H[12]
13: H[13]
14: H[14]
15: H[15]
16: H[16]
17: H[17]
18: H[18]
19: H[19]
20: H[20]
21: H[21]
22: H[22]
23: H[23]
24: H[24]
25: CZ[2, 3]
26: CZ[12, 13]
27: CZ[22, 23]
28: CZ[5, 6]
29: CZ[9, 10]
30: CZ[15, 16]
31: CZ[19, 20]
32: H[0]
33: H[1]
34: H[2]
35: H[3]
36: H[4]
37: H[5]
38: H[6]
39: H[7]
40: H[8]
41: H[9]
42: H[10]
43: H[11]
44: H[12]
45: H[13]
46: H[14]
47: H[15]
48: H[16]
49: H[17]
50: H[18]
51: H[19]
52: H[20]
53: H[21]
54: H[22]
55: H[23]
56: H[24]
57: CZ[0, 1]
58: CZ[4, 5]
59: CZ[10, 11]
60: CZ[14, 15]
61: CZ[20, 21]
62: CZ[7, 8]
63: CZ[17, 18]
64: H[0]
65: H[1]
66: H[2]
67: H[3]
68: H[4]
69: H[5]
70: H[6]
71: H[7]
72: H[8]
73: H[9]
74: H[10]
75: H[11]
76: H[12]
77: H[13]
78: H[14]
79: H[15]
80: H[16]
81: H[17]
82: H[18]
83: H[19]
84: H[20]
85: H[21]
86: H[22]
87: H[23]
88: H[24]
89: CZ[15, 20]
90: CZ[17, 22]
91: CZ[19, 24]
92: CZ[6, 11]
93: CZ[8, 13]
94: H[0]
95: H[1]
96: H[2]
97: H[3]
98: H[4]
99: H[5]
100: H[6]
101: H[7]
102: H[8]
103: H[9]
104: H[10]
105: H[11]
106: H[12]
107: H[13]
108: H[14]
109: H[15]
110: H[16]
111: H[17]
112: H[18]
113: H[19]
114: H[20]
115: H[21]
116: H[22]
117: H[23]
118: H[24]
119: CZ[5, 10]
120: CZ[7, 12]
121: CZ[9, 14]
122: CZ[16, 21]
123: CZ[18, 23]
124: H[0]
125: H[1]
126: H[2]
127: H[3]
128: H[4]
129: H[5]
130: H[6]
131: H[7]
132: H[8]
133: H[9]
134: H[10]
135: H[11]
136: H[12]
137: H[13]
138: H[14]
139: H[15]
140: H[16]
141: H[17]
142: H[18]
143: H[19]
144: H[20]
145: H[21]
146: H[22]
147: H[23]
148: H[24]
149: CZ[3, 4]
150: CZ[13, 14]
151: CZ[23, 24]
152: CZ[6, 7]
153: CZ[16, 17]
154: H[0]
155: H[1]
156: H[2]
157: H[3]
158: H[4]
159: H[5]
160: H[6]
161: H[7]
162: H[8]
163: H[9]
164: H[10]
165: H[11]
166: H[12]
167: H[13]
168: H[14]
169: H[15]
170: H[16]
171: H[17]
172: H[18]
173: H[19]
174: H[20]
175: H[21]
176: H[22]
177: H[23]
178: H[24]
179: CZ[1, 2]
180: CZ[11, 12]
181: CZ[21, 22]
182: CZ[8, 9]
183: CZ[18, 19]
184: H[0]
185: H[1]
186: H[2]
187: H[3]
188: H[4]
189: H[5]
190: H[6]
191: H[7]
192: H[8]
193: H[9]
194: H[10]
195: H[11]
196: H[12]
197: H[13]
198: H[14]
199: H[15]
200: H[16]
201: H[17]
202: H[18]
203: H[19]
204: H[20]
205: H[21]
206: H[22]
207: H[23]
208: H[24]
209: CZ[0, 5]
210: CZ[2, 7]
211: CZ[4, 9]
212: CZ[11, 16]
213: CZ[13, 18]
214: H[0]
215: H[1]
216: H[2]
217: H[3]
218: H[4]
219: H[5]
220: H[6]
221: H[7]
222: H[8]
223: H[9]
224: H[10]
225: H[11]
226: H[12]
227: H[13]
228: H[14]
229: H[15]
230: H[16]
231: H[17]
232: H[18]
233: H[19]
234: H[20]
235: H[21]
236: H[22]
237: H[23]
238: H[24]
239: CZ[10, 15]
240: CZ[12, 17]
241: CZ[14, 19]
242: CZ[1, 6]
243: CZ[3, 8]
244: H[0]
245: H[1]
246: H[2]
247: H[3]
248: H[4]
249: H[5]
250: H[6]
251: H[7]
252: H[8]
253: H[9]
254: H[10]
255: H[11]
256: H[12]
257: H[13]
258: H[14]
259: H[15]
260: H[16]
261: H[17]
262: H[18]
263: H[19]
264: H[20]
265: H[21]
266: H[22]
267: H[23]
268: H[24]
=== Clusters: 81 ./supremS0_5_4.log
==== cluster[ 0]: depth= 4 width=4
 0: H[0]
 1: H[1]
 2: H[2]
 3: H[3]
==== cluster[ 1]: depth= 4 width=4
 4: H[4]
 5: H[5]
 6: H[6]
 7: H[7]
==== cluster[ 2]: depth= 4 width=4
 8: H[8]
 9: H[9]
10: H[10]
11: H[11]
==== cluster[ 3]: depth= 4 width=4
12: H[12]
13: H[13]
14: H[14]
15: H[15]
==== cluster[ 4]: depth= 4 width=4
16: H[16]
17: H[17]
18: H[18]
19: H[19]
==== cluster[ 5]: depth= 2 width=2
20: H[20]
21: H[21]
==== cluster[ 6]: depth= 3 width=3
22: H[22]
23: H[23]
24: H[24]
==== cluster[ 7]: depth= 2 width=4
25: CZ[2, 3]
26: CZ[12, 13]
==== cluster[ 8]: depth= 2 width=4
27: CZ[22, 23]
28: CZ[5, 6]
==== cluster[ 9]: depth= 2 width=4
29: CZ[9, 10]
30: CZ[15, 16]
==== cluster[10]: depth= 3 width=4
31: CZ[19, 20]
32: H[0]
33: H[1]
==== cluster[11]: depth= 4 width=4
34: H[2]
35: H[3]
36: H[4]
37: H[5]
==== cluster[12]: depth= 4 width=4
38: H[6]
39: H[7]
40: H[8]
41: H[9]
==== cluster[13]: depth= 4 width=4
42: H[10]
43: H[11]
44: H[12]
45: H[13]
==== cluster[14]: depth= 4 width=4
46: H[14]
47: H[15]
48: H[16]
49: H[17]
==== cluster[15]: depth= 4 width=4
50: H[18]
51: H[19]
52: H[20]
53: H[21]
==== cluster[16]: depth= 3 width=3
54: H[22]
55: H[23]
56: H[24]
==== cluster[17]: depth= 2 width=4
57: CZ[0, 1]
58: CZ[4, 5]
==== cluster[18]: depth= 2 width=4
59: CZ[10, 11]
60: CZ[14, 15]
==== cluster[19]: depth= 2 width=4
61: CZ[20, 21]
62: CZ[7, 8]
==== cluster[20]: depth= 3 width=4
63: CZ[17, 18]
64: H[0]
65: H[1]
==== cluster[21]: depth= 4 width=4
66: H[2]
67: H[3]
68: H[4]
69: H[5]
==== cluster[22]: depth= 4 width=4
70: H[6]
71: H[7]
72: H[8]
73: H[9]
==== cluster[23]: depth= 4 width=4
74: H[10]
75: H[11]
76: H[12]
77: H[13]
==== cluster[24]: depth= 4 width=4
78: H[14]
79: H[15]
80: H[16]
81: H[17]
==== cluster[25]: depth= 4 width=4
82: H[18]
83: H[19]
84: H[20]
85: H[21]
==== cluster[26]: depth= 3 width=3
86: H[22]
87: H[23]
88: H[24]
==== cluster[27]: depth= 2 width=4
89: CZ[15, 20]
90: CZ[17, 22]
==== cluster[28]: depth= 2 width=4
91: CZ[19, 24]
92: CZ[6, 11]
==== cluster[29]: depth= 3 width=4
93: CZ[8, 13]
94: H[0]
95: H[1]
==== cluster[30]: depth= 4 width=4
96: H[2]
97: H[3]
98: H[4]
99: H[5]
==== cluster[31]: depth= 4 width=4
100: H[6]
101: H[7]
102: H[8]
103: H[9]
==== cluster[32]: depth= 4 width=4
104: H[10]
105: H[11]
106: H[12]
107: H[13]
==== cluster[33]: depth= 4 width=4
108: H[14]
109: H[15]
110: H[16]
111: H[17]
==== cluster[34]: depth= 4 width=4
112: H[18]
113: H[19]
114: H[20]
115: H[21]
==== cluster[35]: depth= 3 width=3
116: H[22]
117: H[23]
118: H[24]
==== cluster[36]: depth= 2 width=4
119: CZ[5, 10]
120: CZ[7, 12]
==== cluster[37]: depth= 2 width=4
121: CZ[9, 14]
122: CZ[16, 21]
==== cluster[38]: depth= 3 width=4
123: CZ[18, 23]
124: H[0]
125: H[1]
==== cluster[39]: depth= 4 width=4
126: H[2]
127: H[3]
128: H[4]
129: H[5]
==== cluster[40]: depth= 4 width=4
130: H[6]
131: H[7]
132: H[8]
133: H[9]
==== cluster[41]: depth= 4 width=4
134: H[10]
135: H[11]
136: H[12]
137: H[13]
==== cluster[42]: depth= 4 width=4
138: H[14]
139: H[15]
140: H[16]
141: H[17]
==== cluster[43]: depth= 4 width=4
142: H[18]
143: H[19]
144: H[20]
145: H[21]
==== cluster[44]: depth= 3 width=3
146: H[22]
147: H[23]
148: H[24]
==== cluster[45]: depth= 2 width=4
149: CZ[3, 4]
150: CZ[13, 14]
==== cluster[46]: depth= 2 width=4
151: CZ[23, 24]
152: CZ[6, 7]
==== cluster[47]: depth= 3 width=4
153: CZ[16, 17]
154: H[0]
155: H[1]
==== cluster[48]: depth= 4 width=4
156: H[2]
157: H[3]
158: H[4]
159: H[5]
==== cluster[49]: depth= 4 width=4
160: H[6]
161: H[7]
162: H[8]
163: H[9]
==== cluster[50]: depth= 4 width=4
164: H[10]
165: H[11]
166: H[12]
167: H[13]
==== cluster[51]: depth= 4 width=4
168: H[14]
169: H[15]
170: H[16]
171: H[17]
==== cluster[52]: depth= 4 width=4
172: H[18]
173: H[19]
174: H[20]
175: H[21]
==== cluster[53]: depth= 3 width=3
176: H[22]
177: H[23]
178: H[24]
==== cluster[54]: depth= 2 width=4
179: CZ[1, 2]
180: CZ[11, 12]
==== cluster[55]: depth= 2 width=4
181: CZ[21, 22]
182: CZ[8, 9]
==== cluster[56]: depth= 3 width=4
183: CZ[18, 19]
184: H[0]
185: H[1]
==== cluster[57]: depth= 4 width=4
186: H[2]
187: H[3]
188: H[4]
189: H[5]
==== cluster[58]: depth= 4 width=4
190: H[6]
191: H[7]
192: H[8]
193: H[9]
==== cluster[59]: depth= 4 width=4
194: H[10]
195: H[11]
196: H[12]
197: H[13]
==== cluster[60]: depth= 4 width=4
198: H[14]
199: H[15]
200: H[16]
201: H[17]
==== cluster[61]: depth= 4 width=4
202: H[18]
203: H[19]
204: H[20]
205: H[21]
==== cluster[62]: depth= 3 width=3
206: H[22]
207: H[23]
208: H[24]
==== cluster[63]: depth= 2 width=4
209: CZ[0, 5]
210: CZ[2, 7]
==== cluster[64]: depth= 2 width=4
211: CZ[4, 9]
212: CZ[11, 16]
==== cluster[65]: depth= 3 width=4
213: CZ[13, 18]
214: H[0]
215: H[1]
==== cluster[66]: depth= 4 width=4
216: H[2]
217: H[3]
218: H[4]
219: H[5]
==== cluster[67]: depth= 4 width=4
220: H[6]
221: H[7]
222: H[8]
223: H[9]
==== cluster[68]: depth= 4 width=4
224: H[10]
225: H[11]
226: H[12]
227: H[13]
==== cluster[69]: depth= 4 width=4
228: H[14]
229: H[15]
230: H[16]
231: H[17]
==== cluster[70]: depth= 4 width=4
232: H[18]
233: H[19]
234: H[20]
235: H[21]
==== cluster[71]: depth= 3 width=3
236: H[22]
237: H[23]
238: H[24]
==== cluster[72]: depth= 2 width=4
239: CZ[10, 15]
240: CZ[12, 17]
==== cluster[73]: depth= 2 width=4
241: CZ[14, 19]
242: CZ[1, 6]
==== cluster[74]: depth= 3 width=4
243: CZ[3, 8]
244: H[0]
245: H[1]
==== cluster[75]: depth= 4 width=4
246: H[2]
247: H[3]
248: H[4]
249: H[5]
==== cluster[76]: depth= 4 width=4
250: H[6]
251: H[7]
252: H[8]
253: H[9]
==== cluster[77]: depth= 4 width=4
254: H[10]
255: H[11]
256: H[12]
257: H[13]
==== cluster[78]: depth= 4 width=4
258: H[14]
259: H[15]
260: H[16]
261: H[17]
==== cluster[79]: depth= 4 width=4
262: H[18]
263: H[19]
264: H[20]
265: H[21]
==== cluster[80]: depth= 3 width=3
266: H[22]
267: H[23]
268: H[24]
