=== Original:
 0: H[0]
 1: H[1]
 2: H[2]
 3: H[3]
 4: H[4]
 5: H[5]
 6: H[6]
 7: H[7]
 8: H[8]
 9: H[9]
10: H[10]
11: H[11]
12: H[12]
13: H[13]
14: H[14]
15: H[15]
16: H[16]
17: H[17]
18: H[18]
19: H[19]
20: H[20]
21: H[21]
22: H[22]
23: H[23]
24: H[24]
25: CZ[2, 3]
26: CZ[12, 13]
27: CZ[22, 23]
28: CZ[5, 6]
29: CZ[9, 10]
30: CZ[15, 16]
31: CZ[19, 20]
32: H[0]
33: H[1]
34: H[2]
35: H[3]
36: H[4]
37: H[5]
38: H[6]
39: H[7]
40: H[8]
41: H[9]
42: H[10]
43: H[11]
44: H[12]
45: H[13]
46: H[14]
47: H[15]
48: H[16]
49: H[17]
50: H[18]
51: H[19]
52: H[20]
53: H[21]
54: H[22]
55: H[23]
56: H[24]
57: CZ[0, 1]
58: CZ[4, 5]
59: CZ[10, 11]
60: CZ[14, 15]
61: CZ[20, 21]
62: CZ[7, 8]
63: CZ[17, 18]
64: H[0]
65: H[1]
66: H[2]
67: H[3]
68: H[4]
69: H[5]
70: H[6]
71: H[7]
72: H[8]
73: H[9]
74: H[10]
75: H[11]
76: H[12]
77: H[13]
78: H[14]
79: H[15]
80: H[16]
81: H[17]
82: H[18]
83: H[19]
84: H[20]
85: H[21]
86: H[22]
87: H[23]
88: H[24]
89: CZ[15, 20]
90: CZ[17, 22]
91: CZ[19, 24]
92: CZ[6, 11]
93: CZ[8, 13]
94: H[0]
95: H[1]
96: H[2]
97: H[3]
98: H[4]
99: H[5]
100: H[6]
101: H[7]
102: H[8]
103: H[9]
104: H[10]
105: H[11]
106: H[12]
107: H[13]
108: H[14]
109: H[15]
110: H[16]
111: H[17]
112: H[18]
113: H[19]
114: H[20]
115: H[21]
116: H[22]
117: H[23]
118: H[24]
119: CZ[5, 10]
120: CZ[7, 12]
121: CZ[9, 14]
122: CZ[16, 21]
123: CZ[18, 23]
124: H[0]
125: H[1]
126: H[2]
127: H[3]
128: H[4]
129: H[5]
130: H[6]
131: H[7]
132: H[8]
133: H[9]
134: H[10]
135: H[11]
136: H[12]
137: H[13]
138: H[14]
139: H[15]
140: H[16]
141: H[17]
142: H[18]
143: H[19]
144: H[20]
145: H[21]
146: H[22]
147: H[23]
148: H[24]
149: CZ[3, 4]
150: CZ[13, 14]
151: CZ[23, 24]
152: CZ[6, 7]
153: CZ[16, 17]
154: H[0]
155: H[1]
156: H[2]
157: H[3]
158: H[4]
159: H[5]
160: H[6]
161: H[7]
162: H[8]
163: H[9]
164: H[10]
165: H[11]
166: H[12]
167: H[13]
168: H[14]
169: H[15]
170: H[16]
171: H[17]
172: H[18]
173: H[19]
174: H[20]
175: H[21]
176: H[22]
177: H[23]
178: H[24]
179: CZ[1, 2]
180: CZ[11, 12]
181: CZ[21, 22]
182: CZ[8, 9]
183: CZ[18, 19]
184: H[0]
185: H[1]
186: H[2]
187: H[3]
188: H[4]
189: H[5]
190: H[6]
191: H[7]
192: H[8]
193: H[9]
194: H[10]
195: H[11]
196: H[12]
197: H[13]
198: H[14]
199: H[15]
200: H[16]
201: H[17]
202: H[18]
203: H[19]
204: H[20]
205: H[21]
206: H[22]
207: H[23]
208: H[24]
209: CZ[0, 5]
210: CZ[2, 7]
211: CZ[4, 9]
212: CZ[11, 16]
213: CZ[13, 18]
214: H[0]
215: H[1]
216: H[2]
217: H[3]
218: H[4]
219: H[5]
220: H[6]
221: H[7]
222: H[8]
223: H[9]
224: H[10]
225: H[11]
226: H[12]
227: H[13]
228: H[14]
229: H[15]
230: H[16]
231: H[17]
232: H[18]
233: H[19]
234: H[20]
235: H[21]
236: H[22]
237: H[23]
238: H[24]
239: CZ[10, 15]
240: CZ[12, 17]
241: CZ[14, 19]
242: CZ[1, 6]
243: CZ[3, 8]
244: H[0]
245: H[1]
246: H[2]
247: H[3]
248: H[4]
249: H[5]
250: H[6]
251: H[7]
252: H[8]
253: H[9]
254: H[10]
255: H[11]
256: H[12]
257: H[13]
258: H[14]
259: H[15]
260: H[16]
261: H[17]
262: H[18]
263: H[19]
264: H[20]
265: H[21]
266: H[22]
267: H[23]
268: H[24]
=== Clusters (cost=  6.368):
==== cluster[ 0]: depth=26 width=4
 0: H[17]
 1: H[18]
 2: H[22]
 3: H[23]
 4: H[17]
 5: H[18]
 6: CZ[22, 23]
 7: H[23]
 8: CZ[17, 18]
 9: H[18]
10: H[22]
11: H[23]
12: H[17]
13: H[18]
14: H[22]
15: H[23]
16: CZ[17, 22]
17: CZ[18, 23]
18: H[22]
19: H[23]
20: H[17]
21: H[18]
22: H[22]
23: H[17]
24: H[18]
25: H[22]
==== cluster[ 1]: depth=23 width=5
26: H[16]
27: H[19]
28: H[20]
29: H[21]
30: H[15]
31: CZ[15, 16]
32: CZ[19, 20]
33: H[20]
34: H[21]
35: H[15]
36: H[16]
37: H[19]
38: CZ[20, 21]
39: H[21]
40: H[16]
41: H[19]
42: H[20]
43: H[21]
44: H[16]
45: CZ[16, 21]
46: H[16]
47: H[21]
48: H[21]
==== cluster[ 2]: depth=26 width=4
49: H[8]
50: H[12]
51: H[13]
52: H[7]
53: H[8]
54: CZ[12, 13]
55: H[13]
56: H[7]
57: CZ[7, 8]
58: H[12]
59: H[13]
60: H[7]
61: H[8]
62: H[12]
63: CZ[8, 13]
64: H[7]
65: H[8]
66: H[12]
67: H[13]
68: CZ[7, 12]
69: H[8]
70: H[12]
71: H[13]
72: H[7]
73: H[8]
74: H[12]
==== cluster[ 3]: depth=25 width=5
75: H[5]
76: H[6]
77: H[9]
78: H[10]
79: H[11]
80: CZ[5, 6]
81: H[6]
82: CZ[9, 10]
83: H[10]
84: H[11]
85: H[5]
86: H[6]
87: H[9]
88: CZ[10, 11]
89: H[11]
90: CZ[6, 11]
91: H[9]
92: H[10]
93: H[11]
94: H[6]
95: H[9]
96: H[10]
97: H[11]
98: H[6]
99: H[11]
==== cluster[ 4]: depth=18 width=4
100: CZ[16, 17]
101: H[17]
102: CZ[11, 12]
103: H[12]
104: H[16]
105: H[17]
106: H[11]
107: H[12]
108: H[16]
109: H[17]
110: CZ[11, 16]
111: CZ[12, 17]
112: H[16]
113: H[17]
114: H[11]
115: H[12]
116: H[16]
117: H[11]
==== cluster[ 5]: depth=35 width=5
118: H[0]
119: H[1]
120: H[4]
121: H[0]
122: H[1]
123: H[4]
124: CZ[4, 5]
125: CZ[0, 1]
126: H[1]
127: H[4]
128: H[5]
129: H[0]
130: H[1]
131: H[4]
132: H[5]
133: CZ[5, 10]
134: H[0]
135: H[1]
136: H[4]
137: H[5]
138: H[10]
139: H[0]
140: H[1]
141: H[0]
142: H[0]
143: H[5]
144: H[10]
145: H[5]
146: H[10]
147: CZ[0, 5]
148: H[5]
149: H[10]
150: H[0]
151: H[5]
152: H[0]
==== cluster[ 6]: depth=30 width=5
153: H[2]
154: H[3]
155: CZ[6, 7]
156: H[7]
157: CZ[2, 3]
158: H[3]
159: H[6]
160: H[7]
161: H[2]
162: H[3]
163: H[6]
164: H[2]
165: H[3]
166: H[6]
167: H[2]
168: H[3]
169: H[2]
170: H[2]
171: CZ[1, 2]
172: H[2]
173: CZ[2, 7]
174: H[1]
175: H[2]
176: H[7]
177: H[1]
178: H[2]
179: CZ[1, 6]
180: H[7]
181: H[1]
182: H[6]
==== cluster[ 7]: depth=21 width=4
183: H[14]
184: H[14]
185: CZ[14, 15]
186: H[14]
187: H[15]
188: CZ[15, 20]
189: H[14]
190: H[15]
191: H[20]
192: H[20]
193: H[15]
194: H[20]
195: H[15]
196: H[20]
197: H[15]
198: H[20]
199: H[15]
200: CZ[10, 15]
201: H[20]
202: H[15]
203: H[10]
==== cluster[ 8]: depth=22 width=4
204: H[24]
205: H[24]
206: H[24]
207: CZ[19, 24]
208: H[24]
209: H[19]
210: H[24]
211: H[19]
212: CZ[23, 24]
213: H[24]
214: H[19]
215: H[23]
216: H[24]
217: CZ[18, 19]
218: H[19]
219: H[23]
220: H[24]
221: H[18]
222: H[19]
223: H[23]
224: H[24]
225: H[23]
==== cluster[ 9]: depth=22 width=5
226: CZ[3, 4]
227: H[4]
228: CZ[9, 14]
229: H[14]
230: H[3]
231: H[4]
232: H[9]
233: H[3]
234: H[9]
235: H[3]
236: CZ[8, 9]
237: H[9]
238: CZ[4, 9]
239: H[8]
240: H[9]
241: H[4]
242: H[8]
243: H[9]
244: CZ[3, 8]
245: H[4]
246: H[8]
247: H[3]
==== cluster[10]: depth=14 width=4
248: CZ[13, 14]
249: H[14]
250: H[13]
251: H[14]
252: H[13]
253: H[14]
254: CZ[13, 18]
255: CZ[14, 19]
256: H[13]
257: H[14]
258: H[18]
259: H[19]
260: H[13]
261: H[18]
==== cluster[11]: depth= 7 width=2
262: CZ[21, 22]
263: H[22]
264: H[21]
265: H[22]
266: H[21]
267: H[22]
268: H[21]
