@@@DBG nQs=15 max=8 procs=8 thrds=1
@@@DBG: Generic
@@@DBG: OMP_NUM_THREADS=1 fusedSpan=5 fusedDepth=100 wfnCapacity=32768
@@@DBG sz=23.18 nQs=5.00 nCs=0.00 flsh=   3e+03 gts= 6.9e+04 elap= 10.0 gps=      6941 (fus= 27.1%, ker= 70.9%)
@@@DBG sz=23.18 nQs=5.00 nCs=0.00 flsh=   6e+03 gts=   7e+04 elap= 10.0 gps=      6994 (fus= 27.1%, ker= 70.9%)
@@@DBG sz=23.18 nQs=5.00 nCs=0.00 flsh=   9e+03 gts= 6.9e+04 elap= 10.0 gps=      6902 (fus= 27.1%, ker= 70.9%)
@@@DBG sz=23.18 nQs=5.00 nCs=0.00 flsh= 1.2e+04 gts= 6.9e+04 elap= 10.0 gps=      6918 (fus= 27.0%, ker= 71.0%)
@@@DBG: AVX
@@@DBG: OMP_NUM_THREADS=1 fusedSpan=5 fusedDepth=100 wfnCapacity=32768
@@@DBG sz=23.18 nQs=5.00 nCs=0.00 flsh= 7.1e+03 gts= 1.7e+05 elap= 10.0 gps= 1.654e+04 (fus= 67.4%, ker= 27.7%)
@@@DBG sz=23.18 nQs=5.00 nCs=0.00 flsh= 1.4e+04 gts= 1.7e+05 elap= 10.0 gps= 1.654e+04 (fus= 67.4%, ker= 27.7%)
@@@DBG sz=23.18 nQs=5.00 nCs=0.00 flsh= 2.2e+04 gts= 1.7e+05 elap= 10.0 gps= 1.698e+04 (fus= 67.4%, ker= 27.6%)
@@@DBG sz=23.18 nQs=5.00 nCs=0.00 flsh= 2.9e+04 gts= 1.7e+05 elap= 10.0 gps= 1.721e+04 (fus= 67.4%, ker= 27.7%)
@@@DBG: AVX2
@@@DBG: OMP_NUM_THREADS=1 fusedSpan=5 fusedDepth=100 wfnCapacity=32768
@@@DBG sz=23.18 nQs=5.00 nCs=0.00 flsh= 7.3e+03 gts= 1.7e+05 elap= 10.0 gps= 1.682e+04 (fus= 67.4%, ker= 27.7%)
@@@DBG sz=23.18 nQs=5.00 nCs=0.00 flsh= 1.5e+04 gts= 1.7e+05 elap= 10.0 gps= 1.696e+04 (fus= 67.3%, ker= 27.7%)
@@@DBG sz=23.18 nQs=5.00 nCs=0.00 flsh= 2.2e+04 gts= 1.7e+05 elap= 10.0 gps= 1.681e+04 (fus= 67.3%, ker= 27.7%)
@@@DBG sz=23.18 nQs=5.00 nCs=0.00 flsh= 2.9e+04 gts= 1.7e+05 elap= 10.0 gps= 1.672e+04 (fus= 67.3%, ker= 27.7%)
@@@DBG: AVX512
@@@DBG: OMP_NUM_THREADS=1 fusedSpan=5 fusedDepth=100 wfnCapacity=32768
@@@DBG sz=23.18 nQs=5.00 nCs=0.00 flsh= 8.1e+03 gts= 1.9e+05 elap= 10.0 gps= 1.876e+04 (fus= 74.5%, ker= 20.0%)
@@@DBG sz=23.18 nQs=5.00 nCs=0.00 flsh= 1.6e+04 gts= 1.9e+05 elap= 10.0 gps= 1.851e+04 (fus= 74.6%, ker= 20.0%)
@@@DBG sz=23.18 nQs=5.00 nCs=0.00 flsh= 2.4e+04 gts= 1.8e+05 elap= 10.0 gps= 1.838e+04 (fus= 74.5%, ker= 20.0%)
@@@DBG: Generic
@@@DBG: OMP_NUM_THREADS=2 fusedSpan=5 fusedDepth=100 wfnCapacity=32768
@@@DBG sz=23.18 nQs=5.00 nCs=0.00 flsh= 5.3e+03 gts= 1.2e+05 elap= 10.0 gps= 1.222e+04 (fus= 27.5%, ker= 68.2%)
@@@DBG sz=23.18 nQs=5.00 nCs=0.00 flsh= 1.1e+04 gts= 1.2e+05 elap= 10.0 gps= 1.234e+04 (fus= 27.4%, ker= 68.3%)
@@@DBG sz=23.18 nQs=5.00 nCs=0.00 flsh= 1.6e+04 gts= 1.2e+05 elap= 10.0 gps= 1.244e+04 (fus= 27.3%, ker= 68.3%)
@@@DBG: AVX
@@@DBG: OMP_NUM_THREADS=2 fusedSpan=5 fusedDepth=100 wfnCapacity=32768
@@@DBG sz=23.18 nQs=5.00 nCs=0.00 flsh=   1e+04 gts= 2.4e+05 elap= 10.0 gps= 2.411e+04 (fus= 54.7%, ker= 36.8%)
@@@DBG sz=23.18 nQs=5.00 nCs=0.00 flsh= 2.1e+04 gts= 2.4e+05 elap= 10.0 gps= 2.397e+04 (fus= 54.8%, ker= 36.8%)
@@@DBG sz=23.18 nQs=5.00 nCs=0.00 flsh= 3.1e+04 gts= 2.3e+05 elap= 10.0 gps= 2.345e+04 (fus= 55.5%, ker= 36.0%)
@@@DBG sz=23.18 nQs=5.00 nCs=0.00 flsh= 4.1e+04 gts= 2.4e+05 elap= 10.0 gps= 2.377e+04 (fus= 55.0%, ker= 36.6%)
@@@DBG: AVX2
@@@DBG: OMP_NUM_THREADS=2 fusedSpan=5 fusedDepth=100 wfnCapacity=32768
@@@DBG sz=23.18 nQs=5.00 nCs=0.00 flsh=   1e+04 gts= 2.4e+05 elap= 10.0 gps= 2.386e+04 (fus= 54.5%, ker= 37.1%)
@@@DBG sz=23.18 nQs=5.00 nCs=0.00 flsh= 2.1e+04 gts= 2.4e+05 elap= 10.0 gps= 2.372e+04 (fus= 54.4%, ker= 37.3%)
@@@DBG sz=23.18 nQs=5.00 nCs=0.00 flsh= 3.1e+04 gts= 2.3e+05 elap= 10.0 gps= 2.342e+04 (fus= 54.3%, ker= 37.5%)
@@@DBG sz=23.18 nQs=5.00 nCs=0.00 flsh= 4.1e+04 gts= 2.4e+05 elap= 10.0 gps= 2.358e+04 (fus= 54.2%, ker= 37.5%)
@@@DBG: AVX512
@@@DBG: OMP_NUM_THREADS=2 fusedSpan=5 fusedDepth=100 wfnCapacity=32768
@@@DBG sz=23.18 nQs=5.00 nCs=0.00 flsh= 1.1e+04 gts= 2.6e+05 elap= 10.0 gps= 2.609e+04 (fus= 61.5%, ker= 29.1%)
@@@DBG sz=23.18 nQs=5.00 nCs=0.00 flsh= 2.3e+04 gts= 2.6e+05 elap= 10.0 gps= 2.634e+04 (fus= 61.4%, ker= 29.2%)
@@@DBG sz=23.18 nQs=5.00 nCs=0.00 flsh= 3.4e+04 gts= 2.6e+05 elap= 10.0 gps= 2.634e+04 (fus= 61.4%, ker= 29.2%)
@@@DBG sz=23.18 nQs=5.00 nCs=0.00 flsh= 4.5e+04 gts= 2.7e+05 elap= 10.0 gps=  2.66e+04 (fus= 61.4%, ker= 29.2%)
@@@DBG: Generic
@@@DBG: OMP_NUM_THREADS=3 fusedSpan=5 fusedDepth=100 wfnCapacity=32768
@@@DBG sz=23.18 nQs=5.00 nCs=0.00 flsh= 7.1e+03 gts= 1.7e+05 elap= 10.0 gps= 1.653e+04 (fus= 29.3%, ker= 64.8%)
@@@DBG sz=23.18 nQs=5.00 nCs=0.00 flsh= 1.4e+04 gts= 1.6e+05 elap= 10.0 gps= 1.615e+04 (fus= 29.4%, ker= 64.7%)
@@@DBG sz=23.18 nQs=5.00 nCs=0.00 flsh= 2.1e+04 gts= 1.6e+05 elap= 10.0 gps= 1.602e+04 (fus= 29.5%, ker= 64.7%)
@@@DBG sz=23.18 nQs=5.00 nCs=0.00 flsh= 2.8e+04 gts= 1.6e+05 elap= 10.0 gps= 1.589e+04 (fus= 29.5%, ker= 64.6%)
@@@DBG: AVX
@@@DBG: OMP_NUM_THREADS=3 fusedSpan=5 fusedDepth=100 wfnCapacity=32768
@@@DBG sz=23.18 nQs=5.00 nCs=0.00 flsh= 1.3e+04 gts= 2.9e+05 elap= 10.0 gps= 2.932e+04 (fus= 55.5%, ker= 33.8%)
@@@DBG sz=23.18 nQs=5.00 nCs=0.00 flsh= 2.5e+04 gts= 2.9e+05 elap= 10.0 gps= 2.947e+04 (fus= 55.6%, ker= 33.7%)
@@@DBG sz=23.18 nQs=5.00 nCs=0.00 flsh= 3.8e+04 gts= 2.9e+05 elap= 10.0 gps= 2.912e+04 (fus= 55.8%, ker= 33.2%)
@@@DBG sz=23.18 nQs=5.00 nCs=0.00 flsh= 5.1e+04 gts= 2.9e+05 elap= 10.0 gps= 2.932e+04 (fus= 55.6%, ker= 33.3%)
@@@DBG: AVX2
@@@DBG: OMP_NUM_THREADS=3 fusedSpan=5 fusedDepth=100 wfnCapacity=32768
@@@DBG sz=23.18 nQs=5.00 nCs=0.00 flsh= 1.2e+04 gts= 2.9e+05 elap= 10.0 gps= 2.891e+04 (fus= 54.8%, ker= 34.5%)
@@@DBG sz=23.18 nQs=5.00 nCs=0.00 flsh= 2.5e+04 gts=   3e+05 elap= 10.0 gps=  2.98e+04 (fus= 54.0%, ker= 35.4%)
@@@DBG sz=23.18 nQs=5.00 nCs=0.00 flsh= 3.8e+04 gts=   3e+05 elap= 10.0 gps= 2.964e+04 (fus= 54.2%, ker= 35.2%)
@@@DBG: AVX512
@@@DBG: OMP_NUM_THREADS=3 fusedSpan=5 fusedDepth=100 wfnCapacity=32768
@@@DBG sz=23.18 nQs=5.00 nCs=0.00 flsh= 1.4e+04 gts= 3.2e+05 elap= 10.0 gps= 3.214e+04 (fus= 60.8%, ker= 27.4%)
@@@DBG sz=23.18 nQs=5.00 nCs=0.00 flsh= 2.8e+04 gts= 3.2e+05 elap= 10.0 gps=  3.25e+04 (fus= 60.7%, ker= 27.5%)
@@@DBG sz=23.18 nQs=5.00 nCs=0.00 flsh= 4.1e+04 gts= 3.1e+05 elap= 10.0 gps= 3.138e+04 (fus= 61.2%, ker= 27.4%)
@@@DBG sz=23.18 nQs=5.00 nCs=0.00 flsh= 5.5e+04 gts= 3.1e+05 elap= 10.0 gps= 3.109e+04 (fus= 61.6%, ker= 27.0%)
@@@DBG: Generic
@@@DBG: OMP_NUM_THREADS=4 fusedSpan=5 fusedDepth=100 wfnCapacity=32768
@@@DBG sz=23.18 nQs=5.00 nCs=0.00 flsh= 8.5e+03 gts=   2e+05 elap= 10.0 gps= 1.963e+04 (fus= 29.4%, ker= 63.4%)
@@@DBG sz=23.18 nQs=5.00 nCs=0.00 flsh= 1.7e+04 gts= 1.9e+05 elap= 10.0 gps= 1.949e+04 (fus= 29.3%, ker= 63.4%)
@@@DBG sz=23.18 nQs=5.00 nCs=0.00 flsh= 2.5e+04 gts= 1.9e+05 elap= 10.0 gps= 1.949e+04 (fus= 29.3%, ker= 63.5%)
@@@DBG sz=23.18 nQs=5.00 nCs=0.00 flsh= 3.4e+04 gts= 1.9e+05 elap= 10.0 gps= 1.939e+04 (fus= 29.3%, ker= 63.6%)
@@@DBG: AVX
@@@DBG: OMP_NUM_THREADS=4 fusedSpan=5 fusedDepth=100 wfnCapacity=32768
@@@DBG sz=23.18 nQs=5.00 nCs=0.00 flsh= 1.5e+04 gts= 3.5e+05 elap= 10.0 gps= 3.473e+04 (fus= 53.8%, ker= 33.3%)
@@@DBG sz=23.18 nQs=5.00 nCs=0.00 flsh=   3e+04 gts= 3.6e+05 elap= 10.0 gps= 3.553e+04 (fus= 53.7%, ker= 33.3%)
@@@DBG sz=23.18 nQs=5.00 nCs=0.00 flsh= 4.6e+04 gts= 3.6e+05 elap= 10.0 gps= 3.578e+04 (fus= 53.7%, ker= 33.1%)
@@@DBG sz=23.18 nQs=5.00 nCs=0.00 flsh= 6.1e+04 gts= 3.6e+05 elap= 10.0 gps= 3.561e+04 (fus= 53.7%, ker= 33.4%)
@@@DBG: AVX2
@@@DBG: OMP_NUM_THREADS=4 fusedSpan=5 fusedDepth=100 wfnCapacity=32768
@@@DBG sz=23.18 nQs=5.00 nCs=0.00 flsh= 1.5e+04 gts= 3.5e+05 elap= 10.0 gps=   3.5e+04 (fus= 53.0%, ker= 34.3%)
@@@DBG sz=23.18 nQs=5.00 nCs=0.00 flsh=   3e+04 gts= 3.5e+05 elap= 10.0 gps= 3.489e+04 (fus= 53.1%, ker= 34.2%)
@@@DBG sz=23.18 nQs=5.00 nCs=0.00 flsh= 4.5e+04 gts= 3.4e+05 elap= 10.0 gps=  3.43e+04 (fus= 53.3%, ker= 33.5%)
@@@DBG: AVX512
@@@DBG: OMP_NUM_THREADS=4 fusedSpan=5 fusedDepth=100 wfnCapacity=32768
@@@DBG sz=23.18 nQs=5.00 nCs=0.00 flsh= 1.6e+04 gts= 3.8e+05 elap= 10.0 gps= 3.805e+04 (fus= 58.6%, ker= 27.5%)
@@@DBG sz=23.18 nQs=5.00 nCs=0.00 flsh= 3.3e+04 gts= 3.8e+05 elap= 10.0 gps= 3.793e+04 (fus= 58.7%, ker= 26.8%)
@@@DBG sz=23.18 nQs=5.00 nCs=0.00 flsh= 4.9e+04 gts= 3.7e+05 elap= 10.0 gps= 3.741e+04 (fus= 58.7%, ker= 26.9%)
@@@DBG sz=23.18 nQs=5.00 nCs=0.00 flsh= 6.5e+04 gts= 3.8e+05 elap= 10.0 gps= 3.783e+04 (fus= 58.8%, ker= 26.7%)
@@@DBG: Generic
@@@DBG: OMP_NUM_THREADS=1 fusedSpan=6 fusedDepth=100 wfnCapacity=32768
@@@DBG sz=28.34 nQs=6.00 nCs=0.00 flsh= 1.4e+03 gts=   4e+04 elap= 10.0 gps=      4014 (fus= 61.3%, ker= 37.4%)
@@@DBG sz=28.34 nQs=6.00 nCs=0.00 flsh= 2.9e+03 gts= 4.1e+04 elap= 10.0 gps=      4063 (fus= 61.2%, ker= 37.5%)
@@@DBG sz=28.33 nQs=6.00 nCs=0.00 flsh= 4.3e+03 gts= 4.1e+04 elap= 10.0 gps=      4097 (fus= 61.3%, ker= 37.3%)
@@@DBG: AVX
@@@DBG: OMP_NUM_THREADS=1 fusedSpan=6 fusedDepth=100 wfnCapacity=32768
@@@DBG sz=28.34 nQs=6.00 nCs=0.00 flsh= 1.7e+03 gts= 4.8e+04 elap= 10.0 gps=      4817 (fus= 75.4%, ker= 23.0%)
@@@DBG sz=28.34 nQs=6.00 nCs=0.00 flsh= 3.4e+03 gts= 4.9e+04 elap= 10.0 gps=      4857 (fus= 75.4%, ker= 23.0%)
@@@DBG sz=28.33 nQs=6.00 nCs=0.00 flsh= 5.1e+03 gts= 4.8e+04 elap= 10.0 gps=      4794 (fus= 75.4%, ker= 23.0%)
@@@DBG sz=28.33 nQs=6.00 nCs=0.00 flsh= 6.8e+03 gts= 4.9e+04 elap= 10.0 gps=      4875 (fus= 75.4%, ker= 23.0%)
@@@DBG: AVX2
@@@DBG: OMP_NUM_THREADS=1 fusedSpan=6 fusedDepth=100 wfnCapacity=32768
@@@DBG sz=28.34 nQs=6.00 nCs=0.00 flsh= 1.8e+03 gts= 5.1e+04 elap= 10.0 gps=      5082 (fus= 78.3%, ker= 20.1%)
@@@DBG sz=28.34 nQs=6.00 nCs=0.00 flsh= 3.6e+03 gts= 5.1e+04 elap= 10.0 gps=      5069 (fus= 78.2%, ker= 20.1%)
@@@DBG sz=28.33 nQs=6.00 nCs=0.00 flsh= 5.4e+03 gts=   5e+04 elap= 10.0 gps=      5045 (fus= 78.2%, ker= 20.2%)
@@@DBG sz=28.33 nQs=6.00 nCs=0.00 flsh= 7.1e+03 gts=   5e+04 elap= 10.0 gps=      5048 (fus= 78.2%, ker= 20.1%)
@@@DBG: AVX512
@@@DBG: OMP_NUM_THREADS=1 fusedSpan=6 fusedDepth=100 wfnCapacity=32768
@@@DBG sz=28.34 nQs=6.00 nCs=0.00 flsh= 1.9e+03 gts= 5.4e+04 elap= 10.0 gps=      5414 (fus= 84.3%, ker= 13.9%)
@@@DBG sz=28.34 nQs=6.00 nCs=0.00 flsh= 3.8e+03 gts= 5.4e+04 elap= 10.0 gps=      5426 (fus= 84.3%, ker= 13.9%)
@@@DBG sz=28.33 nQs=6.00 nCs=0.00 flsh= 5.7e+03 gts= 5.4e+04 elap= 10.0 gps=      5438 (fus= 84.2%, ker= 14.0%)
@@@DBG: Generic
@@@DBG: OMP_NUM_THREADS=2 fusedSpan=6 fusedDepth=100 wfnCapacity=32768
@@@DBG sz=28.34 nQs=6.00 nCs=0.00 flsh= 2.5e+03 gts= 7.1e+04 elap= 10.0 gps=      7122 (fus= 59.2%, ker= 38.3%)
@@@DBG sz=28.33 nQs=6.00 nCs=0.00 flsh=   5e+03 gts= 7.1e+04 elap= 10.0 gps=      7147 (fus= 59.1%, ker= 38.4%)
@@@DBG sz=28.33 nQs=6.00 nCs=0.00 flsh= 7.5e+03 gts= 7.1e+04 elap= 10.0 gps=      7099 (fus= 59.4%, ker= 38.1%)
@@@DBG sz=28.33 nQs=6.00 nCs=0.00 flsh=   1e+04 gts=   7e+04 elap= 10.0 gps=      6994 (fus= 59.4%, ker= 38.1%)
@@@DBG: AVX
@@@DBG: OMP_NUM_THREADS=2 fusedSpan=6 fusedDepth=100 wfnCapacity=32768
@@@DBG sz=28.34 nQs=6.00 nCs=0.00 flsh= 2.9e+03 gts= 8.3e+04 elap= 10.0 gps=      8327 (fus= 70.5%, ker= 26.6%)
@@@DBG sz=28.33 nQs=6.00 nCs=0.00 flsh= 5.9e+03 gts= 8.4e+04 elap= 10.0 gps=      8384 (fus= 70.6%, ker= 26.5%)
@@@DBG sz=28.33 nQs=6.00 nCs=0.00 flsh= 8.8e+03 gts= 8.2e+04 elap= 10.0 gps=      8212 (fus= 70.6%, ker= 26.4%)
@@@DBG: AVX2
@@@DBG: OMP_NUM_THREADS=2 fusedSpan=6 fusedDepth=100 wfnCapacity=32768
@@@DBG sz=28.34 nQs=6.00 nCs=0.00 flsh=   3e+03 gts= 8.5e+04 elap= 10.0 gps=      8538 (fus= 73.4%, ker= 23.5%)
@@@DBG sz=28.33 nQs=6.00 nCs=0.00 flsh=   6e+03 gts= 8.5e+04 elap= 10.0 gps=      8494 (fus= 73.5%, ker= 23.4%)
@@@DBG sz=28.33 nQs=6.00 nCs=0.00 flsh=   9e+03 gts= 8.6e+04 elap= 10.0 gps=      8577 (fus= 73.4%, ker= 23.6%)
@@@DBG: AVX512
@@@DBG: OMP_NUM_THREADS=2 fusedSpan=6 fusedDepth=100 wfnCapacity=32768
@@@DBG sz=28.34 nQs=6.00 nCs=0.00 flsh= 3.2e+03 gts=   9e+04 elap= 10.0 gps=      9045 (fus= 78.4%, ker= 18.3%)
@@@DBG sz=28.33 nQs=6.00 nCs=0.00 flsh= 6.4e+03 gts= 9.2e+04 elap= 10.0 gps=      9226 (fus= 78.3%, ker= 18.4%)
@@@DBG sz=28.33 nQs=6.00 nCs=0.00 flsh= 9.7e+03 gts= 9.1e+04 elap= 10.0 gps=      9137 (fus= 78.3%, ker= 18.4%)
@@@DBG sz=28.33 nQs=6.00 nCs=0.00 flsh= 1.3e+04 gts= 9.2e+04 elap= 10.0 gps=      9158 (fus= 78.2%, ker= 18.6%)
@@@DBG: Generic
@@@DBG: OMP_NUM_THREADS=3 fusedSpan=6 fusedDepth=100 wfnCapacity=32768
@@@DBG sz=28.34 nQs=6.00 nCs=0.00 flsh= 3.4e+03 gts= 9.6e+04 elap= 10.0 gps=      9589 (fus= 59.1%, ker= 37.5%)
@@@DBG sz=28.33 nQs=6.00 nCs=0.00 flsh= 6.8e+03 gts= 9.6e+04 elap= 10.0 gps=      9616 (fus= 59.1%, ker= 37.5%)
@@@DBG sz=28.33 nQs=6.00 nCs=0.00 flsh=   1e+04 gts= 9.4e+04 elap= 10.0 gps=      9409 (fus= 59.5%, ker= 37.2%)
@@@DBG sz=28.33 nQs=6.00 nCs=0.00 flsh= 1.3e+04 gts= 9.6e+04 elap= 10.0 gps=      9597 (fus= 59.0%, ker= 37.6%)
@@@DBG: AVX
@@@DBG: OMP_NUM_THREADS=3 fusedSpan=6 fusedDepth=100 wfnCapacity=32768
@@@DBG sz=28.34 nQs=6.00 nCs=0.00 flsh= 3.7e+03 gts= 1.1e+05 elap= 10.0 gps= 1.062e+04 (fus= 69.3%, ker= 26.8%)
@@@DBG sz=28.33 nQs=6.00 nCs=0.00 flsh= 7.6e+03 gts= 1.1e+05 elap= 10.0 gps= 1.089e+04 (fus= 68.9%, ker= 27.2%)
@@@DBG sz=28.33 nQs=6.00 nCs=0.00 flsh= 1.1e+04 gts= 1.1e+05 elap= 10.0 gps= 1.103e+04 (fus= 68.9%, ker= 27.1%)
@@@DBG sz=28.33 nQs=6.00 nCs=0.00 flsh= 1.5e+04 gts= 1.1e+05 elap= 10.0 gps= 1.095e+04 (fus= 68.7%, ker= 27.4%)
@@@DBG: AVX2
@@@DBG: OMP_NUM_THREADS=3 fusedSpan=6 fusedDepth=100 wfnCapacity=32768
@@@DBG sz=28.33 nQs=6.00 nCs=0.00 flsh= 3.9e+03 gts= 1.1e+05 elap= 10.0 gps= 1.114e+04 (fus= 71.2%, ker= 24.7%)
@@@DBG sz=28.33 nQs=6.00 nCs=0.00 flsh= 7.9e+03 gts= 1.1e+05 elap= 10.0 gps= 1.134e+04 (fus= 71.2%, ker= 24.7%)
@@@DBG sz=28.33 nQs=6.00 nCs=0.00 flsh= 1.2e+04 gts= 1.1e+05 elap= 10.0 gps= 1.123e+04 (fus= 71.2%, ker= 24.8%)
@@@DBG sz=28.33 nQs=6.00 nCs=0.00 flsh= 1.6e+04 gts= 1.1e+05 elap= 10.0 gps= 1.133e+04 (fus= 71.2%, ker= 24.8%)
@@@DBG: AVX512
@@@DBG: OMP_NUM_THREADS=3 fusedSpan=6 fusedDepth=100 wfnCapacity=32768
@@@DBG sz=28.34 nQs=6.00 nCs=0.00 flsh= 4.2e+03 gts= 1.2e+05 elap= 10.0 gps= 1.179e+04 (fus= 75.8%, ker= 19.9%)
@@@DBG sz=28.33 nQs=6.00 nCs=0.00 flsh= 8.4e+03 gts= 1.2e+05 elap= 10.0 gps= 1.203e+04 (fus= 75.7%, ker= 19.9%)
@@@DBG sz=28.33 nQs=6.00 nCs=0.00 flsh= 1.3e+04 gts= 1.2e+05 elap= 10.0 gps= 1.188e+04 (fus= 75.8%, ker= 19.9%)
@@@DBG sz=28.33 nQs=6.00 nCs=0.00 flsh= 1.7e+04 gts= 1.2e+05 elap= 10.0 gps= 1.182e+04 (fus= 75.8%, ker= 19.8%)
@@@DBG: Generic
@@@DBG: OMP_NUM_THREADS=4 fusedSpan=6 fusedDepth=100 wfnCapacity=32768
@@@DBG sz=28.34 nQs=6.00 nCs=0.00 flsh= 4.2e+03 gts= 1.2e+05 elap= 10.0 gps= 1.184e+04 (fus= 57.7%, ker= 38.0%)
@@@DBG sz=28.33 nQs=6.00 nCs=0.00 flsh= 8.4e+03 gts= 1.2e+05 elap= 10.0 gps= 1.191e+04 (fus= 57.7%, ker= 38.0%)
@@@DBG sz=28.33 nQs=6.00 nCs=0.00 flsh= 1.3e+04 gts= 1.2e+05 elap= 10.0 gps= 1.212e+04 (fus= 57.7%, ker= 37.9%)
@@@DBG sz=28.33 nQs=6.00 nCs=0.00 flsh= 1.7e+04 gts= 1.2e+05 elap= 10.0 gps= 1.211e+04 (fus= 57.7%, ker= 37.9%)
@@@DBG: AVX
@@@DBG: OMP_NUM_THREADS=4 fusedSpan=6 fusedDepth=100 wfnCapacity=32768
@@@DBG sz=28.33 nQs=6.00 nCs=0.00 flsh= 4.8e+03 gts= 1.4e+05 elap= 10.0 gps= 1.355e+04 (fus= 66.9%, ker= 28.1%)
@@@DBG sz=28.33 nQs=6.00 nCs=0.00 flsh= 9.6e+03 gts= 1.4e+05 elap= 10.0 gps= 1.358e+04 (fus= 66.8%, ker= 28.2%)
@@@DBG sz=28.33 nQs=6.00 nCs=0.00 flsh= 1.4e+04 gts= 1.4e+05 elap= 10.0 gps= 1.357e+04 (fus= 66.9%, ker= 28.1%)
@@@DBG: AVX2
@@@DBG: OMP_NUM_THREADS=4 fusedSpan=6 fusedDepth=100 wfnCapacity=32768
@@@DBG sz=28.34 nQs=6.00 nCs=0.00 flsh=   5e+03 gts= 1.4e+05 elap= 10.0 gps= 1.406e+04 (fus= 68.8%, ker= 26.1%)
@@@DBG sz=28.33 nQs=6.00 nCs=0.00 flsh= 9.9e+03 gts= 1.4e+05 elap= 10.0 gps= 1.411e+04 (fus= 68.9%, ker= 25.9%)
@@@DBG sz=28.33 nQs=6.00 nCs=0.00 flsh= 1.5e+04 gts= 1.4e+05 elap= 10.0 gps= 1.357e+04 (fus= 69.6%, ker= 25.5%)
@@@DBG sz=28.33 nQs=6.00 nCs=0.00 flsh=   2e+04 gts= 1.4e+05 elap= 10.0 gps= 1.396e+04 (fus= 68.8%, ker= 26.1%)
@@@DBG: AVX512
@@@DBG: OMP_NUM_THREADS=4 fusedSpan=6 fusedDepth=100 wfnCapacity=32768
@@@DBG sz=28.33 nQs=6.00 nCs=0.00 flsh= 5.1e+03 gts= 1.5e+05 elap= 10.0 gps= 1.451e+04 (fus= 73.0%, ker= 21.5%)
@@@DBG sz=28.33 nQs=6.00 nCs=0.00 flsh=   1e+04 gts= 1.5e+05 elap= 10.0 gps= 1.456e+04 (fus= 72.9%, ker= 21.7%)
@@@DBG sz=28.33 nQs=6.00 nCs=0.00 flsh= 1.5e+04 gts= 1.5e+05 elap= 10.0 gps= 1.456e+04 (fus= 73.1%, ker= 21.5%)
@@@DBG: Generic
@@@DBG: OMP_NUM_THREADS=1 fusedSpan=7 fusedDepth=100 wfnCapacity=32768
@@@DBG sz=34.01 nQs=7.00 nCs=0.00 flsh= 3.8e+02 gts= 1.3e+04 elap= 10.0 gps=      1283 (fus= 78.9%, ker= 20.6%)
@@@DBG sz=34.01 nQs=7.00 nCs=0.00 flsh= 7.6e+02 gts= 1.3e+04 elap= 10.0 gps=      1294 (fus= 79.0%, ker= 20.5%)
@@@DBG sz=34.00 nQs=7.00 nCs=0.00 flsh= 1.1e+03 gts= 1.3e+04 elap= 10.0 gps=      1285 (fus= 78.8%, ker= 20.8%)
@@@DBG: AVX
@@@DBG: OMP_NUM_THREADS=1 fusedSpan=7 fusedDepth=100 wfnCapacity=32768
@@@DBG sz=34.01 nQs=7.00 nCs=0.00 flsh= 4.2e+02 gts= 1.4e+04 elap= 10.0 gps=      1425 (fus= 87.7%, ker= 11.8%)
@@@DBG sz=34.00 nQs=7.00 nCs=0.00 flsh= 8.3e+02 gts= 1.4e+04 elap= 10.0 gps=      1384 (fus= 87.6%, ker= 11.9%)
@@@DBG sz=34.00 nQs=7.00 nCs=0.00 flsh= 1.2e+03 gts= 1.4e+04 elap= 10.0 gps=      1392 (fus= 87.7%, ker= 11.8%)
@@@DBG sz=34.00 nQs=7.00 nCs=0.00 flsh= 1.7e+03 gts= 1.4e+04 elap= 10.0 gps=      1423 (fus= 87.6%, ker= 11.9%)
@@@DBG: AVX2
@@@DBG: OMP_NUM_THREADS=1 fusedSpan=7 fusedDepth=100 wfnCapacity=32768
@@@DBG sz=34.02 nQs=7.00 nCs=0.00 flsh= 4.2e+02 gts= 1.4e+04 elap= 10.0 gps=      1433 (fus= 89.2%, ker= 10.3%)
@@@DBG sz=34.00 nQs=7.00 nCs=0.00 flsh= 8.5e+02 gts= 1.5e+04 elap= 10.0 gps=      1450 (fus= 89.2%, ker= 10.2%)
@@@DBG sz=34.00 nQs=7.00 nCs=0.00 flsh= 1.3e+03 gts= 1.4e+04 elap= 10.0 gps=      1447 (fus= 89.2%, ker= 10.2%)
@@@DBG sz=34.00 nQs=7.00 nCs=0.00 flsh= 1.7e+03 gts= 1.4e+04 elap= 10.0 gps=      1441 (fus= 89.2%, ker= 10.3%)
@@@DBG: AVX512
@@@DBG: OMP_NUM_THREADS=1 fusedSpan=7 fusedDepth=100 wfnCapacity=32768
@@@DBG sz=34.01 nQs=7.00 nCs=0.00 flsh= 4.4e+02 gts= 1.5e+04 elap= 10.0 gps=      1487 (fus= 92.3%, ker=  7.1%)
@@@DBG sz=34.01 nQs=7.00 nCs=0.00 flsh= 8.8e+02 gts= 1.5e+04 elap= 10.0 gps=      1507 (fus= 92.4%, ker=  7.1%)
@@@DBG sz=34.00 nQs=7.00 nCs=0.00 flsh= 1.3e+03 gts= 1.5e+04 elap= 10.0 gps=      1501 (fus= 92.3%, ker=  7.1%)
@@@DBG: Generic
@@@DBG: OMP_NUM_THREADS=2 fusedSpan=7 fusedDepth=100 wfnCapacity=32768
@@@DBG sz=34.01 nQs=7.00 nCs=0.00 flsh= 6.9e+02 gts= 2.4e+04 elap= 10.0 gps=      2353 (fus= 77.4%, ker= 21.6%)
@@@DBG sz=34.00 nQs=7.00 nCs=0.00 flsh= 1.4e+03 gts= 2.4e+04 elap= 10.0 gps=      2373 (fus= 77.3%, ker= 21.8%)
@@@DBG sz=34.00 nQs=7.00 nCs=0.00 flsh= 2.1e+03 gts= 2.3e+04 elap= 10.0 gps=      2328 (fus= 77.4%, ker= 21.6%)
@@@DBG sz=34.00 nQs=7.00 nCs=0.00 flsh= 2.8e+03 gts= 2.3e+04 elap= 10.0 gps=      2345 (fus= 77.3%, ker= 21.8%)
@@@DBG: AVX
@@@DBG: OMP_NUM_THREADS=2 fusedSpan=7 fusedDepth=100 wfnCapacity=32768
@@@DBG sz=34.01 nQs=7.00 nCs=0.00 flsh= 7.5e+02 gts= 2.5e+04 elap= 10.0 gps=      2547 (fus= 85.8%, ker= 13.2%)
@@@DBG sz=34.00 nQs=7.00 nCs=0.00 flsh= 1.5e+03 gts= 2.5e+04 elap= 10.0 gps=      2543 (fus= 85.7%, ker= 13.3%)
@@@DBG sz=34.00 nQs=7.00 nCs=0.00 flsh= 2.3e+03 gts= 2.6e+04 elap= 10.0 gps=      2566 (fus= 85.7%, ker= 13.3%)
@@@DBG sz=34.00 nQs=7.00 nCs=0.00 flsh=   3e+03 gts= 2.6e+04 elap= 10.0 gps=      2590 (fus= 85.6%, ker= 13.4%)
@@@DBG: AVX2
@@@DBG: OMP_NUM_THREADS=2 fusedSpan=7 fusedDepth=100 wfnCapacity=32768
@@@DBG sz=34.00 nQs=7.00 nCs=0.00 flsh= 7.6e+02 gts= 2.6e+04 elap= 10.0 gps=      2593 (fus= 87.2%, ker= 11.8%)
@@@DBG sz=34.00 nQs=7.00 nCs=0.00 flsh= 1.5e+03 gts= 2.6e+04 elap= 10.0 gps=      2595 (fus= 87.0%, ker= 12.0%)
@@@DBG sz=34.00 nQs=7.00 nCs=0.00 flsh= 2.3e+03 gts= 2.5e+04 elap= 10.0 gps=      2501 (fus= 87.4%, ker= 11.6%)
@@@DBG: AVX512
@@@DBG: OMP_NUM_THREADS=2 fusedSpan=7 fusedDepth=100 wfnCapacity=32768
@@@DBG sz=34.00 nQs=7.00 nCs=0.00 flsh= 7.7e+02 gts= 2.6e+04 elap= 10.0 gps=      2611 (fus= 90.3%, ker=  8.6%)
@@@DBG sz=34.00 nQs=7.00 nCs=0.00 flsh= 1.5e+03 gts= 2.6e+04 elap= 10.0 gps=      2611 (fus= 90.4%, ker=  8.6%)
@@@DBG sz=34.00 nQs=7.00 nCs=0.00 flsh= 2.3e+03 gts= 2.5e+04 elap= 10.0 gps=      2539 (fus= 90.3%, ker=  8.7%)
@@@DBG sz=34.00 nQs=7.00 nCs=0.00 flsh=   3e+03 gts= 2.6e+04 elap= 10.0 gps=      2562 (fus= 90.4%, ker=  8.6%)
@@@DBG: Generic
@@@DBG: OMP_NUM_THREADS=3 fusedSpan=7 fusedDepth=100 wfnCapacity=32768
@@@DBG sz=34.00 nQs=7.00 nCs=0.00 flsh= 9.2e+02 gts= 3.1e+04 elap= 10.0 gps=      3122 (fus= 76.9%, ker= 21.9%)
@@@DBG sz=34.00 nQs=7.00 nCs=0.00 flsh= 1.9e+03 gts= 3.2e+04 elap= 10.0 gps=      3214 (fus= 76.3%, ker= 22.4%)
@@@DBG sz=34.00 nQs=7.00 nCs=0.00 flsh= 2.8e+03 gts= 3.3e+04 elap= 10.0 gps=      3296 (fus= 76.1%, ker= 22.6%)
@@@DBG sz=34.00 nQs=7.00 nCs=0.00 flsh= 3.8e+03 gts= 3.3e+04 elap= 10.0 gps=      3288 (fus= 76.2%, ker= 22.5%)
@@@DBG: AVX
@@@DBG: OMP_NUM_THREADS=3 fusedSpan=7 fusedDepth=100 wfnCapacity=32768
@@@DBG sz=34.00 nQs=7.00 nCs=0.00 flsh=   1e+03 gts= 3.5e+04 elap= 10.0 gps=      3536 (fus= 83.9%, ker= 14.7%)
@@@DBG sz=34.00 nQs=7.00 nCs=0.00 flsh= 2.1e+03 gts= 3.6e+04 elap= 10.0 gps=      3561 (fus= 84.0%, ker= 14.6%)
@@@DBG sz=34.00 nQs=7.00 nCs=0.00 flsh= 3.1e+03 gts= 3.5e+04 elap= 10.0 gps=      3472 (fus= 84.2%, ker= 14.4%)
@@@DBG sz=34.00 nQs=7.00 nCs=0.00 flsh= 4.1e+03 gts= 3.4e+04 elap= 10.0 gps=      3429 (fus= 84.2%, ker= 14.4%)
@@@DBG: AVX2
@@@DBG: OMP_NUM_THREADS=3 fusedSpan=7 fusedDepth=100 wfnCapacity=32768
@@@DBG sz=34.01 nQs=7.00 nCs=0.00 flsh=   1e+03 gts= 3.5e+04 elap= 10.0 gps=      3454 (fus= 85.6%, ker= 13.0%)
@@@DBG sz=34.00 nQs=7.00 nCs=0.00 flsh=   2e+03 gts= 3.5e+04 elap= 10.0 gps=      3512 (fus= 85.7%, ker= 12.9%)
@@@DBG sz=34.00 nQs=7.00 nCs=0.00 flsh= 3.1e+03 gts= 3.6e+04 elap= 10.0 gps=      3623 (fus= 85.4%, ker= 13.1%)
@@@DBG sz=34.00 nQs=7.00 nCs=0.00 flsh= 4.1e+03 gts= 3.5e+04 elap= 10.0 gps=      3508 (fus= 85.7%, ker= 12.9%)
@@@DBG: AVX512
@@@DBG: OMP_NUM_THREADS=3 fusedSpan=7 fusedDepth=100 wfnCapacity=32768
@@@DBG sz=34.00 nQs=7.00 nCs=0.00 flsh= 1.1e+03 gts= 3.6e+04 elap= 10.0 gps=      3580 (fus= 88.4%, ker= 10.1%)
@@@DBG sz=34.00 nQs=7.00 nCs=0.00 flsh= 2.1e+03 gts= 3.6e+04 elap= 10.0 gps=      3601 (fus= 88.4%, ker= 10.1%)
@@@DBG sz=34.00 nQs=7.00 nCs=0.00 flsh= 3.2e+03 gts= 3.6e+04 elap= 10.0 gps=      3569 (fus= 88.5%, ker= 10.1%)
@@@DBG sz=34.00 nQs=7.00 nCs=0.00 flsh= 4.2e+03 gts= 3.6e+04 elap= 10.0 gps=      3562 (fus= 88.5%, ker= 10.0%)
@@@DBG: Generic
@@@DBG: OMP_NUM_THREADS=4 fusedSpan=7 fusedDepth=100 wfnCapacity=32768
@@@DBG sz=34.00 nQs=7.00 nCs=0.00 flsh= 1.2e+03 gts=   4e+04 elap= 10.0 gps=      3953 (fus= 75.7%, ker= 22.6%)
@@@DBG sz=34.00 nQs=7.00 nCs=0.00 flsh= 2.3e+03 gts=   4e+04 elap= 10.0 gps=      3986 (fus= 75.7%, ker= 22.7%)
@@@DBG sz=34.00 nQs=7.00 nCs=0.00 flsh= 3.5e+03 gts=   4e+04 elap= 10.0 gps=      3954 (fus= 75.6%, ker= 22.8%)
@@@DBG: AVX
@@@DBG: OMP_NUM_THREADS=4 fusedSpan=7 fusedDepth=100 wfnCapacity=32768
@@@DBG sz=34.01 nQs=7.00 nCs=0.00 flsh= 1.3e+03 gts= 4.3e+04 elap= 10.0 gps=      4289 (fus= 82.8%, ker= 15.4%)
@@@DBG sz=34.00 nQs=7.00 nCs=0.00 flsh= 2.5e+03 gts= 4.3e+04 elap= 10.0 gps=      4320 (fus= 82.8%, ker= 15.4%)
@@@DBG sz=34.00 nQs=7.00 nCs=0.00 flsh= 3.8e+03 gts= 4.3e+04 elap= 10.0 gps=      4261 (fus= 82.6%, ker= 15.6%)
@@@DBG: AVX2
@@@DBG: OMP_NUM_THREADS=4 fusedSpan=7 fusedDepth=100 wfnCapacity=32768
@@@DBG sz=34.00 nQs=7.00 nCs=0.00 flsh= 1.3e+03 gts= 4.3e+04 elap= 10.0 gps=      4298 (fus= 84.3%, ker= 13.9%)
@@@DBG sz=34.00 nQs=7.00 nCs=0.00 flsh= 2.5e+03 gts= 4.3e+04 elap= 10.0 gps=      4300 (fus= 84.2%, ker= 14.1%)
@@@DBG sz=34.00 nQs=7.00 nCs=0.00 flsh= 3.8e+03 gts= 4.4e+04 elap= 10.0 gps=      4365 (fus= 84.2%, ker= 14.0%)
@@@DBG sz=34.00 nQs=7.00 nCs=0.00 flsh= 5.1e+03 gts= 4.4e+04 elap= 10.0 gps=      4371 (fus= 84.1%, ker= 14.1%)
@@@DBG: AVX512
@@@DBG: OMP_NUM_THREADS=4 fusedSpan=7 fusedDepth=100 wfnCapacity=32768
@@@DBG sz=34.01 nQs=7.00 nCs=0.00 flsh= 1.3e+03 gts= 4.4e+04 elap= 10.0 gps=      4443 (fus= 86.8%, ker= 11.4%)
@@@DBG sz=34.00 nQs=7.00 nCs=0.00 flsh= 2.6e+03 gts= 4.5e+04 elap= 10.0 gps=      4482 (fus= 86.7%, ker= 11.4%)
@@@DBG sz=34.00 nQs=7.00 nCs=0.00 flsh= 3.9e+03 gts= 4.4e+04 elap= 10.0 gps=      4428 (fus= 86.7%, ker= 11.4%)
@@@DBG nQs=26 max=4 procs=8 thrds=1
@@@DBG: Generic
@@@DBG: OMP_NUM_THREADS=1 fusedSpan=5 fusedDepth=100 wfnCapacity=67108864
@@@DBG sz=25.00 nQs=5.00 nCs=0.00 flsh=       2 gts=      51 elap= 10.5 gps=     4.866 (fus=  0.0%, ker= 92.3%)
@@@DBG sz=25.00 nQs=5.00 nCs=0.00 flsh=       4 gts=      50 elap= 11.4 gps=     4.374 (fus=  0.0%, ker=100.0%)
@@@DBG sz=24.17 nQs=5.00 nCs=0.00 flsh=       6 gts=      45 elap= 13.2 gps=     3.406 (fus=  0.0%, ker=100.0%)
@@@DBG sz=24.44 nQs=5.00 nCs=0.00 flsh=       9 gts=      75 elap= 14.6 gps=      5.13 (fus=  0.0%, ker=100.0%)
@@@DBG sz=24.09 nQs=5.00 nCs=0.00 flsh=      11 gts=      45 elap= 11.5 gps=     3.916 (fus=  0.0%, ker=100.0%)
@@@DBG: AVX
@@@DBG: OMP_NUM_THREADS=1 fusedSpan=5 fusedDepth=100 wfnCapacity=67108864
@@@DBG sz=24.38 nQs=5.00 nCs=0.00 flsh=       8 gts=   2e+02 elap= 10.3 gps=     18.97 (fus=  0.1%, ker= 92.3%)
@@@DBG sz=24.12 nQs=5.00 nCs=0.00 flsh=      17 gts= 2.2e+02 elap= 10.5 gps=     20.44 (fus=  0.1%, ker= 99.9%)
@@@DBG sz=24.00 nQs=5.00 nCs=0.00 flsh=      25 gts= 1.9e+02 elap= 10.9 gps=     17.36 (fus=  0.1%, ker= 99.9%)
@@@DBG: AVX2
@@@DBG: OMP_NUM_THREADS=1 fusedSpan=5 fusedDepth=100 wfnCapacity=67108864
@@@DBG sz=24.38 nQs=5.00 nCs=0.00 flsh=       8 gts=   2e+02 elap= 10.6 gps=      18.5 (fus=  0.1%, ker= 92.4%)
@@@DBG sz=24.12 nQs=5.00 nCs=0.00 flsh=      17 gts= 2.2e+02 elap= 10.8 gps=     19.91 (fus=  0.1%, ker= 99.9%)
@@@DBG sz=24.00 nQs=5.00 nCs=0.00 flsh=      25 gts= 1.9e+02 elap= 11.1 gps=     17.06 (fus=  0.1%, ker= 99.9%)
@@@DBG: AVX512
@@@DBG: OMP_NUM_THREADS=1 fusedSpan=5 fusedDepth=100 wfnCapacity=67108864
@@@DBG sz=24.23 nQs=5.00 nCs=0.00 flsh=      13 gts= 3.2e+02 elap= 10.5 gps=     30.11 (fus=  0.1%, ker= 92.2%)
@@@DBG sz=23.89 nQs=5.00 nCs=0.00 flsh=      27 gts= 3.3e+02 elap= 10.0 gps=     32.86 (fus=  0.1%, ker= 99.8%)
@@@DBG sz=23.90 nQs=5.00 nCs=0.00 flsh=      41 gts= 3.4e+02 elap= 10.1 gps=      33.1 (fus=  0.1%, ker= 99.9%)
@@@DBG sz=23.93 nQs=5.00 nCs=0.00 flsh=      56 gts= 3.6e+02 elap= 11.0 gps=     32.67 (fus=  0.1%, ker= 99.8%)
@@@DBG: Generic
@@@DBG: OMP_NUM_THREADS=2 fusedSpan=5 fusedDepth=100 wfnCapacity=67108864
@@@DBG sz=25.00 nQs=5.00 nCs=0.00 flsh=       4 gts=   1e+02 elap= 12.0 gps=     8.411 (fus=  0.0%, ker= 93.4%)
@@@DBG sz=24.38 nQs=5.00 nCs=0.00 flsh=       8 gts=      95 elap= 12.7 gps=     7.464 (fus=  0.0%, ker=100.0%)
@@@DBG sz=24.17 nQs=5.00 nCs=0.00 flsh=      12 gts=      95 elap= 13.4 gps=     7.116 (fus=  0.0%, ker=100.0%)
@@@DBG sz=24.06 nQs=5.00 nCs=0.00 flsh=      16 gts=      95 elap= 10.9 gps=     8.691 (fus=  0.0%, ker=100.0%)
@@@DBG sz=23.95 nQs=5.00 nCs=0.00 flsh=      19 gts=      70 elap= 10.4 gps=     6.727 (fus=  0.0%, ker=100.0%)
@@@DBG: AVX
@@@DBG: OMP_NUM_THREADS=2 fusedSpan=5 fusedDepth=100 wfnCapacity=67108864
@@@DBG sz=24.06 nQs=5.00 nCs=0.00 flsh=      16 gts= 3.9e+02 elap= 10.3 gps=     37.44 (fus=  0.1%, ker= 92.0%)
@@@DBG sz=24.03 nQs=5.00 nCs=0.00 flsh=      31 gts= 3.6e+02 elap= 10.3 gps=     35.05 (fus=  0.1%, ker= 99.9%)
@@@DBG sz=23.94 nQs=5.00 nCs=0.00 flsh=      47 gts= 3.8e+02 elap= 10.2 gps=     37.25 (fus=  0.1%, ker= 99.9%)
@@@DBG sz=23.89 nQs=5.00 nCs=0.00 flsh=      63 gts= 3.8e+02 elap= 10.1 gps=     37.81 (fus=  0.1%, ker= 99.9%)
@@@DBG: AVX2
@@@DBG: OMP_NUM_THREADS=2 fusedSpan=5 fusedDepth=100 wfnCapacity=67108864
@@@DBG sz=24.00 nQs=5.00 nCs=0.00 flsh=      15 gts= 3.6e+02 elap= 10.0 gps=     36.02 (fus=  0.1%, ker= 91.8%)
@@@DBG sz=24.03 nQs=5.00 nCs=0.00 flsh=      31 gts= 3.8e+02 elap= 10.7 gps=     35.94 (fus=  0.1%, ker= 99.9%)
@@@DBG sz=23.94 nQs=5.00 nCs=0.00 flsh=      47 gts= 3.8e+02 elap= 10.2 gps=     37.39 (fus=  0.1%, ker= 99.9%)
@@@DBG sz=23.89 nQs=5.00 nCs=0.00 flsh=      63 gts= 3.8e+02 elap= 10.2 gps=     37.35 (fus=  0.1%, ker= 99.9%)
@@@DBG: AVX512
@@@DBG: OMP_NUM_THREADS=2 fusedSpan=5 fusedDepth=100 wfnCapacity=67108864
@@@DBG sz=24.05 nQs=5.00 nCs=0.00 flsh=      21 gts= 5.1e+02 elap= 10.1 gps=     49.96 (fus=  0.2%, ker= 91.9%)
@@@DBG sz=23.91 nQs=5.00 nCs=0.00 flsh=      46 gts=   6e+02 elap= 10.0 gps=     59.35 (fus=  0.2%, ker= 99.8%)
@@@DBG sz=23.93 nQs=5.00 nCs=0.00 flsh=      70 gts= 5.8e+02 elap= 10.0 gps=     57.39 (fus=  0.2%, ker= 99.8%)
@@@DBG sz=23.87 nQs=5.00 nCs=0.00 flsh=      97 gts= 6.4e+02 elap= 10.5 gps=     61.02 (fus=  0.1%, ker= 99.8%)
@@@DBG: Generic
@@@DBG: OMP_NUM_THREADS=3 fusedSpan=5 fusedDepth=100 wfnCapacity=67108864
@@@DBG sz=25.00 nQs=5.00 nCs=0.00 flsh=       5 gts= 1.3e+02 elap= 11.4 gps=     11.01 (fus=  0.0%, ker= 92.9%)
@@@DBG sz=24.00 nQs=5.00 nCs=0.00 flsh=      10 gts= 1.2e+02 elap= 10.0 gps=     11.46 (fus=  0.0%, ker=100.0%)
@@@DBG sz=24.00 nQs=5.00 nCs=0.00 flsh=      15 gts= 1.2e+02 elap= 11.0 gps=     10.93 (fus=  0.0%, ker=100.0%)
@@@DBG: AVX
@@@DBG: OMP_NUM_THREADS=3 fusedSpan=5 fusedDepth=100 wfnCapacity=67108864
@@@DBG sz=23.95 nQs=5.00 nCs=0.00 flsh=      19 gts= 4.6e+02 elap= 10.3 gps=      44.1 (fus=  0.1%, ker= 91.1%)
@@@DBG sz=23.93 nQs=5.00 nCs=0.00 flsh=      42 gts= 5.5e+02 elap= 10.2 gps=     54.16 (fus=  0.1%, ker= 99.8%)
@@@DBG sz=23.87 nQs=5.00 nCs=0.00 flsh=      62 gts= 4.8e+02 elap= 10.2 gps=     46.64 (fus=  0.1%, ker= 99.8%)
@@@DBG sz=23.92 nQs=5.00 nCs=0.00 flsh=      83 gts=   5e+02 elap= 10.7 gps=     47.31 (fus=  0.1%, ker= 99.9%)
@@@DBG: AVX2
@@@DBG: OMP_NUM_THREADS=3 fusedSpan=5 fusedDepth=100 wfnCapacity=67108864
@@@DBG sz=24.17 nQs=5.00 nCs=0.00 flsh=      18 gts= 4.4e+02 elap= 10.0 gps=     43.53 (fus=  0.1%, ker= 90.7%)
@@@DBG sz=23.95 nQs=5.00 nCs=0.00 flsh=      38 gts= 4.8e+02 elap= 10.1 gps=     47.08 (fus=  0.1%, ker= 99.9%)
@@@DBG sz=23.92 nQs=5.00 nCs=0.00 flsh=      60 gts= 5.2e+02 elap= 10.0 gps=     52.49 (fus=  0.1%, ker= 99.9%)
@@@DBG sz=23.89 nQs=5.00 nCs=0.00 flsh=      81 gts=   5e+02 elap= 10.3 gps=     48.67 (fus=  0.1%, ker= 99.8%)
@@@DBG: AVX512
@@@DBG: OMP_NUM_THREADS=3 fusedSpan=5 fusedDepth=100 wfnCapacity=67108864
@@@DBG sz=23.91 nQs=5.00 nCs=0.00 flsh=      32 gts= 7.7e+02 elap= 10.3 gps=     74.72 (fus=  0.2%, ker= 91.9%)
@@@DBG sz=23.87 nQs=5.00 nCs=0.00 flsh=      71 gts= 9.3e+02 elap= 10.4 gps=        89 (fus=  0.2%, ker= 99.8%)
@@@DBG sz=23.88 nQs=5.00 nCs=0.00 flsh= 1.1e+02 gts= 8.6e+02 elap= 10.2 gps=     84.46 (fus=  0.2%, ker= 99.7%)
@@@DBG sz=23.88 nQs=5.00 nCs=0.00 flsh= 1.4e+02 gts= 7.4e+02 elap= 10.0 gps=      73.9 (fus=  0.2%, ker= 99.7%)
@@@DBG: Generic
@@@DBG: OMP_NUM_THREADS=4 fusedSpan=5 fusedDepth=100 wfnCapacity=67108864
@@@DBG sz=24.17 nQs=5.00 nCs=0.00 flsh=       6 gts= 1.5e+02 elap= 11.6 gps=     12.59 (fus=  0.0%, ker= 93.0%)
@@@DBG sz=24.17 nQs=5.00 nCs=0.00 flsh=      12 gts= 1.4e+02 elap= 10.3 gps=     14.08 (fus=  0.0%, ker=100.0%)
@@@DBG sz=24.17 nQs=5.00 nCs=0.00 flsh=      18 gts= 1.4e+02 elap= 10.4 gps=     13.95 (fus=  0.0%, ker=100.0%)
@@@DBG sz=23.96 nQs=5.00 nCs=0.00 flsh=      24 gts= 1.4e+02 elap= 10.2 gps=     13.76 (fus=  0.0%, ker=100.0%)
@@@DBG: AVX
@@@DBG: OMP_NUM_THREADS=4 fusedSpan=5 fusedDepth=100 wfnCapacity=67108864
@@@DBG sz=24.00 nQs=5.00 nCs=0.00 flsh=      25 gts=   6e+02 elap= 10.5 gps=     57.46 (fus=  0.1%, ker= 92.0%)
@@@DBG sz=23.92 nQs=5.00 nCs=0.00 flsh=      51 gts= 6.2e+02 elap= 10.1 gps=     61.58 (fus=  0.1%, ker= 99.8%)
@@@DBG sz=23.90 nQs=5.00 nCs=0.00 flsh=      77 gts= 6.2e+02 elap= 10.1 gps=     61.14 (fus=  0.1%, ker= 99.8%)
@@@DBG sz=23.88 nQs=5.00 nCs=0.00 flsh=   1e+02 gts= 6.2e+02 elap= 10.2 gps=     60.92 (fus=  0.1%, ker= 99.8%)
@@@DBG: AVX2
@@@DBG: OMP_NUM_THREADS=4 fusedSpan=5 fusedDepth=100 wfnCapacity=67108864
@@@DBG sz=23.96 nQs=5.00 nCs=0.00 flsh=      24 gts= 5.8e+02 elap= 10.2 gps=     56.38 (fus=  0.1%, ker= 92.1%)
@@@DBG sz=23.90 nQs=5.00 nCs=0.00 flsh=      50 gts= 6.2e+02 elap= 10.2 gps=     60.85 (fus=  0.1%, ker= 99.8%)
@@@DBG sz=23.88 nQs=5.00 nCs=0.00 flsh=      76 gts= 6.2e+02 elap= 10.1 gps=     61.16 (fus=  0.1%, ker= 99.8%)
@@@DBG sz=23.87 nQs=5.00 nCs=0.00 flsh=   1e+02 gts= 6.2e+02 elap= 10.4 gps=     59.44 (fus=  0.1%, ker= 99.8%)
@@@DBG: AVX512
@@@DBG: OMP_NUM_THREADS=4 fusedSpan=5 fusedDepth=100 wfnCapacity=67108864
@@@DBG sz=23.92 nQs=5.00 nCs=0.00 flsh=      37 gts= 8.9e+02 elap= 10.0 gps=     88.53 (fus=  0.2%, ker= 91.0%)
@@@DBG sz=23.90 nQs=5.00 nCs=0.00 flsh=      77 gts= 9.6e+02 elap= 10.1 gps=     94.97 (fus=  0.2%, ker= 99.7%)
@@@DBG sz=23.87 nQs=5.00 nCs=0.00 flsh= 1.2e+02 gts=   1e+03 elap= 10.0 gps=     99.68 (fus=  0.2%, ker= 99.7%)
@@@DBG sz=23.88 nQs=5.00 nCs=0.00 flsh= 1.6e+02 gts= 9.8e+02 elap= 10.2 gps=      96.1 (fus=  0.2%, ker= 99.7%)
@@@DBG: Generic
@@@DBG: OMP_NUM_THREADS=1 fusedSpan=6 fusedDepth=100 wfnCapacity=67108864
@@@DBG sz=32.50 nQs=6.00 nCs=0.00 flsh=       2 gts=      66 elap= 11.3 gps=     5.818 (fus=  0.1%, ker= 92.6%)
@@@DBG sz=31.25 nQs=6.00 nCs=0.00 flsh=       4 gts=      60 elap= 12.4 gps=      4.85 (fus=  0.1%, ker= 99.9%)
@@@DBG sz=31.67 nQs=6.00 nCs=0.00 flsh=       6 gts=      65 elap= 11.6 gps=     5.592 (fus=  0.1%, ker= 99.9%)
@@@DBG sz=31.25 nQs=6.00 nCs=0.00 flsh=       8 gts=      60 elap= 11.4 gps=     5.283 (fus=  0.1%, ker= 99.9%)
@@@DBG sz=31.00 nQs=6.00 nCs=0.00 flsh=      10 gts=      59 elap= 12.8 gps=     4.598 (fus=  0.1%, ker= 99.9%)
@@@DBG: AVX
@@@DBG: OMP_NUM_THREADS=1 fusedSpan=6 fusedDepth=100 wfnCapacity=67108864
@@@DBG sz=31.25 nQs=6.00 nCs=0.00 flsh=       4 gts= 1.3e+02 elap= 12.6 gps=     9.973 (fus=  0.2%, ker= 93.5%)
@@@DBG sz=31.25 nQs=6.00 nCs=0.00 flsh=       8 gts= 1.2e+02 elap= 12.3 gps=     10.17 (fus=  0.2%, ker= 99.8%)
@@@DBG sz=31.25 nQs=6.00 nCs=0.00 flsh=      12 gts= 1.2e+02 elap= 12.4 gps=      10.1 (fus=  0.2%, ker= 99.8%)
@@@DBG sz=31.00 nQs=6.00 nCs=0.00 flsh=      15 gts=      89 elap= 10.6 gps=     8.389 (fus=  0.1%, ker= 99.9%)
@@@DBG: AVX2
@@@DBG: OMP_NUM_THREADS=1 fusedSpan=6 fusedDepth=100 wfnCapacity=67108864
@@@DBG sz=31.25 nQs=6.00 nCs=0.00 flsh=       4 gts= 1.3e+02 elap= 10.9 gps=     11.58 (fus=  0.2%, ker= 92.5%)
@@@DBG sz=31.25 nQs=6.00 nCs=0.00 flsh=       8 gts= 1.2e+02 elap= 10.3 gps=     12.19 (fus=  0.2%, ker= 99.8%)
@@@DBG sz=31.25 nQs=6.00 nCs=0.00 flsh=      12 gts= 1.2e+02 elap= 10.5 gps=     11.91 (fus=  0.2%, ker= 99.8%)
@@@DBG sz=31.25 nQs=6.00 nCs=0.00 flsh=      16 gts= 1.2e+02 elap= 11.2 gps=     11.18 (fus=  0.2%, ker= 99.8%)
@@@DBG sz=31.00 nQs=6.00 nCs=0.00 flsh=      20 gts= 1.2e+02 elap= 11.5 gps=      10.3 (fus=  0.2%, ker= 99.8%)
@@@DBG: AVX512
@@@DBG: OMP_NUM_THREADS=1 fusedSpan=6 fusedDepth=100 wfnCapacity=67108864
@@@DBG sz=31.67 nQs=6.00 nCs=0.00 flsh=       6 gts= 1.9e+02 elap= 11.2 gps=     17.08 (fus=  0.3%, ker= 92.5%)
@@@DBG sz=31.25 nQs=6.00 nCs=0.00 flsh=      12 gts= 1.8e+02 elap= 10.2 gps=     18.22 (fus=  0.3%, ker= 99.7%)
@@@DBG sz=31.11 nQs=6.00 nCs=0.00 flsh=      18 gts= 1.8e+02 elap= 10.8 gps=     17.18 (fus=  0.3%, ker= 99.7%)
@@@DBG sz=31.04 nQs=6.00 nCs=0.00 flsh=      24 gts= 1.8e+02 elap= 11.3 gps=     16.44 (fus=  0.3%, ker= 99.7%)
@@@DBG: Generic
@@@DBG: OMP_NUM_THREADS=2 fusedSpan=6 fusedDepth=100 wfnCapacity=67108864
@@@DBG sz=31.25 nQs=6.00 nCs=0.00 flsh=       4 gts= 1.3e+02 elap= 12.5 gps=     10.07 (fus=  0.1%, ker= 93.5%)
@@@DBG sz=31.25 nQs=6.00 nCs=0.00 flsh=       8 gts= 1.2e+02 elap= 12.0 gps=      10.4 (fus=  0.1%, ker= 99.9%)
@@@DBG sz=31.36 nQs=6.00 nCs=0.00 flsh=      11 gts=      95 elap= 10.1 gps=     9.395 (fus=  0.1%, ker= 99.9%)
@@@DBG sz=31.00 nQs=6.00 nCs=0.00 flsh=      15 gts= 1.2e+02 elap= 12.2 gps=     9.731 (fus=  0.1%, ker= 99.9%)
@@@DBG: AVX
@@@DBG: OMP_NUM_THREADS=2 fusedSpan=6 fusedDepth=100 wfnCapacity=67108864
@@@DBG sz=31.67 nQs=6.00 nCs=0.00 flsh=       6 gts= 1.9e+02 elap= 10.5 gps=     18.25 (fus=  0.2%, ker= 92.1%)
@@@DBG sz=31.15 nQs=6.00 nCs=0.00 flsh=      13 gts= 2.2e+02 elap= 11.1 gps=     19.28 (fus=  0.2%, ker= 99.8%)
@@@DBG sz=31.05 nQs=6.00 nCs=0.00 flsh=      19 gts= 1.8e+02 elap= 10.4 gps=     17.73 (fus=  0.2%, ker= 99.8%)
@@@DBG sz=31.00 nQs=6.00 nCs=0.00 flsh=      25 gts= 1.8e+02 elap= 10.8 gps=     16.99 (fus=  0.2%, ker= 99.8%)
@@@DBG: AVX2
@@@DBG: OMP_NUM_THREADS=2 fusedSpan=6 fusedDepth=100 wfnCapacity=67108864
@@@DBG sz=31.25 nQs=6.00 nCs=0.00 flsh=       8 gts= 2.5e+02 elap= 11.2 gps=     22.44 (fus=  0.2%, ker= 92.7%)
@@@DBG sz=31.00 nQs=6.00 nCs=0.00 flsh=      15 gts= 2.2e+02 elap= 10.3 gps=      20.9 (fus=  0.2%, ker= 99.8%)
@@@DBG sz=31.09 nQs=6.00 nCs=0.00 flsh=      23 gts= 2.5e+02 elap= 10.6 gps=     23.57 (fus=  0.2%, ker= 99.7%)
@@@DBG sz=31.00 nQs=6.00 nCs=0.00 flsh=      30 gts= 2.1e+02 elap= 10.6 gps=     20.18 (fus=  0.3%, ker= 99.7%)
@@@DBG: AVX512
@@@DBG: OMP_NUM_THREADS=2 fusedSpan=6 fusedDepth=100 wfnCapacity=67108864
@@@DBG sz=31.00 nQs=6.00 nCs=0.00 flsh=      10 gts= 3.1e+02 elap= 10.8 gps=      28.8 (fus=  0.3%, ker= 92.2%)
@@@DBG sz=31.19 nQs=6.00 nCs=0.00 flsh=      21 gts= 3.4e+02 elap= 10.0 gps=     34.48 (fus=  0.4%, ker= 99.6%)
@@@DBG sz=31.06 nQs=6.00 nCs=0.00 flsh=      33 gts= 3.7e+02 elap= 10.9 gps=     33.97 (fus=  0.3%, ker= 99.7%)
@@@DBG sz=31.02 nQs=6.00 nCs=0.00 flsh=      44 gts= 3.4e+02 elap= 10.4 gps=     32.61 (fus=  0.3%, ker= 99.7%)
@@@DBG: Generic
@@@DBG: OMP_NUM_THREADS=3 fusedSpan=6 fusedDepth=100 wfnCapacity=67108864
@@@DBG sz=31.00 nQs=6.00 nCs=0.00 flsh=       5 gts= 1.6e+02 elap= 12.0 gps=     12.99 (fus=  0.1%, ker= 93.2%)
@@@DBG sz=31.00 nQs=6.00 nCs=0.00 flsh=      10 gts= 1.6e+02 elap= 10.9 gps=     14.19 (fus=  0.1%, ker= 99.9%)
@@@DBG sz=31.00 nQs=6.00 nCs=0.00 flsh=      15 gts= 1.6e+02 elap= 11.0 gps=     14.08 (fus=  0.1%, ker= 99.9%)
@@@DBG sz=31.00 nQs=6.00 nCs=0.00 flsh=      20 gts= 1.5e+02 elap= 10.8 gps=     14.26 (fus=  0.1%, ker= 99.8%)
@@@DBG: AVX
@@@DBG: OMP_NUM_THREADS=3 fusedSpan=6 fusedDepth=100 wfnCapacity=67108864
@@@DBG sz=31.11 nQs=6.00 nCs=0.00 flsh=       9 gts= 2.8e+02 elap= 11.6 gps=     24.32 (fus=  0.2%, ker= 92.6%)
@@@DBG sz=31.11 nQs=6.00 nCs=0.00 flsh=      18 gts= 2.8e+02 elap= 10.8 gps=     25.85 (fus=  0.3%, ker= 99.7%)
@@@DBG sz=31.11 nQs=6.00 nCs=0.00 flsh=      27 gts= 2.8e+02 elap= 10.8 gps=     26.03 (fus=  0.3%, ker= 99.7%)
@@@DBG: AVX2
@@@DBG: OMP_NUM_THREADS=3 fusedSpan=6 fusedDepth=100 wfnCapacity=67108864
@@@DBG sz=31.00 nQs=6.00 nCs=0.00 flsh=      10 gts= 3.1e+02 elap= 11.1 gps=     27.96 (fus=  0.3%, ker= 92.4%)
@@@DBG sz=31.00 nQs=6.00 nCs=0.00 flsh=      20 gts= 3.1e+02 elap= 10.5 gps=     29.61 (fus=  0.3%, ker= 99.7%)
@@@DBG sz=31.13 nQs=6.00 nCs=0.00 flsh=      31 gts= 3.4e+02 elap= 10.7 gps=     32.27 (fus=  0.3%, ker= 99.7%)
@@@DBG sz=31.10 nQs=6.00 nCs=0.00 flsh=      41 gts= 3.1e+02 elap= 10.2 gps=     30.32 (fus=  0.3%, ker= 99.7%)
@@@DBG: AVX512
@@@DBG: OMP_NUM_THREADS=3 fusedSpan=6 fusedDepth=100 wfnCapacity=67108864
@@@DBG sz=31.07 nQs=6.00 nCs=0.00 flsh=      14 gts= 4.4e+02 elap= 10.3 gps=     42.19 (fus=  0.4%, ker= 91.9%)
@@@DBG sz=31.03 nQs=6.00 nCs=0.00 flsh=      29 gts= 4.6e+02 elap= 10.6 gps=     43.86 (fus=  0.4%, ker= 99.5%)
@@@DBG sz=31.02 nQs=6.00 nCs=0.00 flsh=      44 gts= 4.6e+02 elap= 10.4 gps=     44.91 (fus=  0.5%, ker= 99.5%)
@@@DBG sz=31.02 nQs=6.00 nCs=0.00 flsh=      59 gts= 4.6e+02 elap= 10.2 gps=     45.71 (fus=  0.4%, ker= 99.6%)
@@@DBG: Generic
@@@DBG: OMP_NUM_THREADS=4 fusedSpan=6 fusedDepth=100 wfnCapacity=67108864
@@@DBG sz=31.67 nQs=6.00 nCs=0.00 flsh=       6 gts= 1.9e+02 elap= 11.0 gps=     17.41 (fus=  0.1%, ker= 92.6%)
@@@DBG sz=31.25 nQs=6.00 nCs=0.00 flsh=      12 gts= 1.8e+02 elap= 11.0 gps=     16.76 (fus=  0.1%, ker= 99.9%)
@@@DBG sz=31.11 nQs=6.00 nCs=0.00 flsh=      18 gts= 1.8e+02 elap= 11.1 gps=     16.69 (fus=  0.2%, ker= 99.8%)
@@@DBG sz=31.04 nQs=6.00 nCs=0.00 flsh=      24 gts= 1.8e+02 elap= 11.4 gps=     16.26 (fus=  0.2%, ker= 99.8%)
@@@DBG: AVX
@@@DBG: OMP_NUM_THREADS=4 fusedSpan=6 fusedDepth=100 wfnCapacity=67108864
@@@DBG sz=31.00 nQs=6.00 nCs=0.00 flsh=      10 gts= 3.1e+02 elap= 11.2 gps=     27.77 (fus=  0.2%, ker= 92.4%)
@@@DBG sz=31.00 nQs=6.00 nCs=0.00 flsh=      20 gts= 3.1e+02 elap= 10.4 gps=     29.93 (fus=  0.3%, ker= 99.7%)
@@@DBG sz=31.00 nQs=6.00 nCs=0.00 flsh=      30 gts= 3.1e+02 elap= 10.4 gps=      29.9 (fus=  0.3%, ker= 99.7%)
@@@DBG sz=31.00 nQs=6.00 nCs=0.00 flsh=      40 gts= 3.1e+02 elap= 10.1 gps=     30.52 (fus=  0.3%, ker= 99.7%)
@@@DBG: AVX2
@@@DBG: OMP_NUM_THREADS=4 fusedSpan=6 fusedDepth=100 wfnCapacity=67108864
@@@DBG sz=31.36 nQs=6.00 nCs=0.00 flsh=      11 gts= 3.5e+02 elap= 10.2 gps=     33.87 (fus=  0.3%, ker= 91.9%)
@@@DBG sz=31.09 nQs=6.00 nCs=0.00 flsh=      23 gts= 3.7e+02 elap= 10.3 gps=     35.86 (fus=  0.3%, ker= 99.7%)
@@@DBG sz=31.00 nQs=6.00 nCs=0.00 flsh=      35 gts= 3.7e+02 elap= 10.8 gps=     34.36 (fus=  0.3%, ker= 99.7%)
@@@DBG sz=31.06 nQs=6.00 nCs=0.00 flsh=      47 gts= 3.8e+02 elap= 10.1 gps=     37.18 (fus=  0.4%, ker= 99.6%)
@@@DBG: AVX512
@@@DBG: OMP_NUM_THREADS=4 fusedSpan=6 fusedDepth=100 wfnCapacity=67108864
@@@DBG sz=31.25 nQs=6.00 nCs=0.00 flsh=      16 gts=   5e+02 elap= 10.1 gps=     49.75 (fus=  0.4%, ker= 91.6%)
@@@DBG sz=31.03 nQs=6.00 nCs=0.00 flsh=      34 gts= 5.6e+02 elap= 10.7 gps=     52.11 (fus=  0.4%, ker= 99.5%)
@@@DBG sz=31.08 nQs=6.00 nCs=0.00 flsh=      51 gts= 5.3e+02 elap= 10.0 gps=     52.95 (fus=  0.4%, ker= 99.5%)
@@@DBG sz=31.01 nQs=6.00 nCs=0.00 flsh=      69 gts= 5.6e+02 elap= 10.6 gps=     52.44 (fus=  0.4%, ker= 99.5%)
@@@DBG: Generic
@@@DBG: OMP_NUM_THREADS=1 fusedSpan=7 fusedDepth=100 wfnCapacity=67108864
@@@DBG sz=40.00 nQs=7.00 nCs=0.00 flsh=       1 gts=      41 elap= 11.2 gps=     3.652 (fus=  0.2%, ker= 92.4%)
@@@DBG sz=37.50 nQs=7.00 nCs=0.00 flsh=       2 gts=      35 elap= 10.7 gps=     3.277 (fus=  0.2%, ker= 99.8%)
@@@DBG sz=36.67 nQs=7.00 nCs=0.00 flsh=       3 gts=      35 elap= 12.1 gps=     2.904 (fus=  0.2%, ker= 99.8%)
@@@DBG sz=36.25 nQs=7.00 nCs=0.00 flsh=       4 gts=      35 elap= 11.8 gps=     2.964 (fus=  0.2%, ker= 99.8%)
@@@DBG: AVX
@@@DBG: OMP_NUM_THREADS=1 fusedSpan=7 fusedDepth=100 wfnCapacity=67108864
@@@DBG sz=37.50 nQs=7.00 nCs=0.00 flsh=       2 gts=      76 elap= 10.7 gps=     7.077 (fus=  0.4%, ker= 92.1%)
@@@DBG sz=36.25 nQs=7.00 nCs=0.00 flsh=       4 gts=      70 elap= 12.9 gps=     5.424 (fus=  0.3%, ker= 99.7%)
@@@DBG sz=36.67 nQs=7.00 nCs=0.00 flsh=       6 gts=      75 elap= 10.0 gps=     7.474 (fus=  0.5%, ker= 99.5%)
@@@DBG sz=36.25 nQs=7.00 nCs=0.00 flsh=       8 gts=      70 elap= 12.6 gps=     5.558 (fus=  0.4%, ker= 99.6%)
@@@DBG: AVX2
@@@DBG: OMP_NUM_THREADS=1 fusedSpan=7 fusedDepth=100 wfnCapacity=67108864
@@@DBG sz=36.67 nQs=7.00 nCs=0.00 flsh=       3 gts= 1.1e+02 elap= 14.5 gps=     7.632 (fus=  0.5%, ker= 93.9%)
@@@DBG sz=36.67 nQs=7.00 nCs=0.00 flsh=       6 gts= 1.1e+02 elap= 13.5 gps=     8.132 (fus=  0.5%, ker= 99.5%)
@@@DBG sz=36.25 nQs=7.00 nCs=0.00 flsh=       8 gts=      70 elap= 10.6 gps=     6.579 (fus=  0.5%, ker= 99.5%)
@@@DBG sz=35.91 nQs=7.00 nCs=0.00 flsh=      11 gts=   1e+02 elap= 13.3 gps=     7.873 (fus=  0.5%, ker= 99.5%)
@@@DBG: AVX512
@@@DBG: OMP_NUM_THREADS=1 fusedSpan=7 fusedDepth=100 wfnCapacity=67108864
@@@DBG sz=36.25 nQs=7.00 nCs=0.00 flsh=       4 gts= 1.5e+02 elap= 13.1 gps=     11.16 (fus=  0.7%, ker= 93.2%)
@@@DBG sz=36.25 nQs=7.00 nCs=0.00 flsh=       8 gts= 1.4e+02 elap= 11.6 gps=     12.54 (fus=  0.8%, ker= 99.2%)
@@@DBG sz=36.25 nQs=7.00 nCs=0.00 flsh=      12 gts= 1.4e+02 elap= 11.4 gps=      12.7 (fus=  0.8%, ker= 99.2%)
@@@DBG sz=35.94 nQs=7.00 nCs=0.00 flsh=      16 gts= 1.4e+02 elap= 11.8 gps=     11.84 (fus=  0.7%, ker= 99.3%)
@@@DBG: Generic
@@@DBG: OMP_NUM_THREADS=2 fusedSpan=7 fusedDepth=100 wfnCapacity=67108864
@@@DBG sz=37.50 nQs=7.00 nCs=0.00 flsh=       2 gts=      76 elap= 11.8 gps=     6.464 (fus=  0.2%, ker= 92.9%)
@@@DBG sz=36.25 nQs=7.00 nCs=0.00 flsh=       4 gts=      70 elap= 12.3 gps=     5.707 (fus=  0.2%, ker= 99.8%)
@@@DBG sz=36.67 nQs=7.00 nCs=0.00 flsh=       6 gts=      75 elap= 10.8 gps=     6.969 (fus=  0.2%, ker= 99.8%)
@@@DBG sz=36.25 nQs=7.00 nCs=0.00 flsh=       8 gts=      70 elap= 11.9 gps=     5.859 (fus=  0.2%, ker= 99.8%)
@@@DBG: AVX
@@@DBG: OMP_NUM_THREADS=2 fusedSpan=7 fusedDepth=100 wfnCapacity=67108864
@@@DBG sz=36.25 nQs=7.00 nCs=0.00 flsh=       4 gts= 1.5e+02 elap= 13.3 gps=     10.99 (fus=  0.4%, ker= 93.5%)
@@@DBG sz=36.25 nQs=7.00 nCs=0.00 flsh=       8 gts= 1.4e+02 elap= 11.8 gps=     12.26 (fus=  0.4%, ker= 99.6%)
@@@DBG sz=36.25 nQs=7.00 nCs=0.00 flsh=      12 gts= 1.4e+02 elap= 11.5 gps=     12.58 (fus=  0.5%, ker= 99.5%)
@@@DBG sz=35.94 nQs=7.00 nCs=0.00 flsh=      16 gts= 1.4e+02 elap= 11.9 gps=     11.73 (fus=  0.5%, ker= 99.5%)
@@@DBG: AVX2
@@@DBG: OMP_NUM_THREADS=2 fusedSpan=7 fusedDepth=100 wfnCapacity=67108864
@@@DBG sz=36.25 nQs=7.00 nCs=0.00 flsh=       4 gts= 1.5e+02 elap= 11.3 gps=     12.92 (fus=  0.5%, ker= 92.5%)
@@@DBG sz=36.25 nQs=7.00 nCs=0.00 flsh=       8 gts= 1.4e+02 elap= 10.1 gps=      14.4 (fus=  0.5%, ker= 99.5%)
@@@DBG sz=36.15 nQs=7.00 nCs=0.00 flsh=      13 gts= 1.8e+02 elap= 12.4 gps=     14.47 (fus=  0.5%, ker= 99.5%)
@@@DBG sz=35.88 nQs=7.00 nCs=0.00 flsh=      17 gts= 1.4e+02 elap= 11.1 gps=     12.63 (fus=  0.5%, ker= 99.5%)
@@@DBG: AVX512
@@@DBG: OMP_NUM_THREADS=2 fusedSpan=7 fusedDepth=100 wfnCapacity=67108864
@@@DBG sz=36.67 nQs=7.00 nCs=0.00 flsh=       6 gts= 2.2e+02 elap= 10.5 gps=     21.14 (fus=  0.8%, ker= 91.6%)
@@@DBG sz=36.25 nQs=7.00 nCs=0.00 flsh=      12 gts= 2.2e+02 elap= 10.5 gps=     20.48 (fus=  0.8%, ker= 99.2%)
@@@DBG sz=36.05 nQs=7.00 nCs=0.00 flsh=      19 gts= 2.5e+02 elap= 11.0 gps=     22.68 (fus=  0.8%, ker= 99.1%)
@@@DBG sz=35.77 nQs=6.96 nCs=0.00 flsh=      26 gts= 2.4e+02 elap= 10.9 gps=     22.48 (fus=  0.7%, ker= 99.3%)
@@@DBG: Generic
@@@DBG: OMP_NUM_THREADS=3 fusedSpan=7 fusedDepth=100 wfnCapacity=67108864
@@@DBG sz=36.67 nQs=7.00 nCs=0.00 flsh=       3 gts= 1.1e+02 elap= 13.4 gps=     8.307 (fus=  0.3%, ker= 93.7%)
@@@DBG sz=36.67 nQs=7.00 nCs=0.00 flsh=       6 gts= 1.1e+02 elap= 12.2 gps=     9.009 (fus=  0.3%, ker= 99.7%)
@@@DBG sz=36.11 nQs=7.00 nCs=0.00 flsh=       9 gts=   1e+02 elap= 13.1 gps=     8.029 (fus=  0.2%, ker= 99.8%)
@@@DBG sz=36.25 nQs=7.00 nCs=0.00 flsh=      12 gts= 1.1e+02 elap= 12.7 gps=     8.647 (fus=  0.3%, ker= 99.7%)
@@@DBG: AVX
@@@DBG: OMP_NUM_THREADS=3 fusedSpan=7 fusedDepth=100 wfnCapacity=67108864
@@@DBG sz=36.00 nQs=7.00 nCs=0.00 flsh=       5 gts= 1.8e+02 elap= 10.9 gps=     16.67 (fus=  0.5%, ker= 92.1%)
@@@DBG sz=36.00 nQs=7.00 nCs=0.00 flsh=      10 gts= 1.8e+02 elap= 10.8 gps=     16.64 (fus=  0.6%, ker= 99.4%)
@@@DBG sz=36.00 nQs=7.00 nCs=0.00 flsh=      15 gts= 1.8e+02 elap= 10.9 gps=     16.52 (fus=  0.5%, ker= 99.5%)
@@@DBG sz=36.00 nQs=7.00 nCs=0.00 flsh=      20 gts= 1.8e+02 elap= 11.5 gps=     15.66 (fus=  0.5%, ker= 99.5%)
@@@DBG: AVX2
@@@DBG: OMP_NUM_THREADS=3 fusedSpan=7 fusedDepth=100 wfnCapacity=67108864
@@@DBG sz=36.00 nQs=7.00 nCs=0.00 flsh=       5 gts= 1.8e+02 elap= 10.0 gps=     18.06 (fus=  0.6%, ker= 90.8%)
@@@DBG sz=35.91 nQs=7.00 nCs=0.00 flsh=      11 gts= 2.2e+02 elap= 10.9 gps=     19.74 (fus=  0.6%, ker= 99.4%)
@@@DBG sz=35.88 nQs=7.00 nCs=0.00 flsh=      17 gts= 2.2e+02 elap= 11.3 gps=     19.08 (fus=  0.6%, ker= 99.4%)
@@@DBG sz=35.83 nQs=7.00 nCs=0.00 flsh=      24 gts= 2.5e+02 elap= 11.7 gps=     21.42 (fus=  0.6%, ker= 99.4%)
@@@DBG: AVX512
@@@DBG: OMP_NUM_THREADS=3 fusedSpan=7 fusedDepth=100 wfnCapacity=67108864
@@@DBG sz=36.11 nQs=7.00 nCs=0.00 flsh=       9 gts= 3.3e+02 elap= 10.9 gps=     29.93 (fus=  1.0%, ker= 91.5%)
@@@DBG sz=36.05 nQs=7.00 nCs=0.00 flsh=      19 gts= 3.6e+02 elap= 10.4 gps=     34.49 (fus=  1.0%, ker= 99.0%)
@@@DBG sz=35.86 nQs=7.00 nCs=0.00 flsh=      29 gts= 3.6e+02 elap= 10.6 gps=     33.43 (fus=  0.9%, ker= 99.1%)
@@@DBG sz=35.77 nQs=6.97 nCs=0.00 flsh=      39 gts= 3.5e+02 elap= 10.1 gps=        35 (fus=  0.9%, ker= 99.1%)
@@@DBG: Generic
@@@DBG: OMP_NUM_THREADS=4 fusedSpan=7 fusedDepth=100 wfnCapacity=67108864
@@@DBG sz=36.25 nQs=7.00 nCs=0.00 flsh=       4 gts= 1.5e+02 elap= 12.7 gps=     11.47 (fus=  0.2%, ker= 93.4%)
@@@DBG sz=36.25 nQs=7.00 nCs=0.00 flsh=       8 gts= 1.4e+02 elap= 11.8 gps=     12.28 (fus=  0.3%, ker= 99.7%)
@@@DBG sz=36.25 nQs=7.00 nCs=0.00 flsh=      12 gts= 1.4e+02 elap= 11.6 gps=     12.48 (fus=  0.3%, ker= 99.7%)
@@@DBG sz=35.94 nQs=7.00 nCs=0.00 flsh=      16 gts= 1.4e+02 elap= 11.9 gps=     11.76 (fus=  0.3%, ker= 99.7%)
@@@DBG: AVX
@@@DBG: OMP_NUM_THREADS=4 fusedSpan=7 fusedDepth=100 wfnCapacity=67108864
@@@DBG sz=36.43 nQs=7.00 nCs=0.00 flsh=       7 gts= 2.6e+02 elap= 11.2 gps=     22.92 (fus=  0.5%, ker= 92.5%)
@@@DBG sz=36.07 nQs=7.00 nCs=0.00 flsh=      14 gts= 2.5e+02 elap= 10.5 gps=     23.78 (fus=  0.5%, ker= 99.5%)
@@@DBG sz=35.95 nQs=7.00 nCs=0.00 flsh=      21 gts= 2.5e+02 elap= 10.9 gps=     22.84 (fus=  0.6%, ker= 99.4%)
@@@DBG sz=35.89 nQs=7.00 nCs=0.00 flsh=      28 gts= 2.5e+02 elap= 10.2 gps=      24.4 (fus=  0.5%, ker= 99.5%)
@@@DBG: AVX2
@@@DBG: OMP_NUM_THREADS=4 fusedSpan=7 fusedDepth=100 wfnCapacity=67108864
@@@DBG sz=36.25 nQs=7.00 nCs=0.00 flsh=       8 gts= 2.9e+02 elap= 11.0 gps=     26.36 (fus=  0.6%, ker= 92.3%)
@@@DBG sz=35.94 nQs=7.00 nCs=0.00 flsh=      16 gts= 2.8e+02 elap= 10.2 gps=     28.03 (fus=  0.6%, ker= 99.4%)
@@@DBG sz=36.00 nQs=7.00 nCs=0.00 flsh=      25 gts= 3.2e+02 elap= 11.4 gps=     28.53 (fus=  0.6%, ker= 99.4%)
@@@DBG sz=35.91 nQs=7.00 nCs=0.00 flsh=      33 gts= 2.8e+02 elap= 10.1 gps=     28.25 (fus=  0.6%, ker= 99.4%)
@@@DBG: AVX512
@@@DBG: OMP_NUM_THREADS=4 fusedSpan=7 fusedDepth=100 wfnCapacity=67108864
@@@DBG sz=36.25 nQs=7.00 nCs=0.00 flsh=      12 gts= 4.4e+02 elap= 10.2 gps=     42.74 (fus=  0.9%, ker= 91.2%)
@@@DBG sz=36.00 nQs=7.00 nCs=0.00 flsh=      25 gts= 4.6e+02 elap= 10.4 gps=     44.69 (fus=  1.0%, ker= 99.0%)
@@@DBG sz=35.92 nQs=7.00 nCs=0.00 flsh=      38 gts= 4.6e+02 elap= 10.4 gps=     44.88 (fus=  0.9%, ker= 99.0%)
@@@DBG sz=35.88 nQs=7.00 nCs=0.00 flsh=      51 gts= 4.6e+02 elap= 10.4 gps=     44.55 (fus=  1.0%, ker= 99.0%)
