@@@DBG: Generic
@@@DBG: OMP_NUM_THREADS=1 fusedSpan=1 fusedLimit=100
@@@DBG sz=1.19 nQs=1.00 nCs=0.95 flushes=  63  gates=  76  elap= 10.1  gps=  7.527 (fus=  0.0%, ker= 92.3%)
@@@DBG sz=1.21 nQs=1.00 nCs=0.95 flushes= 135  gates=  88  elap= 10.0  gps=  8.762 (fus=  0.0%, ker=100.0%)
@@@DBG sz=1.20 nQs=1.00 nCs=0.95 flushes= 205  gates=  82  elap= 10.0  gps=  8.190 (fus=  0.0%, ker=100.0%)
@@@DBG sz=1.20 nQs=1.00 nCs=0.95 flushes= 274  gates=  85  elap= 10.1  gps=  8.386 (fus=  0.0%, ker=100.0%)
@@@DBG: AVX
@@@DBG: OMP_NUM_THREADS=1 fusedSpan=1 fusedLimit=100
@@@DBG sz=1.22 nQs=1.00 nCs=0.95 flushes= 110  gates= 135  elap= 10.0  gps= 13.498 (fus=  0.0%, ker= 92.3%)
@@@DBG sz=1.19 nQs=1.00 nCs=0.95 flushes= 231  gates= 141  elap= 10.1  gps= 13.958 (fus=  0.0%, ker=100.0%)
@@@DBG sz=1.19 nQs=1.00 nCs=0.95 flushes= 354  gates= 147  elap= 10.1  gps= 14.621 (fus=  0.0%, ker=100.0%)
@@@DBG sz=1.19 nQs=1.00 nCs=0.95 flushes= 476  gates= 146  elap= 10.0  gps= 14.572 (fus=  0.0%, ker=100.0%)
@@@DBG: AVX2
@@@DBG: OMP_NUM_THREADS=1 fusedSpan=1 fusedLimit=100
@@@DBG sz=1.20 nQs=1.00 nCs=0.95 flushes= 119  gates= 144  elap= 10.0  gps= 14.355 (fus=  0.0%, ker= 92.2%)
@@@DBG sz=1.19 nQs=1.00 nCs=0.95 flushes= 251  gates= 156  elap= 10.0  gps= 15.553 (fus=  0.0%, ker=100.0%)
@@@DBG sz=1.20 nQs=1.00 nCs=0.95 flushes= 382  gates= 159  elap= 10.0  gps= 15.851 (fus=  0.0%, ker=100.0%)
@@@DBG sz=1.20 nQs=1.00 nCs=0.95 flushes= 512  gates= 154  elap= 10.1  gps= 15.306 (fus=  0.0%, ker=100.0%)
@@@DBG: Generic
@@@DBG: OMP_NUM_THREADS=2 fusedSpan=1 fusedLimit=100
@@@DBG sz=1.21 nQs=1.00 nCs=0.95 flushes= 132  gates= 161  elap= 10.1  gps= 16.002 (fus=  0.1%, ker= 92.3%)
@@@DBG sz=1.19 nQs=1.00 nCs=0.95 flushes= 272  gates= 164  elap= 10.0  gps= 16.390 (fus=  0.0%, ker=100.0%)
@@@DBG sz=1.19 nQs=1.00 nCs=0.95 flushes= 414  gates= 170  elap= 10.0  gps= 16.978 (fus=  0.0%, ker=100.0%)
@@@DBG sz=1.19 nQs=1.00 nCs=0.95 flushes= 556  gates= 170  elap= 10.1  gps= 16.901 (fus=  0.0%, ker=100.0%)
@@@DBG: AVX
@@@DBG: OMP_NUM_THREADS=2 fusedSpan=1 fusedLimit=100
@@@DBG sz=1.19 nQs=1.00 nCs=0.95 flushes= 209  gates= 250  elap= 10.0  gps= 24.999 (fus=  0.0%, ker= 92.3%)
@@@DBG sz=1.19 nQs=1.00 nCs=0.95 flushes= 436  gates= 271  elap= 10.0  gps= 26.993 (fus=  0.0%, ker=100.0%)
@@@DBG sz=1.19 nQs=1.00 nCs=0.95 flushes= 663  gates= 271  elap= 10.0  gps= 27.075 (fus=  0.0%, ker=100.0%)
@@@DBG sz=1.19 nQs=1.00 nCs=0.95 flushes= 891  gates= 272  elap= 10.0  gps= 27.100 (fus=  0.0%, ker=100.0%)
@@@DBG: AVX2
@@@DBG: OMP_NUM_THREADS=2 fusedSpan=1 fusedLimit=100
@@@DBG sz=1.20 nQs=1.00 nCs=0.95 flushes= 217  gates= 262  elap= 10.0  gps= 26.162 (fus=  0.0%, ker= 92.1%)
@@@DBG sz=1.19 nQs=1.00 nCs=0.95 flushes= 453  gates= 280  elap= 10.0  gps= 27.977 (fus=  0.0%, ker= 99.9%)
@@@DBG sz=1.20 nQs=1.00 nCs=0.95 flushes= 675  gates= 266  elap= 10.0  gps= 26.591 (fus=  0.0%, ker= 99.9%)
@@@DBG sz=1.19 nQs=1.00 nCs=0.95 flushes= 894  gates= 259  elap= 10.0  gps= 25.875 (fus=  0.0%, ker=100.0%)
@@@DBG: Generic
@@@DBG: OMP_NUM_THREADS=3 fusedSpan=1 fusedLimit=100
@@@DBG sz=1.20 nQs=1.00 nCs=0.95 flushes= 157  gates= 190  elap= 10.0  gps= 18.933 (fus=  0.0%, ker= 92.3%)
@@@DBG sz=1.19 nQs=1.00 nCs=0.95 flushes= 332  gates= 207  elap= 10.0  gps= 20.612 (fus=  0.0%, ker=100.0%)
@@@DBG sz=1.20 nQs=1.00 nCs=0.95 flushes= 510  gates= 214  elap= 10.0  gps= 21.341 (fus=  0.0%, ker=100.0%)
@@@DBG sz=1.19 nQs=1.00 nCs=0.95 flushes= 686  gates= 208  elap= 10.0  gps= 20.797 (fus=  0.0%, ker=100.0%)
@@@DBG: AVX
@@@DBG: OMP_NUM_THREADS=3 fusedSpan=1 fusedLimit=100
@@@DBG sz=1.19 nQs=1.00 nCs=0.95 flushes= 251  gates= 300  elap= 10.0  gps= 29.986 (fus=  0.0%, ker= 92.2%)
@@@DBG sz=1.19 nQs=1.00 nCs=0.95 flushes= 543  gates= 348  elap= 10.0  gps= 34.788 (fus=  0.0%, ker= 99.9%)
@@@DBG sz=1.19 nQs=1.00 nCs=0.95 flushes= 833  gates= 346  elap= 10.0  gps= 34.548 (fus=  0.0%, ker= 99.9%)
@@@DBG sz=1.19 nQs=1.00 nCs=0.95 flushes=1124  gates= 347  elap= 10.0  gps= 34.689 (fus=  0.0%, ker= 99.9%)
@@@DBG: AVX2
@@@DBG: OMP_NUM_THREADS=3 fusedSpan=1 fusedLimit=100
@@@DBG sz=1.20 nQs=1.00 nCs=0.95 flushes= 282  gates= 339  elap= 10.0  gps= 33.894 (fus=  0.0%, ker= 92.3%)
@@@DBG sz=1.20 nQs=1.00 nCs=0.95 flushes= 589  gates= 367  elap= 10.0  gps= 36.616 (fus=  0.0%, ker= 99.9%)
@@@DBG sz=1.19 nQs=1.00 nCs=0.95 flushes= 893  gates= 360  elap= 10.0  gps= 35.897 (fus=  0.0%, ker= 99.9%)
@@@DBG sz=1.19 nQs=1.00 nCs=0.95 flushes=1195  gates= 358  elap= 10.0  gps= 35.743 (fus=  0.0%, ker= 99.9%)
@@@DBG: Generic
@@@DBG: OMP_NUM_THREADS=4 fusedSpan=1 fusedLimit=100
@@@DBG sz=1.21 nQs=1.00 nCs=0.95 flushes= 172  gates= 209  elap= 10.0  gps= 20.893 (fus=  0.0%, ker= 92.3%)
@@@DBG sz=1.19 nQs=1.00 nCs=0.95 flushes= 356  gates= 216  elap= 10.0  gps= 21.596 (fus=  0.0%, ker=100.0%)
@@@DBG sz=1.19 nQs=1.00 nCs=0.95 flushes= 543  gates= 223  elap= 10.0  gps= 22.239 (fus=  0.0%, ker=100.0%)
@@@DBG sz=1.19 nQs=1.00 nCs=0.95 flushes= 731  gates= 224  elap= 10.0  gps= 22.350 (fus=  0.0%, ker=100.0%)
@@@DBG: AVX
@@@DBG: OMP_NUM_THREADS=4 fusedSpan=1 fusedLimit=100
@@@DBG sz=1.19 nQs=1.00 nCs=0.95 flushes= 270  gates= 323  elap= 10.0  gps= 32.249 (fus=  0.0%, ker= 92.2%)
@@@DBG sz=1.19 nQs=1.00 nCs=0.95 flushes= 563  gates= 349  elap= 10.0  gps= 34.845 (fus=  0.0%, ker=100.0%)
@@@DBG sz=1.19 nQs=1.00 nCs=0.95 flushes= 854  gates= 347  elap= 10.0  gps= 34.629 (fus=  0.0%, ker=100.0%)
@@@DBG sz=1.19 nQs=1.00 nCs=0.95 flushes=1147  gates= 349  elap= 10.0  gps= 34.863 (fus=  0.0%, ker=100.0%)
@@@DBG: AVX2
@@@DBG: OMP_NUM_THREADS=4 fusedSpan=1 fusedLimit=100
@@@DBG sz=1.20 nQs=1.00 nCs=0.95 flushes= 282  gates= 339  elap= 10.0  gps= 33.863 (fus=  0.0%, ker= 92.2%)
@@@DBG sz=1.19 nQs=1.00 nCs=0.95 flushes= 584  gates= 358  elap= 10.0  gps= 35.765 (fus=  0.0%, ker= 99.9%)
@@@DBG sz=1.19 nQs=1.00 nCs=0.95 flushes= 885  gates= 361  elap= 10.0  gps= 36.040 (fus=  0.0%, ker= 99.9%)
@@@DBG sz=1.19 nQs=1.00 nCs=0.95 flushes=1177  gates= 348  elap= 10.0  gps= 34.752 (fus=  0.0%, ker= 99.9%)
@@@DBG: Generic
@@@DBG: OMP_NUM_THREADS=1 fusedSpan=2 fusedLimit=100
@@@DBG sz=5.64 nQs=1.13 nCs=0.76 flushes=  55  gates= 311  elap= 10.3  gps= 30.223 (fus=  0.0%, ker= 92.5%)
@@@DBG sz=5.57 nQs=1.11 nCs=0.77 flushes= 115  gates= 330  elap= 10.1  gps= 32.834 (fus=  0.0%, ker=100.0%)
@@@DBG sz=5.57 nQs=1.11 nCs=0.78 flushes= 175  gates= 335  elap= 10.2  gps= 32.951 (fus=  0.0%, ker=100.0%)
@@@DBG sz=5.57 nQs=1.11 nCs=0.77 flushes= 235  gates= 335  elap= 10.1  gps= 33.265 (fus=  0.0%, ker=100.0%)
@@@DBG: AVX
@@@DBG: OMP_NUM_THREADS=1 fusedSpan=2 fusedLimit=100
@@@DBG sz=5.56 nQs=1.11 nCs=0.78 flushes= 107  gates= 596  elap= 10.1  gps= 59.291 (fus=  0.0%, ker= 92.1%)
@@@DBG sz=5.56 nQs=1.11 nCs=0.78 flushes= 225  gates= 655  elap= 10.0  gps= 65.390 (fus=  0.0%, ker=100.0%)
@@@DBG sz=5.57 nQs=1.11 nCs=0.78 flushes= 343  gates= 660  elap= 10.1  gps= 65.577 (fus=  0.0%, ker=100.0%)
@@@DBG sz=5.56 nQs=1.11 nCs=0.78 flushes= 462  gates= 660  elap= 10.1  gps= 65.659 (fus=  0.0%, ker=100.0%)
@@@DBG: AVX2
@@@DBG: OMP_NUM_THREADS=1 fusedSpan=2 fusedLimit=100
@@@DBG sz=5.56 nQs=1.11 nCs=0.78 flushes= 116  gates= 646  elap= 10.0  gps= 64.381 (fus=  0.0%, ker= 92.3%)
@@@DBG sz=5.56 nQs=1.11 nCs=0.78 flushes= 242  gates= 700  elap= 10.0  gps= 69.661 (fus=  0.0%, ker=100.0%)
@@@DBG sz=5.56 nQs=1.11 nCs=0.78 flushes= 368  gates= 700  elap= 10.0  gps= 69.958 (fus=  0.0%, ker=100.0%)
@@@DBG sz=5.56 nQs=1.11 nCs=0.78 flushes= 494  gates= 700  elap= 10.0  gps= 69.922 (fus=  0.0%, ker=100.0%)
@@@DBG: Generic
@@@DBG: OMP_NUM_THREADS=2 fusedSpan=2 fusedLimit=100
@@@DBG sz=5.58 nQs=1.12 nCs=0.77 flushes= 104  gates= 581  elap= 10.1  gps= 57.592 (fus=  0.0%, ker= 92.3%)
@@@DBG sz=5.57 nQs=1.11 nCs=0.78 flushes= 218  gates= 635  elap= 10.1  gps= 63.041 (fus=  0.0%, ker= 99.9%)
@@@DBG sz=5.56 nQs=1.11 nCs=0.78 flushes= 330  gates= 620  elap= 10.0  gps= 61.713 (fus=  0.0%, ker= 99.9%)
@@@DBG sz=5.57 nQs=1.11 nCs=0.78 flushes= 442  gates= 625  elap= 10.0  gps= 62.338 (fus=  0.0%, ker= 99.9%)
@@@DBG: AVX
@@@DBG: OMP_NUM_THREADS=2 fusedSpan=2 fusedLimit=100
@@@DBG sz=5.57 nQs=1.11 nCs=0.78 flushes= 192  gates=1071  elap= 10.0  gps=107.043 (fus=  0.0%, ker= 92.2%)
@@@DBG sz=5.56 nQs=1.11 nCs=0.78 flushes= 400  gates=1155  elap= 10.0  gps=115.403 (fus=  0.0%, ker= 99.9%)
@@@DBG sz=5.56 nQs=1.11 nCs=0.78 flushes= 609  gates=1160  elap= 10.0  gps=115.694 (fus=  0.0%, ker= 99.9%)
@@@DBG sz=5.56 nQs=1.11 nCs=0.78 flushes= 819  gates=1165  elap= 10.0  gps=116.203 (fus=  0.0%, ker= 99.9%)
@@@DBG: AVX2
@@@DBG: OMP_NUM_THREADS=2 fusedSpan=2 fusedLimit=100
@@@DBG sz=5.57 nQs=1.11 nCs=0.78 flushes= 201  gates=1121  elap= 10.0  gps=111.925 (fus=  0.0%, ker= 92.1%)
@@@DBG sz=5.56 nQs=1.11 nCs=0.78 flushes= 418  gates=1205  elap= 10.0  gps=120.041 (fus=  0.0%, ker= 99.9%)
@@@DBG sz=5.56 nQs=1.11 nCs=0.78 flushes= 638  gates=1220  elap= 10.0  gps=121.863 (fus=  0.0%, ker= 99.9%)
@@@DBG sz=5.56 nQs=1.11 nCs=0.78 flushes= 857  gates=1220  elap= 10.0  gps=121.740 (fus=  0.0%, ker= 99.9%)
@@@DBG: Generic
@@@DBG: OMP_NUM_THREADS=3 fusedSpan=2 fusedLimit=100
@@@DBG sz=5.59 nQs=1.12 nCs=0.77 flushes= 136  gates= 761  elap= 10.1  gps= 75.211 (fus=  0.0%, ker= 92.4%)
@@@DBG sz=5.57 nQs=1.11 nCs=0.78 flushes= 282  gates= 810  elap= 10.0  gps= 80.624 (fus=  0.0%, ker= 99.9%)
@@@DBG sz=5.56 nQs=1.11 nCs=0.78 flushes= 426  gates= 800  elap= 10.0  gps= 79.852 (fus=  0.0%, ker= 99.9%)
@@@DBG sz=5.56 nQs=1.11 nCs=0.78 flushes= 570  gates= 800  elap= 10.0  gps= 79.871 (fus=  0.0%, ker= 99.9%)
@@@DBG: AVX
@@@DBG: OMP_NUM_THREADS=3 fusedSpan=2 fusedLimit=100
@@@DBG sz=5.56 nQs=1.11 nCs=0.77 flushes= 248  gates=1381  elap= 10.0  gps=137.948 (fus=  0.0%, ker= 92.1%)
@@@DBG sz=5.56 nQs=1.11 nCs=0.78 flushes= 513  gates=1470  elap= 10.0  gps=146.745 (fus=  0.0%, ker= 99.9%)
@@@DBG sz=5.56 nQs=1.11 nCs=0.78 flushes= 776  gates=1465  elap= 10.0  gps=146.162 (fus=  0.0%, ker= 99.9%)
@@@DBG sz=5.56 nQs=1.11 nCs=0.78 flushes=   1K gates=   1K elap= 10.0 kgps=  0.147 (fus=  0.0%, ker= 99.9%)
@@@DBG: AVX2
@@@DBG: OMP_NUM_THREADS=3 fusedSpan=2 fusedLimit=100
@@@DBG sz=5.56 nQs=1.11 nCs=0.77 flushes= 257  gates=1431  elap= 10.0  gps=142.985 (fus=  0.0%, ker= 92.2%)
@@@DBG sz=5.56 nQs=1.11 nCs=0.78 flushes= 536  gates=1550  elap= 10.0  gps=154.924 (fus=  0.0%, ker= 99.9%)
@@@DBG sz=5.56 nQs=1.11 nCs=0.78 flushes= 811  gates=1530  elap= 10.0  gps=152.882 (fus=  0.0%, ker= 99.9%)
@@@DBG sz=5.56 nQs=1.11 nCs=0.78 flushes=   1K gates=   2K elap= 10.0 kgps=  0.152 (fus=  0.0%, ker= 99.9%)
@@@DBG: Generic
@@@DBG: OMP_NUM_THREADS=4 fusedSpan=2 fusedLimit=100
@@@DBG sz=5.59 nQs=1.12 nCs=0.77 flushes= 145  gates= 811  elap= 10.1  gps= 80.320 (fus=  0.1%, ker= 92.3%)
@@@DBG sz=5.56 nQs=1.11 nCs=0.78 flushes= 301  gates= 865  elap= 10.0  gps= 86.444 (fus=  0.0%, ker= 99.9%)
@@@DBG sz=5.56 nQs=1.11 nCs=0.78 flushes= 455  gates= 855  elap= 10.1  gps= 84.820 (fus=  0.0%, ker= 99.9%)
@@@DBG sz=5.56 nQs=1.11 nCs=0.78 flushes= 611  gates= 865  elap= 10.0  gps= 86.345 (fus=  0.0%, ker= 99.9%)
@@@DBG: AVX
@@@DBG: OMP_NUM_THREADS=4 fusedSpan=2 fusedLimit=100
@@@DBG sz=5.56 nQs=1.11 nCs=0.78 flushes= 252  gates=1401  elap= 10.0  gps=139.768 (fus=  0.0%, ker= 92.3%)
@@@DBG sz=5.56 nQs=1.11 nCs=0.78 flushes= 518  gates=1480  elap= 10.0  gps=147.745 (fus=  0.0%, ker= 99.9%)
@@@DBG sz=5.56 nQs=1.11 nCs=0.78 flushes= 791  gates=1515  elap= 10.0  gps=151.242 (fus=  0.0%, ker= 99.9%)
@@@DBG sz=5.56 nQs=1.11 nCs=0.78 flushes=   1K gates=   1K elap= 10.0 kgps=  0.149 (fus=  0.0%, ker= 99.9%)
@@@DBG: AVX2
@@@DBG: OMP_NUM_THREADS=4 fusedSpan=2 fusedLimit=100
@@@DBG sz=5.56 nQs=1.11 nCs=0.78 flushes= 259  gates=1441  elap= 10.0  gps=143.973 (fus=  0.0%, ker= 92.1%)
@@@DBG sz=5.56 nQs=1.11 nCs=0.78 flushes= 533  gates=1525  elap= 10.0  gps=152.491 (fus=  0.0%, ker= 99.9%)
@@@DBG sz=5.56 nQs=1.11 nCs=0.78 flushes= 817  gates=1575  elap= 10.0  gps=157.109 (fus=  0.0%, ker= 99.9%)
@@@DBG sz=5.56 nQs=1.11 nCs=0.78 flushes=   1K gates=   2K elap= 10.0 kgps=  0.155 (fus=  0.0%, ker= 99.9%)
@@@DBG: Generic
@@@DBG: OMP_NUM_THREADS=1 fusedSpan=3 fusedLimit=100
@@@DBG sz=10.42 nQs=3.00 nCs=0.00 flushes=  12  gates= 126  elap= 10.7  gps= 11.791 (fus=  0.0%, ker= 92.8%)
@@@DBG sz=10.21 nQs=3.00 nCs=0.00 flushes=  24  gates= 120  elap= 10.0  gps= 11.993 (fus=  0.0%, ker=100.0%)
@@@DBG sz=10.14 nQs=3.00 nCs=0.00 flushes=  37  gates= 130  elap= 10.8  gps= 12.008 (fus=  0.0%, ker=100.0%)
@@@DBG sz=10.10 nQs=3.00 nCs=0.00 flushes=  49  gates= 120  elap= 10.1  gps= 11.853 (fus=  0.0%, ker=100.0%)
@@@DBG: AVX
@@@DBG: OMP_NUM_THREADS=1 fusedSpan=3 fusedLimit=100
@@@DBG sz=10.15 nQs=3.00 nCs=0.00 flushes=  34  gates= 346  elap= 10.1  gps= 34.194 (fus=  0.0%, ker= 92.3%)
@@@DBG sz=10.07 nQs=3.00 nCs=0.00 flushes=  71  gates= 370  elap= 10.1  gps= 36.553 (fus=  0.0%, ker=100.0%)
@@@DBG sz=10.05 nQs=3.00 nCs=0.00 flushes= 108  gates= 370  elap= 10.2  gps= 36.451 (fus=  0.0%, ker=100.0%)
@@@DBG sz=10.03 nQs=3.00 nCs=0.00 flushes= 145  gates= 370  elap= 10.2  gps= 36.416 (fus=  0.0%, ker=100.0%)
@@@DBG: AVX2
@@@DBG: OMP_NUM_THREADS=1 fusedSpan=3 fusedLimit=100
@@@DBG sz=10.11 nQs=3.00 nCs=0.00 flushes=  46  gates= 466  elap= 10.0  gps= 46.370 (fus=  0.0%, ker= 92.3%)
@@@DBG sz=10.05 nQs=3.00 nCs=0.00 flushes=  96  gates= 500  elap= 10.0  gps= 49.808 (fus=  0.0%, ker=100.0%)
@@@DBG sz=10.03 nQs=3.00 nCs=0.00 flushes= 146  gates= 500  elap= 10.0  gps= 49.802 (fus=  0.0%, ker=100.0%)
@@@DBG sz=10.03 nQs=3.00 nCs=0.00 flushes= 196  gates= 500  elap= 10.1  gps= 49.705 (fus=  0.0%, ker=100.0%)
@@@DBG: Generic
@@@DBG: OMP_NUM_THREADS=2 fusedSpan=3 fusedLimit=100
@@@DBG sz=10.26 nQs=3.00 nCs=0.00 flushes=  19  gates= 196  elap= 10.2  gps= 19.147 (fus=  0.0%, ker= 92.6%)
@@@DBG sz=10.13 nQs=3.00 nCs=0.00 flushes=  40  gates= 210  elap= 10.3  gps= 20.327 (fus=  0.0%, ker=100.0%)
@@@DBG sz=10.08 nQs=3.00 nCs=0.00 flushes=  61  gates= 210  elap= 10.3  gps= 20.388 (fus=  0.0%, ker=100.0%)
@@@DBG sz=10.06 nQs=3.00 nCs=0.00 flushes=  82  gates= 210  elap= 10.4  gps= 20.285 (fus=  0.0%, ker=100.0%)
@@@DBG: AVX
@@@DBG: OMP_NUM_THREADS=2 fusedSpan=3 fusedLimit=100
@@@DBG sz=10.10 nQs=3.00 nCs=0.00 flushes=  49  gates= 496  elap= 10.1  gps= 49.063 (fus=  0.1%, ker= 92.2%)
@@@DBG sz=10.05 nQs=3.00 nCs=0.00 flushes= 111  gates= 620  elap= 10.1  gps= 61.575 (fus=  0.0%, ker= 99.9%)
@@@DBG sz=10.03 nQs=3.00 nCs=0.00 flushes= 173  gates= 620  elap= 10.3  gps= 60.409 (fus=  0.0%, ker= 99.9%)
@@@DBG sz=10.02 nQs=3.00 nCs=0.00 flushes= 233  gates= 600  elap= 10.2  gps= 58.860 (fus=  0.0%, ker= 99.9%)
@@@DBG: AVX2
@@@DBG: OMP_NUM_THREADS=2 fusedSpan=3 fusedLimit=100
@@@DBG sz=10.06 nQs=3.00 nCs=0.00 flushes=  80  gates= 806  elap= 10.0  gps= 80.263 (fus=  0.0%, ker= 92.3%)
@@@DBG sz=10.03 nQs=3.00 nCs=0.00 flushes= 167  gates= 870  elap= 10.1  gps= 86.093 (fus=  0.0%, ker= 99.9%)
@@@DBG sz=10.02 nQs=3.00 nCs=0.00 flushes= 253  gates= 860  elap= 10.1  gps= 85.012 (fus=  0.0%, ker= 99.9%)
@@@DBG sz=10.01 nQs=3.00 nCs=0.00 flushes= 339  gates= 860  elap= 10.0  gps= 85.977 (fus=  0.0%, ker= 99.9%)
@@@DBG: Generic
@@@DBG: OMP_NUM_THREADS=3 fusedSpan=3 fusedLimit=100
@@@DBG sz=10.22 nQs=3.00 nCs=0.00 flushes=  23  gates= 236  elap= 10.8  gps= 21.803 (fus=  0.0%, ker= 92.8%)
@@@DBG sz=10.11 nQs=3.00 nCs=0.00 flushes=  46  gates= 230  elap= 10.4  gps= 22.114 (fus=  0.0%, ker=100.0%)
@@@DBG sz=10.08 nQs=3.00 nCs=0.00 flushes=  63  gates= 170  elap= 10.9  gps= 15.618 (fus=  0.0%, ker=100.0%)
@@@DBG: AVX
@@@DBG: OMP_NUM_THREADS=3 fusedSpan=3 fusedLimit=100
@@@DBG sz=10.08 nQs=3.00 nCs=0.00 flushes=  64  gates= 646  elap= 10.1  gps= 64.006 (fus=  0.1%, ker= 92.2%)
@@@DBG sz=10.04 nQs=3.00 nCs=0.00 flushes= 132  gates= 680  elap= 10.1  gps= 67.367 (fus=  0.0%, ker= 99.9%)
@@@DBG sz=10.02 nQs=3.00 nCs=0.00 flushes= 201  gates= 690  elap= 10.1  gps= 68.268 (fus=  0.0%, ker= 99.9%)
@@@DBG sz=10.02 nQs=3.00 nCs=0.00 flushes= 269  gates= 680  elap= 10.0  gps= 67.872 (fus=  0.0%, ker= 99.9%)
@@@DBG: AVX2
@@@DBG: OMP_NUM_THREADS=3 fusedSpan=3 fusedLimit=100
@@@DBG sz=10.05 nQs=3.00 nCs=0.00 flushes=  93  gates= 936  elap= 10.1  gps= 92.367 (fus=  0.0%, ker= 92.3%)
@@@DBG sz=10.03 nQs=3.00 nCs=0.00 flushes= 190  gates= 970  elap= 10.0  gps= 96.904 (fus=  0.0%, ker= 99.9%)
@@@DBG sz=10.02 nQs=3.00 nCs=0.00 flushes= 288  gates= 980  elap= 10.0  gps= 97.758 (fus=  0.1%, ker= 99.9%)
@@@DBG sz=10.01 nQs=3.00 nCs=0.00 flushes= 388  gates=1000  elap= 10.2  gps= 98.467 (fus=  0.1%, ker= 99.9%)
@@@DBG: Generic
@@@DBG: OMP_NUM_THREADS=4 fusedSpan=3 fusedLimit=100
@@@DBG sz=10.19 nQs=3.00 nCs=0.00 flushes=  26  gates= 266  elap= 10.1  gps= 26.263 (fus=  0.0%, ker= 92.3%)
@@@DBG sz=10.09 nQs=3.00 nCs=0.00 flushes=  53  gates= 270  elap= 10.6  gps= 25.496 (fus=  0.0%, ker=100.0%)
@@@DBG sz=10.06 nQs=3.00 nCs=0.00 flushes=  81  gates= 280  elap= 10.0  gps= 27.988 (fus=  0.0%, ker=100.0%)
@@@DBG sz=10.05 nQs=3.00 nCs=0.00 flushes= 108  gates= 270  elap= 10.4  gps= 25.910 (fus=  0.0%, ker=100.0%)
@@@DBG: AVX
@@@DBG: OMP_NUM_THREADS=4 fusedSpan=3 fusedLimit=100
@@@DBG sz=10.07 nQs=3.00 nCs=0.00 flushes=  68  gates= 686  elap= 10.0  gps= 68.382 (fus=  0.1%, ker= 92.3%)
@@@DBG sz=10.03 nQs=3.00 nCs=0.00 flushes= 143  gates= 750  elap= 10.2  gps= 73.308 (fus=  0.0%, ker= 99.9%)
@@@DBG sz=10.02 nQs=3.00 nCs=0.00 flushes= 218  gates= 750  elap= 10.1  gps= 73.966 (fus=  0.0%, ker= 99.9%)
@@@DBG sz=10.02 nQs=3.00 nCs=0.00 flushes= 293  gates= 750  elap= 10.3  gps= 72.900 (fus=  0.1%, ker= 99.9%)
@@@DBG: AVX2
@@@DBG: OMP_NUM_THREADS=4 fusedSpan=3 fusedLimit=100
@@@DBG sz=10.05 nQs=3.00 nCs=0.00 flushes=  91  gates= 916  elap= 10.0  gps= 91.436 (fus=  0.0%, ker= 92.3%)
@@@DBG sz=10.03 nQs=3.00 nCs=0.00 flushes= 189  gates= 980  elap= 10.0  gps= 97.815 (fus=  0.0%, ker= 99.9%)
@@@DBG sz=10.02 nQs=3.00 nCs=0.00 flushes= 293  gates=1040  elap= 10.2  gps=102.348 (fus=  0.1%, ker= 99.9%)
@@@DBG sz=10.01 nQs=3.00 nCs=0.00 flushes= 398  gates=1050  elap= 10.0  gps=104.510 (fus=  0.0%, ker= 99.9%)
@@@DBG: Generic
@@@DBG: OMP_NUM_THREADS=1 fusedSpan=4 fusedLimit=100
@@@DBG sz=15.00 nQs=3.67 nCs=0.00 flushes=   3  gates=  46  elap= 13.0  gps=  3.528 (fus=  0.0%, ker= 94.1%)
@@@DBG sz=15.00 nQs=3.80 nCs=0.00 flushes=   5  gates=  30  elap= 11.4  gps=  2.635 (fus=  0.0%, ker=100.0%)
@@@DBG sz=15.00 nQs=3.86 nCs=0.00 flushes=   7  gates=  30  elap= 11.5  gps=  2.605 (fus=  0.0%, ker=100.0%)
@@@DBG sz=14.50 nQs=3.80 nCs=0.00 flushes=  10  gates=  40  elap= 12.2  gps=  3.267 (fus=  0.0%, ker=100.0%)
@@@DBG: AVX
@@@DBG: OMP_NUM_THREADS=1 fusedSpan=4 fusedLimit=100
@@@DBG sz=14.62 nQs=3.85 nCs=0.00 flushes=  13  gates= 191  elap= 10.7  gps= 17.778 (fus=  0.0%, ker= 92.7%)
@@@DBG sz=14.44 nQs=3.85 nCs=0.00 flushes=  27  gates= 200  elap= 10.7  gps= 18.751 (fus=  0.0%, ker=100.0%)
@@@DBG sz=14.39 nQs=3.85 nCs=0.00 flushes=  41  gates= 200  elap= 10.7  gps= 18.720 (fus=  0.0%, ker=100.0%)
@@@DBG sz=14.36 nQs=3.85 nCs=0.00 flushes=  55  gates= 200  elap= 10.7  gps= 18.775 (fus=  0.0%, ker=100.0%)
@@@DBG: AVX2
@@@DBG: OMP_NUM_THREADS=1 fusedSpan=4 fusedLimit=100
@@@DBG sz=14.64 nQs=3.86 nCs=0.00 flushes=  14  gates= 206  elap= 10.4  gps= 19.882 (fus=  0.0%, ker= 92.6%)
@@@DBG sz=14.48 nQs=3.86 nCs=0.00 flushes=  29  gates= 215  elap= 10.2  gps= 21.064 (fus=  0.0%, ker=100.0%)
@@@DBG sz=14.33 nQs=3.84 nCs=0.00 flushes=  45  gates= 225  elap= 10.5  gps= 21.465 (fus=  0.0%, ker=100.0%)
@@@DBG sz=14.33 nQs=3.85 nCs=0.00 flushes=  60  gates= 215  elap= 10.1  gps= 21.194 (fus=  0.0%, ker=100.0%)
@@@DBG: Generic
@@@DBG: OMP_NUM_THREADS=2 fusedSpan=4 fusedLimit=100
@@@DBG sz=15.00 nQs=3.80 nCs=0.00 flushes=   5  gates=  76  elap= 12.8  gps=  5.952 (fus=  0.0%, ker= 94.0%)
@@@DBG sz=15.00 nQs=3.88 nCs=0.00 flushes=   8  gates=  45  elap= 11.3  gps=  3.975 (fus=  0.0%, ker=100.0%)
@@@DBG sz=14.62 nQs=3.85 nCs=0.00 flushes=  13  gates=  70  elap= 15.0  gps=  4.672 (fus=  0.0%, ker=100.0%)
@@@DBG: AVX
@@@DBG: OMP_NUM_THREADS=2 fusedSpan=4 fusedLimit=100
@@@DBG sz=14.50 nQs=3.85 nCs=0.00 flushes=  20  gates= 291  elap= 10.2  gps= 28.429 (fus=  0.0%, ker= 92.2%)
@@@DBG sz=14.40 nQs=3.86 nCs=0.00 flushes=  42  gates= 315  elap= 10.1  gps= 31.055 (fus=  0.0%, ker=100.0%)
@@@DBG sz=14.38 nQs=3.86 nCs=0.00 flushes=  64  gates= 315  elap= 10.1  gps= 31.250 (fus=  0.0%, ker=100.0%)
@@@DBG sz=14.31 nQs=3.85 nCs=0.00 flushes=  87  gates= 325  elap= 10.4  gps= 31.174 (fus=  0.0%, ker=100.0%)
@@@DBG: AVX2
@@@DBG: OMP_NUM_THREADS=2 fusedSpan=4 fusedLimit=100
@@@DBG sz=14.38 nQs=3.83 nCs=0.00 flushes=  24  gates= 346  elap= 10.2  gps= 33.803 (fus=  0.0%, ker= 92.5%)
@@@DBG sz=14.38 nQs=3.85 nCs=0.00 flushes=  48  gates= 345  elap= 10.1  gps= 34.322 (fus=  0.0%, ker=100.0%)
@@@DBG sz=14.32 nQs=3.85 nCs=0.00 flushes=  74  gates= 370  elap= 10.2  gps= 36.248 (fus=  0.0%, ker=100.0%)
@@@DBG sz=14.34 nQs=3.86 nCs=0.00 flushes=  98  gates= 345  elap= 10.2  gps= 33.807 (fus=  0.0%, ker=100.0%)
@@@DBG: Generic
@@@DBG: OMP_NUM_THREADS=3 fusedSpan=4 fusedLimit=100
@@@DBG sz=15.00 nQs=3.80 nCs=0.00 flushes=   5  gates=  76  elap= 10.0  gps=  7.599 (fus=  0.0%, ker= 92.3%)
@@@DBG sz=14.44 nQs=3.78 nCs=0.00 flushes=   9  gates=  55  elap= 10.3  gps=  5.315 (fus=  0.0%, ker=100.0%)
@@@DBG sz=14.62 nQs=3.85 nCs=0.00 flushes=  13  gates=  60  elap= 12.6  gps=  4.773 (fus=  0.0%, ker=100.0%)
@@@DBG sz=14.47 nQs=3.84 nCs=0.00 flushes=  19  gates=  85  elap= 11.4  gps=  7.480 (fus=  0.0%, ker=100.0%)
@@@DBG: AVX
@@@DBG: OMP_NUM_THREADS=3 fusedSpan=4 fusedLimit=100
@@@DBG sz=14.40 nQs=3.84 nCs=0.00 flushes=  25  gates= 361  elap= 10.2  gps= 35.464 (fus=  0.0%, ker= 92.4%)
@@@DBG sz=14.40 nQs=3.86 nCs=0.00 flushes=  50  gates= 360  elap= 10.0  gps= 35.885 (fus=  0.0%, ker=100.0%)
@@@DBG sz=14.34 nQs=3.86 nCs=0.00 flushes=  76  gates= 370  elap= 10.4  gps= 35.442 (fus=  0.0%, ker=100.0%)
@@@DBG sz=14.33 nQs=3.86 nCs=0.00 flushes= 104  gates= 400  elap= 10.9  gps= 36.556 (fus=  0.0%, ker=100.0%)
@@@DBG: AVX2
@@@DBG: OMP_NUM_THREADS=3 fusedSpan=4 fusedLimit=100
@@@DBG sz=14.44 nQs=3.85 nCs=0.00 flushes=  27  gates= 391  elap= 10.1  gps= 38.614 (fus=  0.0%, ker= 92.4%)
@@@DBG sz=14.38 nQs=3.86 nCs=0.00 flushes=  56  gates= 415  elap= 10.0  gps= 41.376 (fus=  0.0%, ker=100.0%)
@@@DBG sz=14.30 nQs=3.85 nCs=0.00 flushes=  86  gates= 425  elap= 10.0  gps= 42.330 (fus=  0.0%, ker=100.0%)
@@@DBG sz=14.30 nQs=3.85 nCs=0.00 flushes= 115  gates= 415  elap= 10.1  gps= 41.111 (fus=  0.0%, ker=100.0%)
@@@DBG: Generic
@@@DBG: OMP_NUM_THREADS=4 fusedSpan=4 fusedLimit=100
@@@DBG sz=15.00 nQs=3.83 nCs=0.00 flushes=   6  gates=  91  elap= 14.1  gps=  6.461 (fus=  0.0%, ker= 94.5%)
@@@DBG sz=14.62 nQs=3.85 nCs=0.00 flushes=  13  gates= 100  elap= 14.9  gps=  6.694 (fus=  0.0%, ker=100.0%)
@@@DBG sz=14.50 nQs=3.85 nCs=0.00 flushes=  20  gates= 100  elap= 14.9  gps=  6.730 (fus=  0.0%, ker=100.0%)
@@@DBG: AVX
@@@DBG: OMP_NUM_THREADS=4 fusedSpan=4 fusedLimit=100
@@@DBG sz=14.44 nQs=3.85 nCs=0.00 flushes=  27  gates= 391  elap= 10.4  gps= 37.648 (fus=  0.0%, ker= 92.6%)
@@@DBG sz=14.38 nQs=3.86 nCs=0.00 flushes=  56  gates= 415  elap= 10.0  gps= 41.392 (fus=  0.0%, ker=100.0%)
@@@DBG sz=14.30 nQs=3.85 nCs=0.00 flushes=  86  gates= 425  elap= 10.1  gps= 42.078 (fus=  0.0%, ker=100.0%)
@@@DBG sz=14.30 nQs=3.85 nCs=0.00 flushes= 115  gates= 415  elap= 10.4  gps= 40.042 (fus=  0.0%, ker=100.0%)
@@@DBG: AVX2
@@@DBG: OMP_NUM_THREADS=4 fusedSpan=4 fusedLimit=100
@@@DBG sz=14.33 nQs=3.83 nCs=0.00 flushes=  30  gates= 431  elap= 10.1  gps= 42.853 (fus=  0.0%, ker= 92.0%)
@@@DBG sz=14.35 nQs=3.85 nCs=0.00 flushes=  62  gates= 460  elap= 10.7  gps= 43.008 (fus=  0.0%, ker=100.0%)
@@@DBG sz=14.32 nQs=3.85 nCs=0.00 flushes=  95  gates= 470  elap= 10.1  gps= 46.698 (fus=  0.0%, ker=100.0%)
@@@DBG sz=14.33 nQs=3.86 nCs=0.00 flushes= 126  gates= 445  elap= 10.0  gps= 44.438 (fus=  0.0%, ker=100.0%)
@@@DBG max=8 procs=8 thrds=1
