@@@DBG: Generic
@@@DBG: OMP_NUM_THREADS=1 fusedSpan=1 fusedDepth=100 wfnCapacity=67108864
@@@DBG sz=1.21 nQs=1.00 nCs=0.95 flushes=  58  gates=  71  elap= 10.1  gps=  7.006 (fus=  0.0%, ker= 91.9%)
@@@DBG sz=1.20 nQs=1.00 nCs=0.95 flushes= 138  gates=  96  elap= 10.1  gps=  9.547 (fus=  0.0%, ker=100.0%)
@@@DBG sz=1.17 nQs=1.00 nCs=0.96 flushes= 207  gates=  77  elap= 10.1  gps=  7.620 (fus=  0.0%, ker=100.0%)
@@@DBG sz=1.18 nQs=1.00 nCs=0.95 flushes= 284  gates=  93  elap= 10.0  gps=  9.257 (fus=  0.0%, ker=100.0%)
@@@DBG sz=1.18 nQs=1.00 nCs=0.96 flushes= 356  gates=  84  elap= 10.1  gps=  8.335 (fus=  0.0%, ker=100.0%)
@@@DBG: AVX
@@@DBG: OMP_NUM_THREADS=1 fusedSpan=1 fusedDepth=100 wfnCapacity=67108864
@@@DBG sz=1.16 nQs=1.00 nCs=0.96 flushes= 122  gates= 143  elap= 10.0  gps= 14.290 (fus=  0.0%, ker= 92.5%)
@@@DBG sz=1.17 nQs=1.00 nCs=0.96 flushes= 256  gates= 158  elap= 10.1  gps= 15.717 (fus=  0.0%, ker=100.0%)
@@@DBG sz=1.17 nQs=1.00 nCs=0.96 flushes= 390  gates= 158  elap= 10.0  gps= 15.785 (fus=  0.0%, ker=100.0%)
@@@DBG sz=1.18 nQs=1.00 nCs=0.96 flushes= 522  gates= 156  elap= 10.0  gps= 15.535 (fus=  0.0%, ker=100.0%)
@@@DBG sz=1.18 nQs=1.00 nCs=0.95 flushes= 655  gates= 160  elap= 10.0  gps= 15.937 (fus=  0.0%, ker=100.0%)
@@@DBG: AVX2
@@@DBG: OMP_NUM_THREADS=1 fusedSpan=1 fusedDepth=100 wfnCapacity=67108864
@@@DBG sz=1.16 nQs=1.00 nCs=0.96 flushes= 127  gates= 148  elap= 10.0  gps= 14.737 (fus=  0.0%, ker= 92.6%)
@@@DBG sz=1.17 nQs=1.00 nCs=0.96 flushes= 261  gates= 158  elap= 10.0  gps= 15.770 (fus=  0.0%, ker=100.0%)
@@@DBG sz=1.19 nQs=1.00 nCs=0.95 flushes= 396  gates= 167  elap= 10.1  gps= 16.609 (fus=  0.0%, ker=100.0%)
@@@DBG sz=1.19 nQs=1.00 nCs=0.95 flushes= 532  gates= 160  elap= 10.0  gps= 15.940 (fus=  0.0%, ker=100.0%)
@@@DBG: Generic
@@@DBG: OMP_NUM_THREADS=2 fusedSpan=1 fusedDepth=100 wfnCapacity=67108864
@@@DBG sz=1.15 nQs=1.00 nCs=0.96 flushes= 130  gates= 151  elap= 10.1  gps= 15.018 (fus=  0.0%, ker= 92.6%)
@@@DBG sz=1.20 nQs=1.00 nCs=0.95 flushes= 266  gates= 168  elap= 10.0  gps= 16.754 (fus=  0.0%, ker=100.0%)
@@@DBG sz=1.19 nQs=1.00 nCs=0.95 flushes= 400  gates= 158  elap= 10.0  gps= 15.786 (fus=  0.0%, ker=100.0%)
@@@DBG sz=1.19 nQs=1.00 nCs=0.95 flushes= 535  gates= 159  elap= 10.0  gps= 15.859 (fus=  0.0%, ker=100.0%)
@@@DBG: AVX
@@@DBG: OMP_NUM_THREADS=2 fusedSpan=1 fusedDepth=100 wfnCapacity=67108864
@@@DBG sz=1.19 nQs=1.00 nCs=0.95 flushes= 215  gates= 256  elap= 10.0  gps= 25.584 (fus=  0.0%, ker= 92.5%)
@@@DBG sz=1.18 nQs=1.00 nCs=0.95 flushes= 444  gates= 269  elap= 10.0  gps= 26.882 (fus=  0.0%, ker=100.0%)
@@@DBG sz=1.19 nQs=1.00 nCs=0.95 flushes= 682  gates= 286  elap= 10.0  gps= 28.549 (fus=  0.0%, ker=100.0%)
@@@DBG sz=1.19 nQs=1.00 nCs=0.95 flushes= 922  gates= 284  elap= 10.0  gps= 28.388 (fus=  0.0%, ker=100.0%)
@@@DBG: AVX2
@@@DBG: OMP_NUM_THREADS=2 fusedSpan=1 fusedDepth=100 wfnCapacity=67108864
@@@DBG sz=1.19 nQs=1.00 nCs=0.95 flushes= 215  gates= 256  elap= 10.0  gps= 25.536 (fus=  0.0%, ker= 92.6%)
@@@DBG sz=1.19 nQs=1.00 nCs=0.95 flushes= 429  gates= 254  elap= 10.1  gps= 25.231 (fus=  0.0%, ker=100.0%)
@@@DBG sz=1.18 nQs=1.00 nCs=0.96 flushes= 645  gates= 252  elap= 10.0  gps= 25.127 (fus=  0.0%, ker=100.0%)
@@@DBG sz=1.18 nQs=1.00 nCs=0.95 flushes= 845  gates= 240  elap= 10.0  gps= 23.941 (fus=  0.0%, ker=100.0%)
@@@DBG: Generic
@@@DBG: OMP_NUM_THREADS=3 fusedSpan=1 fusedDepth=100 wfnCapacity=67108864
@@@DBG sz=1.20 nQs=1.00 nCs=0.95 flushes= 138  gates= 167  elap= 10.0  gps= 16.690 (fus=  0.0%, ker= 92.2%)
@@@DBG sz=1.19 nQs=1.00 nCs=0.95 flushes= 292  gates= 182  elap= 10.1  gps= 18.069 (fus=  0.0%, ker=100.0%)
@@@DBG sz=1.19 nQs=1.00 nCs=0.95 flushes= 452  gates= 188  elap= 10.0  gps= 18.723 (fus=  0.0%, ker=100.0%)
@@@DBG sz=1.18 nQs=1.00 nCs=0.95 flushes= 611  gates= 187  elap= 10.1  gps= 18.607 (fus=  0.0%, ker=100.0%)
@@@DBG: AVX
@@@DBG: OMP_NUM_THREADS=3 fusedSpan=1 fusedDepth=100 wfnCapacity=67108864
@@@DBG sz=1.20 nQs=1.00 nCs=0.95 flushes= 263  gates= 316  elap= 10.0  gps= 31.551 (fus=  0.0%, ker= 92.5%)
@@@DBG sz=1.18 nQs=1.00 nCs=0.95 flushes= 544  gates= 329  elap= 10.0  gps= 32.886 (fus=  0.0%, ker= 99.9%)
@@@DBG sz=1.19 nQs=1.00 nCs=0.95 flushes= 814  gates= 322  elap= 10.0  gps= 32.186 (fus=  0.0%, ker= 99.9%)
@@@DBG sz=1.18 nQs=1.00 nCs=0.95 flushes=1082  gates= 316  elap= 10.0  gps= 31.448 (fus=  0.0%, ker= 99.9%)
@@@DBG: AVX2
@@@DBG: OMP_NUM_THREADS=3 fusedSpan=1 fusedDepth=100 wfnCapacity=67108864
@@@DBG sz=1.19 nQs=1.00 nCs=0.95 flushes= 269  gates= 322  elap= 10.0  gps= 32.180 (fus=  0.0%, ker= 92.5%)
@@@DBG sz=1.19 nQs=1.00 nCs=0.95 flushes= 558  gates= 341  elap= 10.0  gps= 34.096 (fus=  0.0%, ker= 99.9%)
@@@DBG sz=1.18 nQs=1.00 nCs=0.95 flushes= 838  gates= 328  elap= 10.0  gps= 32.792 (fus=  0.0%, ker=100.0%)
@@@DBG sz=1.18 nQs=1.00 nCs=0.95 flushes=1124  gates= 338  elap= 10.0  gps= 33.704 (fus=  0.0%, ker= 99.9%)
@@@DBG: Generic
@@@DBG: OMP_NUM_THREADS=4 fusedSpan=1 fusedDepth=100 wfnCapacity=67108864
@@@DBG sz=1.18 nQs=1.00 nCs=0.95 flushes= 152  gates= 181  elap= 10.0  gps= 18.047 (fus=  0.0%, ker= 92.5%)
@@@DBG sz=1.19 nQs=1.00 nCs=0.95 flushes= 315  gates= 195  elap= 10.1  gps= 19.399 (fus=  0.0%, ker= 99.9%)
@@@DBG sz=1.18 nQs=1.00 nCs=0.95 flushes= 484  gates= 197  elap= 10.0  gps= 19.665 (fus=  0.0%, ker=100.0%)
@@@DBG sz=1.18 nQs=1.00 nCs=0.96 flushes= 650  gates= 194  elap= 10.1  gps= 19.210 (fus=  0.0%, ker=100.0%)
@@@DBG: AVX
@@@DBG: OMP_NUM_THREADS=4 fusedSpan=1 fusedDepth=100 wfnCapacity=67108864
@@@DBG sz=1.19 nQs=1.00 nCs=0.95 flushes= 269  gates= 322  elap= 10.0  gps= 32.191 (fus=  0.0%, ker= 92.5%)
@@@DBG sz=1.19 nQs=1.00 nCs=0.95 flushes= 555  gates= 338  elap= 10.0  gps= 33.782 (fus=  0.0%, ker= 99.9%)
@@@DBG sz=1.18 nQs=1.00 nCs=0.95 flushes= 837  gates= 330  elap= 10.0  gps= 32.962 (fus=  0.0%, ker= 99.9%)
@@@DBG sz=1.18 nQs=1.00 nCs=0.95 flushes=1121  gates= 336  elap= 10.0  gps= 33.594 (fus=  0.1%, ker= 99.9%)
@@@DBG: AVX2
@@@DBG: OMP_NUM_THREADS=4 fusedSpan=1 fusedDepth=100 wfnCapacity=67108864
@@@DBG sz=1.18 nQs=1.00 nCs=0.95 flushes= 282  gates= 335  elap= 10.0  gps= 33.495 (fus=  0.0%, ker= 92.3%)
@@@DBG sz=1.18 nQs=1.00 nCs=0.95 flushes= 585  gates= 359  elap= 10.0  gps= 35.850 (fus=  0.0%, ker= 99.9%)
@@@DBG sz=1.18 nQs=1.00 nCs=0.95 flushes= 877  gates= 344  elap= 10.0  gps= 34.385 (fus=  0.0%, ker= 99.9%)
@@@DBG sz=1.18 nQs=1.00 nCs=0.95 flushes=1164  gates= 339  elap= 10.0  gps= 33.784 (fus=  0.0%, ker= 99.9%)
@@@DBG: Generic
@@@DBG: OMP_NUM_THREADS=1 fusedSpan=2 fusedDepth=100 wfnCapacity=67108864
@@@DBG sz=6.27 nQs=1.25 nCs=0.75 flushes=  51  gates= 321  elap= 10.3  gps= 31.205 (fus=  0.0%, ker= 92.5%)
@@@DBG sz=6.23 nQs=1.25 nCs=0.75 flushes= 106  gates= 340  elap= 10.2  gps= 33.410 (fus=  0.0%, ker=100.0%)
@@@DBG sz=6.21 nQs=1.24 nCs=0.76 flushes= 161  gates= 340  elap= 10.1  gps= 33.676 (fus=  0.0%, ker=100.0%)
@@@DBG sz=6.20 nQs=1.24 nCs=0.76 flushes= 217  gates= 345  elap= 10.1  gps= 34.120 (fus=  0.0%, ker=100.0%)
@@@DBG: AVX
@@@DBG: OMP_NUM_THREADS=1 fusedSpan=2 fusedDepth=100 wfnCapacity=67108864
@@@DBG sz=6.24 nQs=1.25 nCs=0.75 flushes= 105  gates= 656  elap= 10.0  gps= 65.579 (fus=  0.0%, ker= 92.5%)
@@@DBG sz=6.20 nQs=1.24 nCs=0.76 flushes= 221  gates= 715  elap= 10.0  gps= 71.314 (fus=  0.0%, ker=100.0%)
@@@DBG sz=6.21 nQs=1.24 nCs=0.76 flushes= 335  gates= 710  elap= 10.1  gps= 70.362 (fus=  0.0%, ker=100.0%)
@@@DBG sz=6.20 nQs=1.24 nCs=0.76 flushes= 453  gates= 730  elap= 10.1  gps= 72.327 (fus=  0.0%, ker=100.0%)
@@@DBG: AVX2
@@@DBG: OMP_NUM_THREADS=1 fusedSpan=2 fusedDepth=100 wfnCapacity=67108864
@@@DBG sz=6.19 nQs=1.24 nCs=0.76 flushes= 109  gates= 676  elap= 10.0  gps= 67.452 (fus=  0.0%, ker= 92.4%)
@@@DBG sz=6.22 nQs=1.24 nCs=0.76 flushes= 230  gates= 755  elap= 10.0  gps= 75.237 (fus=  0.0%, ker=100.0%)
@@@DBG sz=6.21 nQs=1.24 nCs=0.76 flushes= 351  gates= 750  elap= 10.0  gps= 74.630 (fus=  0.0%, ker=100.0%)
@@@DBG sz=6.20 nQs=1.24 nCs=0.76 flushes= 470  gates= 735  elap= 10.0  gps= 73.445 (fus=  0.0%, ker=100.0%)
@@@DBG: Generic
@@@DBG: OMP_NUM_THREADS=2 fusedSpan=2 fusedDepth=100 wfnCapacity=67108864
@@@DBG sz=6.17 nQs=1.23 nCs=0.77 flushes=  94  gates= 581  elap= 10.0  gps= 57.901 (fus=  0.0%, ker= 92.4%)
@@@DBG sz=6.21 nQs=1.24 nCs=0.76 flushes= 195  gates= 630  elap= 10.1  gps= 62.662 (fus=  0.0%, ker= 99.9%)
@@@DBG sz=6.20 nQs=1.24 nCs=0.76 flushes= 295  gates= 620  elap= 10.1  gps= 61.180 (fus=  0.0%, ker=100.0%)
@@@DBG sz=6.20 nQs=1.24 nCs=0.76 flushes= 395  gates= 620  elap= 10.1  gps= 61.593 (fus=  0.0%, ker=100.0%)
@@@DBG: AVX
@@@DBG: OMP_NUM_THREADS=2 fusedSpan=2 fusedDepth=100 wfnCapacity=67108864
@@@DBG sz=6.21 nQs=1.24 nCs=0.76 flushes= 190  gates=1181  elap= 10.1  gps=117.483 (fus=  0.0%, ker= 92.5%)
@@@DBG sz=6.19 nQs=1.24 nCs=0.76 flushes= 394  gates=1260  elap= 10.0  gps=125.599 (fus=  0.0%, ker= 99.9%)
@@@DBG sz=6.20 nQs=1.24 nCs=0.76 flushes= 594  gates=1240  elap= 10.0  gps=123.623 (fus=  0.0%, ker= 99.9%)
@@@DBG sz=6.20 nQs=1.24 nCs=0.76 flushes= 795  gates=1250  elap= 10.0  gps=124.726 (fus=  0.1%, ker= 99.9%)
@@@DBG: AVX2
@@@DBG: OMP_NUM_THREADS=2 fusedSpan=2 fusedDepth=100 wfnCapacity=67108864
@@@DBG sz=6.20 nQs=1.24 nCs=0.76 flushes= 196  gates=1216  elap= 10.0  gps=121.261 (fus=  0.0%, ker= 92.4%)
@@@DBG sz=6.21 nQs=1.24 nCs=0.76 flushes= 402  gates=1280  elap= 10.0  gps=127.891 (fus=  0.0%, ker= 99.9%)
@@@DBG sz=6.21 nQs=1.24 nCs=0.76 flushes= 605  gates=1260  elap= 10.0  gps=125.895 (fus=  0.0%, ker= 99.9%)
@@@DBG sz=6.20 nQs=1.24 nCs=0.76 flushes= 810  gates=1270  elap= 10.0  gps=126.565 (fus=  0.0%, ker= 99.9%)
@@@DBG: Generic
@@@DBG: OMP_NUM_THREADS=3 fusedSpan=2 fusedDepth=100 wfnCapacity=67108864
@@@DBG sz=6.21 nQs=1.24 nCs=0.76 flushes= 107  gates= 666  elap= 10.0  gps= 66.482 (fus=  0.0%, ker= 92.5%)
@@@DBG sz=6.18 nQs=1.24 nCs=0.76 flushes= 224  gates= 720  elap= 10.0  gps= 71.811 (fus=  0.0%, ker= 99.9%)
@@@DBG sz=6.21 nQs=1.24 nCs=0.76 flushes= 335  gates= 695  elap= 10.0  gps= 69.430 (fus=  0.0%, ker=100.0%)
@@@DBG sz=6.20 nQs=1.24 nCs=0.76 flushes= 450  gates= 710  elap= 10.1  gps= 70.250 (fus=  0.0%, ker= 99.9%)
@@@DBG: AVX
@@@DBG: OMP_NUM_THREADS=3 fusedSpan=2 fusedDepth=100 wfnCapacity=67108864
@@@DBG sz=6.21 nQs=1.24 nCs=0.76 flushes= 211  gates=1311  elap= 10.0  gps=130.874 (fus=  0.0%, ker= 92.4%)
@@@DBG sz=6.20 nQs=1.24 nCs=0.76 flushes= 436  gates=1395  elap= 10.0  gps=139.270 (fus=  0.0%, ker= 99.9%)
@@@DBG sz=6.20 nQs=1.24 nCs=0.76 flushes= 662  gates=1400  elap= 10.0  gps=139.675 (fus=  0.1%, ker= 99.9%)
@@@DBG sz=6.20 nQs=1.24 nCs=0.76 flushes= 891  gates=1420  elap= 10.0  gps=141.748 (fus=  0.0%, ker= 99.9%)
@@@DBG: AVX2
@@@DBG: OMP_NUM_THREADS=3 fusedSpan=2 fusedDepth=100 wfnCapacity=67108864
@@@DBG sz=6.21 nQs=1.24 nCs=0.76 flushes= 228  gates=1416  elap= 10.0  gps=141.080 (fus=  0.0%, ker= 92.3%)
@@@DBG sz=6.20 nQs=1.24 nCs=0.76 flushes= 465  gates=1470  elap= 10.0  gps=146.963 (fus=  0.1%, ker= 99.9%)
@@@DBG sz=6.21 nQs=1.24 nCs=0.76 flushes= 701  gates=1465  elap= 10.0  gps=146.209 (fus=  0.0%, ker= 99.9%)
@@@DBG sz=6.20 nQs=1.24 nCs=0.76 flushes= 942  gates=1490  elap= 10.0  gps=148.581 (fus=  0.0%, ker= 99.9%)
@@@DBG: Generic
@@@DBG: OMP_NUM_THREADS=4 fusedSpan=2 fusedDepth=100 wfnCapacity=67108864
@@@DBG sz=6.18 nQs=1.24 nCs=0.76 flushes= 114  gates= 706  elap= 10.0  gps= 70.541 (fus=  0.0%, ker= 92.4%)
@@@DBG sz=6.21 nQs=1.24 nCs=0.76 flushes= 231  gates= 730  elap= 10.0  gps= 72.988 (fus=  0.0%, ker= 99.9%)
@@@DBG sz=6.21 nQs=1.24 nCs=0.76 flushes= 351  gates= 745  elap= 10.1  gps= 73.649 (fus=  0.0%, ker=100.0%)
@@@DBG sz=6.20 nQs=1.24 nCs=0.76 flushes= 470  gates= 735  elap= 10.0  gps= 73.331 (fus=  0.0%, ker=100.0%)
@@@DBG: AVX
@@@DBG: OMP_NUM_THREADS=4 fusedSpan=2 fusedDepth=100 wfnCapacity=67108864
@@@DBG sz=6.19 nQs=1.24 nCs=0.76 flushes= 222  gates=1376  elap= 10.0  gps=137.389 (fus=  0.1%, ker= 92.4%)
@@@DBG sz=6.20 nQs=1.24 nCs=0.76 flushes= 453  gates=1435  elap= 10.0  gps=142.911 (fus=  0.0%, ker= 99.9%)
@@@DBG sz=6.20 nQs=1.24 nCs=0.76 flushes= 689  gates=1460  elap= 10.0  gps=145.986 (fus=  0.0%, ker= 99.9%)
@@@DBG sz=6.20 nQs=1.24 nCs=0.76 flushes= 925  gates=1465  elap= 10.1  gps=145.358 (fus=  0.0%, ker= 99.9%)
@@@DBG: AVX2
@@@DBG: OMP_NUM_THREADS=4 fusedSpan=2 fusedDepth=100 wfnCapacity=67108864
@@@DBG sz=6.22 nQs=1.24 nCs=0.76 flushes= 230  gates=1431  elap= 10.1  gps=142.368 (fus=  0.0%, ker= 92.3%)
@@@DBG sz=6.20 nQs=1.24 nCs=0.76 flushes= 472  gates=1495  elap= 10.0  gps=149.233 (fus=  0.0%, ker= 99.9%)
@@@DBG sz=6.20 nQs=1.24 nCs=0.76 flushes= 716  gates=1515  elap= 10.0  gps=151.124 (fus=  0.0%, ker= 99.9%)
@@@DBG sz=6.20 nQs=1.24 nCs=0.76 flushes= 958  gates=1500  elap= 10.0  gps=149.944 (fus=  0.0%, ker= 99.9%)
@@@DBG: Generic
@@@DBG: OMP_NUM_THREADS=1 fusedSpan=3 fusedDepth=100 wfnCapacity=67108864
@@@DBG sz=12.14 nQs=3.00 nCs=0.00 flushes=  14  gates= 171  elap= 10.3  gps= 16.591 (fus=  0.0%, ker= 92.7%)
@@@DBG sz=12.07 nQs=3.00 nCs=0.00 flushes=  29  gates= 180  elap= 10.2  gps= 17.582 (fus=  0.0%, ker=100.0%)
@@@DBG sz=12.05 nQs=3.00 nCs=0.00 flushes=  44  gates= 180  elap= 10.3  gps= 17.413 (fus=  0.0%, ker=100.0%)
@@@DBG sz=11.95 nQs=3.00 nCs=0.00 flushes=  59  gates= 175  elap= 10.3  gps= 16.998 (fus=  0.0%, ker=100.0%)
@@@DBG: AVX
@@@DBG: OMP_NUM_THREADS=1 fusedSpan=3 fusedDepth=100 wfnCapacity=67108864
@@@DBG sz=11.97 nQs=3.00 nCs=0.00 flushes=  33  gates= 396  elap= 10.0  gps= 39.480 (fus=  0.0%, ker= 92.6%)
@@@DBG sz=11.96 nQs=3.00 nCs=0.00 flushes=  69  gates= 430  elap= 10.2  gps= 42.096 (fus=  0.0%, ker=100.0%)
@@@DBG sz=11.95 nQs=3.00 nCs=0.00 flushes= 105  gates= 430  elap= 10.2  gps= 42.305 (fus=  0.0%, ker=100.0%)
@@@DBG sz=11.95 nQs=3.00 nCs=0.00 flushes= 141  gates= 430  elap= 10.2  gps= 42.124 (fus=  0.0%, ker=100.0%)
@@@DBG: AVX2
@@@DBG: OMP_NUM_THREADS=1 fusedSpan=3 fusedDepth=100 wfnCapacity=67108864
@@@DBG sz=11.96 nQs=3.00 nCs=0.00 flushes=  46  gates= 551  elap= 10.2  gps= 54.144 (fus=  0.0%, ker= 92.5%)
@@@DBG sz=11.95 nQs=3.00 nCs=0.00 flushes=  95  gates= 585  elap= 10.1  gps= 58.183 (fus=  0.0%, ker=100.0%)
@@@DBG sz=11.93 nQs=3.00 nCs=0.00 flushes= 145  gates= 595  elap= 10.0  gps= 59.265 (fus=  0.0%, ker=100.0%)
@@@DBG sz=11.95 nQs=3.00 nCs=0.00 flushes= 195  gates= 600  elap= 10.1  gps= 59.451 (fus=  0.0%, ker=100.0%)
@@@DBG: Generic
@@@DBG: OMP_NUM_THREADS=2 fusedSpan=3 fusedDepth=100 wfnCapacity=67108864
@@@DBG sz=12.08 nQs=3.00 nCs=0.00 flushes=  24  gates= 291  elap= 10.0  gps= 29.017 (fus=  0.0%, ker= 92.4%)
@@@DBG sz=11.96 nQs=3.00 nCs=0.00 flushes=  51  gates= 320  elap= 10.3  gps= 31.073 (fus=  0.0%, ker=100.0%)
@@@DBG sz=11.99 nQs=3.00 nCs=0.00 flushes=  78  gates= 325  elap= 10.3  gps= 31.695 (fus=  0.0%, ker=100.0%)
@@@DBG sz=11.95 nQs=3.00 nCs=0.00 flushes= 105  gates= 320  elap= 10.0  gps= 31.909 (fus=  0.0%, ker=100.0%)
@@@DBG: AVX
@@@DBG: OMP_NUM_THREADS=2 fusedSpan=3 fusedDepth=100 wfnCapacity=67108864
@@@DBG sz=11.97 nQs=3.00 nCs=0.00 flushes=  61  gates= 731  elap= 10.1  gps= 72.318 (fus=  0.0%, ker= 92.6%)
@@@DBG sz=11.94 nQs=3.00 nCs=0.00 flushes= 126  gates= 775  elap= 10.0  gps= 77.430 (fus=  0.0%, ker= 99.9%)
@@@DBG sz=11.93 nQs=3.00 nCs=0.00 flushes= 189  gates= 750  elap= 10.0  gps= 74.830 (fus=  0.0%, ker=100.0%)
@@@DBG sz=11.93 nQs=3.00 nCs=0.00 flushes= 241  gates= 620  elap= 10.1  gps= 61.476 (fus=  0.0%, ker= 99.9%)
@@@DBG: AVX2
@@@DBG: OMP_NUM_THREADS=2 fusedSpan=3 fusedDepth=100 wfnCapacity=67108864
@@@DBG sz=11.96 nQs=3.00 nCs=0.00 flushes=  84  gates=1006  elap= 10.0  gps=100.344 (fus=  0.0%, ker= 92.5%)
@@@DBG sz=11.94 nQs=3.00 nCs=0.00 flushes= 173  gates=1060  elap= 10.1  gps=105.041 (fus=  0.0%, ker= 99.9%)
@@@DBG sz=11.93 nQs=3.00 nCs=0.00 flushes= 262  gates=1060  elap= 10.1  gps=105.198 (fus=  0.0%, ker= 99.9%)
@@@DBG sz=11.94 nQs=3.00 nCs=0.00 flushes= 351  gates=1065  elap= 10.1  gps=105.537 (fus=  0.0%, ker= 99.9%)
@@@DBG: Generic
@@@DBG: OMP_NUM_THREADS=3 fusedSpan=3 fusedDepth=100 wfnCapacity=67108864
@@@DBG sz=12.12 nQs=3.00 nCs=0.00 flushes=  26  gates= 316  elap= 10.2  gps= 31.095 (fus=  0.0%, ker= 92.6%)
@@@DBG sz=12.00 nQs=3.00 nCs=0.00 flushes=  55  gates= 345  elap= 10.1  gps= 34.005 (fus=  0.0%, ker=100.0%)
@@@DBG sz=11.98 nQs=3.00 nCs=0.00 flushes=  86  gates= 370  elap= 10.2  gps= 36.156 (fus=  0.0%, ker=100.0%)
@@@DBG sz=11.96 nQs=3.00 nCs=0.00 flushes= 112  gates= 310  elap= 10.2  gps= 30.467 (fus=  0.6%, ker= 99.4%)
@@@DBG: AVX
@@@DBG: OMP_NUM_THREADS=3 fusedSpan=3 fusedDepth=100 wfnCapacity=67108864
@@@DBG sz=12.02 nQs=3.00 nCs=0.00 flushes=  52  gates= 626  elap= 10.1  gps= 62.010 (fus=  2.2%, ker= 90.1%)
@@@DBG sz=11.97 nQs=3.00 nCs=0.00 flushes= 104  gates= 620  elap= 10.2  gps= 60.759 (fus=  0.0%, ker= 99.9%)
@@@DBG sz=11.93 nQs=3.00 nCs=0.00 flushes= 168  gates= 760  elap= 10.2  gps= 74.789 (fus=  0.0%, ker= 99.9%)
@@@DBG sz=11.94 nQs=3.00 nCs=0.00 flushes= 232  gates= 765  elap= 10.0  gps= 76.181 (fus=  0.0%, ker= 99.9%)
@@@DBG: AVX2
@@@DBG: OMP_NUM_THREADS=3 fusedSpan=3 fusedDepth=100 wfnCapacity=67108864
@@@DBG sz=11.95 nQs=3.00 nCs=0.00 flushes=  87  gates=1041  elap= 10.0  gps=103.968 (fus=  0.0%, ker= 91.8%)
@@@DBG sz=11.93 nQs=3.00 nCs=0.00 flushes= 181  gates=1120  elap= 10.0  gps=111.956 (fus=  0.0%, ker= 99.9%)
@@@DBG sz=11.93 nQs=3.00 nCs=0.00 flushes= 274  gates=1110  elap= 10.0  gps=110.713 (fus=  0.0%, ker= 99.9%)
@@@DBG sz=11.93 nQs=3.00 nCs=0.00 flushes= 370  gates=1145  elap= 10.1  gps=113.871 (fus=  0.1%, ker= 99.9%)
@@@DBG: Generic
@@@DBG: OMP_NUM_THREADS=4 fusedSpan=3 fusedDepth=100 wfnCapacity=67108864
@@@DBG sz=12.00 nQs=3.00 nCs=0.00 flushes=  30  gates= 361  elap= 10.1  gps= 35.726 (fus=  0.0%, ker= 92.6%)
@@@DBG sz=12.02 nQs=3.00 nCs=0.00 flushes=  62  gates= 385  elap= 10.0  gps= 38.467 (fus=  0.0%, ker=100.0%)
@@@DBG sz=11.94 nQs=3.00 nCs=0.00 flushes=  93  gates= 365  elap= 10.2  gps= 35.874 (fus=  0.0%, ker=100.0%)
@@@DBG sz=11.94 nQs=3.00 nCs=0.00 flushes= 126  gates= 395  elap= 10.2  gps= 38.901 (fus=  0.0%, ker=100.0%)
@@@DBG: AVX
@@@DBG: OMP_NUM_THREADS=4 fusedSpan=3 fusedDepth=100 wfnCapacity=67108864
@@@DBG sz=11.94 nQs=3.00 nCs=0.00 flushes=  67  gates= 801  elap= 10.0  gps= 79.911 (fus=  0.0%, ker= 92.3%)
@@@DBG sz=11.96 nQs=3.00 nCs=0.00 flushes= 138  gates= 850  elap= 10.1  gps= 84.229 (fus=  0.0%, ker= 99.9%)
@@@DBG sz=11.94 nQs=3.00 nCs=0.00 flushes= 206  gates= 810  elap= 10.1  gps= 80.490 (fus=  0.3%, ker= 99.6%)
@@@DBG sz=11.94 nQs=3.00 nCs=0.00 flushes= 273  gates= 800  elap= 10.0  gps= 79.805 (fus=  0.0%, ker= 99.9%)
@@@DBG: AVX2
@@@DBG: OMP_NUM_THREADS=4 fusedSpan=3 fusedDepth=100 wfnCapacity=67108864
@@@DBG sz=11.95 nQs=3.00 nCs=0.00 flushes=  95  gates=1136  elap= 10.0  gps=113.117 (fus=  0.0%, ker= 92.5%)
@@@DBG sz=11.95 nQs=3.00 nCs=0.00 flushes= 195  gates=1195  elap= 10.0  gps=119.247 (fus=  0.0%, ker= 99.9%)
@@@DBG sz=11.94 nQs=3.00 nCs=0.00 flushes= 296  gates=1205  elap= 10.0  gps=120.359 (fus=  0.0%, ker= 99.9%)
@@@DBG sz=11.94 nQs=3.00 nCs=0.00 flushes= 390  gates=1120  elap= 10.2  gps=109.901 (fus=  0.0%, ker= 99.9%)
@@@DBG: Generic
@@@DBG: OMP_NUM_THREADS=1 fusedSpan=4 fusedDepth=100 wfnCapacity=67108864
@@@DBG sz=18.33 nQs=4.00 nCs=0.00 flushes=   3  gates=  56  elap= 11.0  gps=  5.110 (fus=  0.0%, ker= 92.5%)
@@@DBG sz=18.57 nQs=4.00 nCs=0.00 flushes=   7  gates=  75  elap= 13.3  gps=  5.619 (fus=  0.0%, ker=100.0%)
@@@DBG sz=18.18 nQs=4.00 nCs=0.00 flushes=  11  gates=  70  elap= 13.3  gps=  5.255 (fus=  0.0%, ker=100.0%)
@@@DBG sz=18.21 nQs=4.00 nCs=0.00 flushes=  14  gates=  55  elap= 10.1  gps=  5.443 (fus=  0.0%, ker=100.0%)
@@@DBG sz=18.24 nQs=4.00 nCs=0.00 flushes=  17  gates=  54  elap= 10.3  gps=  5.243 (fus=  0.0%, ker=100.0%)
@@@DBG: AVX
@@@DBG: OMP_NUM_THREADS=1 fusedSpan=4 fusedDepth=100 wfnCapacity=67108864
@@@DBG sz=18.18 nQs=4.00 nCs=0.00 flushes=  11  gates= 201  elap= 10.5  gps= 19.100 (fus=  0.0%, ker= 92.4%)
@@@DBG sz=18.26 nQs=4.00 nCs=0.00 flushes=  23  gates= 220  elap= 11.0  gps= 20.056 (fus=  0.0%, ker=100.0%)
@@@DBG sz=18.24 nQs=4.00 nCs=0.00 flushes=  34  gates= 200  elap= 10.1  gps= 19.766 (fus=  0.0%, ker=100.0%)
@@@DBG sz=18.26 nQs=4.00 nCs=0.00 flushes=  46  gates= 220  elap= 10.6  gps= 20.745 (fus=  0.0%, ker=100.0%)
@@@DBG: AVX2
@@@DBG: OMP_NUM_THREADS=1 fusedSpan=4 fusedDepth=100 wfnCapacity=67108864
@@@DBG sz=18.33 nQs=4.00 nCs=0.00 flushes=  12  gates= 221  elap= 10.1  gps= 21.971 (fus=  0.0%, ker= 92.4%)
@@@DBG sz=18.20 nQs=4.00 nCs=0.00 flushes=  25  gates= 235  elap= 10.5  gps= 22.478 (fus=  0.0%, ker=100.0%)
@@@DBG sz=18.29 nQs=4.00 nCs=0.00 flushes=  38  gates= 240  elap= 10.1  gps= 23.808 (fus=  0.0%, ker=100.0%)
@@@DBG sz=18.24 nQs=4.00 nCs=0.00 flushes=  51  gates= 235  elap= 10.4  gps= 22.494 (fus=  0.0%, ker=100.0%)
@@@DBG: Generic
@@@DBG: OMP_NUM_THREADS=2 fusedSpan=4 fusedDepth=100 wfnCapacity=67108864
@@@DBG sz=18.33 nQs=4.00 nCs=0.00 flushes=   6  gates= 111  elap= 10.8  gps= 10.285 (fus=  0.0%, ker= 92.9%)
@@@DBG sz=18.18 nQs=4.00 nCs=0.00 flushes=  11  gates=  90  elap= 10.1  gps=  8.940 (fus=  0.0%, ker=100.0%)
@@@DBG sz=18.24 nQs=4.00 nCs=0.00 flushes=  17  gates= 110  elap= 11.9  gps=  9.250 (fus=  0.0%, ker=100.0%)
@@@DBG sz=18.26 nQs=4.00 nCs=0.00 flushes=  23  gates= 110  elap= 10.2  gps= 10.823 (fus=  0.0%, ker=100.0%)
@@@DBG: AVX
@@@DBG: OMP_NUM_THREADS=2 fusedSpan=4 fusedDepth=100 wfnCapacity=67108864
@@@DBG sz=18.42 nQs=4.00 nCs=0.00 flushes=  19  gates= 351  elap= 10.4  gps= 33.847 (fus=  0.0%, ker= 92.7%)
@@@DBG sz=18.33 nQs=4.00 nCs=0.00 flushes=  39  gates= 365  elap= 10.1  gps= 36.256 (fus=  0.0%, ker=100.0%)
@@@DBG sz=18.22 nQs=4.00 nCs=0.00 flushes=  59  gates= 360  elap= 10.3  gps= 34.902 (fus=  0.0%, ker=100.0%)
@@@DBG sz=18.23 nQs=4.00 nCs=0.00 flushes=  79  gates= 365  elap= 10.2  gps= 35.856 (fus=  0.0%, ker=100.0%)
@@@DBG: AVX2
@@@DBG: OMP_NUM_THREADS=2 fusedSpan=4 fusedDepth=100 wfnCapacity=67108864
@@@DBG sz=18.41 nQs=4.00 nCs=0.00 flushes=  22  gates= 406  elap= 10.3  gps= 39.542 (fus=  0.0%, ker= 92.5%)
@@@DBG sz=18.18 nQs=4.00 nCs=0.00 flushes=  44  gates= 395  elap= 10.1  gps= 39.272 (fus=  0.0%, ker=100.0%)
@@@DBG sz=18.21 nQs=4.00 nCs=0.00 flushes=  67  gates= 420  elap= 10.3  gps= 40.953 (fus=  0.0%, ker=100.0%)
@@@DBG sz=18.26 nQs=4.00 nCs=0.00 flushes=  89  gates= 405  elap= 10.2  gps= 39.892 (fus=  0.0%, ker=100.0%)
@@@DBG: Generic
@@@DBG: OMP_NUM_THREADS=3 fusedSpan=4 fusedDepth=100 wfnCapacity=67108864
@@@DBG sz=18.13 nQs=4.00 nCs=0.00 flushes=   8  gates= 146  elap= 11.3  gps= 12.975 (fus=  0.0%, ker= 93.0%)
@@@DBG sz=18.00 nQs=4.00 nCs=0.00 flushes=  15  gates= 125  elap= 10.6  gps= 11.831 (fus=  0.0%, ker=100.0%)
@@@DBG sz=18.41 nQs=4.00 nCs=0.00 flushes=  22  gates= 135  elap= 10.7  gps= 12.608 (fus=  0.0%, ker=100.0%)
@@@DBG sz=18.28 nQs=4.00 nCs=0.00 flushes=  29  gates= 125  elap= 11.2  gps= 11.157 (fus=  0.0%, ker=100.0%)
@@@DBG: AVX
@@@DBG: OMP_NUM_THREADS=3 fusedSpan=4 fusedDepth=100 wfnCapacity=67108864
@@@DBG sz=18.26 nQs=4.00 nCs=0.00 flushes=  23  gates= 421  elap= 10.0  gps= 41.927 (fus=  0.0%, ker= 92.3%)
@@@DBG sz=18.19 nQs=4.00 nCs=0.00 flushes=  47  gates= 435  elap= 10.1  gps= 42.959 (fus=  0.0%, ker= 99.9%)
@@@DBG sz=18.29 nQs=4.00 nCs=0.00 flushes=  70  gates= 425  elap= 10.2  gps= 41.514 (fus=  0.0%, ker=100.0%)
@@@DBG sz=18.24 nQs=4.00 nCs=0.00 flushes=  94  gates= 435  elap= 10.5  gps= 41.431 (fus=  0.0%, ker=100.0%)
@@@DBG: AVX2
@@@DBG: OMP_NUM_THREADS=3 fusedSpan=4 fusedDepth=100 wfnCapacity=67108864
@@@DBG sz=18.27 nQs=4.00 nCs=0.00 flushes=  26  gates= 476  elap= 10.3  gps= 46.045 (fus=  0.0%, ker= 92.7%)
@@@DBG sz=18.30 nQs=4.00 nCs=0.00 flushes=  53  gates= 495  elap= 10.1  gps= 49.238 (fus=  0.0%, ker=100.0%)
@@@DBG sz=18.25 nQs=4.00 nCs=0.00 flushes=  80  gates= 490  elap= 10.1  gps= 48.367 (fus=  0.0%, ker=100.0%)
@@@DBG sz=18.27 nQs=4.00 nCs=0.00 flushes= 107  gates= 495  elap= 10.0  gps= 49.375 (fus=  0.0%, ker=100.0%)
@@@DBG: Generic
@@@DBG: OMP_NUM_THREADS=4 fusedSpan=4 fusedDepth=100 wfnCapacity=67108864
@@@DBG sz=18.33 nQs=4.00 nCs=0.00 flushes=   9  gates= 166  elap= 12.4  gps= 13.403 (fus=  0.0%, ker= 93.8%)
@@@DBG sz=18.24 nQs=4.00 nCs=0.00 flushes=  17  gates= 145  elap= 10.1  gps= 14.424 (fus=  0.0%, ker=100.0%)
@@@DBG sz=18.27 nQs=4.00 nCs=0.00 flushes=  26  gates= 165  elap= 11.5  gps= 14.304 (fus=  0.0%, ker=100.0%)
@@@DBG sz=18.24 nQs=4.00 nCs=0.00 flushes=  34  gates= 145  elap= 10.1  gps= 14.398 (fus=  0.0%, ker=100.0%)
@@@DBG: AVX
@@@DBG: OMP_NUM_THREADS=4 fusedSpan=4 fusedDepth=100 wfnCapacity=67108864
@@@DBG sz=18.27 nQs=4.00 nCs=0.00 flushes=  26  gates= 476  elap= 10.4  gps= 45.951 (fus=  0.0%, ker= 92.5%)
@@@DBG sz=18.30 nQs=4.00 nCs=0.00 flushes=  53  gates= 495  elap= 10.0  gps= 49.371 (fus=  0.1%, ker= 99.9%)
@@@DBG sz=18.25 nQs=4.00 nCs=0.00 flushes=  80  gates= 490  elap= 10.1  gps= 48.694 (fus=  0.0%, ker=100.0%)
@@@DBG sz=18.27 nQs=4.00 nCs=0.00 flushes= 107  gates= 495  elap= 10.1  gps= 48.975 (fus=  0.0%, ker=100.0%)
@@@DBG: AVX2
@@@DBG: OMP_NUM_THREADS=4 fusedSpan=4 fusedDepth=100 wfnCapacity=67108864
@@@DBG sz=18.28 nQs=4.00 nCs=0.00 flushes=  29  gates= 531  elap= 10.0  gps= 52.844 (fus=  0.0%, ker= 92.4%)
@@@DBG sz=18.25 nQs=4.00 nCs=0.00 flushes=  60  gates= 565  elap= 10.7  gps= 52.934 (fus=  0.0%, ker=100.0%)
@@@DBG sz=18.24 nQs=4.00 nCs=0.00 flushes=  91  gates= 565  elap= 10.3  gps= 54.873 (fus=  0.0%, ker=100.0%)
@@@DBG sz=18.24 nQs=4.00 nCs=0.00 flushes= 119  gates= 510  elap= 10.4  gps= 49.127 (fus=  0.0%, ker=100.0%)
@@@DBG max=8 procs=8 thrds=1
