@@@DBG: AVX512
@@@DBG: OMP_NUM_THREADS=1 fusedSpan=1 fusedDepth=100 wfnCapacity=67108864
@@@DBG sz=1.17 nQs=1.00 nCs=0.96 flushes= 117  gates= 138  elap= 10.0  gps= 13.779 (fus=  0.0%, ker= 91.9%)
@@@DBG sz=1.18 nQs=1.00 nCs=0.96 flushes= 248  gates= 155  elap= 10.1  gps= 15.420 (fus=  0.0%, ker=100.0%)
@@@DBG sz=1.18 nQs=1.00 nCs=0.96 flushes= 380  gates= 156  elap= 10.0  gps= 15.555 (fus=  0.0%, ker=100.0%)
@@@DBG sz=1.18 nQs=1.00 nCs=0.96 flushes= 493  gates= 133  elap= 10.0  gps= 13.292 (fus=  0.0%, ker=100.0%)
@@@DBG: AVX512
@@@DBG: OMP_NUM_THREADS=2 fusedSpan=1 fusedDepth=100 wfnCapacity=67108864
@@@DBG sz=1.18 nQs=1.00 nCs=0.96 flushes= 182  gates= 215  elap= 10.0  gps= 21.448 (fus=  0.0%, ker= 91.6%)
@@@DBG sz=1.19 nQs=1.00 nCs=0.95 flushes= 397  gates= 259  elap= 10.0  gps= 25.822 (fus=  0.0%, ker=100.0%)
@@@DBG sz=1.18 nQs=1.00 nCs=0.95 flushes= 600  gates= 235  elap= 10.0  gps= 23.423 (fus=  0.0%, ker=100.0%)
@@@DBG sz=1.18 nQs=1.00 nCs=0.95 flushes= 808  gates= 248  elap= 10.0  gps= 24.783 (fus=  0.0%, ker=100.0%)
@@@DBG: AVX512
@@@DBG: OMP_NUM_THREADS=3 fusedSpan=1 fusedDepth=100 wfnCapacity=67108864
@@@DBG sz=1.18 nQs=1.00 nCs=0.96 flushes= 251  gates= 296  elap= 10.0  gps= 29.593 (fus=  0.0%, ker= 91.7%)
@@@DBG sz=1.18 nQs=1.00 nCs=0.95 flushes= 458  gates= 247  elap= 10.0  gps= 24.623 (fus=  0.0%, ker= 99.9%)
@@@DBG sz=1.19 nQs=1.00 nCs=0.95 flushes= 663  gates= 245  elap= 10.0  gps= 24.495 (fus=  0.1%, ker= 99.9%)
@@@DBG sz=1.18 nQs=1.00 nCs=0.95 flushes= 936  gates= 321  elap= 10.0  gps= 31.992 (fus=  0.0%, ker= 99.9%)
@@@DBG: AVX512
@@@DBG: OMP_NUM_THREADS=4 fusedSpan=1 fusedDepth=100 wfnCapacity=67108864
@@@DBG sz=1.19 nQs=1.00 nCs=0.95 flushes= 277  gates= 330  elap= 10.0  gps= 32.890 (fus=  0.0%, ker= 92.0%)
@@@DBG sz=1.18 nQs=1.00 nCs=0.95 flushes= 574  gates= 349  elap= 10.0  gps= 34.858 (fus=  0.0%, ker= 99.9%)
@@@DBG sz=1.18 nQs=1.00 nCs=0.95 flushes= 864  gates= 342  elap= 10.0  gps= 34.192 (fus=  0.0%, ker=100.0%)
@@@DBG sz=1.18 nQs=1.00 nCs=0.95 flushes=1149  gates= 337  elap= 10.0  gps= 33.672 (fus=  0.0%, ker= 99.9%)
@@@DBG: AVX512
@@@DBG: OMP_NUM_THREADS=1 fusedSpan=2 fusedDepth=100 wfnCapacity=67108864
@@@DBG sz=6.21 nQs=1.24 nCs=0.76 flushes= 103  gates= 641  elap= 10.1  gps= 63.471 (fus=  0.0%, ker= 92.2%)
@@@DBG sz=6.21 nQs=1.24 nCs=0.76 flushes= 210  gates= 665  elap= 10.0  gps= 66.450 (fus=  0.0%, ker=100.0%)
@@@DBG sz=6.19 nQs=1.24 nCs=0.76 flushes= 324  gates= 700  elap= 10.0  gps= 69.709 (fus=  0.0%, ker=100.0%)
@@@DBG sz=6.20 nQs=1.24 nCs=0.76 flushes= 432  gates= 675  elap= 10.1  gps= 66.704 (fus=  0.0%, ker=100.0%)
@@@DBG: AVX512
@@@DBG: OMP_NUM_THREADS=2 fusedSpan=2 fusedDepth=100 wfnCapacity=67108864
@@@DBG sz=6.21 nQs=1.24 nCs=0.76 flushes= 182  gates=1131  elap= 10.0  gps=112.957 (fus=  0.0%, ker= 91.6%)
@@@DBG sz=6.20 nQs=1.24 nCs=0.76 flushes= 382  gates=1240  elap= 10.0  gps=123.877 (fus=  0.0%, ker= 99.9%)
@@@DBG sz=6.21 nQs=1.24 nCs=0.76 flushes= 585  gates=1260  elap= 10.1  gps=125.336 (fus=  0.0%, ker= 99.9%)
@@@DBG sz=6.20 nQs=1.24 nCs=0.76 flushes= 781  gates=1215  elap= 10.1  gps=120.803 (fus=  0.1%, ker= 99.8%)
@@@DBG: AVX512
@@@DBG: OMP_NUM_THREADS=3 fusedSpan=2 fusedDepth=100 wfnCapacity=67108864
@@@DBG sz=6.19 nQs=1.24 nCs=0.76 flushes= 222  gates=1376  elap= 10.0  gps=137.582 (fus=  0.1%, ker= 91.8%)
@@@DBG sz=6.21 nQs=1.24 nCs=0.76 flushes= 452  gates=1430  elap= 10.0  gps=142.799 (fus=  0.0%, ker= 99.9%)
@@@DBG sz=6.20 nQs=1.24 nCs=0.76 flushes= 686  gates=1450  elap= 10.0  gps=144.930 (fus=  0.1%, ker= 99.9%)
@@@DBG sz=6.20 nQs=1.24 nCs=0.76 flushes= 914  gates=1410  elap= 10.0  gps=140.988 (fus=  0.1%, ker= 99.9%)
@@@DBG: AVX512
@@@DBG: OMP_NUM_THREADS=4 fusedSpan=2 fusedDepth=100 wfnCapacity=67108864
@@@DBG sz=6.21 nQs=1.24 nCs=0.76 flushes= 227  gates=1411  elap= 10.0  gps=140.444 (fus=  0.1%, ker= 91.9%)
@@@DBG sz=6.20 nQs=1.24 nCs=0.76 flushes= 466  gates=1480  elap= 10.0  gps=147.873 (fus=  0.1%, ker= 99.9%)
@@@DBG sz=6.21 nQs=1.24 nCs=0.76 flushes= 705  gates=1485  elap= 10.0  gps=147.865 (fus=  0.0%, ker= 99.9%)
@@@DBG sz=6.20 nQs=1.24 nCs=0.76 flushes= 944  gates=1475  elap= 10.0  gps=147.298 (fus=  0.0%, ker= 99.9%)
@@@DBG: AVX512
@@@DBG: OMP_NUM_THREADS=1 fusedSpan=3 fusedDepth=100 wfnCapacity=67108864
@@@DBG sz=11.96 nQs=3.00 nCs=0.00 flushes=  56  gates= 671  elap= 10.0  gps= 67.014 (fus=  0.0%, ker= 92.1%)
@@@DBG sz=11.97 nQs=3.00 nCs=0.00 flushes= 117  gates= 730  elap= 10.1  gps= 72.554 (fus=  0.0%, ker=100.0%)
@@@DBG sz=11.94 nQs=3.00 nCs=0.00 flushes= 178  gates= 725  elap= 10.1  gps= 72.006 (fus=  0.0%, ker=100.0%)
@@@DBG sz=11.95 nQs=3.00 nCs=0.00 flushes= 239  gates= 730  elap= 10.1  gps= 72.352 (fus=  0.0%, ker=100.0%)
@@@DBG: AVX512
@@@DBG: OMP_NUM_THREADS=2 fusedSpan=3 fusedDepth=100 wfnCapacity=67108864
@@@DBG sz=11.95 nQs=3.00 nCs=0.00 flushes= 105  gates=1256  elap= 10.0  gps=125.308 (fus=  0.0%, ker= 92.2%)
@@@DBG sz=11.94 nQs=3.00 nCs=0.00 flushes= 217  gates=1335  elap= 10.1  gps=132.835 (fus=  0.0%, ker= 99.9%)
@@@DBG sz=11.93 nQs=3.00 nCs=0.00 flushes= 323  gates=1265  elap= 10.0  gps=126.307 (fus=  0.0%, ker= 99.9%)
@@@DBG sz=11.93 nQs=3.00 nCs=0.00 flushes= 429  gates=1265  elap= 10.1  gps=125.743 (fus=  0.0%, ker= 99.9%)
@@@DBG: AVX512
@@@DBG: OMP_NUM_THREADS=3 fusedSpan=3 fusedDepth=100 wfnCapacity=67108864
@@@DBG sz=11.97 nQs=3.00 nCs=0.00 flushes= 117  gates=1401  elap= 10.1  gps=139.086 (fus=  0.0%, ker= 92.0%)
@@@DBG sz=11.93 nQs=3.00 nCs=0.00 flushes= 241  gates=1475  elap= 10.1  gps=146.176 (fus=  0.0%, ker= 99.9%)
@@@DBG sz=11.94 nQs=3.00 nCs=0.00 flushes= 361  gates=1435  elap= 10.0  gps=143.067 (fus=  0.0%, ker= 99.9%)
@@@DBG sz=11.93 nQs=3.00 nCs=0.00 flushes= 485  gates=1475  elap= 10.0  gps=146.807 (fus=  0.1%, ker= 99.9%)
@@@DBG: AVX512
@@@DBG: OMP_NUM_THREADS=4 fusedSpan=3 fusedDepth=100 wfnCapacity=67108864
@@@DBG sz=11.97 nQs=3.00 nCs=0.00 flushes= 114  gates=1366  elap= 10.1  gps=135.840 (fus=  0.1%, ker= 91.9%)
@@@DBG sz=11.93 nQs=3.00 nCs=0.00 flushes= 236  gates=1450  elap= 10.0  gps=144.307 (fus=  0.0%, ker= 99.9%)
@@@DBG sz=11.93 nQs=3.00 nCs=0.00 flushes= 358  gates=1455  elap= 10.0  gps=145.023 (fus=  0.0%, ker= 99.9%)
@@@DBG sz=11.93 nQs=3.00 nCs=0.00 flushes= 480  gates=1455  elap= 10.1  gps=144.708 (fus=  0.0%, ker= 99.9%)
@@@DBG: AVX512
@@@DBG: OMP_NUM_THREADS=1 fusedSpan=4 fusedDepth=100 wfnCapacity=67108864
@@@DBG sz=18.20 nQs=4.00 nCs=0.00 flushes=  25  gates= 456  elap= 10.0  gps= 45.453 (fus=  0.0%, ker= 91.9%)
@@@DBG sz=18.27 nQs=4.00 nCs=0.00 flushes=  52  gates= 495  elap= 10.1  gps= 48.900 (fus=  0.0%, ker=100.0%)
@@@DBG sz=18.21 nQs=4.00 nCs=0.00 flushes=  78  gates= 470  elap= 10.1  gps= 46.436 (fus=  0.0%, ker=100.0%)
@@@DBG sz=18.27 nQs=4.00 nCs=0.00 flushes= 104  gates= 480  elap= 10.2  gps= 47.231 (fus=  0.0%, ker=100.0%)
@@@DBG: AVX512
@@@DBG: OMP_NUM_THREADS=2 fusedSpan=4 fusedDepth=100 wfnCapacity=67108864
@@@DBG sz=18.18 nQs=4.00 nCs=0.00 flushes=  44  gates= 801  elap= 10.0  gps= 80.089 (fus=  0.0%, ker= 92.1%)
@@@DBG sz=18.28 nQs=4.00 nCs=0.00 flushes=  90  gates= 845  elap= 10.1  gps= 83.617 (fus=  0.0%, ker= 99.9%)
@@@DBG sz=18.24 nQs=4.00 nCs=0.00 flushes= 136  gates= 835  elap= 10.4  gps= 80.587 (fus=  0.1%, ker= 99.9%)
@@@DBG sz=18.22 nQs=4.00 nCs=0.00 flushes= 183  gates= 855  elap= 10.0  gps= 85.339 (fus=  0.0%, ker= 99.9%)
@@@DBG: AVX512
@@@DBG: OMP_NUM_THREADS=3 fusedSpan=4 fusedDepth=100 wfnCapacity=67108864
@@@DBG sz=18.24 nQs=4.00 nCs=0.00 flushes=  54  gates= 986  elap= 10.0  gps= 98.246 (fus=  0.0%, ker= 91.9%)
@@@DBG sz=18.26 nQs=4.00 nCs=0.00 flushes= 109  gates=1005  elap= 10.2  gps= 98.465 (fus=  0.0%, ker= 99.9%)
@@@DBG sz=18.22 nQs=4.00 nCs=0.00 flushes= 163  gates= 980  elap= 10.1  gps= 96.956 (fus=  0.0%, ker= 99.9%)
@@@DBG sz=18.23 nQs=4.00 nCs=0.00 flushes= 217  gates= 985  elap= 10.0  gps= 98.145 (fus=  0.0%, ker= 99.9%)
@@@DBG: AVX512
@@@DBG: OMP_NUM_THREADS=4 fusedSpan=4 fusedDepth=100 wfnCapacity=67108864
@@@DBG sz=18.24 nQs=4.00 nCs=0.00 flushes=  54  gates= 986  elap= 10.0  gps= 98.511 (fus=  0.1%, ker= 92.0%)
@@@DBG sz=18.27 nQs=4.00 nCs=0.00 flushes= 107  gates= 970  elap= 10.1  gps= 96.102 (fus=  0.0%, ker= 99.9%)
@@@DBG sz=18.25 nQs=4.00 nCs=0.00 flushes= 157  gates= 910  elap= 10.0  gps= 90.632 (fus=  0.0%, ker= 99.9%)
@@@DBG sz=18.25 nQs=4.00 nCs=0.00 flushes= 211  gates= 985  elap= 10.1  gps= 97.587 (fus=  0.1%, ker= 99.9%)
@@@DBG max=8 procs=8 thrds=1
