>>>> reorder: 0
==== sched: std
==== sched: qio
==== sched: sim
==== sched: ord
@@@DBG nQs=5 max=8 procs=8 thrds=1 range=1 prb=10 tst=37 fName=qulacs_5_4.log
@@@DBG: AVX512
@@@DBG: OMP_NUM_THREADS=4 fusedSpan=4 fusedDepth=999 wfnCapacity=32
@@@DBG sz=7.89 nQs=3.63 nCs=0.00 flsh= 2.2e+04 gts= 1.7e+05 elap=  1.3 gps=  1.39e+05 (fus= 32.5%, ker= 15.4%)
@@@DBG sz=7.89 nQs=3.63 nCs=0.00 flsh= 4.4e+04 gts= 1.7e+05 elap=  1.3 gps= 1.388e+05 (fus= 31.9%, ker= 15.7%)
@@@DBG sz=7.89 nQs=3.63 nCs=0.00 flsh= 6.6e+04 gts= 1.8e+05 elap=  1.3 gps= 1.403e+05 (fus= 32.0%, ker= 15.4%)
@@@DBG sz=7.89 nQs=3.63 nCs=0.00 flsh= 8.8e+04 gts= 1.7e+05 elap=  1.3 gps= 1.381e+05 (fus= 32.0%, ker= 15.3%)
@@@DBG nQs=10 max=4 procs=8 thrds=1 range=1 prb=11 tst=38 fName=qulacs_10_4.log
@@@DBG: AVX512
@@@DBG: OMP_NUM_THREADS=4 fusedSpan=4 fusedDepth=999 wfnCapacity=1024
@@@DBG sz=8.11 nQs=3.70 nCs=0.00 flsh= 8.1e+04 gts= 6.6e+05 elap=  5.0 gps= 1.314e+05 (fus= 31.7%, ker= 19.5%)
@@@DBG sz=8.11 nQs=3.70 nCs=0.00 flsh= 1.6e+05 gts= 6.5e+05 elap=  5.0 gps= 1.298e+05 (fus= 31.2%, ker= 19.5%)
@@@DBG sz=8.11 nQs=3.70 nCs=0.00 flsh= 2.4e+05 gts= 6.6e+05 elap=  5.0 gps= 1.312e+05 (fus= 31.4%, ker= 19.5%)
@@@DBG sz=8.11 nQs=3.70 nCs=0.00 flsh= 3.2e+05 gts= 6.6e+05 elap=  5.0 gps=  1.32e+05 (fus= 31.3%, ker= 19.5%)
@@@DBG nQs=15 max=4 procs=8 thrds=1 range=1 prb=12 tst=39 fName=qulacs_15_4.log
@@@DBG: AVX512
@@@DBG: OMP_NUM_THREADS=4 fusedSpan=4 fusedDepth=999 wfnCapacity=32768
@@@DBG sz=8.18 nQs=3.73 nCs=0.00 flsh= 7.9e+04 gts= 6.5e+05 elap= 11.3 gps= 5.753e+04 (fus= 14.0%, ker= 64.5%)
@@@DBG sz=8.18 nQs=3.73 nCs=0.00 flsh= 1.6e+05 gts= 6.5e+05 elap= 11.3 gps= 5.738e+04 (fus= 13.9%, ker= 64.4%)
@@@DBG sz=8.18 nQs=3.73 nCs=0.00 flsh= 2.4e+05 gts= 6.5e+05 elap= 11.3 gps= 5.743e+04 (fus= 14.0%, ker= 64.4%)
@@@DBG sz=8.18 nQs=3.73 nCs=0.00 flsh= 3.1e+05 gts= 6.3e+05 elap= 11.3 gps= 5.618e+04 (fus= 14.0%, ker= 64.3%)
@@@DBG sz=8.18 nQs=3.73 nCs=0.00 flsh= 3.9e+05 gts= 6.2e+05 elap= 11.3 gps= 5.552e+04 (fus= 14.0%, ker= 64.3%)
@@@DBG nQs=20 max=4 procs=8 thrds=1 range=1 prb=13 tst=40 fName=qulacs_20_4.log
@@@DBG: AVX512
@@@DBG: OMP_NUM_THREADS=4 fusedSpan=4 fusedDepth=999 wfnCapacity=1048576
@@@DBG sz=8.22 nQs=3.74 nCs=0.00 flsh= 6.7e+03 gts= 5.5e+04 elap= 20.0 gps=      2767 (fus=  0.8%, ker= 97.5%)
@@@DBG sz=8.22 nQs=3.74 nCs=0.00 flsh= 1.3e+04 gts= 5.5e+04 elap= 20.0 gps=      2764 (fus=  0.8%, ker= 97.6%)
@@@DBG sz=8.22 nQs=3.74 nCs=0.00 flsh=   2e+04 gts= 5.2e+04 elap= 20.0 gps=      2584 (fus=  1.0%, ker= 97.3%)
@@@DBG sz=8.22 nQs=3.74 nCs=0.00 flsh= 2.6e+04 gts= 5.3e+04 elap= 20.0 gps=      2639 (fus=  0.9%, ker= 97.4%)
@@@DBG sz=8.22 nQs=3.74 nCs=0.00 flsh= 3.3e+04 gts= 5.4e+04 elap= 20.0 gps=      2698 (fus=  0.9%, ker= 97.5%)
@@@DBG nQs=25 max=4 procs=8 thrds=1 range=1 prb=14 tst=41 fName=qulacs_25_4.log
@@@DBG: AVX512
@@@DBG: OMP_NUM_THREADS=4 fusedSpan=4 fusedDepth=999 wfnCapacity=33554432
@@@DBG sz=8.13 nQs=3.69 nCs=0.00 flsh= 3.8e+02 gts= 3.1e+03 elap= 31.3 gps=     98.83 (fus=  0.0%, ker= 98.6%)
@@@DBG sz=8.11 nQs=3.69 nCs=0.00 flsh= 7.7e+02 gts= 3.1e+03 elap= 31.3 gps=     99.77 (fus=  0.1%, ker= 99.9%)
@@@DBG sz=8.08 nQs=3.69 nCs=0.00 flsh= 1.2e+03 gts= 3.2e+03 elap= 31.3 gps=     103.4 (fus=  0.0%, ker= 99.9%)
@@@DBG sz=8.08 nQs=3.69 nCs=0.00 flsh= 1.6e+03 gts= 3.2e+03 elap= 31.3 gps=     100.7 (fus=  0.1%, ker= 99.9%)
@@@DBG sz=8.07 nQs=3.69 nCs=0.00 flsh=   2e+03 gts= 3.2e+03 elap= 31.3 gps=     102.9 (fus=  0.0%, ker= 99.9%)
