@@@DBG max=8 procs=8 thrds=1
@@@DBG: Generic
@@@DBG: OMP_NUM_THREADS=1 fusedSpan=1 fusedLimit=100
@@@DBG sz=1.03 nQs=1.00 nCs=0.99 flushes=  53K gates=  54K elap=  5.0 kgps= 10.820 (fus=  2.0%, ker= 95.5%)
@@@DBG sz=1.03 nQs=1.00 nCs=0.99 flushes= 104K gates=  53K elap=  5.0 kgps= 10.611 (fus=  2.0%, ker= 95.6%)
@@@DBG sz=1.03 nQs=1.00 nCs=0.99 flushes= 156K gates=  53K elap=  5.0 kgps= 10.677 (fus=  2.0%, ker= 95.6%)
@@@DBG sz=1.03 nQs=1.00 nCs=0.99 flushes= 208K gates=  54K elap=  5.0 kgps= 10.753 (fus=  2.0%, ker= 95.6%)
@@@DBG: AVX
@@@DBG: OMP_NUM_THREADS=1 fusedSpan=1 fusedLimit=100
@@@DBG sz=1.03 nQs=1.00 nCs=0.99 flushes= 171K gates= 176K elap=  5.0 kgps= 35.146 (fus=  6.5%, ker= 85.3%)
@@@DBG sz=1.03 nQs=1.00 nCs=0.99 flushes= 345K gates= 179K elap=  5.0 kgps= 35.897 (fus=  6.5%, ker= 85.3%)
@@@DBG sz=1.03 nQs=1.00 nCs=0.99 flushes= 519K gates= 179K elap=  5.0 kgps= 35.733 (fus=  6.5%, ker= 85.3%)
@@@DBG sz=1.03 nQs=1.00 nCs=0.99 flushes= 693K gates= 179K elap=  5.0 kgps= 35.804 (fus=  6.5%, ker= 85.3%)
@@@DBG: AVX2
@@@DBG: OMP_NUM_THREADS=1 fusedSpan=1 fusedLimit=100
@@@DBG sz=1.03 nQs=1.00 nCs=0.99 flushes= 171K gates= 176K elap=  5.0 kgps= 35.171 (fus=  6.4%, ker= 85.5%)
@@@DBG sz=1.03 nQs=1.00 nCs=0.99 flushes= 340K gates= 174K elap=  5.0 kgps= 34.890 (fus=  6.5%, ker= 85.4%)
@@@DBG sz=1.03 nQs=1.00 nCs=0.99 flushes= 510K gates= 175K elap=  5.0 kgps= 34.947 (fus=  6.5%, ker= 85.5%)
@@@DBG sz=1.03 nQs=1.00 nCs=0.99 flushes= 666K gates= 160K elap=  5.0 kgps= 32.045 (fus=  6.4%, ker= 85.5%)
@@@DBG: Generic
@@@DBG: OMP_NUM_THREADS=2 fusedSpan=1 fusedLimit=100
@@@DBG sz=1.03 nQs=1.00 nCs=0.99 flushes=  73K gates=  75K elap=  5.0 kgps= 14.992 (fus=  3.9%, ker= 91.1%)
@@@DBG sz=1.03 nQs=1.00 nCs=0.99 flushes= 165K gates=  95K elap=  5.0 kgps= 18.989 (fus=  3.6%, ker= 91.7%)
@@@DBG sz=1.03 nQs=1.00 nCs=0.99 flushes= 252K gates=  89K elap=  5.0 kgps= 17.882 (fus=  3.8%, ker= 91.4%)
@@@DBG sz=1.03 nQs=1.00 nCs=0.99 flushes= 345K gates=  96K elap=  5.0 kgps= 19.131 (fus=  3.5%, ker= 91.9%)
@@@DBG: AVX
@@@DBG: OMP_NUM_THREADS=2 fusedSpan=1 fusedLimit=100
@@@DBG sz=1.03 nQs=1.00 nCs=0.99 flushes= 260K gates= 267K elap=  5.0 kgps= 53.447 (fus= 10.1%, ker= 76.4%)
@@@DBG sz=1.03 nQs=1.00 nCs=0.99 flushes= 521K gates= 269K elap=  5.0 kgps= 53.887 (fus= 10.0%, ker= 76.4%)
@@@DBG sz=1.03 nQs=1.00 nCs=0.99 flushes= 787K gates= 274K elap=  5.0 kgps= 54.712 (fus= 10.0%, ker= 76.4%)
@@@DBG sz=1.03 nQs=1.00 nCs=0.99 flushes=1057K gates= 278K elap=  5.0 kgps= 55.526 (fus= 10.1%, ker= 76.2%)
@@@DBG: AVX2
@@@DBG: OMP_NUM_THREADS=2 fusedSpan=1 fusedLimit=100
@@@DBG sz=1.03 nQs=1.00 nCs=0.99 flushes= 261K gates= 269K elap=  5.0 kgps= 53.837 (fus=  9.6%, ker= 76.8%)
@@@DBG sz=1.03 nQs=1.00 nCs=0.99 flushes= 522K gates= 268K elap=  5.0 kgps= 53.651 (fus=  9.6%, ker= 76.6%)
@@@DBG sz=1.03 nQs=1.00 nCs=0.99 flushes= 787K gates= 273K elap=  5.0 kgps= 54.627 (fus=  9.7%, ker= 76.7%)
@@@DBG sz=1.03 nQs=1.00 nCs=0.99 flushes=1058K gates= 279K elap=  5.0 kgps= 55.770 (fus=  9.9%, ker= 76.5%)
@@@DBG: Generic
@@@DBG: OMP_NUM_THREADS=3 fusedSpan=1 fusedLimit=100
@@@DBG sz=1.03 nQs=1.00 nCs=0.99 flushes= 114K gates= 118K elap=  5.0 kgps= 23.564 (fus=  5.3%, ker= 89.0%)
@@@DBG sz=1.03 nQs=1.00 nCs=0.99 flushes= 235K gates= 124K elap=  5.0 kgps= 24.892 (fus=  5.5%, ker= 88.8%)
@@@DBG sz=1.03 nQs=1.00 nCs=0.99 flushes= 347K gates= 114K elap=  5.0 kgps= 22.892 (fus=  5.3%, ker= 89.2%)
@@@DBG sz=1.03 nQs=1.00 nCs=0.99 flushes= 464K gates= 121K elap=  5.0 kgps= 24.206 (fus=  5.5%, ker= 88.9%)
@@@DBG: AVX
@@@DBG: OMP_NUM_THREADS=3 fusedSpan=1 fusedLimit=100
@@@DBG sz=1.03 nQs=1.00 nCs=0.99 flushes= 287K gates= 295K elap=  5.0 kgps= 59.038 (fus= 12.9%, ker= 71.1%)
@@@DBG sz=1.03 nQs=1.00 nCs=0.99 flushes= 580K gates= 302K elap=  5.0 kgps= 60.316 (fus= 12.7%, ker= 71.2%)
@@@DBG sz=1.03 nQs=1.00 nCs=0.99 flushes= 879K gates= 308K elap=  5.0 kgps= 61.590 (fus= 12.9%, ker= 70.9%)
@@@DBG sz=1.03 nQs=1.00 nCs=0.99 flushes=1206K gates= 337K elap=  5.0 kgps= 67.310 (fus= 12.9%, ker= 70.3%)
@@@DBG: AVX2
@@@DBG: OMP_NUM_THREADS=3 fusedSpan=1 fusedLimit=100
@@@DBG sz=1.03 nQs=1.00 nCs=0.99 flushes= 314K gates= 324K elap=  5.0 kgps= 64.722 (fus= 12.5%, ker= 71.2%)
@@@DBG sz=1.03 nQs=1.00 nCs=0.99 flushes= 615K gates= 309K elap=  5.0 kgps= 61.852 (fus= 12.9%, ker= 70.9%)
@@@DBG sz=1.03 nQs=1.00 nCs=0.99 flushes= 911K gates= 305K elap=  5.0 kgps= 60.954 (fus= 12.4%, ker= 71.3%)
@@@DBG sz=1.03 nQs=1.00 nCs=0.99 flushes=1200K gates= 297K elap=  5.0 kgps= 59.469 (fus= 12.6%, ker= 71.3%)
@@@DBG: Generic
@@@DBG: OMP_NUM_THREADS=4 fusedSpan=1 fusedLimit=100
@@@DBG sz=1.03 nQs=1.00 nCs=0.99 flushes= 109K gates= 112K elap=  5.0 kgps= 22.394 (fus=  5.5%, ker= 87.7%)
@@@DBG sz=1.03 nQs=1.00 nCs=0.99 flushes= 215K gates= 109K elap=  5.0 kgps= 21.777 (fus=  5.3%, ker= 87.9%)
@@@DBG sz=1.03 nQs=1.00 nCs=0.99 flushes= 325K gates= 114K elap=  5.0 kgps= 22.711 (fus=  5.3%, ker= 87.8%)
@@@DBG sz=1.03 nQs=1.00 nCs=0.99 flushes= 389K gates=  66K elap=  5.0 kgps= 13.181 (fus=  9.6%, ker= 84.2%)
@@@DBG: AVX
@@@DBG: OMP_NUM_THREADS=4 fusedSpan=1 fusedLimit=100
@@@DBG sz=1.03 nQs=1.00 nCs=0.99 flushes= 211K gates= 217K elap=  5.0 kgps= 43.363 (fus= 14.2%, ker= 67.7%)
@@@DBG sz=1.03 nQs=1.00 nCs=0.99 flushes= 499K gates= 297K elap=  5.0 kgps= 59.326 (fus= 13.2%, ker= 68.3%)
@@@DBG sz=1.03 nQs=1.00 nCs=0.99 flushes= 809K gates= 320K elap=  5.0 kgps= 63.939 (fus= 13.6%, ker= 67.2%)
@@@DBG sz=1.03 nQs=1.00 nCs=0.99 flushes=1127K gates= 327K elap=  5.0 kgps= 65.302 (fus= 13.5%, ker= 67.5%)
@@@DBG: AVX2
@@@DBG: OMP_NUM_THREADS=4 fusedSpan=1 fusedLimit=100
@@@DBG sz=1.03 nQs=1.00 nCs=0.99 flushes= 294K gates= 302K elap=  5.0 kgps= 60.479 (fus= 14.1%, ker= 68.7%)
@@@DBG sz=1.03 nQs=1.00 nCs=0.99 flushes= 614K gates= 330K elap=  5.0 kgps= 65.944 (fus= 14.2%, ker= 68.2%)
@@@DBG sz=1.03 nQs=1.00 nCs=0.99 flushes= 946K gates= 342K elap=  5.0 kgps= 68.332 (fus= 14.5%, ker= 67.8%)
@@@DBG sz=1.03 nQs=1.00 nCs=0.99 flushes=1281K gates= 345K elap=  5.0 kgps= 68.928 (fus= 14.3%, ker= 67.8%)
@@@DBG: Generic
@@@DBG: OMP_NUM_THREADS=1 fusedSpan=2 fusedLimit=100
@@@DBG sz=5.38 nQs=1.04 nCs=0.96 flushes=  44K gates= 237K elap=  5.0 kgps= 47.324 (fus=  5.6%, ker= 88.0%)
@@@DBG sz=5.38 nQs=1.04 nCs=0.96 flushes=  88K gates= 236K elap=  5.0 kgps= 47.156 (fus=  5.6%, ker= 87.9%)
@@@DBG sz=5.38 nQs=1.04 nCs=0.96 flushes= 132K gates= 238K elap=  5.0 kgps= 47.685 (fus=  5.5%, ker= 88.1%)
@@@DBG sz=5.38 nQs=1.04 nCs=0.96 flushes= 175K gates= 231K elap=  5.0 kgps= 46.146 (fus=  5.5%, ker= 88.0%)
@@@DBG: AVX
@@@DBG: OMP_NUM_THREADS=1 fusedSpan=2 fusedLimit=100
@@@DBG sz=5.38 nQs=1.04 nCs=0.96 flushes= 123K gates= 664K elap=  5.0 kgps=132.868 (fus= 15.8%, ker= 65.8%)
@@@DBG sz=5.38 nQs=1.04 nCs=0.96 flushes= 248K gates= 671K elap=  5.0 kgps=134.231 (fus= 15.7%, ker= 65.9%)
@@@DBG sz=5.38 nQs=1.04 nCs=0.96 flushes= 373K gates= 672K elap=  5.0 kgps=134.474 (fus= 15.6%, ker= 65.9%)
@@@DBG sz=5.38 nQs=1.04 nCs=0.96 flushes= 497K gates= 666K elap=  5.0 kgps=133.251 (fus= 15.5%, ker= 66.0%)
@@@DBG: AVX2
@@@DBG: OMP_NUM_THREADS=1 fusedSpan=2 fusedLimit=100
@@@DBG sz=5.38 nQs=1.04 nCs=0.96 flushes= 124K gates= 670K elap=  5.0 kgps=134.010 (fus= 15.5%, ker= 65.9%)
@@@DBG sz=5.38 nQs=1.04 nCs=0.96 flushes= 247K gates= 660K elap=  5.0 kgps=131.908 (fus= 15.5%, ker= 66.0%)
@@@DBG sz=5.38 nQs=1.04 nCs=0.96 flushes= 372K gates= 672K elap=  5.0 kgps=134.403 (fus= 15.5%, ker= 66.0%)
@@@DBG sz=5.38 nQs=1.04 nCs=0.96 flushes= 492K gates= 647K elap=  5.0 kgps=129.366 (fus= 15.5%, ker= 66.0%)
@@@DBG: Generic
@@@DBG: OMP_NUM_THREADS=2 fusedSpan=2 fusedLimit=100
@@@DBG sz=5.38 nQs=1.04 nCs=0.96 flushes=  74K gates= 400K elap=  5.0 kgps= 80.092 (fus= 10.1%, ker= 78.8%)
@@@DBG sz=5.38 nQs=1.04 nCs=0.96 flushes= 149K gates= 401K elap=  5.0 kgps= 80.139 (fus= 10.2%, ker= 78.8%)
@@@DBG sz=5.38 nQs=1.04 nCs=0.96 flushes= 224K gates= 404K elap=  5.0 kgps= 80.740 (fus= 10.2%, ker= 78.8%)
@@@DBG sz=5.38 nQs=1.04 nCs=0.96 flushes= 298K gates= 402K elap=  5.0 kgps= 80.366 (fus= 10.1%, ker= 78.8%)
@@@DBG: AVX
@@@DBG: OMP_NUM_THREADS=2 fusedSpan=2 fusedLimit=100
@@@DBG sz=5.38 nQs=1.04 nCs=0.96 flushes= 172K gates= 925K elap=  5.0 kgps=184.908 (fus= 22.6%, ker= 52.1%)
@@@DBG sz=5.38 nQs=1.04 nCs=0.96 flushes= 343K gates= 921K elap=  5.0 kgps=184.106 (fus= 22.5%, ker= 52.1%)
@@@DBG sz=5.38 nQs=1.04 nCs=0.96 flushes= 519K gates= 951K elap=  5.0 kgps=190.198 (fus= 23.0%, ker= 51.9%)
@@@DBG sz=5.38 nQs=1.04 nCs=0.96 flushes= 691K gates= 927K elap=  5.0 kgps=185.328 (fus= 22.8%, ker= 52.1%)
@@@DBG: AVX2
@@@DBG: OMP_NUM_THREADS=2 fusedSpan=2 fusedLimit=100
@@@DBG sz=5.38 nQs=1.04 nCs=0.96 flushes= 164K gates= 881K elap=  5.0 kgps=176.118 (fus= 22.3%, ker= 51.6%)
@@@DBG sz=5.38 nQs=1.04 nCs=0.96 flushes= 320K gates= 845K elap=  5.0 kgps=168.939 (fus= 22.0%, ker= 51.8%)
@@@DBG sz=5.38 nQs=1.04 nCs=0.96 flushes= 480K gates= 859K elap=  5.0 kgps=171.787 (fus= 22.0%, ker= 51.7%)
@@@DBG sz=5.38 nQs=1.04 nCs=0.96 flushes= 639K gates= 855K elap=  5.0 kgps=171.041 (fus= 21.9%, ker= 51.9%)
@@@DBG: Generic
@@@DBG: OMP_NUM_THREADS=3 fusedSpan=2 fusedLimit=100
@@@DBG sz=5.38 nQs=1.04 nCs=0.96 flushes=  84K gates= 451K elap=  5.0 kgps= 90.224 (fus= 12.2%, ker= 73.4%)
@@@DBG sz=5.38 nQs=1.04 nCs=0.96 flushes= 166K gates= 442K elap=  5.0 kgps= 88.341 (fus= 12.0%, ker= 73.5%)
@@@DBG sz=5.38 nQs=1.04 nCs=0.96 flushes= 249K gates= 448K elap=  5.0 kgps= 89.646 (fus= 12.3%, ker= 73.2%)
@@@DBG sz=5.38 nQs=1.04 nCs=0.96 flushes= 339K gates= 487K elap=  5.0 kgps= 97.332 (fus= 12.8%, ker= 72.8%)
@@@DBG: AVX
@@@DBG: OMP_NUM_THREADS=3 fusedSpan=2 fusedLimit=100
@@@DBG sz=5.38 nQs=1.04 nCs=0.96 flushes= 185K gates= 996K elap=  5.0 kgps=199.165 (fus= 26.0%, ker= 44.6%)
@@@DBG sz=5.38 nQs=1.04 nCs=0.96 flushes= 366K gates= 976K elap=  5.0 kgps=195.203 (fus= 25.7%, ker= 44.6%)
@@@DBG sz=5.38 nQs=1.04 nCs=0.96 flushes= 554K gates=1012K elap=  5.0 kgps=202.353 (fus= 26.0%, ker= 44.6%)
@@@DBG sz=5.38 nQs=1.04 nCs=0.96 flushes= 735K gates= 974K elap=  5.0 kgps=194.779 (fus= 25.8%, ker= 44.9%)
@@@DBG: AVX2
@@@DBG: OMP_NUM_THREADS=3 fusedSpan=2 fusedLimit=100
@@@DBG sz=5.38 nQs=1.04 nCs=0.96 flushes= 172K gates= 924K elap=  5.0 kgps=184.837 (fus= 25.6%, ker= 45.2%)
@@@DBG sz=5.38 nQs=1.04 nCs=0.96 flushes= 351K gates= 965K elap=  5.0 kgps=193.035 (fus= 26.1%, ker= 44.6%)
@@@DBG sz=5.38 nQs=1.04 nCs=0.96 flushes= 537K gates=1002K elap=  5.0 kgps=200.365 (fus= 26.4%, ker= 44.4%)
@@@DBG sz=5.38 nQs=1.04 nCs=0.96 flushes= 719K gates= 979K elap=  5.0 kgps=195.809 (fus= 26.1%, ker= 44.9%)
@@@DBG: Generic
@@@DBG: OMP_NUM_THREADS=4 fusedSpan=2 fusedLimit=100
@@@DBG sz=5.38 nQs=1.04 nCs=0.96 flushes=  88K gates= 474K elap=  5.0 kgps= 94.850 (fus= 13.6%, ker= 70.9%)
@@@DBG sz=5.38 nQs=1.04 nCs=0.96 flushes= 185K gates= 520K elap=  5.0 kgps=103.904 (fus= 14.2%, ker= 70.7%)
@@@DBG sz=5.38 nQs=1.04 nCs=0.96 flushes= 268K gates= 450K elap=  5.0 kgps= 89.915 (fus= 13.2%, ker= 71.7%)
@@@DBG sz=5.38 nQs=1.04 nCs=0.96 flushes= 365K gates= 523K elap=  5.0 kgps=104.572 (fus= 14.8%, ker= 69.6%)
@@@DBG: AVX
@@@DBG: OMP_NUM_THREADS=4 fusedSpan=2 fusedLimit=100
@@@DBG sz=5.38 nQs=1.04 nCs=0.96 flushes= 190K gates=1025K elap=  5.0 kgps=205.015 (fus= 28.0%, ker= 41.5%)
@@@DBG sz=5.38 nQs=1.04 nCs=0.96 flushes= 376K gates= 999K elap=  5.0 kgps=199.723 (fus= 27.7%, ker= 41.8%)
@@@DBG sz=5.38 nQs=1.04 nCs=0.96 flushes= 564K gates=1012K elap=  5.0 kgps=202.418 (fus= 27.6%, ker= 41.9%)
@@@DBG sz=5.38 nQs=1.04 nCs=0.96 flushes= 754K gates=1023K elap=  5.0 kgps=204.550 (fus= 28.2%, ker= 41.2%)
@@@DBG: AVX2
@@@DBG: OMP_NUM_THREADS=4 fusedSpan=2 fusedLimit=100
@@@DBG sz=5.38 nQs=1.04 nCs=0.96 flushes= 182K gates= 982K elap=  5.0 kgps=196.446 (fus= 27.6%, ker= 41.7%)
@@@DBG sz=5.38 nQs=1.04 nCs=0.96 flushes= 369K gates=1003K elap=  5.0 kgps=200.690 (fus= 27.6%, ker= 41.9%)
@@@DBG sz=5.38 nQs=1.04 nCs=0.96 flushes= 555K gates=1001K elap=  5.0 kgps=200.195 (fus= 27.4%, ker= 42.1%)
@@@DBG sz=5.38 nQs=1.04 nCs=0.96 flushes= 740K gates= 996K elap=  5.0 kgps=199.205 (fus= 27.7%, ker= 41.6%)
@@@DBG: Generic
@@@DBG: OMP_NUM_THREADS=1 fusedSpan=3 fusedLimit=100
@@@DBG sz=11.67 nQs=3.00 nCs=0.00 flushes=   8K gates=  88K elap=  5.0 kgps= 17.670 (fus=  5.2%, ker= 90.9%)
@@@DBG sz=11.67 nQs=3.00 nCs=0.00 flushes=  15K gates=  91K elap=  5.0 kgps= 18.201 (fus=  5.2%, ker= 91.2%)
@@@DBG sz=11.67 nQs=3.00 nCs=0.00 flushes=  23K gates=  91K elap=  5.0 kgps= 18.179 (fus=  5.2%, ker= 91.1%)
@@@DBG sz=11.67 nQs=3.00 nCs=0.00 flushes=  31K gates=  93K elap=  5.0 kgps= 18.539 (fus=  5.2%, ker= 91.2%)
@@@DBG: AVX
@@@DBG: OMP_NUM_THREADS=1 fusedSpan=3 fusedLimit=100
@@@DBG sz=11.67 nQs=3.00 nCs=0.00 flushes=  37K gates= 430K elap=  5.0 kgps= 86.092 (fus= 25.0%, ker= 58.3%)
@@@DBG sz=11.67 nQs=3.00 nCs=0.00 flushes=  74K gates= 437K elap=  5.0 kgps= 87.399 (fus= 25.0%, ker= 58.3%)
@@@DBG sz=11.67 nQs=3.00 nCs=0.00 flushes= 111K gates= 430K elap=  5.0 kgps= 86.003 (fus= 24.9%, ker= 58.2%)
@@@DBG sz=11.67 nQs=3.00 nCs=0.00 flushes= 148K gates= 433K elap=  5.0 kgps= 86.683 (fus= 24.9%, ker= 58.4%)
@@@DBG: AVX2
@@@DBG: OMP_NUM_THREADS=1 fusedSpan=3 fusedLimit=100
@@@DBG sz=11.67 nQs=3.00 nCs=0.00 flushes=  37K gates= 426K elap=  5.0 kgps= 85.214 (fus= 24.6%, ker= 58.6%)
@@@DBG sz=11.67 nQs=3.00 nCs=0.00 flushes=  73K gates= 424K elap=  5.0 kgps= 84.856 (fus= 24.6%, ker= 58.5%)
@@@DBG sz=11.67 nQs=3.00 nCs=0.00 flushes= 109K gates= 427K elap=  5.0 kgps= 85.351 (fus= 24.5%, ker= 58.6%)
@@@DBG sz=11.67 nQs=3.00 nCs=0.00 flushes= 147K gates= 434K elap=  5.0 kgps= 86.865 (fus= 24.6%, ker= 58.6%)
@@@DBG: Generic
@@@DBG: OMP_NUM_THREADS=2 fusedSpan=3 fusedLimit=100
@@@DBG sz=11.67 nQs=3.00 nCs=0.00 flushes=  15K gates= 171K elap=  5.0 kgps= 34.294 (fus=  7.1%, ker= 86.1%)
@@@DBG sz=11.67 nQs=3.00 nCs=0.00 flushes=  30K gates= 174K elap=  5.0 kgps= 34.758 (fus=  7.2%, ker= 85.9%)
@@@DBG sz=11.67 nQs=3.00 nCs=0.00 flushes=  44K gates= 169K elap=  5.0 kgps= 33.746 (fus=  7.1%, ker= 85.8%)
@@@DBG sz=11.67 nQs=3.00 nCs=0.00 flushes=  59K gates= 169K elap=  5.0 kgps= 33.798 (fus=  7.2%, ker= 85.8%)
@@@DBG: AVX
@@@DBG: OMP_NUM_THREADS=2 fusedSpan=3 fusedLimit=100
@@@DBG sz=11.67 nQs=3.00 nCs=0.00 flushes=  55K gates= 647K elap=  5.0 kgps=129.337 (fus= 26.9%, ker= 47.9%)
@@@DBG sz=11.67 nQs=3.00 nCs=0.00 flushes= 110K gates= 632K elap=  5.0 kgps=126.355 (fus= 26.9%, ker= 47.9%)
@@@DBG sz=11.67 nQs=3.00 nCs=0.00 flushes= 164K gates= 632K elap=  5.0 kgps=126.471 (fus= 27.2%, ker= 47.8%)
@@@DBG sz=11.67 nQs=3.00 nCs=0.00 flushes= 217K gates= 625K elap=  5.0 kgps=124.973 (fus= 27.0%, ker= 47.5%)
@@@DBG: AVX2
@@@DBG: OMP_NUM_THREADS=2 fusedSpan=3 fusedLimit=100
@@@DBG sz=11.67 nQs=3.00 nCs=0.00 flushes=  56K gates= 654K elap=  5.0 kgps=130.785 (fus= 26.6%, ker= 48.7%)
@@@DBG sz=11.67 nQs=3.00 nCs=0.00 flushes= 101K gates= 519K elap=  5.0 kgps=103.830 (fus= 27.0%, ker= 48.0%)
@@@DBG sz=11.67 nQs=3.00 nCs=0.00 flushes= 152K gates= 597K elap=  5.0 kgps=119.319 (fus= 26.7%, ker= 48.5%)
@@@DBG sz=11.67 nQs=3.00 nCs=0.00 flushes= 207K gates= 650K elap=  5.0 kgps=130.032 (fus= 26.8%, ker= 48.7%)
@@@DBG: Generic
@@@DBG: OMP_NUM_THREADS=3 fusedSpan=3 fusedLimit=100
@@@DBG sz=11.67 nQs=3.00 nCs=0.00 flushes=  18K gates= 213K elap=  5.0 kgps= 42.596 (fus=  9.4%, ker= 81.8%)
@@@DBG sz=11.67 nQs=3.00 nCs=0.00 flushes=  37K gates= 218K elap=  5.0 kgps= 43.683 (fus=  8.8%, ker= 82.6%)
@@@DBG sz=11.67 nQs=3.00 nCs=0.00 flushes=  56K gates= 226K elap=  5.0 kgps= 45.172 (fus=  9.1%, ker= 81.9%)
@@@DBG sz=11.67 nQs=3.00 nCs=0.00 flushes=  73K gates= 194K elap=  5.0 kgps= 38.871 (fus=  8.8%, ker= 82.3%)
@@@DBG: AVX
@@@DBG: OMP_NUM_THREADS=3 fusedSpan=3 fusedLimit=100
@@@DBG sz=11.67 nQs=3.00 nCs=0.00 flushes=  61K gates= 714K elap=  5.0 kgps=142.879 (fus= 30.1%, ker= 40.7%)
@@@DBG sz=11.67 nQs=3.00 nCs=0.00 flushes= 125K gates= 740K elap=  5.0 kgps=147.926 (fus= 30.0%, ker= 40.6%)
@@@DBG sz=11.67 nQs=3.00 nCs=0.00 flushes= 188K gates= 743K elap=  5.0 kgps=148.553 (fus= 30.3%, ker= 40.4%)
@@@DBG sz=11.67 nQs=3.00 nCs=0.00 flushes= 252K gates= 743K elap=  5.0 kgps=148.575 (fus= 30.2%, ker= 40.4%)
@@@DBG: AVX2
@@@DBG: OMP_NUM_THREADS=3 fusedSpan=3 fusedLimit=100
@@@DBG sz=11.67 nQs=3.00 nCs=0.00 flushes=  60K gates= 697K elap=  5.0 kgps=139.325 (fus= 29.7%, ker= 40.9%)
@@@DBG sz=11.67 nQs=3.00 nCs=0.00 flushes= 113K gates= 623K elap=  5.0 kgps=124.522 (fus= 29.9%, ker= 41.3%)
@@@DBG sz=11.67 nQs=3.00 nCs=0.00 flushes= 171K gates= 676K elap=  5.0 kgps=135.134 (fus= 29.8%, ker= 41.2%)
@@@DBG sz=11.67 nQs=3.00 nCs=0.00 flushes= 233K gates= 729K elap=  5.0 kgps=145.795 (fus= 29.7%, ker= 40.8%)
@@@DBG: Generic
@@@DBG: OMP_NUM_THREADS=4 fusedSpan=3 fusedLimit=100
@@@DBG sz=11.67 nQs=3.00 nCs=0.00 flushes=  21K gates= 241K elap=  5.0 kgps= 48.254 (fus=  9.9%, ker= 80.0%)
@@@DBG sz=11.67 nQs=3.00 nCs=0.00 flushes=  40K gates= 220K elap=  5.0 kgps= 44.006 (fus= 10.2%, ker= 79.8%)
@@@DBG sz=11.67 nQs=3.00 nCs=0.00 flushes=  59K gates= 221K elap=  5.0 kgps= 44.275 (fus=  9.8%, ker= 80.1%)
@@@DBG sz=11.67 nQs=3.00 nCs=0.00 flushes=  77K gates= 218K elap=  5.0 kgps= 43.531 (fus=  9.8%, ker= 80.2%)
@@@DBG: AVX
@@@DBG: OMP_NUM_THREADS=4 fusedSpan=3 fusedLimit=100
@@@DBG sz=11.67 nQs=3.00 nCs=0.00 flushes=  61K gates= 708K elap=  5.0 kgps=141.617 (fus= 30.0%, ker= 40.4%)
@@@DBG sz=11.67 nQs=3.00 nCs=0.00 flushes= 123K gates= 728K elap=  5.0 kgps=145.557 (fus= 30.2%, ker= 40.4%)
@@@DBG sz=11.67 nQs=3.00 nCs=0.00 flushes= 185K gates= 728K elap=  5.0 kgps=145.502 (fus= 30.5%, ker= 39.9%)
@@@DBG sz=11.67 nQs=3.00 nCs=0.00 flushes= 248K gates= 727K elap=  5.0 kgps=145.459 (fus= 30.4%, ker= 40.1%)
@@@DBG: AVX2
@@@DBG: OMP_NUM_THREADS=4 fusedSpan=3 fusedLimit=100
@@@DBG sz=11.67 nQs=3.00 nCs=0.00 flushes=  63K gates= 732K elap=  5.0 kgps=146.470 (fus= 30.8%, ker= 39.0%)
@@@DBG sz=11.67 nQs=3.00 nCs=0.00 flushes= 124K gates= 720K elap=  5.0 kgps=143.906 (fus= 30.5%, ker= 39.6%)
@@@DBG sz=11.67 nQs=3.00 nCs=0.00 flushes= 187K gates= 726K elap=  5.0 kgps=145.128 (fus= 30.5%, ker= 39.5%)
@@@DBG sz=11.67 nQs=3.00 nCs=0.00 flushes= 251K gates= 752K elap=  5.0 kgps=150.479 (fus= 30.7%, ker= 39.1%)
@@@DBG: Generic
@@@DBG: OMP_NUM_THREADS=1 fusedSpan=4 fusedLimit=100
@@@DBG sz=17.50 nQs=4.00 nCs=0.00 flushes=   3K gates=  58K elap=  5.0 kgps= 11.572 (fus=  8.6%, ker= 88.8%)
@@@DBG sz=17.50 nQs=4.00 nCs=0.00 flushes=   7K gates=  58K elap=  5.0 kgps= 11.544 (fus=  8.5%, ker= 88.9%)
@@@DBG sz=17.50 nQs=4.00 nCs=0.00 flushes=  10K gates=  58K elap=  5.0 kgps= 11.557 (fus=  8.5%, ker= 88.9%)
@@@DBG sz=17.50 nQs=4.00 nCs=0.00 flushes=  13K gates=  57K elap=  5.0 kgps= 11.469 (fus=  8.5%, ker= 88.8%)
@@@DBG: AVX
@@@DBG: OMP_NUM_THREADS=1 fusedSpan=4 fusedLimit=100
@@@DBG sz=17.50 nQs=4.00 nCs=0.00 flushes=  18K gates= 312K elap=  5.0 kgps= 62.302 (fus= 46.2%, ker= 41.8%)
@@@DBG sz=17.50 nQs=4.00 nCs=0.00 flushes=  36K gates= 311K elap=  5.0 kgps= 62.117 (fus= 46.2%, ker= 41.8%)
@@@DBG sz=17.50 nQs=4.00 nCs=0.00 flushes=  53K gates= 312K elap=  5.0 kgps= 62.322 (fus= 46.1%, ker= 41.9%)
@@@DBG sz=17.50 nQs=4.00 nCs=0.00 flushes=  71K gates= 313K elap=  5.0 kgps= 62.513 (fus= 46.2%, ker= 41.9%)
@@@DBG: AVX2
@@@DBG: OMP_NUM_THREADS=1 fusedSpan=4 fusedLimit=100
@@@DBG sz=17.50 nQs=4.00 nCs=0.00 flushes=  18K gates= 308K elap=  5.0 kgps= 61.688 (fus= 46.0%, ker= 41.9%)
@@@DBG sz=17.50 nQs=4.00 nCs=0.00 flushes=  35K gates= 311K elap=  5.0 kgps= 62.148 (fus= 46.1%, ker= 41.8%)
@@@DBG sz=17.50 nQs=4.00 nCs=0.00 flushes=  53K gates= 307K elap=  5.0 kgps= 61.301 (fus= 46.0%, ker= 41.8%)
@@@DBG sz=17.50 nQs=4.00 nCs=0.00 flushes=  70K gates= 304K elap=  5.0 kgps= 60.771 (fus= 46.0%, ker= 41.9%)
@@@DBG: Generic
@@@DBG: OMP_NUM_THREADS=2 fusedSpan=4 fusedLimit=100
@@@DBG sz=17.50 nQs=4.00 nCs=0.00 flushes=   6K gates= 110K elap=  5.0 kgps= 22.016 (fus=  9.7%, ker= 85.5%)
@@@DBG sz=17.50 nQs=4.00 nCs=0.00 flushes=  13K gates= 110K elap=  5.0 kgps= 21.919 (fus=  9.8%, ker= 85.3%)
@@@DBG sz=17.50 nQs=4.00 nCs=0.00 flushes=  19K gates= 112K elap=  5.0 kgps= 22.458 (fus=  9.8%, ker= 85.4%)
@@@DBG sz=17.50 nQs=4.00 nCs=0.00 flushes=  25K gates= 107K elap=  5.0 kgps= 21.394 (fus=  9.7%, ker= 85.5%)
@@@DBG: AVX
@@@DBG: OMP_NUM_THREADS=2 fusedSpan=4 fusedLimit=100
@@@DBG sz=17.50 nQs=4.00 nCs=0.00 flushes=  28K gates= 486K elap=  5.0 kgps= 97.260 (fus= 44.4%, ker= 35.6%)
@@@DBG sz=17.50 nQs=4.00 nCs=0.00 flushes=  54K gates= 450K elap=  5.0 kgps= 90.056 (fus= 44.5%, ker= 35.4%)
@@@DBG sz=17.50 nQs=4.00 nCs=0.00 flushes=  80K gates= 471K elap=  5.0 kgps= 94.191 (fus= 44.3%, ker= 35.5%)
@@@DBG sz=17.50 nQs=4.00 nCs=0.00 flushes= 108K gates= 485K elap=  5.0 kgps= 96.936 (fus= 44.3%, ker= 35.6%)
@@@DBG: AVX2
@@@DBG: OMP_NUM_THREADS=2 fusedSpan=4 fusedLimit=100
@@@DBG sz=17.50 nQs=4.00 nCs=0.00 flushes=  26K gates= 453K elap=  5.0 kgps= 90.601 (fus= 44.2%, ker= 35.5%)
@@@DBG sz=17.50 nQs=4.00 nCs=0.00 flushes=  53K gates= 483K elap=  5.0 kgps= 96.584 (fus= 43.9%, ker= 35.7%)
@@@DBG sz=17.50 nQs=4.00 nCs=0.00 flushes=  81K gates= 489K elap=  5.0 kgps= 97.701 (fus= 43.9%, ker= 35.6%)
@@@DBG sz=17.50 nQs=4.00 nCs=0.00 flushes= 108K gates= 458K elap=  5.0 kgps= 91.531 (fus= 44.2%, ker= 35.6%)
@@@DBG: Generic
@@@DBG: OMP_NUM_THREADS=3 fusedSpan=4 fusedLimit=100
@@@DBG sz=17.50 nQs=4.00 nCs=0.00 flushes=   6K gates= 110K elap=  5.0 kgps= 22.026 (fus= 10.8%, ker= 83.1%)
@@@DBG sz=17.50 nQs=4.00 nCs=0.00 flushes=  13K gates= 125K elap=  5.0 kgps= 25.052 (fus= 10.9%, ker= 83.0%)
@@@DBG sz=17.50 nQs=4.00 nCs=0.00 flushes=  21K gates= 126K elap=  5.0 kgps= 25.297 (fus= 10.9%, ker= 83.1%)
@@@DBG sz=17.50 nQs=4.00 nCs=0.00 flushes=  28K gates= 130K elap=  5.0 kgps= 25.962 (fus= 11.1%, ker= 82.8%)
@@@DBG: AVX
@@@DBG: OMP_NUM_THREADS=3 fusedSpan=4 fusedLimit=100
@@@DBG sz=17.50 nQs=4.00 nCs=0.00 flushes=  27K gates= 471K elap=  5.0 kgps= 94.254 (fus= 46.0%, ker= 31.6%)
@@@DBG sz=17.50 nQs=4.00 nCs=0.00 flushes=  54K gates= 478K elap=  5.0 kgps= 95.576 (fus= 45.6%, ker= 31.7%)
@@@DBG sz=17.50 nQs=4.00 nCs=0.00 flushes=  83K gates= 511K elap=  5.0 kgps=102.149 (fus= 45.6%, ker= 31.4%)
@@@DBG sz=17.50 nQs=4.00 nCs=0.00 flushes= 112K gates= 499K elap=  5.0 kgps= 99.875 (fus= 45.5%, ker= 32.0%)
@@@DBG: AVX2
@@@DBG: OMP_NUM_THREADS=3 fusedSpan=4 fusedLimit=100
@@@DBG sz=17.50 nQs=4.00 nCs=0.00 flushes=  28K gates= 483K elap=  5.0 kgps= 96.548 (fus= 45.4%, ker= 31.9%)
@@@DBG sz=17.50 nQs=4.00 nCs=0.00 flushes=  58K gates= 526K elap=  5.0 kgps=105.176 (fus= 45.3%, ker= 31.9%)
@@@DBG sz=17.50 nQs=4.00 nCs=0.00 flushes=  87K gates= 506K elap=  5.0 kgps=101.228 (fus= 45.4%, ker= 31.8%)
@@@DBG sz=17.50 nQs=4.00 nCs=0.00 flushes= 117K gates= 526K elap=  5.0 kgps=105.230 (fus= 45.5%, ker= 31.6%)
@@@DBG: Generic
@@@DBG: OMP_NUM_THREADS=4 fusedSpan=4 fusedLimit=100
@@@DBG sz=17.50 nQs=4.00 nCs=0.00 flushes=   7K gates= 131K elap=  5.0 kgps= 26.204 (fus= 10.4%, ker= 82.8%)
@@@DBG sz=17.50 nQs=4.00 nCs=0.00 flushes=  15K gates= 137K elap=  5.0 kgps= 27.387 (fus= 10.4%, ker= 82.7%)
@@@DBG sz=17.50 nQs=4.00 nCs=0.00 flushes=  23K gates= 143K elap=  5.0 kgps= 28.554 (fus= 10.7%, ker= 82.1%)
@@@DBG sz=17.50 nQs=4.00 nCs=0.00 flushes=  31K gates= 131K elap=  5.0 kgps= 26.222 (fus= 10.4%, ker= 82.9%)
@@@DBG: AVX
@@@DBG: OMP_NUM_THREADS=4 fusedSpan=4 fusedLimit=100
@@@DBG sz=17.50 nQs=4.00 nCs=0.00 flushes=  33K gates= 584K elap=  5.0 kgps=116.838 (fus= 42.9%, ker= 31.1%)
@@@DBG sz=17.50 nQs=4.00 nCs=0.00 flushes=  67K gates= 595K elap=  5.0 kgps=119.091 (fus= 42.7%, ker= 31.1%)
@@@DBG sz=17.50 nQs=4.00 nCs=0.00 flushes= 100K gates= 573K elap=  5.0 kgps=114.531 (fus= 42.8%, ker= 31.4%)
@@@DBG sz=17.50 nQs=4.00 nCs=0.00 flushes= 133K gates= 583K elap=  5.0 kgps=116.559 (fus= 42.7%, ker= 31.1%)
@@@DBG: AVX2
@@@DBG: OMP_NUM_THREADS=4 fusedSpan=4 fusedLimit=100
@@@DBG sz=17.50 nQs=4.00 nCs=0.00 flushes=  24K gates= 416K elap=  5.0 kgps= 83.197 (fus= 44.1%, ker= 31.7%)
@@@DBG sz=17.50 nQs=4.00 nCs=0.00 flushes=  54K gates= 536K elap=  5.0 kgps=107.283 (fus= 43.2%, ker= 31.6%)
@@@DBG sz=17.50 nQs=4.00 nCs=0.00 flushes=  87K gates= 562K elap=  5.0 kgps=112.495 (fus= 42.7%, ker= 31.8%)
@@@DBG sz=17.50 nQs=4.00 nCs=0.00 flushes= 119K gates= 561K elap=  5.0 kgps=112.180 (fus= 42.9%, ker= 31.5%)
