@@@DBG max=8 procs=8 thrds=1
@@@DBG: Generic
@@@DBG: OMP_NUM_THREADS=1 fusedSpan=1 fusedDepth=100 wfnCapacity=67108864
@@@DBG sz=1.17 nQs=1.00 nCs=0.96 flushes=  96  gates= 113  elap= 10.1  gps= 11.225 (fus=  0.0%, ker= 84.1%)
@@@DBG sz=1.19 nQs=1.00 nCs=0.95 flushes= 214  gates= 142  elap= 10.0  gps= 14.133 (fus=  0.0%, ker=100.0%)
@@@DBG sz=1.18 nQs=1.00 nCs=0.95 flushes= 332  gates= 138  elap= 10.1  gps= 13.712 (fus=  0.0%, ker=100.0%)
@@@DBG sz=1.19 nQs=1.00 nCs=0.95 flushes= 447  gates= 139  elap= 10.1  gps= 13.808 (fus=  0.0%, ker=100.0%)
@@@DBG: AVX
@@@DBG: OMP_NUM_THREADS=1 fusedSpan=1 fusedDepth=100 wfnCapacity=67108864
@@@DBG sz=1.20 nQs=1.00 nCs=0.95 flushes= 140  gates= 169  elap= 10.0  gps= 16.871 (fus=  0.0%, ker= 83.7%)
@@@DBG sz=1.19 nQs=1.00 nCs=0.95 flushes= 297  gates= 185  elap= 10.0  gps= 18.495 (fus=  0.0%, ker=100.0%)
@@@DBG sz=1.18 nQs=1.00 nCs=0.96 flushes= 469  gates= 200  elap= 10.0  gps= 19.984 (fus=  0.0%, ker=100.0%)
@@@DBG sz=1.18 nQs=1.00 nCs=0.96 flushes= 647  gates= 210  elap= 10.0  gps= 20.990 (fus=  0.0%, ker=100.0%)
@@@DBG: AVX2
@@@DBG: OMP_NUM_THREADS=1 fusedSpan=1 fusedDepth=100 wfnCapacity=67108864
@@@DBG sz=1.20 nQs=1.00 nCs=0.95 flushes= 137  gates= 166  elap= 10.0  gps= 16.559 (fus=  0.0%, ker= 84.0%)
@@@DBG sz=1.19 nQs=1.00 nCs=0.95 flushes= 293  gates= 184  elap= 10.1  gps= 18.266 (fus=  0.0%, ker=100.0%)
@@@DBG sz=1.19 nQs=1.00 nCs=0.95 flushes= 453  gates= 188  elap= 10.0  gps= 18.753 (fus=  0.0%, ker=100.0%)
@@@DBG sz=1.18 nQs=1.00 nCs=0.95 flushes= 621  gates= 196  elap= 10.0  gps= 19.580 (fus=  0.0%, ker=100.0%)
@@@DBG: Generic
@@@DBG: OMP_NUM_THREADS=2 fusedSpan=1 fusedDepth=100 wfnCapacity=67108864
@@@DBG sz=1.19 nQs=1.00 nCs=0.95 flushes= 149  gates= 178  elap= 10.0  gps= 17.734 (fus=  0.0%, ker= 81.5%)
@@@DBG sz=1.18 nQs=1.00 nCs=0.96 flushes= 360  gates= 247  elap= 10.0  gps= 24.676 (fus=  0.0%, ker=100.0%)
@@@DBG sz=1.18 nQs=1.00 nCs=0.95 flushes= 565  gates= 245  elap= 10.1  gps= 24.374 (fus=  0.0%, ker=100.0%)
@@@DBG sz=1.19 nQs=1.00 nCs=0.95 flushes= 793  gates= 272  elap= 10.0  gps= 27.090 (fus=  0.0%, ker=100.0%)
@@@DBG: AVX
@@@DBG: OMP_NUM_THREADS=2 fusedSpan=1 fusedDepth=100 wfnCapacity=67108864
@@@DBG sz=1.19 nQs=1.00 nCs=0.95 flushes= 237  gates= 282  elap= 10.0  gps= 28.173 (fus=  0.0%, ker= 83.8%)
@@@DBG sz=1.19 nQs=1.00 nCs=0.95 flushes= 525  gates= 344  elap= 10.0  gps= 34.390 (fus=  0.0%, ker=100.0%)
@@@DBG sz=1.18 nQs=1.00 nCs=0.95 flushes= 802  gates= 325  elap= 10.0  gps= 32.482 (fus=  0.0%, ker=100.0%)
@@@DBG sz=1.18 nQs=1.00 nCs=0.95 flushes=1060  gates= 306  elap= 10.0  gps= 30.552 (fus=  0.0%, ker=100.0%)
@@@DBG: AVX2
@@@DBG: OMP_NUM_THREADS=2 fusedSpan=1 fusedDepth=100 wfnCapacity=67108864
@@@DBG sz=1.17 nQs=1.00 nCs=0.96 flushes= 232  gates= 273  elap= 10.0  gps= 27.228 (fus=  0.0%, ker= 83.5%)
@@@DBG sz=1.18 nQs=1.00 nCs=0.96 flushes= 516  gates= 336  elap= 10.0  gps= 33.524 (fus=  0.0%, ker=100.0%)
@@@DBG sz=1.19 nQs=1.00 nCs=0.95 flushes= 789  gates= 329  elap= 10.0  gps= 32.829 (fus=  0.0%, ker=100.0%)
@@@DBG sz=1.19 nQs=1.00 nCs=0.95 flushes=1059  gates= 318  elap= 10.0  gps= 31.761 (fus=  0.0%, ker=100.0%)
@@@DBG: Generic
@@@DBG: OMP_NUM_THREADS=3 fusedSpan=1 fusedDepth=100 wfnCapacity=67108864
@@@DBG sz=1.19 nQs=1.00 nCs=0.95 flushes= 172  gates= 205  elap= 10.0  gps= 20.446 (fus=  0.0%, ker= 80.9%)
@@@DBG sz=1.18 nQs=1.00 nCs=0.95 flushes= 350  gates= 210  elap= 10.0  gps= 20.992 (fus=  0.1%, ker= 99.9%)
@@@DBG sz=1.18 nQs=1.00 nCs=0.95 flushes= 549  gates= 235  elap= 10.0  gps= 23.473 (fus=  0.0%, ker= 99.9%)
@@@DBG sz=1.18 nQs=1.00 nCs=0.95 flushes= 742  gates= 229  elap= 10.1  gps= 22.784 (fus=  0.6%, ker= 99.3%)
@@@DBG: AVX
@@@DBG: OMP_NUM_THREADS=3 fusedSpan=1 fusedDepth=100 wfnCapacity=67108864
@@@DBG sz=1.19 nQs=1.00 nCs=0.95 flushes= 194  gates= 231  elap= 10.1  gps= 22.894 (fus=  0.1%, ker= 81.2%)
@@@DBG sz=1.18 nQs=1.00 nCs=0.96 flushes= 468  gates= 322  elap= 10.0  gps= 32.165 (fus=  0.0%, ker= 99.9%)
@@@DBG sz=1.18 nQs=1.00 nCs=0.95 flushes= 762  gates= 350  elap= 10.0  gps= 34.938 (fus=  0.0%, ker= 99.9%)
@@@DBG sz=1.18 nQs=1.00 nCs=0.95 flushes=1048  gates= 338  elap= 10.0  gps= 33.781 (fus=  0.0%, ker= 99.9%)
@@@DBG: AVX2
@@@DBG: OMP_NUM_THREADS=3 fusedSpan=1 fusedDepth=100 wfnCapacity=67108864
@@@DBG sz=1.18 nQs=1.00 nCs=0.95 flushes= 244  gates= 289  elap= 10.0  gps= 28.863 (fus=  0.0%, ker= 81.5%)
@@@DBG sz=1.19 nQs=1.00 nCs=0.95 flushes= 533  gates= 345  elap= 10.0  gps= 34.451 (fus=  0.1%, ker= 99.8%)
@@@DBG sz=1.19 nQs=1.00 nCs=0.95 flushes= 816  gates= 335  elap= 10.0  gps= 33.437 (fus=  0.0%, ker= 99.9%)
@@@DBG sz=1.18 nQs=1.00 nCs=0.95 flushes=1109  gates= 345  elap= 10.0  gps= 34.411 (fus=  0.0%, ker= 99.9%)
@@@DBG: Generic
@@@DBG: OMP_NUM_THREADS=4 fusedSpan=1 fusedDepth=100 wfnCapacity=67108864
@@@DBG sz=1.18 nQs=1.00 nCs=0.96 flushes= 224  gates= 265  elap= 10.0  gps= 26.462 (fus=  0.0%, ker= 82.6%)
@@@DBG sz=1.18 nQs=1.00 nCs=0.95 flushes= 466  gates= 286  elap= 10.0  gps= 28.536 (fus=  0.4%, ker= 99.6%)
@@@DBG sz=1.18 nQs=1.00 nCs=0.95 flushes= 719  gates= 301  elap= 10.0  gps= 30.029 (fus=  0.0%, ker= 99.9%)
@@@DBG sz=1.18 nQs=1.00 nCs=0.95 flushes= 986  gates= 315  elap= 10.0  gps= 31.412 (fus=  0.0%, ker= 99.9%)
@@@DBG: AVX
@@@DBG: OMP_NUM_THREADS=4 fusedSpan=1 fusedDepth=100 wfnCapacity=67108864
@@@DBG sz=1.19 nQs=1.00 nCs=0.95 flushes= 270  gates= 323  elap= 10.0  gps= 32.277 (fus=  0.4%, ker= 82.3%)
@@@DBG sz=1.18 nQs=1.00 nCs=0.95 flushes= 593  gates= 379  elap= 10.0  gps= 37.868 (fus=  0.0%, ker= 99.9%)
@@@DBG sz=1.18 nQs=1.00 nCs=0.96 flushes= 912  gates= 375  elap= 10.0  gps= 37.499 (fus=  0.1%, ker= 99.9%)
@@@DBG sz=1.19 nQs=1.00 nCs=0.95 flushes=1210  gates= 358  elap= 10.0  gps= 35.768 (fus=  0.0%, ker= 99.9%)
@@@DBG: AVX2
@@@DBG: OMP_NUM_THREADS=4 fusedSpan=1 fusedDepth=100 wfnCapacity=67108864
@@@DBG sz=1.19 nQs=1.00 nCs=0.95 flushes= 270  gates= 323  elap= 10.0  gps= 32.281 (fus=  0.0%, ker= 82.7%)
@@@DBG sz=1.19 nQs=1.00 nCs=0.95 flushes= 583  gates= 369  elap= 10.0  gps= 36.898 (fus=  0.0%, ker= 99.9%)
@@@DBG sz=1.18 nQs=1.00 nCs=0.95 flushes= 894  gates= 367  elap= 10.0  gps= 36.672 (fus=  0.0%, ker= 99.9%)
@@@DBG sz=1.19 nQs=1.00 nCs=0.95 flushes=1181  gates= 343  elap= 10.0  gps= 34.191 (fus=  0.0%, ker= 99.9%)
@@@DBG: Generic
@@@DBG: OMP_NUM_THREADS=1 fusedSpan=2 fusedDepth=100 wfnCapacity=67108864
@@@DBG sz=6.25 nQs=1.25 nCs=0.75 flushes=  56  gates= 351  elap= 10.1  gps= 34.878 (fus=  0.0%, ker= 81.0%)
@@@DBG sz=6.23 nQs=1.25 nCs=0.75 flushes= 130  gates= 460  elap= 10.1  gps= 45.332 (fus=  0.0%, ker=100.0%)
@@@DBG sz=6.20 nQs=1.24 nCs=0.76 flushes= 204  gates= 455  elap= 10.1  gps= 45.053 (fus=  0.0%, ker=100.0%)
@@@DBG sz=6.20 nQs=1.24 nCs=0.76 flushes= 270  gates= 410  elap= 10.0  gps= 40.996 (fus=  0.0%, ker=100.0%)
@@@DBG: AVX
@@@DBG: OMP_NUM_THREADS=1 fusedSpan=2 fusedDepth=100 wfnCapacity=67108864
@@@DBG sz=6.24 nQs=1.25 nCs=0.75 flushes= 101  gates= 631  elap= 10.0  gps= 62.949 (fus=  0.0%, ker= 81.7%)
@@@DBG sz=6.22 nQs=1.24 nCs=0.76 flushes= 226  gates= 775  elap= 10.1  gps= 76.819 (fus=  0.0%, ker=100.0%)
@@@DBG sz=6.20 nQs=1.24 nCs=0.76 flushes= 350  gates= 765  elap= 10.1  gps= 75.889 (fus=  0.0%, ker=100.0%)
@@@DBG sz=6.20 nQs=1.24 nCs=0.76 flushes= 465  gates= 715  elap= 10.1  gps= 70.735 (fus=  0.0%, ker=100.0%)
@@@DBG: AVX2
@@@DBG: OMP_NUM_THREADS=1 fusedSpan=2 fusedDepth=100 wfnCapacity=67108864
@@@DBG sz=6.22 nQs=1.24 nCs=0.76 flushes=  90  gates= 561  elap= 10.0  gps= 55.989 (fus=  0.0%, ker= 80.8%)
@@@DBG sz=6.21 nQs=1.24 nCs=0.76 flushes= 207  gates= 725  elap= 10.0  gps= 72.401 (fus=  0.0%, ker=100.0%)
@@@DBG sz=6.21 nQs=1.24 nCs=0.76 flushes= 330  gates= 765  elap= 10.1  gps= 75.612 (fus=  0.0%, ker=100.0%)
@@@DBG sz=6.20 nQs=1.24 nCs=0.76 flushes= 453  gates= 760  elap= 10.0  gps= 75.738 (fus=  0.0%, ker=100.0%)
@@@DBG: Generic
@@@DBG: OMP_NUM_THREADS=2 fusedSpan=2 fusedDepth=100 wfnCapacity=67108864
@@@DBG sz=6.20 nQs=1.24 nCs=0.76 flushes= 108  gates= 671  elap= 10.0  gps= 66.940 (fus=  0.0%, ker= 81.4%)
@@@DBG sz=6.19 nQs=1.24 nCs=0.76 flushes= 244  gates= 840  elap= 10.0  gps= 83.658 (fus=  0.0%, ker= 99.9%)
@@@DBG sz=6.20 nQs=1.24 nCs=0.76 flushes= 378  gates= 835  elap= 10.1  gps= 82.901 (fus=  0.0%, ker= 99.9%)
@@@DBG sz=6.21 nQs=1.24 nCs=0.76 flushes= 506  gates= 795  elap= 10.0  gps= 79.456 (fus=  0.0%, ker= 99.9%)
@@@DBG: AVX
@@@DBG: OMP_NUM_THREADS=2 fusedSpan=2 fusedDepth=100 wfnCapacity=67108864
@@@DBG sz=6.20 nQs=1.24 nCs=0.76 flushes= 175  gates=1086  elap= 10.0  gps=108.216 (fus=  0.0%, ker= 81.1%)
@@@DBG sz=6.20 nQs=1.24 nCs=0.76 flushes= 382  gates=1285  elap= 10.0  gps=128.359 (fus=  0.0%, ker= 99.9%)
@@@DBG sz=6.20 nQs=1.24 nCs=0.76 flushes= 593  gates=1305  elap= 10.0  gps=130.257 (fus=  0.0%, ker= 99.9%)
@@@DBG sz=6.20 nQs=1.24 nCs=0.76 flushes= 794  gates=1245  elap= 10.0  gps=124.393 (fus=  0.0%, ker= 99.9%)
@@@DBG: AVX2
@@@DBG: OMP_NUM_THREADS=2 fusedSpan=2 fusedDepth=100 wfnCapacity=67108864
@@@DBG sz=6.22 nQs=1.24 nCs=0.76 flushes= 180  gates=1121  elap= 10.0  gps=112.096 (fus=  0.0%, ker= 80.8%)
@@@DBG sz=6.20 nQs=1.24 nCs=0.76 flushes= 379  gates=1230  elap= 10.0  gps=122.629 (fus=  0.0%, ker= 99.9%)
@@@DBG sz=6.20 nQs=1.24 nCs=0.76 flushes= 575  gates=1215  elap= 10.1  gps=120.690 (fus=  0.0%, ker= 99.9%)
@@@DBG sz=6.20 nQs=1.24 nCs=0.76 flushes= 801  gates=1405  elap= 10.0  gps=140.439 (fus=  0.0%, ker= 99.9%)
@@@DBG: Generic
@@@DBG: OMP_NUM_THREADS=3 fusedSpan=2 fusedDepth=100 wfnCapacity=67108864
@@@DBG sz=6.20 nQs=1.24 nCs=0.76 flushes= 158  gates= 981  elap= 10.0  gps= 97.884 (fus=  0.0%, ker= 81.8%)
@@@DBG sz=6.19 nQs=1.24 nCs=0.76 flushes= 324  gates=1025  elap= 10.0  gps=102.218 (fus=  0.3%, ker= 99.7%)
@@@DBG sz=6.21 nQs=1.24 nCs=0.76 flushes= 505  gates=1130  elap= 10.0  gps=112.749 (fus=  0.0%, ker= 99.9%)
@@@DBG sz=6.21 nQs=1.24 nCs=0.76 flushes= 680  gates=1085  elap= 10.0  gps=108.276 (fus=  0.1%, ker= 99.8%)
@@@DBG: AVX
@@@DBG: OMP_NUM_THREADS=3 fusedSpan=2 fusedDepth=100 wfnCapacity=67108864
@@@DBG sz=6.22 nQs=1.24 nCs=0.76 flushes= 230  gates=1431  elap= 10.0  gps=142.804 (fus=  0.0%, ker= 82.2%)
@@@DBG sz=6.20 nQs=1.24 nCs=0.76 flushes= 495  gates=1640  elap= 10.0  gps=163.754 (fus=  0.0%, ker= 99.9%)
@@@DBG sz=6.20 nQs=1.24 nCs=0.76 flushes= 757  gates=1625  elap= 10.0  gps=161.920 (fus=  0.0%, ker= 99.9%)
@@@DBG sz=6.20 nQs=1.24 nCs=0.76 flushes=   1K gates=   2K elap= 10.0 kgps=  0.166 (fus=  0.0%, ker= 99.9%)
@@@DBG: AVX2
@@@DBG: OMP_NUM_THREADS=3 fusedSpan=2 fusedDepth=100 wfnCapacity=67108864
@@@DBG sz=6.21 nQs=1.24 nCs=0.76 flushes= 182  gates=1131  elap= 10.0  gps=112.725 (fus=  0.0%, ker= 80.1%)
@@@DBG sz=6.19 nQs=1.24 nCs=0.76 flushes= 419  gates=1465  elap= 10.0  gps=146.158 (fus=  0.0%, ker= 99.9%)
@@@DBG sz=6.20 nQs=1.24 nCs=0.76 flushes= 647  gates=1415  elap= 10.0  gps=141.368 (fus=  0.0%, ker= 99.9%)
@@@DBG sz=6.20 nQs=1.24 nCs=0.76 flushes= 878  gates=1435  elap= 10.0  gps=143.087 (fus=  0.0%, ker= 99.9%)
@@@DBG: Generic
@@@DBG: OMP_NUM_THREADS=4 fusedSpan=2 fusedDepth=100 wfnCapacity=67108864
@@@DBG sz=6.19 nQs=1.24 nCs=0.76 flushes= 134  gates= 831  elap= 10.0  gps= 82.880 (fus=  0.0%, ker= 80.6%)
@@@DBG sz=6.21 nQs=1.24 nCs=0.76 flushes= 290  gates= 970  elap= 10.1  gps= 96.060 (fus=  0.1%, ker= 99.8%)
@@@DBG sz=6.19 nQs=1.24 nCs=0.76 flushes= 449  gates= 980  elap= 10.0  gps= 97.699 (fus=  0.1%, ker= 99.8%)
@@@DBG sz=6.20 nQs=1.24 nCs=0.76 flushes= 618  gates=1050  elap= 10.0  gps=104.729 (fus=  0.0%, ker= 99.9%)
@@@DBG: AVX
@@@DBG: OMP_NUM_THREADS=4 fusedSpan=2 fusedDepth=100 wfnCapacity=67108864
@@@DBG sz=6.22 nQs=1.24 nCs=0.76 flushes= 205  gates=1276  elap= 10.0  gps=127.516 (fus=  0.1%, ker= 80.5%)
@@@DBG sz=6.20 nQs=1.24 nCs=0.76 flushes= 443  gates=1470  elap= 10.0  gps=146.938 (fus=  0.0%, ker= 99.9%)
@@@DBG sz=6.20 nQs=1.24 nCs=0.76 flushes= 710  gates=1660  elap= 10.0  gps=165.340 (fus=  0.0%, ker= 99.9%)
@@@DBG sz=6.20 nQs=1.24 nCs=0.76 flushes= 953  gates=1505  elap= 10.0  gps=150.097 (fus=  0.1%, ker= 99.8%)
@@@DBG: AVX2
@@@DBG: OMP_NUM_THREADS=4 fusedSpan=2 fusedDepth=100 wfnCapacity=67108864
@@@DBG sz=6.19 nQs=1.24 nCs=0.76 flushes= 194  gates=1201  elap= 10.0  gps=119.941 (fus=  0.0%, ker= 81.6%)
@@@DBG sz=6.20 nQs=1.24 nCs=0.76 flushes= 412  gates=1355  elap= 10.0  gps=135.464 (fus=  0.1%, ker= 99.9%)
@@@DBG sz=6.21 nQs=1.24 nCs=0.76 flushes= 651  gates=1485  elap= 10.0  gps=148.167 (fus=  0.1%, ker= 99.9%)
@@@DBG sz=6.20 nQs=1.24 nCs=0.76 flushes= 894  gates=1500  elap= 10.0  gps=149.678 (fus=  0.1%, ker= 99.9%)
@@@DBG: Generic
@@@DBG: OMP_NUM_THREADS=1 fusedSpan=3 fusedDepth=100 wfnCapacity=67108864
@@@DBG sz=12.50 nQs=3.00 nCs=0.00 flushes=  10  gates= 126  elap= 10.3  gps= 12.250 (fus=  0.0%, ker= 80.9%)
@@@DBG sz=12.17 nQs=3.00 nCs=0.00 flushes=  23  gates= 155  elap= 10.6  gps= 14.582 (fus=  0.0%, ker=100.0%)
@@@DBG sz=12.08 nQs=3.00 nCs=0.00 flushes=  36  gates= 155  elap= 10.7  gps= 14.513 (fus=  0.0%, ker=100.0%)
@@@DBG sz=12.04 nQs=3.00 nCs=0.00 flushes=  49  gates= 155  elap= 10.7  gps= 14.420 (fus=  0.0%, ker=100.0%)
@@@DBG: AVX
@@@DBG: OMP_NUM_THREADS=1 fusedSpan=3 fusedDepth=100 wfnCapacity=67108864
@@@DBG sz=12.05 nQs=3.00 nCs=0.00 flushes=  44  gates= 531  elap= 10.1  gps= 52.363 (fus=  0.0%, ker= 81.2%)
@@@DBG sz=11.97 nQs=3.00 nCs=0.00 flushes=  99  gates= 655  elap= 10.0  gps= 65.423 (fus=  0.0%, ker=100.0%)
@@@DBG sz=11.96 nQs=3.00 nCs=0.00 flushes= 156  gates= 680  elap= 10.1  gps= 67.029 (fus=  0.0%, ker=100.0%)
@@@DBG sz=11.93 nQs=3.00 nCs=0.00 flushes= 212  gates= 665  elap= 10.2  gps= 65.493 (fus=  0.0%, ker=100.0%)
@@@DBG: AVX2
@@@DBG: OMP_NUM_THREADS=1 fusedSpan=3 fusedDepth=100 wfnCapacity=67108864
@@@DBG sz=12.02 nQs=3.00 nCs=0.00 flushes=  47  gates= 566  elap= 10.1  gps= 56.284 (fus=  0.0%, ker= 81.5%)
@@@DBG sz=11.98 nQs=3.00 nCs=0.00 flushes= 101  gates= 645  elap= 10.1  gps= 63.644 (fus=  0.0%, ker=100.0%)
@@@DBG sz=11.94 nQs=3.00 nCs=0.00 flushes= 157  gates= 665  elap= 10.1  gps= 65.568 (fus=  0.0%, ker=100.0%)
@@@DBG sz=11.94 nQs=3.00 nCs=0.00 flushes= 219  gates= 740  elap= 10.1  gps= 73.508 (fus=  0.0%, ker=100.0%)
@@@DBG: Generic
@@@DBG: OMP_NUM_THREADS=2 fusedSpan=3 fusedDepth=100 wfnCapacity=67108864
@@@DBG sz=12.05 nQs=3.00 nCs=0.00 flushes=  22  gates= 266  elap= 10.0  gps= 26.497 (fus=  0.0%, ker= 83.6%)
@@@DBG sz=12.00 nQs=3.00 nCs=0.00 flushes=  50  gates= 335  elap= 10.4  gps= 32.366 (fus=  0.0%, ker=100.0%)
@@@DBG sz=11.95 nQs=3.00 nCs=0.00 flushes=  77  gates= 320  elap= 10.1  gps= 31.718 (fus=  0.0%, ker=100.0%)
@@@DBG sz=11.95 nQs=3.00 nCs=0.00 flushes= 105  gates= 335  elap= 10.3  gps= 32.476 (fus=  0.0%, ker=100.0%)
@@@DBG: AVX
@@@DBG: OMP_NUM_THREADS=2 fusedSpan=3 fusedDepth=100 wfnCapacity=67108864
@@@DBG sz=11.94 nQs=3.00 nCs=0.00 flushes=  93  gates=1111  elap= 10.1  gps=110.259 (fus=  0.0%, ker= 82.5%)
@@@DBG sz=11.94 nQs=3.00 nCs=0.00 flushes= 204  gates=1325  elap= 10.1  gps=131.737 (fus=  0.0%, ker= 99.9%)
@@@DBG sz=11.94 nQs=3.00 nCs=0.00 flushes= 312  gates=1290  elap= 10.1  gps=128.207 (fus=  0.0%, ker= 99.9%)
@@@DBG sz=11.93 nQs=3.00 nCs=0.00 flushes= 423  gates=1320  elap= 10.1  gps=130.923 (fus=  0.0%, ker= 99.9%)
@@@DBG: AVX2
@@@DBG: OMP_NUM_THREADS=2 fusedSpan=3 fusedDepth=100 wfnCapacity=67108864
@@@DBG sz=11.97 nQs=3.00 nCs=0.00 flushes=  94  gates=1126  elap= 10.1  gps=111.865 (fus=  0.0%, ker= 82.5%)
@@@DBG sz=11.95 nQs=3.00 nCs=0.00 flushes= 203  gates=1300  elap= 10.1  gps=129.075 (fus=  0.0%, ker= 99.9%)
@@@DBG sz=11.93 nQs=3.00 nCs=0.00 flushes= 314  gates=1320  elap= 10.0  gps=131.761 (fus=  0.0%, ker= 99.9%)
@@@DBG sz=11.93 nQs=3.00 nCs=0.00 flushes= 425  gates=1325  elap= 10.0  gps=132.195 (fus=  0.0%, ker= 99.9%)
@@@DBG: Generic
@@@DBG: OMP_NUM_THREADS=3 fusedSpan=3 fusedDepth=100 wfnCapacity=67108864
@@@DBG sz=12.00 nQs=3.00 nCs=0.00 flushes=  30  gates= 361  elap= 10.0  gps= 36.056 (fus=  0.0%, ker= 82.5%)
@@@DBG sz=11.97 nQs=3.00 nCs=0.00 flushes=  66  gates= 430  elap= 10.2  gps= 42.305 (fus=  0.0%, ker=100.0%)
@@@DBG sz=11.95 nQs=3.00 nCs=0.00 flushes= 100  gates= 405  elap= 10.1  gps= 40.282 (fus=  0.0%, ker=100.0%)
@@@DBG sz=11.96 nQs=3.00 nCs=0.00 flushes= 135  gates= 420  elap= 10.1  gps= 41.733 (fus=  0.0%, ker=100.0%)
@@@DBG: AVX
@@@DBG: OMP_NUM_THREADS=3 fusedSpan=3 fusedDepth=100 wfnCapacity=67108864
@@@DBG sz=11.94 nQs=3.00 nCs=0.00 flushes= 108  gates=1291  elap= 10.1  gps=128.276 (fus=  0.0%, ker= 83.5%)
@@@DBG sz=11.93 nQs=3.00 nCs=0.00 flushes= 233  gates=1490  elap= 10.1  gps=148.097 (fus=  0.0%, ker= 99.9%)
@@@DBG sz=11.93 nQs=3.00 nCs=0.00 flushes= 363  gates=1550  elap= 10.0  gps=154.835 (fus=  0.0%, ker= 99.9%)
@@@DBG sz=11.93 nQs=3.00 nCs=0.00 flushes= 489  gates=1505  elap= 10.1  gps=149.328 (fus=  0.0%, ker= 99.9%)
@@@DBG: AVX2
@@@DBG: OMP_NUM_THREADS=3 fusedSpan=3 fusedDepth=100 wfnCapacity=67108864
@@@DBG sz=11.97 nQs=3.00 nCs=0.00 flushes= 117  gates=1401  elap= 10.0  gps=139.699 (fus=  0.0%, ker= 82.5%)
@@@DBG sz=11.94 nQs=3.00 nCs=0.00 flushes= 250  gates=1585  elap= 10.1  gps=157.400 (fus=  0.0%, ker= 99.9%)
@@@DBG sz=11.94 nQs=3.00 nCs=0.00 flushes= 385  gates=1610  elap= 10.0  gps=160.850 (fus=  0.0%, ker= 99.9%)
@@@DBG sz=11.93 nQs=3.00 nCs=0.00 flushes= 516  gates=1560  elap= 10.0  gps=155.997 (fus=  0.0%, ker= 99.9%)
@@@DBG: Generic
@@@DBG: OMP_NUM_THREADS=4 fusedSpan=3 fusedDepth=100 wfnCapacity=67108864
@@@DBG sz=12.00 nQs=3.00 nCs=0.00 flushes=  35  gates= 421  elap= 10.1  gps= 41.547 (fus=  0.0%, ker= 83.2%)
@@@DBG sz=11.99 nQs=3.00 nCs=0.00 flushes=  73  gates= 455  elap= 10.1  gps= 45.162 (fus=  0.0%, ker=100.0%)
@@@DBG sz=11.95 nQs=3.00 nCs=0.00 flushes= 113  gates= 475  elap= 10.2  gps= 46.774 (fus=  0.0%, ker=100.0%)
@@@DBG sz=11.96 nQs=3.00 nCs=0.00 flushes= 153  gates= 480  elap= 10.1  gps= 47.572 (fus=  0.0%, ker=100.0%)
@@@DBG: AVX
@@@DBG: OMP_NUM_THREADS=4 fusedSpan=3 fusedDepth=100 wfnCapacity=67108864
@@@DBG sz=11.93 nQs=3.00 nCs=0.00 flushes= 119  gates=1421  elap= 10.0  gps=141.745 (fus=  0.0%, ker= 83.6%)
@@@DBG sz=11.94 nQs=3.00 nCs=0.00 flushes= 255  gates=1625  elap= 10.0  gps=162.289 (fus=  0.1%, ker= 99.9%)
@@@DBG sz=11.93 nQs=3.00 nCs=0.00 flushes= 397  gates=1690  elap= 10.1  gps=168.089 (fus=  0.1%, ker= 99.9%)
@@@DBG sz=11.93 nQs=3.00 nCs=0.00 flushes= 534  gates=1635  elap= 10.0  gps=163.035 (fus=  0.1%, ker= 99.9%)
@@@DBG: AVX2
@@@DBG: OMP_NUM_THREADS=4 fusedSpan=3 fusedDepth=100 wfnCapacity=67108864
@@@DBG sz=11.97 nQs=3.00 nCs=0.00 flushes= 122  gates=1461  elap= 10.1  gps=145.023 (fus=  0.1%, ker= 83.7%)
@@@DBG sz=11.94 nQs=3.00 nCs=0.00 flushes= 253  gates=1560  elap= 10.0  gps=155.595 (fus=  0.1%, ker= 99.9%)
@@@DBG sz=11.93 nQs=3.00 nCs=0.00 flushes= 383  gates=1550  elap= 10.0  gps=154.774 (fus=  0.1%, ker= 99.8%)
@@@DBG sz=11.93 nQs=3.00 nCs=0.00 flushes= 513  gates=1550  elap= 10.0  gps=154.490 (fus=  0.1%, ker= 99.9%)
@@@DBG: Generic
@@@DBG: OMP_NUM_THREADS=1 fusedSpan=4 fusedDepth=100 wfnCapacity=67108864
@@@DBG sz=19.00 nQs=4.00 nCs=0.00 flushes=   5  gates=  96  elap= 10.8  gps=  8.875 (fus=  0.0%, ker= 83.9%)
@@@DBG sz=18.18 nQs=4.00 nCs=0.00 flushes=  11  gates= 105  elap= 10.2  gps= 10.323 (fus=  0.0%, ker=100.0%)
@@@DBG sz=18.24 nQs=4.00 nCs=0.00 flushes=  17  gates= 110  elap= 10.4  gps= 10.625 (fus=  0.0%, ker=100.0%)
@@@DBG sz=18.26 nQs=4.00 nCs=0.00 flushes=  23  gates= 110  elap= 11.0  gps=  9.973 (fus=  0.0%, ker=100.0%)
@@@DBG: AVX
@@@DBG: OMP_NUM_THREADS=1 fusedSpan=4 fusedDepth=100 wfnCapacity=67108864
@@@DBG sz=18.24 nQs=4.00 nCs=0.00 flushes=  34  gates= 621  elap= 10.3  gps= 60.272 (fus=  0.0%, ker= 84.1%)
@@@DBG sz=18.29 nQs=4.00 nCs=0.00 flushes=  73  gates= 715  elap= 10.2  gps= 70.073 (fus=  0.0%, ker= 99.9%)
@@@DBG sz=18.23 nQs=4.00 nCs=0.00 flushes= 110  gates= 670  elap= 10.2  gps= 65.829 (fus=  0.0%, ker= 99.9%)
@@@DBG sz=18.24 nQs=4.00 nCs=0.00 flushes= 148  gates= 695  elap= 10.1  gps= 68.838 (fus=  0.0%, ker= 99.9%)
@@@DBG: AVX2
@@@DBG: OMP_NUM_THREADS=1 fusedSpan=4 fusedDepth=100 wfnCapacity=67108864
@@@DBG sz=18.23 nQs=4.00 nCs=0.00 flushes=  31  gates= 566  elap= 10.1  gps= 56.023 (fus=  0.0%, ker= 83.4%)
@@@DBG sz=18.26 nQs=4.00 nCs=0.00 flushes=  69  gates= 695  elap= 10.1  gps= 68.962 (fus=  0.0%, ker= 99.9%)
@@@DBG sz=18.27 nQs=4.00 nCs=0.00 flushes= 107  gates= 695  elap= 10.2  gps= 68.309 (fus=  0.0%, ker= 99.9%)
@@@DBG sz=18.23 nQs=4.00 nCs=0.00 flushes= 144  gates= 670  elap= 10.4  gps= 64.480 (fus=  0.0%, ker= 99.9%)
@@@DBG: Generic
@@@DBG: OMP_NUM_THREADS=2 fusedSpan=4 fusedDepth=100 wfnCapacity=67108864
@@@DBG sz=18.00 nQs=4.00 nCs=0.00 flushes=  10  gates= 181  elap= 10.4  gps= 17.405 (fus=  0.0%, ker= 84.6%)
@@@DBG sz=18.41 nQs=4.00 nCs=0.00 flushes=  22  gates= 225  elap= 10.6  gps= 21.127 (fus=  0.0%, ker=100.0%)
@@@DBG sz=18.24 nQs=4.00 nCs=0.00 flushes=  34  gates= 215  elap= 10.6  gps= 20.265 (fus=  0.0%, ker=100.0%)
@@@DBG sz=18.26 nQs=4.00 nCs=0.00 flushes=  46  gates= 220  elap= 10.6  gps= 20.843 (fus=  0.0%, ker=100.0%)
@@@DBG: AVX
@@@DBG: OMP_NUM_THREADS=2 fusedSpan=4 fusedDepth=100 wfnCapacity=67108864
@@@DBG sz=18.22 nQs=4.00 nCs=0.00 flushes=  59  gates=1076  elap= 10.1  gps=106.742 (fus=  0.0%, ker= 82.7%)
@@@DBG sz=18.23 nQs=4.00 nCs=0.00 flushes= 130  gates=1295  elap= 10.0  gps=129.377 (fus=  0.1%, ker= 99.9%)
@@@DBG sz=18.24 nQs=4.00 nCs=0.00 flushes= 199  gates=1260  elap= 10.1  gps=124.504 (fus=  0.1%, ker= 99.9%)
@@@DBG sz=18.24 nQs=4.00 nCs=0.00 flushes= 267  gates=1240  elap= 10.0  gps=123.523 (fus=  0.1%, ker= 99.9%)
@@@DBG: AVX2
@@@DBG: OMP_NUM_THREADS=2 fusedSpan=4 fusedDepth=100 wfnCapacity=67108864
@@@DBG sz=18.22 nQs=4.00 nCs=0.00 flushes=  59  gates=1076  elap= 10.1  gps=107.038 (fus=  0.0%, ker= 82.8%)
@@@DBG sz=18.23 nQs=4.00 nCs=0.00 flushes= 127  gates=1240  elap= 10.1  gps=122.593 (fus=  0.1%, ker= 99.9%)
@@@DBG sz=18.23 nQs=4.00 nCs=0.00 flushes= 195  gates=1240  elap= 10.1  gps=122.432 (fus=  0.1%, ker= 99.9%)
@@@DBG sz=18.23 nQs=4.00 nCs=0.00 flushes= 263  gates=1240  elap= 10.1  gps=122.607 (fus=  0.1%, ker= 99.9%)
@@@DBG: Generic
@@@DBG: OMP_NUM_THREADS=3 fusedSpan=4 fusedDepth=100 wfnCapacity=67108864
@@@DBG sz=18.08 nQs=4.00 nCs=0.00 flushes=  13  gates= 236  elap= 10.6  gps= 22.297 (fus=  0.0%, ker= 84.3%)
@@@DBG sz=18.21 nQs=4.00 nCs=0.00 flushes=  28  gates= 275  elap= 10.5  gps= 26.220 (fus=  0.0%, ker=100.0%)
@@@DBG sz=18.26 nQs=4.00 nCs=0.00 flushes=  43  gates= 275  elap= 10.6  gps= 26.037 (fus=  0.0%, ker=100.0%)
@@@DBG sz=18.25 nQs=4.00 nCs=0.00 flushes=  57  gates= 255  elap= 10.1  gps= 25.235 (fus=  0.0%, ker=100.0%)
@@@DBG: AVX
@@@DBG: OMP_NUM_THREADS=3 fusedSpan=4 fusedDepth=100 wfnCapacity=67108864
@@@DBG sz=18.22 nQs=4.00 nCs=0.00 flushes=  76  gates=1386  elap= 10.1  gps=136.914 (fus=  0.1%, ker= 83.7%)
@@@DBG sz=18.24 nQs=4.00 nCs=0.00 flushes= 159  gates=1515  elap= 10.1  gps=150.549 (fus=  0.1%, ker= 99.8%)
@@@DBG sz=18.24 nQs=4.00 nCs=0.00 flushes= 241  gates=1495  elap= 10.1  gps=148.624 (fus=  0.1%, ker= 99.9%)
@@@DBG sz=18.24 nQs=4.00 nCs=0.00 flushes= 324  gates=1515  elap= 10.1  gps=150.554 (fus=  0.1%, ker= 99.9%)
@@@DBG: AVX2
@@@DBG: OMP_NUM_THREADS=3 fusedSpan=4 fusedDepth=100 wfnCapacity=67108864
@@@DBG sz=18.22 nQs=4.00 nCs=0.00 flushes=  76  gates=1386  elap= 10.1  gps=137.611 (fus=  0.1%, ker= 83.5%)
@@@DBG sz=18.26 nQs=4.00 nCs=0.00 flushes= 158  gates=1500  elap= 10.0  gps=149.880 (fus=  0.1%, ker= 99.9%)
@@@DBG sz=18.24 nQs=4.00 nCs=0.00 flushes= 238  gates=1455  elap= 10.0  gps=144.982 (fus=  0.1%, ker= 99.9%)
@@@DBG sz=18.22 nQs=4.00 nCs=0.00 flushes= 321  gates=1510  elap= 10.1  gps=149.442 (fus=  0.1%, ker= 99.9%)
@@@DBG: Generic
@@@DBG: OMP_NUM_THREADS=4 fusedSpan=4 fusedDepth=100 wfnCapacity=67108864
@@@DBG sz=18.21 nQs=4.00 nCs=0.00 flushes=  14  gates= 256  elap= 10.1  gps= 25.442 (fus=  0.0%, ker= 83.6%)
@@@DBG sz=18.17 nQs=4.00 nCs=0.00 flushes=  30  gates= 290  elap= 10.1  gps= 28.611 (fus=  0.0%, ker=100.0%)
@@@DBG sz=18.26 nQs=4.00 nCs=0.00 flushes=  46  gates= 295  elap= 10.1  gps= 29.242 (fus=  0.0%, ker=100.0%)
@@@DBG sz=18.23 nQs=4.00 nCs=0.00 flushes=  62  gates= 290  elap= 10.5  gps= 27.540 (fus=  0.0%, ker=100.0%)
@@@DBG: AVX
@@@DBG: OMP_NUM_THREADS=4 fusedSpan=4 fusedDepth=100 wfnCapacity=67108864
@@@DBG sz=18.23 nQs=4.00 nCs=0.00 flushes=  82  gates=1496  elap= 10.0  gps=149.202 (fus=  0.1%, ker= 83.5%)
@@@DBG sz=18.25 nQs=4.00 nCs=0.00 flushes= 171  gates=1625  elap= 10.1  gps=161.648 (fus=  0.1%, ker= 99.9%)
@@@DBG sz=18.23 nQs=4.00 nCs=0.00 flushes= 263  gates=1675  elap= 10.1  gps=166.414 (fus=  0.1%, ker= 99.8%)
@@@DBG sz=18.23 nQs=4.00 nCs=0.00 flushes= 355  gates=1675  elap= 10.0  gps=167.232 (fus=  0.1%, ker= 99.9%)
@@@DBG: AVX2
@@@DBG: OMP_NUM_THREADS=4 fusedSpan=4 fusedDepth=100 wfnCapacity=67108864
@@@DBG sz=18.21 nQs=4.00 nCs=0.00 flushes=  81  gates=1476  elap= 10.0  gps=147.345 (fus=  0.1%, ker= 83.5%)
@@@DBG sz=18.25 nQs=4.00 nCs=0.00 flushes= 171  gates=1645  elap= 10.1  gps=163.274 (fus=  0.1%, ker= 99.9%)
@@@DBG sz=18.24 nQs=4.00 nCs=0.00 flushes= 262  gates=1660  elap= 10.1  gps=164.655 (fus=  0.1%, ker= 99.9%)
@@@DBG sz=18.23 nQs=4.00 nCs=0.00 flushes= 353  gates=1655  elap= 10.0  gps=165.033 (fus=  0.1%, ker= 99.9%)
