@@@DBG max=8 procs=8 thrds=1
@@@DBG: AVX512
@@@DBG: OMP_NUM_THREADS=1 fusedSpan=1 fusedDepth=100 wfnCapacity=32768
@@@DBG sz=1.16 nQs=1.00 nCs=0.96 flushes= 327K gates= 381K elap= 10.0 kgps= 38.119 (fus=  6.8%, ker= 84.5%)
@@@DBG sz=1.16 nQs=1.00 nCs=0.96 flushes= 643K gates= 368K elap= 10.0 kgps= 36.766 (fus=  6.8%, ker= 84.6%)
@@@DBG sz=1.16 nQs=1.00 nCs=0.96 flushes= 967K gates= 377K elap= 10.0 kgps= 37.715 (fus=  6.8%, ker= 84.6%)
@@@DBG sz=1.16 nQs=1.00 nCs=0.96 flushes=1290K gates= 377K elap= 10.0 kgps= 37.658 (fus=  6.8%, ker= 84.7%)
@@@DBG: AVX512
@@@DBG: OMP_NUM_THREADS=2 fusedSpan=1 fusedDepth=100 wfnCapacity=32768
@@@DBG sz=1.16 nQs=1.00 nCs=0.96 flushes= 532K gates= 619K elap= 10.0 kgps= 61.933 (fus= 10.6%, ker= 76.0%)
@@@DBG sz=1.16 nQs=1.00 nCs=0.96 flushes=1062K gates= 617K elap= 10.0 kgps= 61.733 (fus= 10.6%, ker= 75.9%)
@@@DBG sz=1.16 nQs=1.00 nCs=0.96 flushes=1593K gates= 618K elap= 10.0 kgps= 61.826 (fus= 10.6%, ker= 76.0%)
@@@DBG sz=1.16 nQs=1.00 nCs=0.96 flushes=2123K gates= 617K elap= 10.0 kgps= 61.674 (fus= 10.6%, ker= 75.9%)
@@@DBG: AVX512
@@@DBG: OMP_NUM_THREADS=3 fusedSpan=1 fusedDepth=100 wfnCapacity=32768
@@@DBG sz=1.16 nQs=1.00 nCs=0.96 flushes= 622K gates= 724K elap= 10.0 kgps= 72.410 (fus= 13.9%, ker= 70.7%)
@@@DBG sz=1.16 nQs=1.00 nCs=0.96 flushes=1202K gates= 676K elap= 10.0 kgps= 67.553 (fus= 14.4%, ker= 70.2%)
@@@DBG sz=1.16 nQs=1.00 nCs=0.96 flushes=1771K gates= 663K elap= 10.0 kgps= 66.255 (fus= 13.8%, ker= 70.8%)
@@@DBG sz=1.16 nQs=1.00 nCs=0.96 flushes=2388K gates= 718K elap= 10.0 kgps= 71.796 (fus= 14.1%, ker= 70.2%)
@@@DBG: AVX512
@@@DBG: OMP_NUM_THREADS=4 fusedSpan=1 fusedDepth=100 wfnCapacity=32768
@@@DBG sz=1.16 nQs=1.00 nCs=0.96 flushes= 599K gates= 697K elap= 10.0 kgps= 69.713 (fus= 14.2%, ker= 67.8%)
@@@DBG sz=1.16 nQs=1.00 nCs=0.96 flushes=1200K gates= 701K elap= 10.0 kgps= 70.061 (fus= 14.4%, ker= 67.7%)
@@@DBG sz=1.16 nQs=1.00 nCs=0.96 flushes=1802K gates= 700K elap= 10.0 kgps= 70.040 (fus= 14.6%, ker= 67.4%)
@@@DBG sz=1.16 nQs=1.00 nCs=0.96 flushes=2385K gates= 679K elap= 10.0 kgps= 67.944 (fus= 14.4%, ker= 67.8%)
@@@DBG: AVX512
@@@DBG: OMP_NUM_THREADS=1 fusedSpan=2 fusedDepth=100 wfnCapacity=32768
@@@DBG sz=6.07 nQs=1.21 nCs=0.79 flushes= 227K gates=1377K elap= 10.0 kgps=137.695 (fus= 17.4%, ker= 63.3%)
@@@DBG sz=6.07 nQs=1.21 nCs=0.79 flushes= 452K gates=1369K elap= 10.0 kgps=136.931 (fus= 17.4%, ker= 63.2%)
@@@DBG sz=6.07 nQs=1.21 nCs=0.79 flushes= 678K gates=1371K elap= 10.0 kgps=137.130 (fus= 17.4%, ker= 63.2%)
@@@DBG sz=6.07 nQs=1.21 nCs=0.79 flushes= 903K gates=1363K elap= 10.0 kgps=136.328 (fus= 17.4%, ker= 63.2%)
@@@DBG: AVX512
@@@DBG: OMP_NUM_THREADS=2 fusedSpan=2 fusedDepth=100 wfnCapacity=32768
@@@DBG sz=6.07 nQs=1.21 nCs=0.79 flushes= 316K gates=1921K elap= 10.0 kgps=192.091 (fus= 24.5%, ker= 49.2%)
@@@DBG sz=6.07 nQs=1.21 nCs=0.79 flushes= 625K gates=1875K elap= 10.0 kgps=187.458 (fus= 24.3%, ker= 49.4%)
@@@DBG sz=6.07 nQs=1.21 nCs=0.79 flushes= 942K gates=1925K elap= 10.0 kgps=192.518 (fus= 24.5%, ker= 49.1%)
@@@DBG sz=6.07 nQs=1.21 nCs=0.79 flushes=1254K gates=1890K elap= 10.0 kgps=189.028 (fus= 24.6%, ker= 49.2%)
@@@DBG: AVX512
@@@DBG: OMP_NUM_THREADS=3 fusedSpan=2 fusedDepth=100 wfnCapacity=32768
@@@DBG sz=6.07 nQs=1.21 nCs=0.79 flushes= 324K gates=1964K elap= 10.0 kgps=196.447 (fus= 27.9%, ker= 42.9%)
@@@DBG sz=6.07 nQs=1.21 nCs=0.79 flushes= 664K gates=2064K elap= 10.0 kgps=206.446 (fus= 28.0%, ker= 42.3%)
@@@DBG sz=6.07 nQs=1.21 nCs=0.79 flushes= 991K gates=1988K elap= 10.0 kgps=198.816 (fus= 27.6%, ker= 42.7%)
@@@DBG sz=6.07 nQs=1.21 nCs=0.79 flushes=1314K gates=1959K elap= 10.0 kgps=195.850 (fus= 27.5%, ker= 42.7%)
@@@DBG: AVX512
@@@DBG: OMP_NUM_THREADS=4 fusedSpan=2 fusedDepth=100 wfnCapacity=32768
@@@DBG sz=6.07 nQs=1.21 nCs=0.79 flushes= 321K gates=1950K elap= 10.0 kgps=194.968 (fus= 28.8%, ker= 40.3%)
@@@DBG sz=6.07 nQs=1.21 nCs=0.79 flushes= 645K gates=1964K elap= 10.0 kgps=196.446 (fus= 28.9%, ker= 40.2%)
@@@DBG sz=6.07 nQs=1.21 nCs=0.79 flushes= 965K gates=1947K elap= 10.0 kgps=194.685 (fus= 28.7%, ker= 40.5%)
@@@DBG sz=6.07 nQs=1.21 nCs=0.79 flushes=1281K gates=1917K elap= 10.0 kgps=191.682 (fus= 28.6%, ker= 40.5%)
@@@DBG: AVX512
@@@DBG: OMP_NUM_THREADS=1 fusedSpan=3 fusedDepth=100 wfnCapacity=32768
@@@DBG sz=12.14 nQs=3.00 nCs=0.00 flushes=  85K gates=1026K elap= 10.0 kgps=102.636 (fus= 29.0%, ker= 52.5%)
@@@DBG sz=12.14 nQs=3.00 nCs=0.00 flushes= 169K gates=1022K elap= 10.0 kgps=102.192 (fus= 29.1%, ker= 52.4%)
@@@DBG sz=12.14 nQs=3.00 nCs=0.00 flushes= 251K gates=1003K elap= 10.0 kgps=100.302 (fus= 29.0%, ker= 52.5%)
@@@DBG sz=12.14 nQs=3.00 nCs=0.00 flushes= 336K gates=1027K elap= 10.0 kgps=102.707 (fus= 29.0%, ker= 52.5%)
@@@DBG: AVX512
@@@DBG: OMP_NUM_THREADS=2 fusedSpan=3 fusedDepth=100 wfnCapacity=32768
@@@DBG sz=12.14 nQs=3.00 nCs=0.00 flushes= 123K gates=1497K elap= 10.0 kgps=149.690 (fus= 30.7%, ker= 47.9%)
@@@DBG sz=12.14 nQs=3.00 nCs=0.00 flushes= 247K gates=1502K elap= 10.0 kgps=150.155 (fus= 30.7%, ker= 47.9%)
@@@DBG sz=12.14 nQs=3.00 nCs=0.00 flushes= 371K gates=1502K elap= 10.0 kgps=150.244 (fus= 30.7%, ker= 47.9%)
@@@DBG sz=12.14 nQs=3.00 nCs=0.00 flushes= 493K gates=1486K elap= 10.0 kgps=148.594 (fus= 30.7%, ker= 47.9%)
@@@DBG: AVX512
@@@DBG: OMP_NUM_THREADS=3 fusedSpan=3 fusedDepth=100 wfnCapacity=32768
@@@DBG sz=12.14 nQs=3.00 nCs=0.00 flushes= 137K gates=1662K elap= 10.0 kgps=166.225 (fus= 33.5%, ker= 41.9%)
@@@DBG sz=12.14 nQs=3.00 nCs=0.00 flushes= 266K gates=1573K elap= 10.0 kgps=157.343 (fus= 33.5%, ker= 42.1%)
@@@DBG sz=12.14 nQs=3.00 nCs=0.00 flushes= 399K gates=1612K elap= 10.0 kgps=161.160 (fus= 33.6%, ker= 41.9%)
@@@DBG sz=12.14 nQs=3.00 nCs=0.00 flushes= 531K gates=1597K elap= 10.0 kgps=159.708 (fus= 33.5%, ker= 42.0%)
@@@DBG: AVX512
@@@DBG: OMP_NUM_THREADS=4 fusedSpan=3 fusedDepth=100 wfnCapacity=32768
@@@DBG sz=12.14 nQs=3.00 nCs=0.00 flushes= 127K gates=1541K elap= 10.0 kgps=154.141 (fus= 33.2%, ker= 40.0%)
@@@DBG sz=12.14 nQs=3.00 nCs=0.00 flushes= 254K gates=1542K elap= 10.0 kgps=154.212 (fus= 33.5%, ker= 39.6%)
@@@DBG sz=12.14 nQs=3.00 nCs=0.00 flushes= 376K gates=1485K elap= 10.0 kgps=148.517 (fus= 33.2%, ker= 40.3%)
@@@DBG sz=12.14 nQs=3.00 nCs=0.00 flushes= 501K gates=1514K elap= 10.0 kgps=151.386 (fus= 33.6%, ker= 39.7%)
@@@DBG: AVX512
@@@DBG: OMP_NUM_THREADS=1 fusedSpan=4 fusedDepth=100 wfnCapacity=32768
@@@DBG sz=17.00 nQs=4.00 nCs=0.00 flushes=  38K gates= 654K elap= 10.0 kgps= 65.355 (fus= 49.0%, ker= 37.7%)
@@@DBG sz=17.00 nQs=4.00 nCs=0.00 flushes=  76K gates= 642K elap= 10.0 kgps= 64.219 (fus= 49.0%, ker= 37.6%)
@@@DBG sz=17.00 nQs=4.00 nCs=0.00 flushes= 114K gates= 635K elap= 10.0 kgps= 63.492 (fus= 49.0%, ker= 37.6%)
@@@DBG sz=17.00 nQs=4.00 nCs=0.00 flushes= 147K gates= 577K elap= 10.0 kgps= 57.660 (fus= 48.7%, ker= 37.3%)
@@@DBG: AVX512
@@@DBG: OMP_NUM_THREADS=2 fusedSpan=4 fusedDepth=100 wfnCapacity=32768
@@@DBG sz=17.00 nQs=4.00 nCs=0.00 flushes=  61K gates=1029K elap= 10.0 kgps=102.866 (fus= 47.1%, ker= 31.6%)
@@@DBG sz=17.00 nQs=4.00 nCs=0.00 flushes= 121K gates=1022K elap= 10.0 kgps=102.152 (fus= 47.1%, ker= 31.7%)
@@@DBG sz=17.00 nQs=4.00 nCs=0.00 flushes= 181K gates=1020K elap= 10.0 kgps=102.020 (fus= 47.2%, ker= 31.6%)
@@@DBG sz=17.00 nQs=4.00 nCs=0.00 flushes= 241K gates=1020K elap= 10.0 kgps=101.978 (fus= 47.2%, ker= 31.6%)
@@@DBG: AVX512
@@@DBG: OMP_NUM_THREADS=3 fusedSpan=4 fusedDepth=100 wfnCapacity=32768
@@@DBG sz=17.00 nQs=4.00 nCs=0.00 flushes=  59K gates=1008K elap= 10.0 kgps=100.798 (fus= 47.8%, ker= 29.0%)
@@@DBG sz=17.00 nQs=4.00 nCs=0.00 flushes= 119K gates=1009K elap= 10.0 kgps=100.902 (fus= 47.8%, ker= 28.9%)
@@@DBG sz=17.00 nQs=4.00 nCs=0.00 flushes= 178K gates=1011K elap= 10.0 kgps=101.121 (fus= 48.0%, ker= 28.8%)
@@@DBG sz=17.00 nQs=4.00 nCs=0.00 flushes= 237K gates=1004K elap= 10.0 kgps=100.372 (fus= 47.7%, ker= 28.8%)
@@@DBG: AVX512
@@@DBG: OMP_NUM_THREADS=4 fusedSpan=4 fusedDepth=100 wfnCapacity=32768
@@@DBG sz=17.00 nQs=4.00 nCs=0.00 flushes=  53K gates= 905K elap= 10.0 kgps= 90.541 (fus= 46.1%, ker= 28.4%)
@@@DBG sz=17.00 nQs=4.00 nCs=0.00 flushes= 112K gates=1005K elap= 10.0 kgps=100.481 (fus= 45.2%, ker= 28.8%)
@@@DBG sz=17.00 nQs=4.00 nCs=0.00 flushes= 172K gates=1016K elap= 10.0 kgps=101.634 (fus= 44.9%, ker= 29.1%)
@@@DBG sz=17.00 nQs=4.00 nCs=0.00 flushes= 231K gates= 995K elap= 10.0 kgps= 99.475 (fus= 45.4%, ker= 28.8%)
