@@@DBG max=8 procs=8 thrds=1
@@@DBG: AVX512
@@@DBG: OMP_NUM_THREADS=1 fusedSpan=1 fusedDepth=100 wfnCapacity=32768
@@@DBG sz=1.16 nQs=1.00 nCs=0.96 flushes= 245K gates= 285K elap= 10.0 kgps= 28.520 (fus=  5.1%, ker= 89.9%)
@@@DBG sz=1.16 nQs=1.00 nCs=0.96 flushes= 489K gates= 284K elap= 10.0 kgps= 28.431 (fus=  5.1%, ker= 89.9%)
@@@DBG sz=1.16 nQs=1.00 nCs=0.96 flushes= 736K gates= 287K elap= 10.0 kgps= 28.698 (fus=  5.1%, ker= 89.8%)
@@@DBG sz=1.16 nQs=1.00 nCs=0.96 flushes= 983K gates= 288K elap= 10.0 kgps= 28.771 (fus=  5.1%, ker= 89.9%)
@@@DBG: AVX512
@@@DBG: OMP_NUM_THREADS=2 fusedSpan=1 fusedDepth=100 wfnCapacity=32768
@@@DBG sz=1.16 nQs=1.00 nCs=0.96 flushes= 385K gates= 449K elap= 10.0 kgps= 44.854 (fus=  7.9%, ker= 83.0%)
@@@DBG sz=1.16 nQs=1.00 nCs=0.96 flushes= 771K gates= 449K elap= 10.0 kgps= 44.870 (fus=  7.9%, ker= 83.0%)
@@@DBG sz=1.16 nQs=1.00 nCs=0.96 flushes=1155K gates= 448K elap= 10.0 kgps= 44.812 (fus=  8.0%, ker= 82.9%)
@@@DBG sz=1.16 nQs=1.00 nCs=0.96 flushes=1536K gates= 443K elap= 10.0 kgps= 44.288 (fus=  8.0%, ker= 82.9%)
@@@DBG: AVX512
@@@DBG: OMP_NUM_THREADS=3 fusedSpan=1 fusedDepth=100 wfnCapacity=32768
@@@DBG sz=1.16 nQs=1.00 nCs=0.96 flushes= 479K gates= 558K elap= 10.0 kgps= 55.816 (fus= 10.7%, ker= 77.2%)
@@@DBG sz=1.16 nQs=1.00 nCs=0.96 flushes= 959K gates= 558K elap= 10.0 kgps= 55.850 (fus= 10.6%, ker= 77.4%)
@@@DBG sz=1.16 nQs=1.00 nCs=0.96 flushes=1436K gates= 555K elap= 10.0 kgps= 55.496 (fus= 10.8%, ker= 77.2%)
@@@DBG sz=1.16 nQs=1.00 nCs=0.96 flushes=1918K gates= 562K elap= 10.0 kgps= 56.151 (fus= 10.7%, ker= 77.4%)
@@@DBG: AVX512
@@@DBG: OMP_NUM_THREADS=4 fusedSpan=1 fusedDepth=100 wfnCapacity=32768
@@@DBG sz=1.16 nQs=1.00 nCs=0.96 flushes= 540K gates= 628K elap= 10.0 kgps= 62.843 (fus= 13.3%, ker= 73.2%)
@@@DBG sz=1.16 nQs=1.00 nCs=0.96 flushes=1075K gates= 623K elap= 10.0 kgps= 62.286 (fus= 13.5%, ker= 73.2%)
@@@DBG sz=1.16 nQs=1.00 nCs=0.96 flushes=1608K gates= 621K elap= 10.0 kgps= 62.145 (fus= 13.4%, ker= 73.2%)
@@@DBG sz=1.16 nQs=1.00 nCs=0.96 flushes=2150K gates= 631K elap= 10.0 kgps= 63.057 (fus= 13.3%, ker= 73.3%)
@@@DBG: AVX512
@@@DBG: OMP_NUM_THREADS=1 fusedSpan=2 fusedDepth=100 wfnCapacity=32768
@@@DBG sz=6.07 nQs=1.21 nCs=0.79 flushes= 156K gates= 948K elap= 10.0 kgps= 94.802 (fus= 14.2%, ker= 67.3%)
@@@DBG sz=6.07 nQs=1.21 nCs=0.79 flushes= 314K gates= 956K elap= 10.0 kgps= 95.607 (fus= 14.2%, ker= 67.2%)
@@@DBG sz=6.07 nQs=1.21 nCs=0.79 flushes= 473K gates= 968K elap= 10.0 kgps= 96.848 (fus= 14.1%, ker= 67.4%)
@@@DBG sz=6.07 nQs=1.21 nCs=0.79 flushes= 627K gates= 932K elap= 10.0 kgps= 93.214 (fus= 14.0%, ker= 67.3%)
@@@DBG: AVX512
@@@DBG: OMP_NUM_THREADS=2 fusedSpan=2 fusedDepth=100 wfnCapacity=32768
@@@DBG sz=6.07 nQs=1.21 nCs=0.79 flushes= 176K gates=1067K elap= 10.0 kgps=106.685 (fus= 22.9%, ker= 51.8%)
@@@DBG sz=6.07 nQs=1.21 nCs=0.79 flushes= 360K gates=1120K elap= 10.0 kgps=112.039 (fus= 22.8%, ker= 51.6%)
@@@DBG sz=6.07 nQs=1.21 nCs=0.79 flushes= 553K gates=1171K elap= 10.0 kgps=117.127 (fus= 22.7%, ker= 51.4%)
@@@DBG sz=6.07 nQs=1.21 nCs=0.79 flushes= 759K gates=1248K elap= 10.0 kgps=124.793 (fus= 22.3%, ker= 51.5%)
@@@DBG: AVX512
@@@DBG: OMP_NUM_THREADS=3 fusedSpan=2 fusedDepth=100 wfnCapacity=32768
@@@DBG sz=6.07 nQs=1.21 nCs=0.79 flushes= 226K gates=1375K elap= 10.0 kgps=137.504 (fus= 26.7%, ker= 43.4%)
@@@DBG sz=6.07 nQs=1.21 nCs=0.79 flushes= 452K gates=1371K elap= 10.0 kgps=137.136 (fus= 26.7%, ker= 43.4%)
@@@DBG sz=6.07 nQs=1.21 nCs=0.79 flushes= 676K gates=1358K elap= 10.0 kgps=135.776 (fus= 26.7%, ker= 43.5%)
@@@DBG sz=6.07 nQs=1.21 nCs=0.79 flushes= 902K gates=1374K elap= 10.0 kgps=137.437 (fus= 26.4%, ker= 43.6%)
@@@DBG: AVX512
@@@DBG: OMP_NUM_THREADS=4 fusedSpan=2 fusedDepth=100 wfnCapacity=32768
@@@DBG sz=6.07 nQs=1.21 nCs=0.79 flushes= 240K gates=1455K elap= 10.0 kgps=145.494 (fus= 29.9%, ker= 39.1%)
@@@DBG sz=6.07 nQs=1.21 nCs=0.79 flushes= 483K gates=1478K elap= 10.0 kgps=147.808 (fus= 29.4%, ker= 39.2%)
@@@DBG sz=6.07 nQs=1.21 nCs=0.79 flushes= 723K gates=1459K elap= 10.0 kgps=145.948 (fus= 29.7%, ker= 39.1%)
@@@DBG sz=6.07 nQs=1.21 nCs=0.79 flushes= 946K gates=1352K elap= 10.0 kgps=135.213 (fus= 28.7%, ker= 41.6%)
@@@DBG: AVX512
@@@DBG: OMP_NUM_THREADS=1 fusedSpan=3 fusedDepth=100 wfnCapacity=32768
@@@DBG sz=12.14 nQs=3.00 nCs=0.00 flushes=  51K gates= 620K elap= 10.0 kgps= 62.021 (fus= 25.2%, ker= 57.5%)
@@@DBG sz=12.14 nQs=3.00 nCs=0.00 flushes= 102K gates= 623K elap= 10.0 kgps= 62.314 (fus= 25.2%, ker= 57.4%)
@@@DBG sz=12.14 nQs=3.00 nCs=0.00 flushes= 154K gates= 627K elap= 10.0 kgps= 62.731 (fus= 25.2%, ker= 57.5%)
@@@DBG sz=12.14 nQs=3.00 nCs=0.00 flushes= 206K gates= 627K elap= 10.0 kgps= 62.676 (fus= 25.2%, ker= 57.4%)
@@@DBG: AVX512
@@@DBG: OMP_NUM_THREADS=2 fusedSpan=3 fusedDepth=100 wfnCapacity=32768
@@@DBG sz=12.14 nQs=3.00 nCs=0.00 flushes=  72K gates= 877K elap= 10.0 kgps= 87.679 (fus= 28.3%, ker= 49.7%)
@@@DBG sz=12.14 nQs=3.00 nCs=0.00 flushes= 144K gates= 872K elap= 10.0 kgps= 87.245 (fus= 28.3%, ker= 48.9%)
@@@DBG sz=12.14 nQs=3.00 nCs=0.00 flushes= 216K gates= 869K elap= 10.0 kgps= 86.886 (fus= 28.2%, ker= 48.8%)
@@@DBG sz=12.14 nQs=3.00 nCs=0.00 flushes= 288K gates= 876K elap= 10.0 kgps= 87.624 (fus= 28.2%, ker= 48.7%)
@@@DBG: AVX512
@@@DBG: OMP_NUM_THREADS=3 fusedSpan=3 fusedDepth=100 wfnCapacity=32768
@@@DBG sz=12.14 nQs=3.00 nCs=0.00 flushes=  81K gates= 989K elap= 10.0 kgps= 98.857 (fus= 32.0%, ker= 42.7%)
@@@DBG sz=12.14 nQs=3.00 nCs=0.00 flushes= 163K gates= 997K elap= 10.0 kgps= 99.658 (fus= 32.1%, ker= 42.6%)
@@@DBG sz=12.14 nQs=3.00 nCs=0.00 flushes= 246K gates= 997K elap= 10.0 kgps= 99.716 (fus= 32.0%, ker= 42.6%)
@@@DBG sz=12.14 nQs=3.00 nCs=0.00 flushes= 328K gates=1001K elap= 10.0 kgps=100.079 (fus= 31.9%, ker= 42.7%)
@@@DBG: AVX512
@@@DBG: OMP_NUM_THREADS=4 fusedSpan=3 fusedDepth=100 wfnCapacity=32768
@@@DBG sz=12.14 nQs=3.00 nCs=0.00 flushes=  79K gates= 960K elap= 10.0 kgps= 95.956 (fus= 34.3%, ker= 41.1%)
@@@DBG sz=12.14 nQs=3.00 nCs=0.00 flushes= 157K gates= 950K elap= 10.0 kgps= 95.030 (fus= 34.2%, ker= 41.7%)
@@@DBG sz=12.14 nQs=3.00 nCs=0.00 flushes= 235K gates= 946K elap= 10.0 kgps= 94.628 (fus= 34.2%, ker= 41.8%)
@@@DBG sz=12.14 nQs=3.00 nCs=0.00 flushes= 314K gates= 954K elap= 10.0 kgps= 95.353 (fus= 33.8%, ker= 42.1%)
@@@DBG: AVX512
@@@DBG: OMP_NUM_THREADS=1 fusedSpan=4 fusedDepth=100 wfnCapacity=32768
@@@DBG sz=17.00 nQs=4.00 nCs=0.00 flushes=  25K gates= 423K elap= 10.0 kgps= 42.297 (fus= 49.7%, ker= 37.1%)
@@@DBG sz=17.00 nQs=4.00 nCs=0.00 flushes=  50K gates= 427K elap= 10.0 kgps= 42.668 (fus= 49.7%, ker= 37.0%)
@@@DBG sz=17.00 nQs=4.00 nCs=0.00 flushes=  75K gates= 426K elap= 10.0 kgps= 42.598 (fus= 49.7%, ker= 37.1%)
@@@DBG: AVX512
@@@DBG: OMP_NUM_THREADS=2 fusedSpan=4 fusedDepth=100 wfnCapacity=32768
@@@DBG sz=17.00 nQs=4.00 nCs=0.00 flushes=  37K gates= 630K elap= 10.0 kgps= 63.025 (fus= 46.5%, ker= 32.4%)
@@@DBG sz=17.00 nQs=4.00 nCs=0.00 flushes=  74K gates= 633K elap= 10.0 kgps= 63.326 (fus= 46.2%, ker= 32.4%)
@@@DBG sz=17.00 nQs=4.00 nCs=0.00 flushes= 111K gates= 629K elap= 10.0 kgps= 62.910 (fus= 46.4%, ker= 32.4%)
@@@DBG sz=17.00 nQs=4.00 nCs=0.00 flushes= 148K gates= 627K elap= 10.0 kgps= 62.747 (fus= 46.4%, ker= 32.5%)
@@@DBG: AVX512
@@@DBG: OMP_NUM_THREADS=3 fusedSpan=4 fusedDepth=100 wfnCapacity=32768
@@@DBG sz=17.00 nQs=4.00 nCs=0.00 flushes=  41K gates= 691K elap= 10.0 kgps= 69.147 (fus= 49.0%, ker= 27.2%)
@@@DBG sz=17.00 nQs=4.00 nCs=0.00 flushes=  81K gates= 688K elap= 10.0 kgps= 68.809 (fus= 49.0%, ker= 27.2%)
@@@DBG sz=17.00 nQs=4.00 nCs=0.00 flushes= 122K gates= 688K elap= 10.0 kgps= 68.842 (fus= 48.9%, ker= 27.4%)
@@@DBG sz=17.00 nQs=4.00 nCs=0.00 flushes= 163K gates= 701K elap= 10.0 kgps= 70.068 (fus= 48.9%, ker= 27.2%)
@@@DBG: AVX512
@@@DBG: OMP_NUM_THREADS=4 fusedSpan=4 fusedDepth=100 wfnCapacity=32768
@@@DBG sz=17.00 nQs=4.00 nCs=0.00 flushes=  39K gates= 656K elap= 10.0 kgps= 65.618 (fus= 52.4%, ker= 25.0%)
@@@DBG sz=17.00 nQs=4.00 nCs=0.00 flushes=  77K gates= 658K elap= 10.0 kgps= 65.826 (fus= 52.1%, ker= 25.1%)
@@@DBG sz=17.00 nQs=4.00 nCs=0.00 flushes= 117K gates= 670K elap= 10.0 kgps= 66.989 (fus= 51.7%, ker= 25.2%)
