@@@DBG max=8 procs=8 thrds=1
@@@DBG: Generic
@@@DBG: OMP_NUM_THREADS=1 fusedSpan=1 fusedLimit=100
@@@DBG sz=1.03 nQs=1.00 nCs=0.99 flushes=  30K gates=  31K elap=  5.0 kgps=  6.225 (fus=  1.1%, ker= 97.8%)
@@@DBG sz=1.03 nQs=1.00 nCs=0.99 flushes=  61K gates=  31K elap=  5.0 kgps=  6.272 (fus=  1.1%, ker= 97.8%)
@@@DBG sz=1.03 nQs=1.00 nCs=0.99 flushes=  92K gates=  32K elap=  5.0 kgps=  6.481 (fus=  1.1%, ker= 97.8%)
@@@DBG sz=1.03 nQs=1.00 nCs=0.99 flushes= 123K gates=  32K elap=  5.0 kgps=  6.391 (fus=  1.2%, ker= 97.7%)
@@@DBG: AVX
@@@DBG: OMP_NUM_THREADS=1 fusedSpan=1 fusedLimit=100
@@@DBG sz=1.03 nQs=1.00 nCs=0.99 flushes= 137K gates= 141K elap=  5.0 kgps= 28.213 (fus=  4.9%, ker= 90.4%)
@@@DBG sz=1.03 nQs=1.00 nCs=0.99 flushes= 277K gates= 144K elap=  5.0 kgps= 28.882 (fus=  4.9%, ker= 90.4%)
@@@DBG sz=1.03 nQs=1.00 nCs=0.99 flushes= 416K gates= 143K elap=  5.0 kgps= 28.618 (fus=  4.9%, ker= 90.4%)
@@@DBG sz=1.03 nQs=1.00 nCs=0.99 flushes= 551K gates= 139K elap=  5.0 kgps= 27.711 (fus=  5.0%, ker= 90.4%)
@@@DBG: AVX2
@@@DBG: OMP_NUM_THREADS=1 fusedSpan=1 fusedLimit=100
@@@DBG sz=1.03 nQs=1.00 nCs=0.99 flushes= 136K gates= 140K elap=  5.0 kgps= 27.921 (fus=  5.0%, ker= 90.4%)
@@@DBG sz=1.03 nQs=1.00 nCs=0.99 flushes= 263K gates= 131K elap=  5.0 kgps= 26.264 (fus=  4.9%, ker= 90.4%)
@@@DBG sz=1.03 nQs=1.00 nCs=0.99 flushes= 393K gates= 134K elap=  5.0 kgps= 26.732 (fus=  4.9%, ker= 90.5%)
@@@DBG sz=1.03 nQs=1.00 nCs=0.99 flushes= 519K gates= 130K elap=  5.0 kgps= 25.944 (fus=  5.0%, ker= 90.5%)
@@@DBG: Generic
@@@DBG: OMP_NUM_THREADS=2 fusedSpan=1 fusedLimit=100
@@@DBG sz=1.03 nQs=1.00 nCs=0.99 flushes=  57K gates=  58K elap=  5.0 kgps= 11.649 (fus=  2.6%, ker= 94.9%)
@@@DBG sz=1.03 nQs=1.00 nCs=0.99 flushes= 114K gates=  59K elap=  5.0 kgps= 11.812 (fus=  2.6%, ker= 94.9%)
@@@DBG sz=1.03 nQs=1.00 nCs=0.99 flushes= 172K gates=  60K elap=  5.0 kgps= 11.946 (fus=  2.6%, ker= 94.9%)
@@@DBG sz=1.03 nQs=1.00 nCs=0.99 flushes= 229K gates=  59K elap=  5.0 kgps= 11.731 (fus=  2.4%, ker= 95.1%)
@@@DBG: AVX
@@@DBG: OMP_NUM_THREADS=2 fusedSpan=1 fusedLimit=100
@@@DBG sz=1.03 nQs=1.00 nCs=0.99 flushes= 214K gates= 221K elap=  5.0 kgps= 44.131 (fus=  7.9%, ker= 82.3%)
@@@DBG sz=1.03 nQs=1.00 nCs=0.99 flushes= 427K gates= 219K elap=  5.0 kgps= 43.866 (fus=  7.8%, ker= 82.4%)
@@@DBG sz=1.03 nQs=1.00 nCs=0.99 flushes= 642K gates= 221K elap=  5.0 kgps= 44.232 (fus=  7.8%, ker= 82.4%)
@@@DBG sz=1.03 nQs=1.00 nCs=0.99 flushes= 858K gates= 222K elap=  5.0 kgps= 44.429 (fus=  8.0%, ker= 82.3%)
@@@DBG: AVX2
@@@DBG: OMP_NUM_THREADS=2 fusedSpan=1 fusedLimit=100
@@@DBG sz=1.03 nQs=1.00 nCs=0.99 flushes= 213K gates= 219K elap=  5.0 kgps= 43.777 (fus=  8.1%, ker= 82.2%)
@@@DBG sz=1.03 nQs=1.00 nCs=0.99 flushes= 426K gates= 220K elap=  5.0 kgps= 43.996 (fus=  8.1%, ker= 82.3%)
@@@DBG sz=1.03 nQs=1.00 nCs=0.99 flushes= 638K gates= 218K elap=  5.0 kgps= 43.668 (fus=  8.1%, ker= 82.3%)
@@@DBG sz=1.03 nQs=1.00 nCs=0.99 flushes= 849K gates= 217K elap=  5.0 kgps= 43.404 (fus=  8.3%, ker= 82.1%)
@@@DBG: Generic
@@@DBG: OMP_NUM_THREADS=3 fusedSpan=1 fusedLimit=100
@@@DBG sz=1.03 nQs=1.00 nCs=0.99 flushes=  76K gates=  78K elap=  5.0 kgps= 15.698 (fus=  3.4%, ker= 93.1%)
@@@DBG sz=1.03 nQs=1.00 nCs=0.99 flushes= 152K gates=  78K elap=  5.0 kgps= 15.625 (fus=  3.4%, ker= 93.1%)
@@@DBG sz=1.03 nQs=1.00 nCs=0.99 flushes= 229K gates=  79K elap=  5.0 kgps= 15.791 (fus=  3.4%, ker= 93.1%)
@@@DBG sz=1.03 nQs=1.00 nCs=0.99 flushes= 305K gates=  78K elap=  5.0 kgps= 15.630 (fus=  3.4%, ker= 93.0%)
@@@DBG: AVX
@@@DBG: OMP_NUM_THREADS=3 fusedSpan=1 fusedLimit=100
@@@DBG sz=1.03 nQs=1.00 nCs=0.99 flushes= 268K gates= 276K elap=  5.0 kgps= 55.213 (fus= 11.2%, ker= 76.6%)
@@@DBG sz=1.03 nQs=1.00 nCs=0.99 flushes= 540K gates= 279K elap=  5.0 kgps= 55.869 (fus= 11.2%, ker= 76.5%)
@@@DBG sz=1.03 nQs=1.00 nCs=0.99 flushes= 813K gates= 281K elap=  5.0 kgps= 56.214 (fus= 11.4%, ker= 76.3%)
@@@DBG sz=1.03 nQs=1.00 nCs=0.99 flushes=1084K gates= 280K elap=  5.0 kgps= 55.943 (fus= 11.1%, ker= 76.6%)
@@@DBG: AVX2
@@@DBG: OMP_NUM_THREADS=3 fusedSpan=1 fusedLimit=100
@@@DBG sz=1.03 nQs=1.00 nCs=0.99 flushes= 263K gates= 271K elap=  5.0 kgps= 54.211 (fus= 10.9%, ker= 77.1%)
@@@DBG sz=1.03 nQs=1.00 nCs=0.99 flushes= 529K gates= 274K elap=  5.0 kgps= 54.802 (fus= 10.8%, ker= 77.0%)
@@@DBG sz=1.03 nQs=1.00 nCs=0.99 flushes= 790K gates= 269K elap=  5.0 kgps= 53.738 (fus= 10.6%, ker= 77.3%)
@@@DBG sz=1.03 nQs=1.00 nCs=0.99 flushes=1050K gates= 267K elap=  5.0 kgps= 53.482 (fus= 10.7%, ker= 77.3%)
@@@DBG: Generic
@@@DBG: OMP_NUM_THREADS=4 fusedSpan=1 fusedLimit=100
@@@DBG sz=1.03 nQs=1.00 nCs=0.99 flushes=  94K gates=  97K elap=  5.0 kgps= 19.362 (fus=  4.6%, ker= 90.5%)
@@@DBG sz=1.03 nQs=1.00 nCs=0.99 flushes= 189K gates=  97K elap=  5.0 kgps= 19.461 (fus=  4.4%, ker= 90.7%)
@@@DBG sz=1.03 nQs=1.00 nCs=0.99 flushes= 285K gates=  99K elap=  5.0 kgps= 19.810 (fus=  4.4%, ker= 90.6%)
@@@DBG sz=1.03 nQs=1.00 nCs=0.99 flushes= 380K gates=  98K elap=  5.0 kgps= 19.629 (fus=  4.2%, ker= 90.8%)
@@@DBG: AVX
@@@DBG: OMP_NUM_THREADS=4 fusedSpan=1 fusedLimit=100
@@@DBG sz=1.03 nQs=1.00 nCs=0.99 flushes= 301K gates= 309K elap=  5.0 kgps= 61.897 (fus= 14.0%, ker= 71.8%)
@@@DBG sz=1.03 nQs=1.00 nCs=0.99 flushes= 602K gates= 310K elap=  5.0 kgps= 62.064 (fus= 13.8%, ker= 72.0%)
@@@DBG sz=1.03 nQs=1.00 nCs=0.99 flushes= 909K gates= 316K elap=  5.0 kgps= 63.124 (fus= 13.8%, ker= 72.1%)
@@@DBG sz=1.03 nQs=1.00 nCs=0.99 flushes=1218K gates= 319K elap=  5.0 kgps= 63.776 (fus= 13.4%, ker= 72.3%)
@@@DBG: AVX2
@@@DBG: OMP_NUM_THREADS=4 fusedSpan=1 fusedLimit=100
@@@DBG sz=1.03 nQs=1.00 nCs=0.99 flushes= 300K gates= 308K elap=  5.0 kgps= 61.686 (fus= 13.5%, ker= 72.7%)
@@@DBG sz=1.03 nQs=1.00 nCs=0.99 flushes= 594K gates= 303K elap=  5.0 kgps= 60.525 (fus= 13.8%, ker= 72.6%)
@@@DBG sz=1.03 nQs=1.00 nCs=0.99 flushes= 889K gates= 304K elap=  5.0 kgps= 60.898 (fus= 13.5%, ker= 72.8%)
@@@DBG sz=1.03 nQs=1.00 nCs=0.99 flushes=1181K gates= 300K elap=  5.0 kgps= 60.099 (fus= 14.1%, ker= 72.3%)
@@@DBG: Generic
@@@DBG: OMP_NUM_THREADS=1 fusedSpan=2 fusedLimit=100
@@@DBG sz=5.38 nQs=1.04 nCs=0.96 flushes=  27K gates= 145K elap=  5.0 kgps= 29.084 (fus=  3.9%, ker= 90.8%)
@@@DBG sz=5.38 nQs=1.04 nCs=0.96 flushes=  54K gates= 146K elap=  5.0 kgps= 29.202 (fus=  3.8%, ker= 90.9%)
@@@DBG sz=5.38 nQs=1.04 nCs=0.96 flushes=  81K gates= 143K elap=  5.0 kgps= 28.645 (fus=  3.8%, ker= 91.0%)
@@@DBG sz=5.38 nQs=1.04 nCs=0.96 flushes= 107K gates= 141K elap=  5.0 kgps= 28.148 (fus=  3.9%, ker= 90.9%)
@@@DBG: AVX
@@@DBG: OMP_NUM_THREADS=1 fusedSpan=2 fusedLimit=100
@@@DBG sz=5.38 nQs=1.04 nCs=0.96 flushes=  93K gates= 499K elap=  5.0 kgps= 99.795 (fus= 13.4%, ker= 67.9%)
@@@DBG sz=5.38 nQs=1.04 nCs=0.96 flushes= 188K gates= 513K elap=  5.0 kgps=102.584 (fus= 13.3%, ker= 67.8%)
@@@DBG sz=5.38 nQs=1.04 nCs=0.96 flushes= 286K gates= 526K elap=  5.0 kgps=105.211 (fus= 13.4%, ker= 67.5%)
@@@DBG sz=5.38 nQs=1.04 nCs=0.96 flushes= 385K gates= 534K elap=  5.0 kgps=106.744 (fus= 13.4%, ker= 67.7%)
@@@DBG: AVX2
@@@DBG: OMP_NUM_THREADS=1 fusedSpan=2 fusedLimit=100
@@@DBG sz=5.38 nQs=1.04 nCs=0.96 flushes=  91K gates= 489K elap=  5.0 kgps= 97.770 (fus= 13.2%, ker= 68.2%)
@@@DBG sz=5.38 nQs=1.04 nCs=0.96 flushes= 186K gates= 515K elap=  5.0 kgps=102.969 (fus= 13.3%, ker= 68.2%)
@@@DBG sz=5.38 nQs=1.04 nCs=0.96 flushes= 283K gates= 522K elap=  5.0 kgps=104.335 (fus= 13.2%, ker= 68.1%)
@@@DBG sz=5.38 nQs=1.04 nCs=0.96 flushes= 381K gates= 526K elap=  5.0 kgps=105.264 (fus= 13.3%, ker= 68.2%)
@@@DBG: Generic
@@@DBG: OMP_NUM_THREADS=2 fusedSpan=2 fusedLimit=100
@@@DBG sz=5.38 nQs=1.04 nCs=0.96 flushes=  46K gates= 247K elap=  5.0 kgps= 49.319 (fus=  8.0%, ker= 82.1%)
@@@DBG sz=5.38 nQs=1.04 nCs=0.96 flushes=  91K gates= 242K elap=  5.0 kgps= 48.426 (fus=  7.9%, ker= 82.1%)
@@@DBG sz=5.38 nQs=1.04 nCs=0.96 flushes= 136K gates= 242K elap=  5.0 kgps= 48.450 (fus=  8.0%, ker= 82.0%)
@@@DBG sz=5.38 nQs=1.04 nCs=0.96 flushes= 180K gates= 240K elap=  5.0 kgps= 48.038 (fus=  7.9%, ker= 82.3%)
@@@DBG: AVX
@@@DBG: OMP_NUM_THREADS=2 fusedSpan=2 fusedLimit=100
@@@DBG sz=5.38 nQs=1.04 nCs=0.96 flushes= 128K gates= 690K elap=  5.0 kgps=137.971 (fus= 22.5%, ker= 49.7%)
@@@DBG sz=5.38 nQs=1.04 nCs=0.96 flushes= 258K gates= 700K elap=  5.0 kgps=139.905 (fus= 22.2%, ker= 49.8%)
@@@DBG sz=5.38 nQs=1.04 nCs=0.96 flushes= 389K gates= 707K elap=  5.0 kgps=141.409 (fus= 22.1%, ker= 49.9%)
@@@DBG sz=5.38 nQs=1.04 nCs=0.96 flushes= 519K gates= 696K elap=  5.0 kgps=139.184 (fus= 22.2%, ker= 49.8%)
@@@DBG: AVX2
@@@DBG: OMP_NUM_THREADS=2 fusedSpan=2 fusedLimit=100
@@@DBG sz=5.38 nQs=1.04 nCs=0.96 flushes= 125K gates= 673K elap=  5.0 kgps=134.590 (fus= 21.7%, ker= 50.9%)
@@@DBG sz=5.38 nQs=1.04 nCs=0.96 flushes= 250K gates= 674K elap=  5.0 kgps=134.782 (fus= 21.7%, ker= 50.9%)
@@@DBG sz=5.38 nQs=1.04 nCs=0.96 flushes= 372K gates= 657K elap=  5.0 kgps=131.348 (fus= 21.7%, ker= 50.8%)
@@@DBG sz=5.38 nQs=1.04 nCs=0.96 flushes= 498K gates= 676K elap=  5.0 kgps=135.148 (fus= 21.8%, ker= 50.9%)
@@@DBG: Generic
@@@DBG: OMP_NUM_THREADS=3 fusedSpan=2 fusedLimit=100
@@@DBG sz=5.38 nQs=1.04 nCs=0.96 flushes=  58K gates= 310K elap=  5.0 kgps= 62.048 (fus= 11.3%, ker= 76.4%)
@@@DBG sz=5.38 nQs=1.04 nCs=0.96 flushes= 116K gates= 314K elap=  5.0 kgps= 62.845 (fus= 11.2%, ker= 76.3%)
@@@DBG sz=5.38 nQs=1.04 nCs=0.96 flushes= 174K gates= 310K elap=  5.0 kgps= 62.022 (fus= 11.1%, ker= 76.4%)
@@@DBG sz=5.38 nQs=1.04 nCs=0.96 flushes= 231K gates= 308K elap=  5.0 kgps= 61.670 (fus= 11.4%, ker= 76.2%)
@@@DBG: AVX
@@@DBG: OMP_NUM_THREADS=3 fusedSpan=2 fusedLimit=100
@@@DBG sz=5.38 nQs=1.04 nCs=0.96 flushes= 142K gates= 762K elap=  5.0 kgps=152.418 (fus= 27.0%, ker= 42.5%)
@@@DBG sz=5.38 nQs=1.04 nCs=0.96 flushes= 285K gates= 771K elap=  5.0 kgps=154.105 (fus= 26.9%, ker= 42.5%)
@@@DBG sz=5.38 nQs=1.04 nCs=0.96 flushes= 428K gates= 770K elap=  5.0 kgps=154.036 (fus= 26.9%, ker= 42.6%)
@@@DBG sz=5.38 nQs=1.04 nCs=0.96 flushes= 572K gates= 775K elap=  5.0 kgps=154.973 (fus= 26.8%, ker= 42.6%)
@@@DBG: AVX2
@@@DBG: OMP_NUM_THREADS=3 fusedSpan=2 fusedLimit=100
@@@DBG sz=5.38 nQs=1.04 nCs=0.96 flushes= 138K gates= 743K elap=  5.0 kgps=148.546 (fus= 25.8%, ker= 43.0%)
@@@DBG sz=5.38 nQs=1.04 nCs=0.96 flushes= 276K gates= 742K elap=  5.0 kgps=148.456 (fus= 25.7%, ker= 42.9%)
@@@DBG sz=5.38 nQs=1.04 nCs=0.96 flushes= 413K gates= 741K elap=  5.0 kgps=148.249 (fus= 25.7%, ker= 43.1%)
@@@DBG sz=5.38 nQs=1.04 nCs=0.96 flushes= 552K gates= 748K elap=  5.0 kgps=149.613 (fus= 25.6%, ker= 42.9%)
@@@DBG: Generic
@@@DBG: OMP_NUM_THREADS=4 fusedSpan=2 fusedLimit=100
@@@DBG sz=5.38 nQs=1.04 nCs=0.96 flushes=  68K gates= 365K elap=  5.0 kgps= 73.063 (fus= 13.9%, ker= 70.8%)
@@@DBG sz=5.38 nQs=1.04 nCs=0.96 flushes= 136K gates= 366K elap=  5.0 kgps= 73.171 (fus= 13.7%, ker= 70.6%)
@@@DBG sz=5.38 nQs=1.04 nCs=0.96 flushes= 204K gates= 365K elap=  5.0 kgps= 73.045 (fus= 13.6%, ker= 70.8%)
@@@DBG sz=5.38 nQs=1.04 nCs=0.96 flushes= 272K gates= 366K elap=  5.0 kgps= 73.253 (fus= 13.4%, ker= 71.0%)
@@@DBG: AVX
@@@DBG: OMP_NUM_THREADS=4 fusedSpan=2 fusedLimit=100
@@@DBG sz=5.38 nQs=1.04 nCs=0.96 flushes= 148K gates= 794K elap=  5.0 kgps=158.851 (fus= 29.4%, ker= 37.0%)
@@@DBG sz=5.38 nQs=1.04 nCs=0.96 flushes= 297K gates= 806K elap=  5.0 kgps=161.177 (fus= 28.8%, ker= 37.1%)
@@@DBG sz=5.38 nQs=1.04 nCs=0.96 flushes= 446K gates= 800K elap=  5.0 kgps=159.942 (fus= 29.1%, ker= 37.2%)
@@@DBG sz=5.38 nQs=1.04 nCs=0.96 flushes= 596K gates= 809K elap=  5.0 kgps=161.744 (fus= 29.0%, ker= 37.3%)
@@@DBG: AVX2
@@@DBG: OMP_NUM_THREADS=4 fusedSpan=2 fusedLimit=100
@@@DBG sz=5.38 nQs=1.04 nCs=0.96 flushes= 147K gates= 793K elap=  5.0 kgps=158.589 (fus= 28.6%, ker= 38.2%)
@@@DBG sz=5.38 nQs=1.04 nCs=0.96 flushes= 295K gates= 797K elap=  5.0 kgps=159.335 (fus= 29.0%, ker= 37.4%)
@@@DBG sz=5.38 nQs=1.04 nCs=0.96 flushes= 443K gates= 795K elap=  5.0 kgps=159.093 (fus= 28.4%, ker= 37.8%)
@@@DBG sz=5.38 nQs=1.04 nCs=0.96 flushes= 592K gates= 802K elap=  5.0 kgps=160.310 (fus= 28.6%, ker= 37.6%)
@@@DBG: Generic
@@@DBG: OMP_NUM_THREADS=1 fusedSpan=3 fusedLimit=100
@@@DBG sz=11.67 nQs=3.00 nCs=0.00 flushes=   5K gates=  56K elap=  5.0 kgps= 11.106 (fus=  4.7%, ker= 91.9%)
@@@DBG sz=11.67 nQs=3.00 nCs=0.00 flushes=  10K gates=  57K elap=  5.0 kgps= 11.410 (fus=  4.7%, ker= 92.0%)
@@@DBG sz=11.67 nQs=3.00 nCs=0.00 flushes=  15K gates=  59K elap=  5.0 kgps= 11.714 (fus=  4.6%, ker= 92.1%)
@@@DBG sz=11.67 nQs=3.00 nCs=0.00 flushes=  20K gates=  58K elap=  5.0 kgps= 11.553 (fus=  4.6%, ker= 92.1%)
@@@DBG: AVX
@@@DBG: OMP_NUM_THREADS=1 fusedSpan=3 fusedLimit=100
@@@DBG sz=11.67 nQs=3.00 nCs=0.00 flushes=  26K gates= 300K elap=  5.0 kgps= 59.941 (fus= 23.4%, ker= 59.8%)
@@@DBG sz=11.67 nQs=3.00 nCs=0.00 flushes=  50K gates= 287K elap=  5.0 kgps= 57.400 (fus= 23.2%, ker= 60.0%)
@@@DBG sz=11.67 nQs=3.00 nCs=0.00 flushes=  75K gates= 288K elap=  5.0 kgps= 57.691 (fus= 23.3%, ker= 60.0%)
@@@DBG sz=11.67 nQs=3.00 nCs=0.00 flushes=  99K gates= 284K elap=  5.0 kgps= 56.705 (fus= 23.3%, ker= 60.0%)
@@@DBG: AVX2
@@@DBG: OMP_NUM_THREADS=1 fusedSpan=3 fusedLimit=100
@@@DBG sz=11.67 nQs=3.00 nCs=0.00 flushes=  25K gates= 293K elap=  5.0 kgps= 58.506 (fus= 22.9%, ker= 60.5%)
@@@DBG sz=11.67 nQs=3.00 nCs=0.00 flushes=  50K gates= 293K elap=  5.0 kgps= 58.644 (fus= 23.0%, ker= 60.3%)
@@@DBG sz=11.67 nQs=3.00 nCs=0.00 flushes=  75K gates= 286K elap=  5.0 kgps= 57.235 (fus= 23.1%, ker= 60.3%)
@@@DBG sz=11.67 nQs=3.00 nCs=0.00 flushes=  98K gates= 277K elap=  5.0 kgps= 55.337 (fus= 22.9%, ker= 60.5%)
@@@DBG: Generic
@@@DBG: OMP_NUM_THREADS=2 fusedSpan=3 fusedLimit=100
@@@DBG sz=11.67 nQs=3.00 nCs=0.00 flushes=   9K gates= 101K elap=  5.0 kgps= 20.232 (fus=  6.7%, ker= 87.3%)
@@@DBG sz=11.67 nQs=3.00 nCs=0.00 flushes=  17K gates= 103K elap=  5.0 kgps= 20.526 (fus=  6.6%, ker= 87.1%)
@@@DBG sz=11.67 nQs=3.00 nCs=0.00 flushes=  27K gates= 106K elap=  5.0 kgps= 21.139 (fus=  6.6%, ker= 87.2%)
@@@DBG sz=11.67 nQs=3.00 nCs=0.00 flushes=  36K gates= 105K elap=  5.0 kgps= 20.977 (fus=  6.6%, ker= 87.1%)
@@@DBG: AVX
@@@DBG: OMP_NUM_THREADS=2 fusedSpan=3 fusedLimit=100
@@@DBG sz=11.67 nQs=3.00 nCs=0.00 flushes=  35K gates= 414K elap=  5.0 kgps= 82.792 (fus= 26.5%, ker= 49.0%)
@@@DBG sz=11.67 nQs=3.00 nCs=0.00 flushes=  71K gates= 414K elap=  5.0 kgps= 82.820 (fus= 26.5%, ker= 48.9%)
@@@DBG sz=11.67 nQs=3.00 nCs=0.00 flushes= 107K gates= 421K elap=  5.0 kgps= 84.119 (fus= 26.7%, ker= 48.8%)
@@@DBG sz=11.67 nQs=3.00 nCs=0.00 flushes= 143K gates= 420K elap=  5.0 kgps= 84.025 (fus= 26.6%, ker= 49.0%)
@@@DBG: AVX2
@@@DBG: OMP_NUM_THREADS=2 fusedSpan=3 fusedLimit=100
@@@DBG sz=11.67 nQs=3.00 nCs=0.00 flushes=  36K gates= 421K elap=  5.0 kgps= 84.097 (fus= 26.2%, ker= 48.5%)
@@@DBG sz=11.67 nQs=3.00 nCs=0.00 flushes=  70K gates= 401K elap=  5.0 kgps= 80.229 (fus= 26.4%, ker= 48.3%)
@@@DBG sz=11.67 nQs=3.00 nCs=0.00 flushes= 105K gates= 404K elap=  5.0 kgps= 80.768 (fus= 26.8%, ker= 48.0%)
@@@DBG sz=11.67 nQs=3.00 nCs=0.00 flushes= 139K gates= 400K elap=  5.0 kgps= 80.046 (fus= 26.6%, ker= 48.0%)
@@@DBG: Generic
@@@DBG: OMP_NUM_THREADS=3 fusedSpan=3 fusedLimit=100
@@@DBG sz=11.67 nQs=3.00 nCs=0.00 flushes=  12K gates= 138K elap=  5.0 kgps= 27.575 (fus=  9.3%, ker= 81.8%)
@@@DBG sz=11.67 nQs=3.00 nCs=0.00 flushes=  23K gates= 135K elap=  5.0 kgps= 27.026 (fus=  9.4%, ker= 81.8%)
@@@DBG sz=11.67 nQs=3.00 nCs=0.00 flushes=  36K gates= 142K elap=  5.0 kgps= 28.315 (fus=  9.2%, ker= 81.9%)
@@@DBG sz=11.67 nQs=3.00 nCs=0.00 flushes=  47K gates= 139K elap=  5.0 kgps= 27.794 (fus=  9.1%, ker= 81.9%)
@@@DBG: AVX
@@@DBG: OMP_NUM_THREADS=3 fusedSpan=3 fusedLimit=100
@@@DBG sz=11.67 nQs=3.00 nCs=0.00 flushes=  40K gates= 465K elap=  5.0 kgps= 93.072 (fus= 30.5%, ker= 40.7%)
@@@DBG sz=11.67 nQs=3.00 nCs=0.00 flushes=  80K gates= 471K elap=  5.0 kgps= 94.185 (fus= 30.5%, ker= 40.8%)
@@@DBG sz=11.67 nQs=3.00 nCs=0.00 flushes= 120K gates= 467K elap=  5.0 kgps= 93.493 (fus= 30.7%, ker= 40.5%)
@@@DBG sz=11.67 nQs=3.00 nCs=0.00 flushes= 160K gates= 467K elap=  5.0 kgps= 93.485 (fus= 30.8%, ker= 40.5%)
@@@DBG: AVX2
@@@DBG: OMP_NUM_THREADS=3 fusedSpan=3 fusedLimit=100
@@@DBG sz=11.67 nQs=3.00 nCs=0.00 flushes=  41K gates= 473K elap=  5.0 kgps= 94.614 (fus= 30.1%, ker= 41.4%)
@@@DBG sz=11.67 nQs=3.00 nCs=0.00 flushes=  80K gates= 459K elap=  5.0 kgps= 91.870 (fus= 30.0%, ker= 41.6%)
@@@DBG sz=11.67 nQs=3.00 nCs=0.00 flushes= 120K gates= 468K elap=  5.0 kgps= 93.517 (fus= 30.0%, ker= 41.6%)
@@@DBG sz=11.67 nQs=3.00 nCs=0.00 flushes= 160K gates= 464K elap=  5.0 kgps= 92.807 (fus= 30.0%, ker= 41.9%)
@@@DBG: Generic
@@@DBG: OMP_NUM_THREADS=4 fusedSpan=3 fusedLimit=100
@@@DBG sz=11.67 nQs=3.00 nCs=0.00 flushes=  15K gates= 171K elap=  5.0 kgps= 34.124 (fus= 11.2%, ker= 78.4%)
@@@DBG sz=11.67 nQs=3.00 nCs=0.00 flushes=  29K gates= 171K elap=  5.0 kgps= 34.202 (fus= 11.1%, ker= 78.4%)
@@@DBG sz=11.67 nQs=3.00 nCs=0.00 flushes=  43K gates= 163K elap=  5.0 kgps= 32.544 (fus= 10.9%, ker= 79.2%)
@@@DBG sz=11.67 nQs=3.00 nCs=0.00 flushes=  58K gates= 173K elap=  5.0 kgps= 34.657 (fus= 11.0%, ker= 78.4%)
@@@DBG: AVX
@@@DBG: OMP_NUM_THREADS=4 fusedSpan=3 fusedLimit=100
@@@DBG sz=11.67 nQs=3.00 nCs=0.00 flushes=  44K gates= 518K elap=  5.0 kgps=103.691 (fus= 32.9%, ker= 35.8%)
@@@DBG sz=11.67 nQs=3.00 nCs=0.00 flushes=  88K gates= 511K elap=  5.0 kgps=102.264 (fus= 33.4%, ker= 35.7%)
@@@DBG sz=11.67 nQs=3.00 nCs=0.00 flushes= 133K gates= 521K elap=  5.0 kgps=104.257 (fus= 33.0%, ker= 35.9%)
@@@DBG sz=11.67 nQs=3.00 nCs=0.00 flushes= 177K gates= 516K elap=  5.0 kgps=103.136 (fus= 33.2%, ker= 35.8%)
@@@DBG: AVX2
@@@DBG: OMP_NUM_THREADS=4 fusedSpan=3 fusedLimit=100
@@@DBG sz=11.67 nQs=3.00 nCs=0.00 flushes=  44K gates= 513K elap=  5.0 kgps=102.504 (fus= 32.2%, ker= 35.8%)
@@@DBG sz=11.67 nQs=3.00 nCs=0.00 flushes=  88K gates= 513K elap=  5.0 kgps=102.552 (fus= 32.2%, ker= 35.3%)
@@@DBG sz=11.67 nQs=3.00 nCs=0.00 flushes= 132K gates= 514K elap=  5.0 kgps=102.811 (fus= 32.7%, ker= 35.1%)
@@@DBG sz=11.67 nQs=3.00 nCs=0.00 flushes= 175K gates= 500K elap=  5.0 kgps= 99.990 (fus= 32.3%, ker= 35.6%)
@@@DBG: Generic
@@@DBG: OMP_NUM_THREADS=1 fusedSpan=4 fusedLimit=100
@@@DBG sz=17.50 nQs=4.00 nCs=0.00 flushes=   2K gates=  36K elap=  5.0 kgps=  7.180 (fus=  9.1%, ker= 88.6%)
@@@DBG sz=17.50 nQs=4.00 nCs=0.00 flushes=   4K gates=  36K elap=  5.0 kgps=  7.173 (fus=  9.1%, ker= 88.5%)
@@@DBG sz=17.50 nQs=4.00 nCs=0.00 flushes=   6K gates=  36K elap=  5.0 kgps=  7.226 (fus=  9.1%, ker= 88.6%)
@@@DBG sz=17.50 nQs=4.00 nCs=0.00 flushes=   8K gates=  36K elap=  5.0 kgps=  7.164 (fus=  9.1%, ker= 88.6%)
@@@DBG: AVX
@@@DBG: OMP_NUM_THREADS=1 fusedSpan=4 fusedLimit=100
@@@DBG sz=17.50 nQs=4.00 nCs=0.00 flushes=  11K gates= 190K elap=  5.0 kgps= 37.913 (fus= 48.2%, ker= 39.5%)
@@@DBG sz=17.50 nQs=4.00 nCs=0.00 flushes=  22K gates= 190K elap=  5.0 kgps= 38.067 (fus= 48.1%, ker= 39.4%)
@@@DBG sz=17.50 nQs=4.00 nCs=0.00 flushes=  33K gates= 191K elap=  5.0 kgps= 38.153 (fus= 48.3%, ker= 39.3%)
@@@DBG sz=17.50 nQs=4.00 nCs=0.00 flushes=  43K gates= 189K elap=  5.0 kgps= 37.810 (fus= 48.0%, ker= 39.5%)
@@@DBG: AVX2
@@@DBG: OMP_NUM_THREADS=1 fusedSpan=4 fusedLimit=100
@@@DBG sz=17.50 nQs=4.00 nCs=0.00 flushes=  11K gates= 191K elap=  5.0 kgps= 38.112 (fus= 48.0%, ker= 39.4%)
@@@DBG sz=17.50 nQs=4.00 nCs=0.00 flushes=  22K gates= 193K elap=  5.0 kgps= 38.546 (fus= 48.1%, ker= 39.5%)
@@@DBG sz=17.50 nQs=4.00 nCs=0.00 flushes=  33K gates= 193K elap=  5.0 kgps= 38.649 (fus= 47.9%, ker= 39.7%)
@@@DBG sz=17.50 nQs=4.00 nCs=0.00 flushes=  44K gates= 189K elap=  5.0 kgps= 37.711 (fus= 48.1%, ker= 39.4%)
@@@DBG: Generic
@@@DBG: OMP_NUM_THREADS=2 fusedSpan=4 fusedLimit=100
@@@DBG sz=17.50 nQs=4.00 nCs=0.00 flushes=   4K gates=  65K elap=  5.0 kgps= 13.083 (fus= 10.1%, ker= 85.2%)
@@@DBG sz=17.50 nQs=4.00 nCs=0.00 flushes=   8K gates=  67K elap=  5.0 kgps= 13.374 (fus= 10.2%, ker= 85.2%)
@@@DBG sz=17.50 nQs=4.00 nCs=0.00 flushes=  11K gates=  66K elap=  5.0 kgps= 13.257 (fus= 10.0%, ker= 85.4%)
@@@DBG sz=17.50 nQs=4.00 nCs=0.00 flushes=  15K gates=  66K elap=  5.0 kgps= 13.135 (fus= 10.0%, ker= 85.5%)
@@@DBG: AVX
@@@DBG: OMP_NUM_THREADS=2 fusedSpan=4 fusedLimit=100
@@@DBG sz=17.50 nQs=4.00 nCs=0.00 flushes=  17K gates= 299K elap=  5.0 kgps= 59.874 (fus= 45.0%, ker= 34.8%)
@@@DBG sz=17.50 nQs=4.00 nCs=0.00 flushes=  34K gates= 296K elap=  5.0 kgps= 59.200 (fus= 45.3%, ker= 34.5%)
@@@DBG sz=17.50 nQs=4.00 nCs=0.00 flushes=  51K gates= 293K elap=  5.0 kgps= 58.625 (fus= 45.4%, ker= 34.5%)
@@@DBG sz=17.50 nQs=4.00 nCs=0.00 flushes=  68K gates= 294K elap=  5.0 kgps= 58.791 (fus= 45.3%, ker= 34.4%)
@@@DBG: AVX2
@@@DBG: OMP_NUM_THREADS=2 fusedSpan=4 fusedLimit=100
@@@DBG sz=17.50 nQs=4.00 nCs=0.00 flushes=  17K gates= 296K elap=  5.0 kgps= 59.104 (fus= 45.1%, ker= 34.6%)
@@@DBG sz=17.50 nQs=4.00 nCs=0.00 flushes=  34K gates= 293K elap=  5.0 kgps= 58.623 (fus= 45.0%, ker= 34.5%)
@@@DBG sz=17.50 nQs=4.00 nCs=0.00 flushes=  50K gates= 294K elap=  5.0 kgps= 58.780 (fus= 45.2%, ker= 34.5%)
@@@DBG sz=17.50 nQs=4.00 nCs=0.00 flushes=  67K gates= 291K elap=  5.0 kgps= 58.151 (fus= 45.4%, ker= 34.5%)
@@@DBG: Generic
@@@DBG: OMP_NUM_THREADS=3 fusedSpan=4 fusedLimit=100
@@@DBG sz=17.50 nQs=4.00 nCs=0.00 flushes=   5K gates=  90K elap=  5.0 kgps= 17.902 (fus= 13.2%, ker= 80.6%)
@@@DBG sz=17.50 nQs=4.00 nCs=0.00 flushes=  10K gates=  90K elap=  5.0 kgps= 18.094 (fus= 13.1%, ker= 80.7%)
@@@DBG sz=17.50 nQs=4.00 nCs=0.00 flushes=  15K gates=  91K elap=  5.0 kgps= 18.222 (fus= 13.1%, ker= 80.7%)
@@@DBG sz=17.50 nQs=4.00 nCs=0.00 flushes=  21K gates=  91K elap=  5.0 kgps= 18.099 (fus= 13.2%, ker= 80.4%)
@@@DBG: AVX
@@@DBG: OMP_NUM_THREADS=3 fusedSpan=4 fusedLimit=100
@@@DBG sz=17.50 nQs=4.00 nCs=0.00 flushes=  19K gates= 333K elap=  5.0 kgps= 66.584 (fus= 48.0%, ker= 28.9%)
@@@DBG sz=17.50 nQs=4.00 nCs=0.00 flushes=  38K gates= 335K elap=  5.0 kgps= 66.961 (fus= 47.8%, ker= 29.1%)
@@@DBG sz=17.50 nQs=4.00 nCs=0.00 flushes=  57K gates= 334K elap=  5.0 kgps= 66.746 (fus= 48.0%, ker= 29.0%)
@@@DBG sz=17.50 nQs=4.00 nCs=0.00 flushes=  76K gates= 334K elap=  5.0 kgps= 66.807 (fus= 47.9%, ker= 29.1%)
@@@DBG: AVX2
@@@DBG: OMP_NUM_THREADS=3 fusedSpan=4 fusedLimit=100
@@@DBG sz=17.50 nQs=4.00 nCs=0.00 flushes=  19K gates= 332K elap=  5.0 kgps= 66.302 (fus= 47.3%, ker= 29.7%)
@@@DBG sz=17.50 nQs=4.00 nCs=0.00 flushes=  38K gates= 334K elap=  5.0 kgps= 66.813 (fus= 47.3%, ker= 29.3%)
@@@DBG sz=17.50 nQs=4.00 nCs=0.00 flushes=  57K gates= 337K elap=  5.0 kgps= 67.411 (fus= 47.5%, ker= 29.3%)
@@@DBG sz=17.50 nQs=4.00 nCs=0.00 flushes=  76K gates= 329K elap=  5.0 kgps= 65.831 (fus= 47.5%, ker= 29.3%)
@@@DBG: Generic
@@@DBG: OMP_NUM_THREADS=4 fusedSpan=4 fusedLimit=100
@@@DBG sz=17.50 nQs=4.00 nCs=0.00 flushes=   6K gates= 113K elap=  5.0 kgps= 22.629 (fus= 14.0%, ker= 78.1%)
@@@DBG sz=17.50 nQs=4.00 nCs=0.00 flushes=  13K gates= 113K elap=  5.0 kgps= 22.689 (fus= 14.1%, ker= 78.0%)
@@@DBG sz=17.50 nQs=4.00 nCs=0.00 flushes=  19K gates= 114K elap=  5.0 kgps= 22.874 (fus= 14.0%, ker= 78.1%)
@@@DBG sz=17.50 nQs=4.00 nCs=0.00 flushes=  26K gates= 107K elap=  5.0 kgps= 21.494 (fus= 14.0%, ker= 78.2%)
@@@DBG: AVX
@@@DBG: OMP_NUM_THREADS=4 fusedSpan=4 fusedLimit=100
@@@DBG sz=17.50 nQs=4.00 nCs=0.00 flushes=  22K gates= 383K elap=  5.0 kgps= 76.567 (fus= 46.5%, ker= 26.9%)
@@@DBG sz=17.50 nQs=4.00 nCs=0.00 flushes=  44K gates= 380K elap=  5.0 kgps= 76.004 (fus= 46.6%, ker= 26.8%)
@@@DBG sz=17.50 nQs=4.00 nCs=0.00 flushes=  65K gates= 381K elap=  5.0 kgps= 76.157 (fus= 47.2%, ker= 26.5%)
@@@DBG sz=17.50 nQs=4.00 nCs=0.00 flushes=  87K gates= 383K elap=  5.0 kgps= 76.582 (fus= 47.1%, ker= 26.5%)
@@@DBG: AVX2
@@@DBG: OMP_NUM_THREADS=4 fusedSpan=4 fusedLimit=100
@@@DBG sz=17.50 nQs=4.00 nCs=0.00 flushes=  21K gates= 375K elap=  5.0 kgps= 75.053 (fus= 46.3%, ker= 27.3%)
@@@DBG sz=17.50 nQs=4.00 nCs=0.00 flushes=  43K gates= 377K elap=  5.0 kgps= 75.390 (fus= 46.7%, ker= 26.7%)
@@@DBG sz=17.50 nQs=4.00 nCs=0.00 flushes=  62K gates= 335K elap=  5.0 kgps= 67.029 (fus= 46.6%, ker= 29.6%)
@@@DBG sz=17.50 nQs=4.00 nCs=0.00 flushes=  83K gates= 374K elap=  5.0 kgps= 74.703 (fus= 46.4%, ker= 27.1%)
